[ 2016-08-24T09:42:28+08:00 ] 127.0.0.1 /thinkphp_3.2.3/
INFO: [ app_init ] --START--
INFO: Run Behavior\BuildLiteBehavior [ RunTime:0.000000s ]
INFO: [ app_init ] --END-- [ RunTime:0.001000s ]
INFO: [ app_begin ] --START--
INFO: Run Behavior\ReadHtmlCacheBehavior [ RunTime:0.001000s ]
INFO: [ app_begin ] --END-- [ RunTime:0.001000s ]
INFO: [ app_end ] --START--
INFO: Run Behavior\ShowPageTraceBehavior [ RunTime:0.001000s ]
INFO: [ app_end ] --END-- [ RunTime:0.002000s ]

[ 2016-08-24T09:43:01+08:00 ] 127.0.0.1 /thinkphp_3.2.3/
INFO: [ app_init ] --START--
INFO: Run Behavior\BuildLiteBehavior [ RunTime:0.000000s ]
INFO: [ app_init ] --END-- [ RunTime:0.001000s ]
INFO: [ app_begin ] --START--
INFO: Run Behavior\ReadHtmlCacheBehavior [ RunTime:0.001000s ]
INFO: [ app_begin ] --END-- [ RunTime:0.001000s ]
INFO: [ app_end ] --START--
INFO: Run Behavior\ShowPageTraceBehavior [ RunTime:0.001000s ]
INFO: [ app_end ] --END-- [ RunTime:0.001000s ]

[ 2016-08-24T09:44:33+08:00 ] 127.0.0.1 /thinkphp_3.2.3/
INFO: [ app_init ] --START--
INFO: Run Behavior\BuildLiteBehavior [ RunTime:0.000000s ]
INFO: [ app_init ] --END-- [ RunTime:0.000000s ]
INFO: [ app_begin ] --START--
INFO: Run Behavior\ReadHtmlCacheBehavior [ RunTime:0.001000s ]
INFO: [ app_begin ] --END-- [ RunTime:0.001000s ]
INFO: [ app_end ] --START--
INFO: Run Behavior\ShowPageTraceBehavior [ RunTime:0.000000s ]
INFO: [ app_end ] --END-- [ RunTime:0.000000s ]

[ 2016-08-24T09:45:54+08:00 ] 127.0.0.1 /thinkphp_3.2.3/
INFO: [ app_init ] --START--
INFO: Run Behavior\BuildLiteBehavior [ RunTime:0.000000s ]
INFO: [ app_init ] --END-- [ RunTime:0.001000s ]
INFO: [ app_begin ] --START--
INFO: Run Behavior\ReadHtmlCacheBehavior [ RunTime:0.000000s ]
INFO: [ app_begin ] --END-- [ RunTime:0.000000s ]
INFO: [ app_end ] --START--
INFO: Run Behavior\ShowPageTraceBehavior [ RunTime:0.000000s ]
INFO: [ app_end ] --END-- [ RunTime:0.000000s ]

[ 2016-08-24T09:45:55+08:00 ] 127.0.0.1 /thinkphp_3.2.3/
INFO: [ app_init ] --START--
INFO: Run Behavior\BuildLiteBehavior [ RunTime:0.000000s ]
INFO: [ app_init ] --END-- [ RunTime:0.001000s ]
INFO: [ app_begin ] --START--
INFO: Run Behavior\ReadHtmlCacheBehavior [ RunTime:0.001000s ]
INFO: [ app_begin ] --END-- [ RunTime:0.001000s ]
INFO: [ app_end ] --START--
INFO: Run Behavior\ShowPageTraceBehavior [ RunTime:0.000000s ]
INFO: [ app_end ] --END-- [ RunTime:0.001001s ]

[ 2016-08-24T09:45:55+08:00 ] 127.0.0.1 /thinkphp_3.2.3/
INFO: [ app_init ] --START--
INFO: Run Behavior\BuildLiteBehavior [ RunTime:0.000000s ]
INFO: [ app_init ] --END-- [ RunTime:0.001000s ]
INFO: [ app_begin ] --START--
INFO: Run Behavior\ReadHtmlCacheBehavior [ RunTime:0.001000s ]
INFO: [ app_begin ] --END-- [ RunTime:0.001000s ]
INFO: [ app_end ] --START--
INFO: Run Behavior\ShowPageTraceBehavior [ RunTime:0.001000s ]
INFO: [ app_end ] --END-- [ RunTime:0.001000s ]

[ 2016-08-24T09:45:55+08:00 ] 127.0.0.1 /thinkphp_3.2.3/
INFO: [ app_init ] --START--
INFO: Run Behavior\BuildLiteBehavior [ RunTime:0.000000s ]
INFO: [ app_init ] --END-- [ RunTime:0.001000s ]
INFO: [ app_begin ] --START--
INFO: Run Behavior\ReadHtmlCacheBehavior [ RunTime:0.002000s ]
INFO: [ app_begin ] --END-- [ RunTime:0.002000s ]
INFO: [ app_end ] --START--
INFO: Run Behavior\ShowPageTraceBehavior [ RunTime:0.000000s ]
INFO: [ app_end ] --END-- [ RunTime:0.001000s ]

[ 2016-08-24T09:45:56+08:00 ] 127.0.0.1 /thinkphp_3.2.3/
INFO: [ app_init ] --START--
INFO: Run Behavior\BuildLiteBehavior [ RunTime:0.000000s ]
INFO: [ app_init ] --END-- [ RunTime:0.001000s ]
INFO: [ app_begin ] --START--
INFO: Run Behavior\ReadHtmlCacheBehavior [ RunTime:0.001000s ]
INFO: [ app_begin ] --END-- [ RunTime:0.001000s ]
INFO: [ app_end ] --START--
INFO: Run Behavior\ShowPageTraceBehavior [ RunTime:0.002000s ]
INFO: [ app_end ] --END-- [ RunTime:0.003000s ]

[ 2016-08-24T09:45:56+08:00 ] 127.0.0.1 /thinkphp_3.2.3/
INFO: [ app_init ] --START--
INFO: Run Behavior\BuildLiteBehavior [ RunTime:0.000000s ]
INFO: [ app_init ] --END-- [ RunTime:0.001000s ]
INFO: [ app_begin ] --START--
INFO: Run Behavior\ReadHtmlCacheBehavior [ RunTime:0.000000s ]
INFO: [ app_begin ] --END-- [ RunTime:0.001000s ]
INFO: [ app_end ] --START--
INFO: Run Behavior\ShowPageTraceBehavior [ RunTime:0.004001s ]
INFO: [ app_end ] --END-- [ RunTime:0.004001s ]

[ 2016-08-24T09:45:56+08:00 ] 127.0.0.1 /thinkphp_3.2.3/
INFO: [ app_init ] --START--
INFO: Run Behavior\BuildLiteBehavior [ RunTime:0.001000s ]
INFO: [ app_init ] --END-- [ RunTime:0.001000s ]
INFO: [ app_begin ] --START--
INFO: Run Behavior\ReadHtmlCacheBehavior [ RunTime:0.001000s ]
INFO: [ app_begin ] --END-- [ RunTime:0.001000s ]
INFO: [ app_end ] --START--
INFO: Run Behavior\ShowPageTraceBehavior [ RunTime:0.000000s ]
INFO: [ app_end ] --END-- [ RunTime:0.000000s ]

[ 2016-08-24T09:45:56+08:00 ] 127.0.0.1 /thinkphp_3.2.3/
INFO: [ app_init ] --START--
INFO: Run Behavior\BuildLiteBehavior [ RunTime:0.000000s ]
INFO: [ app_init ] --END-- [ RunTime:0.000000s ]
INFO: [ app_begin ] --START--
INFO: Run Behavior\ReadHtmlCacheBehavior [ RunTime:0.001000s ]
INFO: [ app_begin ] --END-- [ RunTime:0.001000s ]
INFO: [ app_end ] --START--
INFO: Run Behavior\ShowPageTraceBehavior [ RunTime:0.001000s ]
INFO: [ app_end ] --END-- [ RunTime:0.001000s ]

[ 2016-08-24T09:45:56+08:00 ] 127.0.0.1 /thinkphp_3.2.3/
INFO: [ app_init ] --START--
INFO: Run Behavior\BuildLiteBehavior [ RunTime:0.000000s ]
INFO: [ app_init ] --END-- [ RunTime:0.001000s ]
INFO: [ app_begin ] --START--
INFO: Run Behavior\ReadHtmlCacheBehavior [ RunTime:0.001000s ]
INFO: [ app_begin ] --END-- [ RunTime:0.001000s ]
INFO: [ app_end ] --START--
INFO: Run Behavior\ShowPageTraceBehavior [ RunTime:0.001000s ]
INFO: [ app_end ] --END-- [ RunTime:0.001000s ]

[ 2016-08-24T09:45:56+08:00 ] 127.0.0.1 /thinkphp_3.2.3/
INFO: [ app_init ] --START--
INFO: Run Behavior\BuildLiteBehavior [ RunTime:0.000000s ]
INFO: [ app_init ] --END-- [ RunTime:0.000000s ]
INFO: [ app_begin ] --START--
INFO: Run Behavior\ReadHtmlCacheBehavior [ RunTime:0.000000s ]
INFO: [ app_begin ] --END-- [ RunTime:0.000000s ]
INFO: [ app_end ] --START--
INFO: Run Behavior\ShowPageTraceBehavior [ RunTime:0.000000s ]
INFO: [ app_end ] --END-- [ RunTime:0.000000s ]

[ 2016-08-24T09:45:56+08:00 ] 127.0.0.1 /thinkphp_3.2.3/
INFO: [ app_init ] --START--
INFO: Run Behavior\BuildLiteBehavior [ RunTime:0.000000s ]
INFO: [ app_init ] --END-- [ RunTime:0.000000s ]
INFO: [ app_begin ] --START--
INFO: Run Behavior\ReadHtmlCacheBehavior [ RunTime:0.000000s ]
INFO: [ app_begin ] --END-- [ RunTime:0.000000s ]
INFO: [ app_end ] --START--
INFO: Run Behavior\ShowPageTraceBehavior [ RunTime:0.000000s ]
INFO: [ app_end ] --END-- [ RunTime:0.001000s ]

[ 2016-08-24T09:45:56+08:00 ] 127.0.0.1 /thinkphp_3.2.3/
INFO: [ app_init ] --START--
INFO: Run Behavior\BuildLiteBehavior [ RunTime:0.000000s ]
INFO: [ app_init ] --END-- [ RunTime:0.000000s ]
INFO: [ app_begin ] --START--
INFO: Run Behavior\ReadHtmlCacheBehavior [ RunTime:0.001000s ]
INFO: [ app_begin ] --END-- [ RunTime:0.001000s ]
INFO: [ app_end ] --START--
INFO: Run Behavior\ShowPageTraceBehavior [ RunTime:0.002000s ]
INFO: [ app_end ] --END-- [ RunTime:0.002000s ]

[ 2016-08-24T09:45:56+08:00 ] 127.0.0.1 /thinkphp_3.2.3/
INFO: [ app_init ] --START--
INFO: Run Behavior\BuildLiteBehavior [ RunTime:0.000000s ]
INFO: [ app_init ] --END-- [ RunTime:0.001000s ]
INFO: [ app_begin ] --START--
INFO: Run Behavior\ReadHtmlCacheBehavior [ RunTime:0.001000s ]
INFO: [ app_begin ] --END-- [ RunTime:0.001000s ]
INFO: [ app_end ] --START--
INFO: Run Behavior\ShowPageTraceBehavior [ RunTime:0.001000s ]
INFO: [ app_end ] --END-- [ RunTime:0.001000s ]

[ 2016-08-24T09:45:56+08:00 ] 127.0.0.1 /thinkphp_3.2.3/
INFO: [ app_init ] --START--
INFO: Run Behavior\BuildLiteBehavior [ RunTime:0.000000s ]
INFO: [ app_init ] --END-- [ RunTime:0.000000s ]
INFO: [ app_begin ] --START--
INFO: Run Behavior\ReadHtmlCacheBehavior [ RunTime:0.000000s ]
INFO: [ app_begin ] --END-- [ RunTime:0.000000s ]
INFO: [ app_end ] --START--
INFO: Run Behavior\ShowPageTraceBehavior [ RunTime:0.000000s ]
INFO: [ app_end ] --END-- [ RunTime:0.000000s ]

[ 2016-08-24T09:45:56+08:00 ] 127.0.0.1 /thinkphp_3.2.3/
INFO: [ app_init ] --START--
INFO: Run Behavior\BuildLiteBehavior [ RunTime:0.000000s ]
INFO: [ app_init ] --END-- [ RunTime:0.000000s ]
INFO: [ app_begin ] --START--
INFO: Run Behavior\ReadHtmlCacheBehavior [ RunTime:0.000000s ]
INFO: [ app_begin ] --END-- [ RunTime:0.001000s ]
INFO: [ app_end ] --START--
INFO: Run Behavior\ShowPageTraceBehavior [ RunTime:0.000000s ]
INFO: [ app_end ] --END-- [ RunTime:0.000000s ]

[ 2016-08-24T09:45:56+08:00 ] 127.0.0.1 /thinkphp_3.2.3/
INFO: [ app_init ] --START--
INFO: Run Behavior\BuildLiteBehavior [ RunTime:0.000000s ]
INFO: [ app_init ] --END-- [ RunTime:0.002001s ]
INFO: [ app_begin ] --START--
INFO: Run Behavior\ReadHtmlCacheBehavior [ RunTime:0.001000s ]
INFO: [ app_begin ] --END-- [ RunTime:0.001000s ]
INFO: [ app_end ] --START--
INFO: Run Behavior\ShowPageTraceBehavior [ RunTime:0.001000s ]
INFO: [ app_end ] --END-- [ RunTime:0.001000s ]

[ 2016-08-24T09:45:56+08:00 ] 127.0.0.1 /thinkphp_3.2.3/
INFO: [ app_init ] --START--
INFO: Run Behavior\BuildLiteBehavior [ RunTime:0.000000s ]
INFO: [ app_init ] --END-- [ RunTime:0.000000s ]
INFO: [ app_begin ] --START--
INFO: Run Behavior\ReadHtmlCacheBehavior [ RunTime:0.001001s ]
INFO: [ app_begin ] --END-- [ RunTime:0.001001s ]
INFO: [ app_end ] --START--
INFO: Run Behavior\ShowPageTraceBehavior [ RunTime:0.001000s ]
INFO: [ app_end ] --END-- [ RunTime:0.001000s ]

[ 2016-08-24T09:45:57+08:00 ] 127.0.0.1 /thinkphp_3.2.3/
INFO: [ app_init ] --START--
INFO: Run Behavior\BuildLiteBehavior [ RunTime:0.000000s ]
INFO: [ app_init ] --END-- [ RunTime:0.000000s ]
INFO: [ app_begin ] --START--
INFO: Run Behavior\ReadHtmlCacheBehavior [ RunTime:0.001000s ]
INFO: [ app_begin ] --END-- [ RunTime:0.002000s ]
INFO: [ app_end ] --START--
INFO: Run Behavior\ShowPageTraceBehavior [ RunTime:0.000000s ]
INFO: [ app_end ] --END-- [ RunTime:0.000000s ]

[ 2016-08-24T09:47:46+08:00 ] 127.0.0.1 /thinkphp_3.2.3/
INFO: [ app_init ] --START--
INFO: Run Behavior\BuildLiteBehavior [ RunTime:0.000000s ]
INFO: [ app_init ] --END-- [ RunTime:0.000000s ]
INFO: [ app_begin ] --START--
INFO: Run Behavior\ReadHtmlCacheBehavior [ RunTime:0.000000s ]
INFO: [ app_begin ] --END-- [ RunTime:0.000000s ]
SQL: SHOW COLUMNS FROM `think_data` [ RunTime:0.0080s ]
SQL: SELECT * FROM `think_data` WHERE `id` = 1 LIMIT 1   [ RunTime:0.0000s ]
INFO: [ view_parse ] --START--
INFO: [ template_filter ] --START--
INFO: Run Behavior\ContentReplaceBehavior [ RunTime:0.000000s ]
INFO: [ template_filter ] --END-- [ RunTime:0.000000s ]
INFO: Run Behavior\ParseTemplateBehavior [ RunTime:0.006000s ]
INFO: [ view_parse ] --END-- [ RunTime:0.006000s ]
INFO: [ view_filter ] --START--
INFO: Run Behavior\WriteHtmlCacheBehavior [ RunTime:0.000000s ]
INFO: [ view_filter ] --END-- [ RunTime:0.000000s ]
INFO: [ app_end ] --START--
INFO: Run Behavior\ShowPageTraceBehavior [ RunTime:0.001000s ]
INFO: [ app_end ] --END-- [ RunTime:0.001000s ]

[ 2016-08-24T17:33:00+08:00 ] ::1 /thinkphp_3.2.3/
INFO: [ app_init ] --START--
INFO: Run Behavior\BuildLiteBehavior [ RunTime:0.000055s ]
INFO: [ app_init ] --END-- [ RunTime:0.000742s ]
INFO: [ app_begin ] --START--
INFO: Run Behavior\ReadHtmlCacheBehavior [ RunTime:0.000801s ]
INFO: [ app_begin ] --END-- [ RunTime:0.000876s ]
ERR: 1146:Table 'mysql.think_data' doesn't exist
 [ SQL语句 ] : SHOW COLUMNS FROM `think_data`
ERR: 1146:Table 'mysql.think_data' doesn't exist
 [ SQL语句 ] : SHOW COLUMNS FROM `think_data`

[ 2016-08-24T17:42:51+08:00 ] ::1 /thinkphp_3.2.3/
INFO: [ app_init ] --START--
INFO: Run Behavior\BuildLiteBehavior [ RunTime:0.000015s ]
INFO: [ app_init ] --END-- [ RunTime:0.000426s ]
INFO: [ app_begin ] --START--
INFO: Run Behavior\ReadHtmlCacheBehavior [ RunTime:0.000519s ]
INFO: [ app_begin ] --END-- [ RunTime:0.000573s ]
ERR: 1146:Table 'mysql.think_data' doesn't exist
 [ SQL语句 ] : SHOW COLUMNS FROM `think_data`
ERR: 1146:Table 'mysql.think_data' doesn't exist
 [ SQL语句 ] : SHOW COLUMNS FROM `think_data`

[ 2016-08-24T17:43:23+08:00 ] ::1 /thinkphp_3.2.3/
INFO: [ app_init ] --START--
INFO: Run Behavior\BuildLiteBehavior [ RunTime:0.000016s ]
INFO: [ app_init ] --END-- [ RunTime:0.000442s ]
INFO: [ app_begin ] --START--
INFO: Run Behavior\ReadHtmlCacheBehavior [ RunTime:0.000469s ]
INFO: [ app_begin ] --END-- [ RunTime:0.000520s ]
ERR: 1146:Table 'mysql.think_data' doesn't exist
 [ SQL语句 ] : SHOW COLUMNS FROM `think_data`
ERR: 1146:Table 'mysql.think_data' doesn't exist
 [ SQL语句 ] : SHOW COLUMNS FROM `think_data`

[ 2016-08-24T17:43:25+08:00 ] ::1 /thinkphp_3.2.3/
INFO: [ app_init ] --START--
INFO: Run Behavior\BuildLiteBehavior [ RunTime:0.000015s ]
INFO: [ app_init ] --END-- [ RunTime:0.000387s ]
INFO: [ app_begin ] --START--
INFO: Run Behavior\ReadHtmlCacheBehavior [ RunTime:0.000437s ]
INFO: [ app_begin ] --END-- [ RunTime:0.000492s ]
ERR: 1146:Table 'mysql.think_data' doesn't exist
 [ SQL语句 ] : SHOW COLUMNS FROM `think_data`
ERR: 1146:Table 'mysql.think_data' doesn't exist
 [ SQL语句 ] : SHOW COLUMNS FROM `think_data`

[ 2016-08-24T17:43:26+08:00 ] ::1 /thinkphp_3.2.3/
INFO: [ app_init ] --START--
INFO: Run Behavior\BuildLiteBehavior [ RunTime:0.000015s ]
INFO: [ app_init ] --END-- [ RunTime:0.000397s ]
INFO: [ app_begin ] --START--
INFO: Run Behavior\ReadHtmlCacheBehavior [ RunTime:0.000500s ]
INFO: [ app_begin ] --END-- [ RunTime:0.000551s ]
ERR: 1146:Table 'mysql.think_data' doesn't exist
 [ SQL语句 ] : SHOW COLUMNS FROM `think_data`
ERR: 1146:Table 'mysql.think_data' doesn't exist
 [ SQL语句 ] : SHOW COLUMNS FROM `think_data`

[ 2016-08-24T17:43:26+08:00 ] ::1 /thinkphp_3.2.3/
INFO: [ app_init ] --START--
INFO: Run Behavior\BuildLiteBehavior [ RunTime:0.000016s ]
INFO: [ app_init ] --END-- [ RunTime:0.000394s ]
INFO: [ app_begin ] --START--
INFO: Run Behavior\ReadHtmlCacheBehavior [ RunTime:0.000437s ]
INFO: [ app_begin ] --END-- [ RunTime:0.000489s ]
ERR: 1146:Table 'mysql.think_data' doesn't exist
 [ SQL语句 ] : SHOW COLUMNS FROM `think_data`
ERR: 1146:Table 'mysql.think_data' doesn't exist
 [ SQL语句 ] : SHOW COLUMNS FROM `think_data`

[ 2016-08-24T17:43:26+08:00 ] ::1 /thinkphp_3.2.3/
INFO: [ app_init ] --START--
INFO: Run Behavior\BuildLiteBehavior [ RunTime:0.000016s ]
INFO: [ app_init ] --END-- [ RunTime:0.000486s ]
INFO: [ app_begin ] --START--
INFO: Run Behavior\ReadHtmlCacheBehavior [ RunTime:0.000544s ]
INFO: [ app_begin ] --END-- [ RunTime:0.000602s ]
ERR: 1146:Table 'mysql.think_data' doesn't exist
 [ SQL语句 ] : SHOW COLUMNS FROM `think_data`
ERR: 1146:Table 'mysql.think_data' doesn't exist
 [ SQL语句 ] : SHOW COLUMNS FROM `think_data`

[ 2016-08-24T17:43:26+08:00 ] ::1 /thinkphp_3.2.3/
INFO: [ app_init ] --START--
INFO: Run Behavior\BuildLiteBehavior [ RunTime:0.000018s ]
INFO: [ app_init ] --END-- [ RunTime:0.000417s ]
INFO: [ app_begin ] --START--
INFO: Run Behavior\ReadHtmlCacheBehavior [ RunTime:0.000447s ]
INFO: [ app_begin ] --END-- [ RunTime:0.000502s ]
ERR: 1146:Table 'mysql.think_data' doesn't exist
 [ SQL语句 ] : SHOW COLUMNS FROM `think_data`
ERR: 1146:Table 'mysql.think_data' doesn't exist
 [ SQL语句 ] : SHOW COLUMNS FROM `think_data`

[ 2016-08-24T17:43:26+08:00 ] ::1 /thinkphp_3.2.3/
INFO: [ app_init ] --START--
INFO: Run Behavior\BuildLiteBehavior [ RunTime:0.000013s ]
INFO: [ app_init ] --END-- [ RunTime:0.000327s ]
INFO: [ app_begin ] --START--
INFO: Run Behavior\ReadHtmlCacheBehavior [ RunTime:0.000629s ]
INFO: [ app_begin ] --END-- [ RunTime:0.000713s ]
ERR: 1146:Table 'mysql.think_data' doesn't exist
 [ SQL语句 ] : SHOW COLUMNS FROM `think_data`
ERR: 1146:Table 'mysql.think_data' doesn't exist
 [ SQL语句 ] : SHOW COLUMNS FROM `think_data`

[ 2016-08-24T17:43:26+08:00 ] ::1 /thinkphp_3.2.3/
INFO: [ app_init ] --START--
INFO: Run Behavior\BuildLiteBehavior [ RunTime:0.000013s ]
INFO: [ app_init ] --END-- [ RunTime:0.000345s ]
INFO: [ app_begin ] --START--
INFO: Run Behavior\ReadHtmlCacheBehavior [ RunTime:0.000416s ]
INFO: [ app_begin ] --END-- [ RunTime:0.000468s ]
ERR: 1146:Table 'mysql.think_data' doesn't exist
 [ SQL语句 ] : SHOW COLUMNS FROM `think_data`
ERR: 1146:Table 'mysql.think_data' doesn't exist
 [ SQL语句 ] : SHOW COLUMNS FROM `think_data`

[ 2016-08-24T17:43:26+08:00 ] ::1 /thinkphp_3.2.3/
INFO: [ app_init ] --START--
INFO: Run Behavior\BuildLiteBehavior [ RunTime:0.000013s ]
INFO: [ app_init ] --END-- [ RunTime:0.000328s ]
INFO: [ app_begin ] --START--
INFO: Run Behavior\ReadHtmlCacheBehavior [ RunTime:0.000405s ]
INFO: [ app_begin ] --END-- [ RunTime:0.000453s ]
ERR: 1146:Table 'mysql.think_data' doesn't exist
 [ SQL语句 ] : SHOW COLUMNS FROM `think_data`
ERR: 1146:Table 'mysql.think_data' doesn't exist
 [ SQL语句 ] : SHOW COLUMNS FROM `think_data`

[ 2016-08-24T17:43:26+08:00 ] ::1 /thinkphp_3.2.3/
INFO: [ app_init ] --START--
INFO: Run Behavior\BuildLiteBehavior [ RunTime:0.000015s ]
INFO: [ app_init ] --END-- [ RunTime:0.000339s ]
INFO: [ app_begin ] --START--
INFO: Run Behavior\ReadHtmlCacheBehavior [ RunTime:0.000412s ]
INFO: [ app_begin ] --END-- [ RunTime:0.000465s ]
ERR: 1146:Table 'mysql.think_data' doesn't exist
 [ SQL语句 ] : SHOW COLUMNS FROM `think_data`
ERR: 1146:Table 'mysql.think_data' doesn't exist
 [ SQL语句 ] : SHOW COLUMNS FROM `think_data`

[ 2016-08-24T17:43:26+08:00 ] ::1 /thinkphp_3.2.3/
INFO: [ app_init ] --START--
INFO: Run Behavior\BuildLiteBehavior [ RunTime:0.000019s ]
INFO: [ app_init ] --END-- [ RunTime:0.000343s ]
INFO: [ app_begin ] --START--
INFO: Run Behavior\ReadHtmlCacheBehavior [ RunTime:0.000493s ]
INFO: [ app_begin ] --END-- [ RunTime:0.000561s ]
ERR: 1146:Table 'mysql.think_data' doesn't exist
 [ SQL语句 ] : SHOW COLUMNS FROM `think_data`
ERR: 1146:Table 'mysql.think_data' doesn't exist
 [ SQL语句 ] : SHOW COLUMNS FROM `think_data`

[ 2016-08-24T17:43:26+08:00 ] ::1 /thinkphp_3.2.3/
INFO: [ app_init ] --START--
INFO: Run Behavior\BuildLiteBehavior [ RunTime:0.000014s ]
INFO: [ app_init ] --END-- [ RunTime:0.000334s ]
INFO: [ app_begin ] --START--
INFO: Run Behavior\ReadHtmlCacheBehavior [ RunTime:0.000543s ]
INFO: [ app_begin ] --END-- [ RunTime:0.000616s ]
ERR: 1146:Table 'mysql.think_data' doesn't exist
 [ SQL语句 ] : SHOW COLUMNS FROM `think_data`
ERR: 1146:Table 'mysql.think_data' doesn't exist
 [ SQL语句 ] : SHOW COLUMNS FROM `think_data`

[ 2016-08-24T17:43:26+08:00 ] ::1 /thinkphp_3.2.3/
INFO: [ app_init ] --START--
INFO: Run Behavior\BuildLiteBehavior [ RunTime:0.000014s ]
INFO: [ app_init ] --END-- [ RunTime:0.000327s ]
INFO: [ app_begin ] --START--
INFO: Run Behavior\ReadHtmlCacheBehavior [ RunTime:0.000411s ]
INFO: [ app_begin ] --END-- [ RunTime:0.000462s ]
ERR: 1146:Table 'mysql.think_data' doesn't exist
 [ SQL语句 ] : SHOW COLUMNS FROM `think_data`
ERR: 1146:Table 'mysql.think_data' doesn't exist
 [ SQL语句 ] : SHOW COLUMNS FROM `think_data`

[ 2016-08-24T17:43:26+08:00 ] ::1 /thinkphp_3.2.3/
INFO: [ app_init ] --START--
INFO: Run Behavior\BuildLiteBehavior [ RunTime:0.000014s ]
INFO: [ app_init ] --END-- [ RunTime:0.000343s ]
INFO: [ app_begin ] --START--
INFO: Run Behavior\ReadHtmlCacheBehavior [ RunTime:0.000424s ]
INFO: [ app_begin ] --END-- [ RunTime:0.000475s ]
ERR: 1146:Table 'mysql.think_data' doesn't exist
 [ SQL语句 ] : SHOW COLUMNS FROM `think_data`
ERR: 1146:Table 'mysql.think_data' doesn't exist
 [ SQL语句 ] : SHOW COLUMNS FROM `think_data`

[ 2016-08-24T17:43:26+08:00 ] ::1 /thinkphp_3.2.3/
INFO: [ app_init ] --START--
INFO: Run Behavior\BuildLiteBehavior [ RunTime:0.000015s ]
INFO: [ app_init ] --END-- [ RunTime:0.000356s ]
INFO: [ app_begin ] --START--
INFO: Run Behavior\ReadHtmlCacheBehavior [ RunTime:0.000426s ]
INFO: [ app_begin ] --END-- [ RunTime:0.000478s ]
ERR: 1146:Table 'mysql.think_data' doesn't exist
 [ SQL语句 ] : SHOW COLUMNS FROM `think_data`
ERR: 1146:Table 'mysql.think_data' doesn't exist
 [ SQL语句 ] : SHOW COLUMNS FROM `think_data`

[ 2016-08-24T17:43:26+08:00 ] ::1 /thinkphp_3.2.3/
INFO: [ app_init ] --START--
INFO: Run Behavior\BuildLiteBehavior [ RunTime:0.000013s ]
INFO: [ app_init ] --END-- [ RunTime:0.000343s ]
INFO: [ app_begin ] --START--
INFO: Run Behavior\ReadHtmlCacheBehavior [ RunTime:0.000701s ]
INFO: [ app_begin ] --END-- [ RunTime:0.000784s ]
ERR: 1146:Table 'mysql.think_data' doesn't exist
 [ SQL语句 ] : SHOW COLUMNS FROM `think_data`
ERR: 1146:Table 'mysql.think_data' doesn't exist
 [ SQL语句 ] : SHOW COLUMNS FROM `think_data`

[ 2016-08-24T17:43:26+08:00 ] ::1 /thinkphp_3.2.3/
INFO: [ app_init ] --START--
INFO: Run Behavior\BuildLiteBehavior [ RunTime:0.000013s ]
INFO: [ app_init ] --END-- [ RunTime:0.000360s ]
INFO: [ app_begin ] --START--
INFO: Run Behavior\ReadHtmlCacheBehavior [ RunTime:0.000457s ]
INFO: [ app_begin ] --END-- [ RunTime:0.000518s ]
ERR: 1146:Table 'mysql.think_data' doesn't exist
 [ SQL语句 ] : SHOW COLUMNS FROM `think_data`
ERR: 1146:Table 'mysql.think_data' doesn't exist
 [ SQL语句 ] : SHOW COLUMNS FROM `think_data`

[ 2016-08-24T17:43:26+08:00 ] ::1 /thinkphp_3.2.3/
INFO: [ app_init ] --START--
INFO: Run Behavior\BuildLiteBehavior [ RunTime:0.000014s ]
INFO: [ app_init ] --END-- [ RunTime:0.000330s ]
INFO: [ app_begin ] --START--
INFO: Run Behavior\ReadHtmlCacheBehavior [ RunTime:0.000404s ]
INFO: [ app_begin ] --END-- [ RunTime:0.000454s ]
ERR: 1146:Table 'mysql.think_data' doesn't exist
 [ SQL语句 ] : SHOW COLUMNS FROM `think_data`
ERR: 1146:Table 'mysql.think_data' doesn't exist
 [ SQL语句 ] : SHOW COLUMNS FROM `think_data`

[ 2016-08-24T17:43:26+08:00 ] ::1 /thinkphp_3.2.3/
INFO: [ app_init ] --START--
INFO: Run Behavior\BuildLiteBehavior [ RunTime:0.000013s ]
INFO: [ app_init ] --END-- [ RunTime:0.000330s ]
INFO: [ app_begin ] --START--
INFO: Run Behavior\ReadHtmlCacheBehavior [ RunTime:0.000404s ]
INFO: [ app_begin ] --END-- [ RunTime:0.000453s ]
ERR: 1146:Table 'mysql.think_data' doesn't exist
 [ SQL语句 ] : SHOW COLUMNS FROM `think_data`
ERR: 1146:Table 'mysql.think_data' doesn't exist
 [ SQL语句 ] : SHOW COLUMNS FROM `think_data`

[ 2016-08-24T17:43:26+08:00 ] ::1 /thinkphp_3.2.3/
INFO: [ app_init ] --START--
INFO: Run Behavior\BuildLiteBehavior [ RunTime:0.000014s ]
INFO: [ app_init ] --END-- [ RunTime:0.000332s ]
INFO: [ app_begin ] --START--
INFO: Run Behavior\ReadHtmlCacheBehavior [ RunTime:0.000406s ]
INFO: [ app_begin ] --END-- [ RunTime:0.000455s ]
ERR: 1146:Table 'mysql.think_data' doesn't exist
 [ SQL语句 ] : SHOW COLUMNS FROM `think_data`
ERR: 1146:Table 'mysql.think_data' doesn't exist
 [ SQL语句 ] : SHOW COLUMNS FROM `think_data`

[ 2016-08-24T17:43:26+08:00 ] ::1 /thinkphp_3.2.3/
INFO: [ app_init ] --START--
INFO: Run Behavior\BuildLiteBehavior [ RunTime:0.000054s ]
INFO: [ app_init ] --END-- [ RunTime:0.000989s ]
INFO: [ app_begin ] --START--
INFO: Run Behavior\ReadHtmlCacheBehavior [ RunTime:0.000494s ]
INFO: [ app_begin ] --END-- [ RunTime:0.000553s ]
ERR: 1146:Table 'mysql.think_data' doesn't exist
 [ SQL语句 ] : SHOW COLUMNS FROM `think_data`
ERR: 1146:Table 'mysql.think_data' doesn't exist
 [ SQL语句 ] : SHOW COLUMNS FROM `think_data`

[ 2016-08-24T17:43:27+08:00 ] ::1 /thinkphp_3.2.3/
INFO: [ app_init ] --START--
INFO: Run Behavior\BuildLiteBehavior [ RunTime:0.000016s ]
INFO: [ app_init ] --END-- [ RunTime:0.000376s ]
INFO: [ app_begin ] --START--
INFO: Run Behavior\ReadHtmlCacheBehavior [ RunTime:0.000457s ]
INFO: [ app_begin ] --END-- [ RunTime:0.000518s ]
ERR: 1146:Table 'mysql.think_data' doesn't exist
 [ SQL语句 ] : SHOW COLUMNS FROM `think_data`
ERR: 1146:Table 'mysql.think_data' doesn't exist
 [ SQL语句 ] : SHOW COLUMNS FROM `think_data`

[ 2016-08-24T17:43:27+08:00 ] ::1 /thinkphp_3.2.3/
INFO: [ app_init ] --START--
INFO: Run Behavior\BuildLiteBehavior [ RunTime:0.000014s ]
INFO: [ app_init ] --END-- [ RunTime:0.000374s ]
INFO: [ app_begin ] --START--
INFO: Run Behavior\ReadHtmlCacheBehavior [ RunTime:0.000450s ]
INFO: [ app_begin ] --END-- [ RunTime:0.000501s ]
ERR: 1146:Table 'mysql.think_data' doesn't exist
 [ SQL语句 ] : SHOW COLUMNS FROM `think_data`
ERR: 1146:Table 'mysql.think_data' doesn't exist
 [ SQL语句 ] : SHOW COLUMNS FROM `think_data`

[ 2016-08-24T17:43:27+08:00 ] ::1 /thinkphp_3.2.3/
INFO: [ app_init ] --START--
INFO: Run Behavior\BuildLiteBehavior [ RunTime:0.000014s ]
INFO: [ app_init ] --END-- [ RunTime:0.000384s ]
INFO: [ app_begin ] --START--
INFO: Run Behavior\ReadHtmlCacheBehavior [ RunTime:0.001204s ]
INFO: [ app_begin ] --END-- [ RunTime:0.001326s ]
ERR: 1146:Table 'mysql.think_data' doesn't exist
 [ SQL语句 ] : SHOW COLUMNS FROM `think_data`
ERR: 1146:Table 'mysql.think_data' doesn't exist
 [ SQL语句 ] : SHOW COLUMNS FROM `think_data`

[ 2016-08-24T17:43:28+08:00 ] ::1 /thinkphp_3.2.3/
INFO: [ app_init ] --START--
INFO: Run Behavior\BuildLiteBehavior [ RunTime:0.000018s ]
INFO: [ app_init ] --END-- [ RunTime:0.000410s ]
INFO: [ app_begin ] --START--
INFO: Run Behavior\ReadHtmlCacheBehavior [ RunTime:0.000464s ]
INFO: [ app_begin ] --END-- [ RunTime:0.000524s ]
ERR: 1146:Table 'mysql.think_data' doesn't exist
 [ SQL语句 ] : SHOW COLUMNS FROM `think_data`
ERR: 1146:Table 'mysql.think_data' doesn't exist
 [ SQL语句 ] : SHOW COLUMNS FROM `think_data`

[ 2016-08-24T17:43:28+08:00 ] ::1 /thinkphp_3.2.3/
INFO: [ app_init ] --START--
INFO: Run Behavior\BuildLiteBehavior [ RunTime:0.000016s ]
INFO: [ app_init ] --END-- [ RunTime:0.000503s ]
INFO: [ app_begin ] --START--
INFO: Run Behavior\ReadHtmlCacheBehavior [ RunTime:0.000624s ]
INFO: [ app_begin ] --END-- [ RunTime:0.000726s ]
ERR: 1146:Table 'mysql.think_data' doesn't exist
 [ SQL语句 ] : SHOW COLUMNS FROM `think_data`
ERR: 1146:Table 'mysql.think_data' doesn't exist
 [ SQL语句 ] : SHOW COLUMNS FROM `think_data`

[ 2016-08-24T17:43:28+08:00 ] ::1 /thinkphp_3.2.3/
INFO: [ app_init ] --START--
INFO: Run Behavior\BuildLiteBehavior [ RunTime:0.000016s ]
INFO: [ app_init ] --END-- [ RunTime:0.000404s ]
INFO: [ app_begin ] --START--
INFO: Run Behavior\ReadHtmlCacheBehavior [ RunTime:0.000491s ]
INFO: [ app_begin ] --END-- [ RunTime:0.000559s ]
ERR: 1146:Table 'mysql.think_data' doesn't exist
 [ SQL语句 ] : SHOW COLUMNS FROM `think_data`
ERR: 1146:Table 'mysql.think_data' doesn't exist
 [ SQL语句 ] : SHOW COLUMNS FROM `think_data`

[ 2016-08-24T17:43:28+08:00 ] ::1 /thinkphp_3.2.3/
INFO: [ app_init ] --START--
INFO: Run Behavior\BuildLiteBehavior [ RunTime:0.000014s ]
INFO: [ app_init ] --END-- [ RunTime:0.000333s ]
INFO: [ app_begin ] --START--
INFO: Run Behavior\ReadHtmlCacheBehavior [ RunTime:0.000405s ]
INFO: [ app_begin ] --END-- [ RunTime:0.000454s ]
ERR: 1146:Table 'mysql.think_data' doesn't exist
 [ SQL语句 ] : SHOW COLUMNS FROM `think_data`
ERR: 1146:Table 'mysql.think_data' doesn't exist
 [ SQL语句 ] : SHOW COLUMNS FROM `think_data`

[ 2016-08-24T17:43:28+08:00 ] ::1 /thinkphp_3.2.3/
INFO: [ app_init ] --START--
INFO: Run Behavior\BuildLiteBehavior [ RunTime:0.000013s ]
INFO: [ app_init ] --END-- [ RunTime:0.000330s ]
INFO: [ app_begin ] --START--
INFO: Run Behavior\ReadHtmlCacheBehavior [ RunTime:0.000417s ]
INFO: [ app_begin ] --END-- [ RunTime:0.000465s ]
ERR: 1146:Table 'mysql.think_data' doesn't exist
 [ SQL语句 ] : SHOW COLUMNS FROM `think_data`
ERR: 1146:Table 'mysql.think_data' doesn't exist
 [ SQL语句 ] : SHOW COLUMNS FROM `think_data`

[ 2016-08-24T17:43:28+08:00 ] ::1 /thinkphp_3.2.3/
INFO: [ app_init ] --START--
INFO: Run Behavior\BuildLiteBehavior [ RunTime:0.000025s ]
INFO: [ app_init ] --END-- [ RunTime:0.000356s ]
INFO: [ app_begin ] --START--
INFO: Run Behavior\ReadHtmlCacheBehavior [ RunTime:0.000455s ]
INFO: [ app_begin ] --END-- [ RunTime:0.000513s ]
ERR: 1146:Table 'mysql.think_data' doesn't exist
 [ SQL语句 ] : SHOW COLUMNS FROM `think_data`
ERR: 1146:Table 'mysql.think_data' doesn't exist
 [ SQL语句 ] : SHOW COLUMNS FROM `think_data`

[ 2016-08-24T17:43:28+08:00 ] ::1 /thinkphp_3.2.3/
INFO: [ app_init ] --START--
INFO: Run Behavior\BuildLiteBehavior [ RunTime:0.000015s ]
INFO: [ app_init ] --END-- [ RunTime:0.000330s ]
INFO: [ app_begin ] --START--
INFO: Run Behavior\ReadHtmlCacheBehavior [ RunTime:0.000403s ]
INFO: [ app_begin ] --END-- [ RunTime:0.000454s ]
ERR: 1146:Table 'mysql.think_data' doesn't exist
 [ SQL语句 ] : SHOW COLUMNS FROM `think_data`
ERR: 1146:Table 'mysql.think_data' doesn't exist
 [ SQL语句 ] : SHOW COLUMNS FROM `think_data`

[ 2016-08-24T17:43:28+08:00 ] ::1 /thinkphp_3.2.3/
INFO: [ app_init ] --START--
INFO: Run Behavior\BuildLiteBehavior [ RunTime:0.000014s ]
INFO: [ app_init ] --END-- [ RunTime:0.000330s ]
INFO: [ app_begin ] --START--
INFO: Run Behavior\ReadHtmlCacheBehavior [ RunTime:0.000403s ]
INFO: [ app_begin ] --END-- [ RunTime:0.000455s ]
ERR: 1146:Table 'mysql.think_data' doesn't exist
 [ SQL语句 ] : SHOW COLUMNS FROM `think_data`
ERR: 1146:Table 'mysql.think_data' doesn't exist
 [ SQL语句 ] : SHOW COLUMNS FROM `think_data`

[ 2016-08-24T17:43:28+08:00 ] ::1 /thinkphp_3.2.3/
INFO: [ app_init ] --START--
INFO: Run Behavior\BuildLiteBehavior [ RunTime:0.000015s ]
INFO: [ app_init ] --END-- [ RunTime:0.000354s ]
INFO: [ app_begin ] --START--
INFO: Run Behavior\ReadHtmlCacheBehavior [ RunTime:0.000424s ]
INFO: [ app_begin ] --END-- [ RunTime:0.000479s ]
ERR: 1146:Table 'mysql.think_data' doesn't exist
 [ SQL语句 ] : SHOW COLUMNS FROM `think_data`
ERR: 1146:Table 'mysql.think_data' doesn't exist
 [ SQL语句 ] : SHOW COLUMNS FROM `think_data`

[ 2016-08-24T17:43:28+08:00 ] ::1 /thinkphp_3.2.3/
INFO: [ app_init ] --START--
INFO: Run Behavior\BuildLiteBehavior [ RunTime:0.000015s ]
INFO: [ app_init ] --END-- [ RunTime:0.000376s ]
INFO: [ app_begin ] --START--
INFO: Run Behavior\ReadHtmlCacheBehavior [ RunTime:0.000426s ]
INFO: [ app_begin ] --END-- [ RunTime:0.000477s ]
ERR: 1146:Table 'mysql.think_data' doesn't exist
 [ SQL语句 ] : SHOW COLUMNS FROM `think_data`
ERR: 1146:Table 'mysql.think_data' doesn't exist
 [ SQL语句 ] : SHOW COLUMNS FROM `think_data`

[ 2016-08-24T17:43:28+08:00 ] ::1 /thinkphp_3.2.3/
INFO: [ app_init ] --START--
INFO: Run Behavior\BuildLiteBehavior [ RunTime:0.000013s ]
INFO: [ app_init ] --END-- [ RunTime:0.000321s ]
INFO: [ app_begin ] --START--
INFO: Run Behavior\ReadHtmlCacheBehavior [ RunTime:0.000400s ]
INFO: [ app_begin ] --END-- [ RunTime:0.000450s ]
ERR: 1146:Table 'mysql.think_data' doesn't exist
 [ SQL语句 ] : SHOW COLUMNS FROM `think_data`
ERR: 1146:Table 'mysql.think_data' doesn't exist
 [ SQL语句 ] : SHOW COLUMNS FROM `think_data`

[ 2016-08-24T17:43:28+08:00 ] ::1 /thinkphp_3.2.3/
INFO: [ app_init ] --START--
INFO: Run Behavior\BuildLiteBehavior [ RunTime:0.000014s ]
INFO: [ app_init ] --END-- [ RunTime:0.000334s ]
INFO: [ app_begin ] --START--
INFO: Run Behavior\ReadHtmlCacheBehavior [ RunTime:0.000409s ]
INFO: [ app_begin ] --END-- [ RunTime:0.000461s ]
ERR: 1146:Table 'mysql.think_data' doesn't exist
 [ SQL语句 ] : SHOW COLUMNS FROM `think_data`
ERR: 1146:Table 'mysql.think_data' doesn't exist
 [ SQL语句 ] : SHOW COLUMNS FROM `think_data`

[ 2016-08-24T17:43:28+08:00 ] ::1 /thinkphp_3.2.3/
INFO: [ app_init ] --START--
INFO: Run Behavior\BuildLiteBehavior [ RunTime:0.000013s ]
INFO: [ app_init ] --END-- [ RunTime:0.000320s ]
INFO: [ app_begin ] --START--
INFO: Run Behavior\ReadHtmlCacheBehavior [ RunTime:0.000424s ]
INFO: [ app_begin ] --END-- [ RunTime:0.000477s ]
ERR: 1146:Table 'mysql.think_data' doesn't exist
 [ SQL语句 ] : SHOW COLUMNS FROM `think_data`
ERR: 1146:Table 'mysql.think_data' doesn't exist
 [ SQL语句 ] : SHOW COLUMNS FROM `think_data`

[ 2016-08-24T17:43:28+08:00 ] ::1 /thinkphp_3.2.3/
INFO: [ app_init ] --START--
INFO: Run Behavior\BuildLiteBehavior [ RunTime:0.000014s ]
INFO: [ app_init ] --END-- [ RunTime:0.000350s ]
INFO: [ app_begin ] --START--
INFO: Run Behavior\ReadHtmlCacheBehavior [ RunTime:0.000414s ]
INFO: [ app_begin ] --END-- [ RunTime:0.000465s ]
ERR: 1146:Table 'mysql.think_data' doesn't exist
 [ SQL语句 ] : SHOW COLUMNS FROM `think_data`
ERR: 1146:Table 'mysql.think_data' doesn't exist
 [ SQL语句 ] : SHOW COLUMNS FROM `think_data`

[ 2016-08-24T17:43:28+08:00 ] ::1 /thinkphp_3.2.3/
INFO: [ app_init ] --START--
INFO: Run Behavior\BuildLiteBehavior [ RunTime:0.000014s ]
INFO: [ app_init ] --END-- [ RunTime:0.000331s ]
INFO: [ app_begin ] --START--
INFO: Run Behavior\ReadHtmlCacheBehavior [ RunTime:0.000416s ]
INFO: [ app_begin ] --END-- [ RunTime:0.000468s ]
ERR: 1146:Table 'mysql.think_data' doesn't exist
 [ SQL语句 ] : SHOW COLUMNS FROM `think_data`
ERR: 1146:Table 'mysql.think_data' doesn't exist
 [ SQL语句 ] : SHOW COLUMNS FROM `think_data`

[ 2016-08-24T17:43:28+08:00 ] ::1 /thinkphp_3.2.3/
INFO: [ app_init ] --START--
INFO: Run Behavior\BuildLiteBehavior [ RunTime:0.000015s ]
INFO: [ app_init ] --END-- [ RunTime:0.000361s ]
INFO: [ app_begin ] --START--
INFO: Run Behavior\ReadHtmlCacheBehavior [ RunTime:0.000418s ]
INFO: [ app_begin ] --END-- [ RunTime:0.000471s ]
ERR: 1146:Table 'mysql.think_data' doesn't exist
 [ SQL语句 ] : SHOW COLUMNS FROM `think_data`
ERR: 1146:Table 'mysql.think_data' doesn't exist
 [ SQL语句 ] : SHOW COLUMNS FROM `think_data`

[ 2016-08-24T17:43:28+08:00 ] ::1 /thinkphp_3.2.3/
INFO: [ app_init ] --START--
INFO: Run Behavior\BuildLiteBehavior [ RunTime:0.000014s ]
INFO: [ app_init ] --END-- [ RunTime:0.000343s ]
INFO: [ app_begin ] --START--
INFO: Run Behavior\ReadHtmlCacheBehavior [ RunTime:0.000409s ]
INFO: [ app_begin ] --END-- [ RunTime:0.000466s ]
ERR: 1146:Table 'mysql.think_data' doesn't exist
 [ SQL语句 ] : SHOW COLUMNS FROM `think_data`
ERR: 1146:Table 'mysql.think_data' doesn't exist
 [ SQL语句 ] : SHOW COLUMNS FROM `think_data`

[ 2016-08-24T17:43:28+08:00 ] ::1 /thinkphp_3.2.3/
INFO: [ app_init ] --START--
INFO: Run Behavior\BuildLiteBehavior [ RunTime:0.000015s ]
INFO: [ app_init ] --END-- [ RunTime:0.000341s ]
INFO: [ app_begin ] --START--
INFO: Run Behavior\ReadHtmlCacheBehavior [ RunTime:0.000421s ]
INFO: [ app_begin ] --END-- [ RunTime:0.000472s ]
ERR: 1146:Table 'mysql.think_data' doesn't exist
 [ SQL语句 ] : SHOW COLUMNS FROM `think_data`
ERR: 1146:Table 'mysql.think_data' doesn't exist
 [ SQL语句 ] : SHOW COLUMNS FROM `think_data`

[ 2016-08-24T17:43:28+08:00 ] ::1 /thinkphp_3.2.3/
INFO: [ app_init ] --START--
INFO: Run Behavior\BuildLiteBehavior [ RunTime:0.000014s ]
INFO: [ app_init ] --END-- [ RunTime:0.000335s ]
INFO: [ app_begin ] --START--
INFO: Run Behavior\ReadHtmlCacheBehavior [ RunTime:0.000494s ]
INFO: [ app_begin ] --END-- [ RunTime:0.000552s ]
ERR: 1146:Table 'mysql.think_data' doesn't exist
 [ SQL语句 ] : SHOW COLUMNS FROM `think_data`
ERR: 1146:Table 'mysql.think_data' doesn't exist
 [ SQL语句 ] : SHOW COLUMNS FROM `think_data`

[ 2016-08-24T17:43:28+08:00 ] ::1 /thinkphp_3.2.3/
INFO: [ app_init ] --START--
INFO: Run Behavior\BuildLiteBehavior [ RunTime:0.000016s ]
INFO: [ app_init ] --END-- [ RunTime:0.000400s ]
INFO: [ app_begin ] --START--
INFO: Run Behavior\ReadHtmlCacheBehavior [ RunTime:0.000453s ]
INFO: [ app_begin ] --END-- [ RunTime:0.000515s ]
ERR: 1146:Table 'mysql.think_data' doesn't exist
 [ SQL语句 ] : SHOW COLUMNS FROM `think_data`
ERR: 1146:Table 'mysql.think_data' doesn't exist
 [ SQL语句 ] : SHOW COLUMNS FROM `think_data`

[ 2016-08-24T17:43:28+08:00 ] ::1 /thinkphp_3.2.3/
INFO: [ app_init ] --START--
INFO: Run Behavior\BuildLiteBehavior [ RunTime:0.000016s ]
INFO: [ app_init ] --END-- [ RunTime:0.000334s ]
INFO: [ app_begin ] --START--
INFO: Run Behavior\ReadHtmlCacheBehavior [ RunTime:0.000415s ]
INFO: [ app_begin ] --END-- [ RunTime:0.000468s ]
ERR: 1146:Table 'mysql.think_data' doesn't exist
 [ SQL语句 ] : SHOW COLUMNS FROM `think_data`
ERR: 1146:Table 'mysql.think_data' doesn't exist
 [ SQL语句 ] : SHOW COLUMNS FROM `think_data`

[ 2016-08-24T17:43:28+08:00 ] ::1 /thinkphp_3.2.3/
INFO: [ app_init ] --START--
INFO: Run Behavior\BuildLiteBehavior [ RunTime:0.000017s ]
INFO: [ app_init ] --END-- [ RunTime:0.000441s ]
INFO: [ app_begin ] --START--
INFO: Run Behavior\ReadHtmlCacheBehavior [ RunTime:0.000465s ]
INFO: [ app_begin ] --END-- [ RunTime:0.000525s ]
ERR: 1146:Table 'mysql.think_data' doesn't exist
 [ SQL语句 ] : SHOW COLUMNS FROM `think_data`
ERR: 1146:Table 'mysql.think_data' doesn't exist
 [ SQL语句 ] : SHOW COLUMNS FROM `think_data`

[ 2016-08-24T17:43:28+08:00 ] ::1 /thinkphp_3.2.3/
INFO: [ app_init ] --START--
INFO: Run Behavior\BuildLiteBehavior [ RunTime:0.000024s ]
INFO: [ app_init ] --END-- [ RunTime:0.000516s ]
INFO: [ app_begin ] --START--
INFO: Run Behavior\ReadHtmlCacheBehavior [ RunTime:0.000754s ]
INFO: [ app_begin ] --END-- [ RunTime:0.000855s ]
ERR: 1146:Table 'mysql.think_data' doesn't exist
 [ SQL语句 ] : SHOW COLUMNS FROM `think_data`
ERR: 1146:Table 'mysql.think_data' doesn't exist
 [ SQL语句 ] : SHOW COLUMNS FROM `think_data`

[ 2016-08-24T17:43:28+08:00 ] ::1 /thinkphp_3.2.3/
INFO: [ app_init ] --START--
INFO: Run Behavior\BuildLiteBehavior [ RunTime:0.000027s ]
INFO: [ app_init ] --END-- [ RunTime:0.000458s ]
INFO: [ app_begin ] --START--
INFO: Run Behavior\ReadHtmlCacheBehavior [ RunTime:0.000838s ]
INFO: [ app_begin ] --END-- [ RunTime:0.001137s ]
ERR: 1146:Table 'mysql.think_data' doesn't exist
 [ SQL语句 ] : SHOW COLUMNS FROM `think_data`
ERR: 1146:Table 'mysql.think_data' doesn't exist
 [ SQL语句 ] : SHOW COLUMNS FROM `think_data`

[ 2016-08-24T17:43:28+08:00 ] ::1 /thinkphp_3.2.3/
INFO: [ app_init ] --START--
INFO: Run Behavior\BuildLiteBehavior [ RunTime:0.000018s ]
INFO: [ app_init ] --END-- [ RunTime:0.000360s ]
INFO: [ app_begin ] --START--
INFO: Run Behavior\ReadHtmlCacheBehavior [ RunTime:0.000726s ]
INFO: [ app_begin ] --END-- [ RunTime:0.000822s ]
ERR: 1146:Table 'mysql.think_data' doesn't exist
 [ SQL语句 ] : SHOW COLUMNS FROM `think_data`
ERR: 1146:Table 'mysql.think_data' doesn't exist
 [ SQL语句 ] : SHOW COLUMNS FROM `think_data`

[ 2016-08-24T17:43:28+08:00 ] ::1 /thinkphp_3.2.3/
INFO: [ app_init ] --START--
INFO: Run Behavior\BuildLiteBehavior [ RunTime:0.000013s ]
INFO: [ app_init ] --END-- [ RunTime:0.000328s ]
INFO: [ app_begin ] --START--
INFO: Run Behavior\ReadHtmlCacheBehavior [ RunTime:0.000423s ]
INFO: [ app_begin ] --END-- [ RunTime:0.000473s ]
ERR: 1146:Table 'mysql.think_data' doesn't exist
 [ SQL语句 ] : SHOW COLUMNS FROM `think_data`
ERR: 1146:Table 'mysql.think_data' doesn't exist
 [ SQL语句 ] : SHOW COLUMNS FROM `think_data`

[ 2016-08-24T17:43:28+08:00 ] ::1 /thinkphp_3.2.3/
INFO: [ app_init ] --START--
INFO: Run Behavior\BuildLiteBehavior [ RunTime:0.000014s ]
INFO: [ app_init ] --END-- [ RunTime:0.000327s ]
INFO: [ app_begin ] --START--
INFO: Run Behavior\ReadHtmlCacheBehavior [ RunTime:0.000428s ]
INFO: [ app_begin ] --END-- [ RunTime:0.000484s ]
ERR: 1146:Table 'mysql.think_data' doesn't exist
 [ SQL语句 ] : SHOW COLUMNS FROM `think_data`
ERR: 1146:Table 'mysql.think_data' doesn't exist
 [ SQL语句 ] : SHOW COLUMNS FROM `think_data`

[ 2016-08-24T17:43:28+08:00 ] ::1 /thinkphp_3.2.3/
INFO: [ app_init ] --START--
INFO: Run Behavior\BuildLiteBehavior [ RunTime:0.000014s ]
INFO: [ app_init ] --END-- [ RunTime:0.000357s ]
INFO: [ app_begin ] --START--
INFO: Run Behavior\ReadHtmlCacheBehavior [ RunTime:0.000454s ]
INFO: [ app_begin ] --END-- [ RunTime:0.000510s ]
ERR: 1146:Table 'mysql.think_data' doesn't exist
 [ SQL语句 ] : SHOW COLUMNS FROM `think_data`
ERR: 1146:Table 'mysql.think_data' doesn't exist
 [ SQL语句 ] : SHOW COLUMNS FROM `think_data`

[ 2016-08-24T17:43:28+08:00 ] ::1 /thinkphp_3.2.3/
INFO: [ app_init ] --START--
INFO: Run Behavior\BuildLiteBehavior [ RunTime:0.000013s ]
INFO: [ app_init ] --END-- [ RunTime:0.000325s ]
INFO: [ app_begin ] --START--
INFO: Run Behavior\ReadHtmlCacheBehavior [ RunTime:0.000400s ]
INFO: [ app_begin ] --END-- [ RunTime:0.000448s ]
ERR: 1146:Table 'mysql.think_data' doesn't exist
 [ SQL语句 ] : SHOW COLUMNS FROM `think_data`
ERR: 1146:Table 'mysql.think_data' doesn't exist
 [ SQL语句 ] : SHOW COLUMNS FROM `think_data`

[ 2016-08-24T17:43:28+08:00 ] ::1 /thinkphp_3.2.3/
INFO: [ app_init ] --START--
INFO: Run Behavior\BuildLiteBehavior [ RunTime:0.000012s ]
INFO: [ app_init ] --END-- [ RunTime:0.000322s ]
INFO: [ app_begin ] --START--
INFO: Run Behavior\ReadHtmlCacheBehavior [ RunTime:0.000400s ]
INFO: [ app_begin ] --END-- [ RunTime:0.000448s ]
ERR: 1146:Table 'mysql.think_data' doesn't exist
 [ SQL语句 ] : SHOW COLUMNS FROM `think_data`
ERR: 1146:Table 'mysql.think_data' doesn't exist
 [ SQL语句 ] : SHOW COLUMNS FROM `think_data`

[ 2016-08-24T17:43:29+08:00 ] ::1 /thinkphp_3.2.3/
INFO: [ app_init ] --START--
INFO: Run Behavior\BuildLiteBehavior [ RunTime:0.000013s ]
INFO: [ app_init ] --END-- [ RunTime:0.000375s ]
INFO: [ app_begin ] --START--
INFO: Run Behavior\ReadHtmlCacheBehavior [ RunTime:0.000457s ]
INFO: [ app_begin ] --END-- [ RunTime:0.000509s ]
ERR: 1146:Table 'mysql.think_data' doesn't exist
 [ SQL语句 ] : SHOW COLUMNS FROM `think_data`
ERR: 1146:Table 'mysql.think_data' doesn't exist
 [ SQL语句 ] : SHOW COLUMNS FROM `think_data`

[ 2016-08-24T17:43:30+08:00 ] ::1 /thinkphp_3.2.3/
INFO: [ app_init ] --START--
INFO: Run Behavior\BuildLiteBehavior [ RunTime:0.000033s ]
INFO: [ app_init ] --END-- [ RunTime:0.000639s ]
INFO: [ app_begin ] --START--
INFO: Run Behavior\ReadHtmlCacheBehavior [ RunTime:0.000475s ]
INFO: [ app_begin ] --END-- [ RunTime:0.000534s ]
ERR: 1146:Table 'mysql.think_data' doesn't exist
 [ SQL语句 ] : SHOW COLUMNS FROM `think_data`
ERR: 1146:Table 'mysql.think_data' doesn't exist
 [ SQL语句 ] : SHOW COLUMNS FROM `think_data`

[ 2016-08-24T17:43:30+08:00 ] ::1 /thinkphp_3.2.3/
INFO: [ app_init ] --START--
INFO: Run Behavior\BuildLiteBehavior [ RunTime:0.000016s ]
INFO: [ app_init ] --END-- [ RunTime:0.000375s ]
INFO: [ app_begin ] --START--
INFO: Run Behavior\ReadHtmlCacheBehavior [ RunTime:0.000466s ]
INFO: [ app_begin ] --END-- [ RunTime:0.000526s ]
ERR: 1146:Table 'mysql.think_data' doesn't exist
 [ SQL语句 ] : SHOW COLUMNS FROM `think_data`
ERR: 1146:Table 'mysql.think_data' doesn't exist
 [ SQL语句 ] : SHOW COLUMNS FROM `think_data`

[ 2016-08-24T17:43:30+08:00 ] ::1 /thinkphp_3.2.3/
INFO: [ app_init ] --START--
INFO: Run Behavior\BuildLiteBehavior [ RunTime:0.000013s ]
INFO: [ app_init ] --END-- [ RunTime:0.000326s ]
INFO: [ app_begin ] --START--
INFO: Run Behavior\ReadHtmlCacheBehavior [ RunTime:0.000410s ]
INFO: [ app_begin ] --END-- [ RunTime:0.000458s ]
ERR: 1146:Table 'mysql.think_data' doesn't exist
 [ SQL语句 ] : SHOW COLUMNS FROM `think_data`
ERR: 1146:Table 'mysql.think_data' doesn't exist
 [ SQL语句 ] : SHOW COLUMNS FROM `think_data`

[ 2016-08-24T17:44:54+08:00 ] ::1 /thinkphp_3.2.3/
INFO: [ app_init ] --START--
INFO: Run Behavior\BuildLiteBehavior [ RunTime:0.000015s ]
INFO: [ app_init ] --END-- [ RunTime:0.000493s ]
INFO: [ app_begin ] --START--
INFO: Run Behavior\ReadHtmlCacheBehavior [ RunTime:0.000460s ]
INFO: [ app_begin ] --END-- [ RunTime:0.000510s ]
SQL: SHOW COLUMNS FROM `think_data` [ RunTime:0.0068s ]
SQL: SELECT * FROM `think_data` WHERE `id` = 1 LIMIT 1   [ RunTime:0.0005s ]
INFO: [ view_parse ] --START--
INFO: [ template_filter ] --START--
INFO: Run Behavior\ContentReplaceBehavior [ RunTime:0.000035s ]
INFO: [ template_filter ] --END-- [ RunTime:0.000089s ]
INFO: Run Behavior\ParseTemplateBehavior [ RunTime:0.005363s ]
INFO: [ view_parse ] --END-- [ RunTime:0.005432s ]
INFO: [ view_filter ] --START--
INFO: Run Behavior\WriteHtmlCacheBehavior [ RunTime:0.000437s ]
INFO: [ view_filter ] --END-- [ RunTime:0.000481s ]
INFO: [ app_end ] --START--
INFO: Run Behavior\ShowPageTraceBehavior [ RunTime:0.000613s ]
INFO: [ app_end ] --END-- [ RunTime:0.000656s ]

[ 2016-08-24T18:01:01+08:00 ] ::1 /thinkphp_3.2.3/
INFO: [ app_init ] --START--
INFO: Run Behavior\BuildLiteBehavior [ RunTime:0.000014s ]
INFO: [ app_init ] --END-- [ RunTime:0.000467s ]
INFO: [ app_begin ] --START--
INFO: Run Behavior\ReadHtmlCacheBehavior [ RunTime:0.001166s ]
INFO: [ app_begin ] --END-- [ RunTime:0.001240s ]
SQL: SHOW COLUMNS FROM `think_data` [ RunTime:0.0037s ]
SQL: SELECT * FROM `think_data` WHERE `id` = 1 LIMIT 1   [ RunTime:0.0003s ]
INFO: [ view_parse ] --START--
NOTIC: [2] file_get_contents(header.html) [<a href='function.file-get-contents'>function.file-get-contents</a>]: failed to open stream: No such file or directory D:\htdocs\thinkphp_3.2.3\ThinkPHP\Library\Think\Template.class.php 第 696 行.
INFO: [ template_filter ] --START--
INFO: Run Behavior\ContentReplaceBehavior [ RunTime:0.000034s ]
INFO: [ template_filter ] --END-- [ RunTime:0.000087s ]
INFO: Run Behavior\ParseTemplateBehavior [ RunTime:0.008660s ]
INFO: [ view_parse ] --END-- [ RunTime:0.008718s ]
INFO: [ view_filter ] --START--
INFO: Run Behavior\WriteHtmlCacheBehavior [ RunTime:0.000431s ]
INFO: [ view_filter ] --END-- [ RunTime:0.000472s ]
INFO: [ app_end ] --START--
INFO: Run Behavior\ShowPageTraceBehavior [ RunTime:0.000588s ]
INFO: [ app_end ] --END-- [ RunTime:0.000632s ]

[ 2016-08-24T18:01:03+08:00 ] ::1 /thinkphp_3.2.3/
INFO: [ app_init ] --START--
INFO: Run Behavior\BuildLiteBehavior [ RunTime:0.000013s ]
INFO: [ app_init ] --END-- [ RunTime:0.000394s ]
INFO: [ app_begin ] --START--
INFO: Run Behavior\ReadHtmlCacheBehavior [ RunTime:0.000469s ]
INFO: [ app_begin ] --END-- [ RunTime:0.000521s ]
SQL: SHOW COLUMNS FROM `think_data` [ RunTime:0.0037s ]
SQL: SELECT * FROM `think_data` WHERE `id` = 1 LIMIT 1   [ RunTime:0.0003s ]
INFO: [ view_parse ] --START--
NOTIC: [2] file_get_contents(header.html) [<a href='function.file-get-contents'>function.file-get-contents</a>]: failed to open stream: No such file or directory D:\htdocs\thinkphp_3.2.3\ThinkPHP\Library\Think\Template.class.php 第 696 行.
INFO: [ template_filter ] --START--
INFO: Run Behavior\ContentReplaceBehavior [ RunTime:0.000033s ]
INFO: [ template_filter ] --END-- [ RunTime:0.000084s ]
INFO: Run Behavior\ParseTemplateBehavior [ RunTime:0.005260s ]
INFO: [ view_parse ] --END-- [ RunTime:0.005352s ]
INFO: [ view_filter ] --START--
INFO: Run Behavior\WriteHtmlCacheBehavior [ RunTime:0.000825s ]
INFO: [ view_filter ] --END-- [ RunTime:0.000994s ]
INFO: [ app_end ] --START--
INFO: Run Behavior\ShowPageTraceBehavior [ RunTime:0.000734s ]
INFO: [ app_end ] --END-- [ RunTime:0.000817s ]

[ 2016-08-24T18:01:04+08:00 ] ::1 /thinkphp_3.2.3/
INFO: [ app_init ] --START--
INFO: Run Behavior\BuildLiteBehavior [ RunTime:0.000013s ]
INFO: [ app_init ] --END-- [ RunTime:0.000386s ]
INFO: [ app_begin ] --START--
INFO: Run Behavior\ReadHtmlCacheBehavior [ RunTime:0.000471s ]
INFO: [ app_begin ] --END-- [ RunTime:0.000522s ]
SQL: SHOW COLUMNS FROM `think_data` [ RunTime:0.0035s ]
SQL: SELECT * FROM `think_data` WHERE `id` = 1 LIMIT 1   [ RunTime:0.0003s ]
INFO: [ view_parse ] --START--
NOTIC: [2] file_get_contents(header.html) [<a href='function.file-get-contents'>function.file-get-contents</a>]: failed to open stream: No such file or directory D:\htdocs\thinkphp_3.2.3\ThinkPHP\Library\Think\Template.class.php 第 696 行.
INFO: [ template_filter ] --START--
INFO: Run Behavior\ContentReplaceBehavior [ RunTime:0.000174s ]
INFO: [ template_filter ] --END-- [ RunTime:0.000548s ]
INFO: Run Behavior\ParseTemplateBehavior [ RunTime:0.006441s ]
INFO: [ view_parse ] --END-- [ RunTime:0.006515s ]
INFO: [ view_filter ] --START--
INFO: Run Behavior\WriteHtmlCacheBehavior [ RunTime:0.000482s ]
INFO: [ view_filter ] --END-- [ RunTime:0.000526s ]
INFO: [ app_end ] --START--
INFO: Run Behavior\ShowPageTraceBehavior [ RunTime:0.000657s ]
INFO: [ app_end ] --END-- [ RunTime:0.000701s ]

[ 2016-08-24T18:01:04+08:00 ] ::1 /thinkphp_3.2.3/
INFO: [ app_init ] --START--
INFO: Run Behavior\BuildLiteBehavior [ RunTime:0.000013s ]
INFO: [ app_init ] --END-- [ RunTime:0.000385s ]
INFO: [ app_begin ] --START--
INFO: Run Behavior\ReadHtmlCacheBehavior [ RunTime:0.000577s ]
INFO: [ app_begin ] --END-- [ RunTime:0.000646s ]
SQL: SHOW COLUMNS FROM `think_data` [ RunTime:0.0033s ]
SQL: SELECT * FROM `think_data` WHERE `id` = 1 LIMIT 1   [ RunTime:0.0003s ]
INFO: [ view_parse ] --START--
NOTIC: [2] file_get_contents(header.html) [<a href='function.file-get-contents'>function.file-get-contents</a>]: failed to open stream: No such file or directory D:\htdocs\thinkphp_3.2.3\ThinkPHP\Library\Think\Template.class.php 第 696 行.
INFO: [ template_filter ] --START--
INFO: Run Behavior\ContentReplaceBehavior [ RunTime:0.000034s ]
INFO: [ template_filter ] --END-- [ RunTime:0.000091s ]
INFO: Run Behavior\ParseTemplateBehavior [ RunTime:0.006777s ]
INFO: [ view_parse ] --END-- [ RunTime:0.006834s ]
INFO: [ view_filter ] --START--
INFO: Run Behavior\WriteHtmlCacheBehavior [ RunTime:0.000437s ]
INFO: [ view_filter ] --END-- [ RunTime:0.000481s ]
INFO: [ app_end ] --START--
INFO: Run Behavior\ShowPageTraceBehavior [ RunTime:0.000612s ]
INFO: [ app_end ] --END-- [ RunTime:0.000655s ]

[ 2016-08-24T18:01:04+08:00 ] ::1 /thinkphp_3.2.3/
INFO: [ app_init ] --START--
INFO: Run Behavior\BuildLiteBehavior [ RunTime:0.000013s ]
INFO: [ app_init ] --END-- [ RunTime:0.000389s ]
INFO: [ app_begin ] --START--
INFO: Run Behavior\ReadHtmlCacheBehavior [ RunTime:0.000463s ]
INFO: [ app_begin ] --END-- [ RunTime:0.000513s ]
SQL: SHOW COLUMNS FROM `think_data` [ RunTime:0.0034s ]
SQL: SELECT * FROM `think_data` WHERE `id` = 1 LIMIT 1   [ RunTime:0.0004s ]
INFO: [ view_parse ] --START--
NOTIC: [2] file_get_contents(header.html) [<a href='function.file-get-contents'>function.file-get-contents</a>]: failed to open stream: No such file or directory D:\htdocs\thinkphp_3.2.3\ThinkPHP\Library\Think\Template.class.php 第 696 行.
INFO: [ template_filter ] --START--
INFO: Run Behavior\ContentReplaceBehavior [ RunTime:0.000033s ]
INFO: [ template_filter ] --END-- [ RunTime:0.000080s ]
INFO: Run Behavior\ParseTemplateBehavior [ RunTime:0.004982s ]
INFO: [ view_parse ] --END-- [ RunTime:0.005040s ]
INFO: [ view_filter ] --START--
INFO: Run Behavior\WriteHtmlCacheBehavior [ RunTime:0.000437s ]
INFO: [ view_filter ] --END-- [ RunTime:0.000479s ]
INFO: [ app_end ] --START--
INFO: Run Behavior\ShowPageTraceBehavior [ RunTime:0.000631s ]
INFO: [ app_end ] --END-- [ RunTime:0.000674s ]

[ 2016-08-24T18:01:04+08:00 ] ::1 /thinkphp_3.2.3/
INFO: [ app_init ] --START--
INFO: Run Behavior\BuildLiteBehavior [ RunTime:0.000015s ]
INFO: [ app_init ] --END-- [ RunTime:0.000369s ]
INFO: [ app_begin ] --START--
INFO: Run Behavior\ReadHtmlCacheBehavior [ RunTime:0.000457s ]
INFO: [ app_begin ] --END-- [ RunTime:0.000516s ]
SQL: SHOW COLUMNS FROM `think_data` [ RunTime:0.0040s ]
SQL: SELECT * FROM `think_data` WHERE `id` = 1 LIMIT 1   [ RunTime:0.0003s ]
INFO: [ view_parse ] --START--
NOTIC: [2] file_get_contents(header.html) [<a href='function.file-get-contents'>function.file-get-contents</a>]: failed to open stream: No such file or directory D:\htdocs\thinkphp_3.2.3\ThinkPHP\Library\Think\Template.class.php 第 696 行.
INFO: [ template_filter ] --START--
INFO: Run Behavior\ContentReplaceBehavior [ RunTime:0.000037s ]
INFO: [ template_filter ] --END-- [ RunTime:0.000107s ]
INFO: Run Behavior\ParseTemplateBehavior [ RunTime:0.006884s ]
INFO: [ view_parse ] --END-- [ RunTime:0.006953s ]
INFO: [ view_filter ] --START--
INFO: Run Behavior\WriteHtmlCacheBehavior [ RunTime:0.000451s ]
INFO: [ view_filter ] --END-- [ RunTime:0.000496s ]
INFO: [ app_end ] --START--
INFO: Run Behavior\ShowPageTraceBehavior [ RunTime:0.000557s ]
INFO: [ app_end ] --END-- [ RunTime:0.000602s ]

[ 2016-08-24T18:01:16+08:00 ] ::1 /thinkphp_3.2.3/
INFO: [ app_init ] --START--
INFO: Run Behavior\BuildLiteBehavior [ RunTime:0.000013s ]
INFO: [ app_init ] --END-- [ RunTime:0.000350s ]
INFO: [ app_begin ] --START--
INFO: Run Behavior\ReadHtmlCacheBehavior [ RunTime:0.000418s ]
INFO: [ app_begin ] --END-- [ RunTime:0.000469s ]
SQL: SHOW COLUMNS FROM `think_data` [ RunTime:0.0036s ]
SQL: SELECT * FROM `think_data` WHERE `id` = 1 LIMIT 1   [ RunTime:0.0003s ]
INFO: [ view_parse ] --START--
NOTIC: [2] file_get_contents(header.html) [<a href='function.file-get-contents'>function.file-get-contents</a>]: failed to open stream: No such file or directory D:\htdocs\thinkphp_3.2.3\ThinkPHP\Library\Think\Template.class.php 第 696 行.
INFO: [ template_filter ] --START--
INFO: Run Behavior\ContentReplaceBehavior [ RunTime:0.000056s ]
INFO: [ template_filter ] --END-- [ RunTime:0.000159s ]
INFO: Run Behavior\ParseTemplateBehavior [ RunTime:0.008067s ]
INFO: [ view_parse ] --END-- [ RunTime:0.008159s ]
INFO: [ view_filter ] --START--
INFO: Run Behavior\WriteHtmlCacheBehavior [ RunTime:0.000582s ]
INFO: [ view_filter ] --END-- [ RunTime:0.000637s ]
INFO: [ app_end ] --START--
INFO: Run Behavior\ShowPageTraceBehavior [ RunTime:0.000672s ]
INFO: [ app_end ] --END-- [ RunTime:0.000720s ]

[ 2016-08-24T18:01:57+08:00 ] ::1 /thinkphp_3.2.3/
INFO: [ app_init ] --START--
INFO: Run Behavior\BuildLiteBehavior [ RunTime:0.000014s ]
INFO: [ app_init ] --END-- [ RunTime:0.000365s ]
INFO: [ app_begin ] --START--
INFO: Run Behavior\ReadHtmlCacheBehavior [ RunTime:0.000491s ]
INFO: [ app_begin ] --END-- [ RunTime:0.000540s ]
SQL: SHOW COLUMNS FROM `think_data` [ RunTime:0.0036s ]
SQL: SELECT * FROM `think_data` WHERE `id` = 1 LIMIT 1   [ RunTime:0.0003s ]
INFO: [ view_parse ] --START--
NOTIC: [2] file_get_contents(header.html) [<a href='function.file-get-contents'>function.file-get-contents</a>]: failed to open stream: No such file or directory D:\htdocs\thinkphp_3.2.3\ThinkPHP\Library\Think\Template.class.php 第 696 行.
INFO: [ template_filter ] --START--
INFO: Run Behavior\ContentReplaceBehavior [ RunTime:0.000032s ]
INFO: [ template_filter ] --END-- [ RunTime:0.000083s ]
INFO: Run Behavior\ParseTemplateBehavior [ RunTime:0.005003s ]
INFO: [ view_parse ] --END-- [ RunTime:0.005057s ]
INFO: [ view_filter ] --START--
INFO: Run Behavior\WriteHtmlCacheBehavior [ RunTime:0.000428s ]
INFO: [ view_filter ] --END-- [ RunTime:0.000471s ]
INFO: [ app_end ] --START--
INFO: Run Behavior\ShowPageTraceBehavior [ RunTime:0.000652s ]
INFO: [ app_end ] --END-- [ RunTime:0.000715s ]

[ 2016-08-24T18:03:36+08:00 ] ::1 /thinkphp_3.2.3/
INFO: [ app_init ] --START--
INFO: Run Behavior\BuildLiteBehavior [ RunTime:0.000017s ]
INFO: [ app_init ] --END-- [ RunTime:0.000444s ]
INFO: [ app_begin ] --START--
INFO: Run Behavior\ReadHtmlCacheBehavior [ RunTime:0.000537s ]
INFO: [ app_begin ] --END-- [ RunTime:0.000592s ]
SQL: SHOW COLUMNS FROM `think_data` [ RunTime:0.0036s ]
SQL: SELECT * FROM `think_data` WHERE `id` = 1 LIMIT 1   [ RunTime:0.0003s ]
INFO: [ view_parse ] --START--
INFO: [ template_filter ] --START--
INFO: Run Behavior\ContentReplaceBehavior [ RunTime:0.000037s ]
INFO: [ template_filter ] --END-- [ RunTime:0.000095s ]
INFO: Run Behavior\ParseTemplateBehavior [ RunTime:0.006456s ]
INFO: [ view_parse ] --END-- [ RunTime:0.006519s ]
INFO: [ view_filter ] --START--
INFO: Run Behavior\WriteHtmlCacheBehavior [ RunTime:0.000407s ]
INFO: [ view_filter ] --END-- [ RunTime:0.000454s ]
INFO: [ app_end ] --START--
INFO: Run Behavior\ShowPageTraceBehavior [ RunTime:0.000585s ]
INFO: [ app_end ] --END-- [ RunTime:0.000632s ]

