[ 2016-09-12T11:08:18+08:00 ] ::1 /thinkphp/
INFO: [ app_init ] --START--
INFO: Run Behavior\BuildLiteBehavior [ RunTime:0.000013s ]
INFO: [ app_init ] --END-- [ RunTime:0.000068s ]
INFO: [ app_begin ] --START--
INFO: Run Behavior\ReadHtmlCacheBehavior [ RunTime:0.000822s ]
INFO: [ app_begin ] --END-- [ RunTime:0.000878s ]
SQL: SHOW COLUMNS FROM `think_member` [ RunTime:0.0402s ]
SQL: SELECT * FROM `think_member` LIMIT 1   [ RunTime:0.0390s ]

[ 2016-09-12T11:08:18+08:00 ] ::1 /thinkphp/index.php/Home/Index/login.html
INFO: [ app_init ] --START--
INFO: Run Behavior\BuildLiteBehavior [ RunTime:0.000020s ]
INFO: [ app_init ] --END-- [ RunTime:0.000098s ]
INFO: [ app_begin ] --START--
INFO: Run Behavior\ReadHtmlCacheBehavior [ RunTime:0.000471s ]
INFO: [ app_begin ] --END-- [ RunTime:0.000542s ]
NOTIC: [8] Undefined index: submit D:\htdocs\thinkphp\Application\Home\Controller\IndexController.class.php 第 39 行.
INFO: [ view_parse ] --START--
INFO: [ template_filter ] --START--
INFO: Run Behavior\ContentReplaceBehavior [ RunTime:0.000054s ]
INFO: [ template_filter ] --END-- [ RunTime:0.000115s ]
INFO: Run Behavior\ParseTemplateBehavior [ RunTime:0.009004s ]
INFO: [ view_parse ] --END-- [ RunTime:0.009064s ]
INFO: [ view_filter ] --START--
INFO: Run Behavior\WriteHtmlCacheBehavior [ RunTime:0.000834s ]
INFO: [ view_filter ] --END-- [ RunTime:0.000878s ]
INFO: [ app_end ] --START--
INFO: Run Behavior\ShowPageTraceBehavior [ RunTime:0.000880s ]
INFO: [ app_end ] --END-- [ RunTime:0.000927s ]

[ 2016-09-12T11:08:18+08:00 ] ::1 /thinkphp/index.php/Home/Index/favicon.ico
INFO: [ app_init ] --START--
INFO: Run Behavior\BuildLiteBehavior [ RunTime:0.000011s ]
INFO: [ app_init ] --END-- [ RunTime:0.000058s ]

[ 2016-09-12T13:58:41+08:00 ] ::1 /thinkphp/
INFO: [ app_init ] --START--
INFO: Run Behavior\BuildLiteBehavior [ RunTime:0.000011s ]
INFO: [ app_init ] --END-- [ RunTime:0.000060s ]
INFO: [ app_begin ] --START--
INFO: Run Behavior\ReadHtmlCacheBehavior [ RunTime:0.000624s ]
INFO: [ app_begin ] --END-- [ RunTime:0.000698s ]
SQL: SHOW COLUMNS FROM `think_member` [ RunTime:0.0457s ]
SQL: SELECT * FROM `think_member` LIMIT 1   [ RunTime:0.0459s ]

[ 2016-09-12T13:58:41+08:00 ] ::1 /thinkphp/index.php/Home/Index/login.html
INFO: [ app_init ] --START--
INFO: Run Behavior\BuildLiteBehavior [ RunTime:0.000016s ]
INFO: [ app_init ] --END-- [ RunTime:0.000075s ]
INFO: [ app_begin ] --START--
INFO: Run Behavior\ReadHtmlCacheBehavior [ RunTime:0.000562s ]
INFO: [ app_begin ] --END-- [ RunTime:0.000626s ]
NOTIC: [8] Undefined index: submit D:\htdocs\thinkphp\Application\Home\Controller\IndexController.class.php 第 39 行.
INFO: [ view_parse ] --START--
INFO: [ template_filter ] --START--
INFO: Run Behavior\ContentReplaceBehavior [ RunTime:0.000054s ]
INFO: [ template_filter ] --END-- [ RunTime:0.000117s ]
INFO: Run Behavior\ParseTemplateBehavior [ RunTime:0.005389s ]
INFO: [ view_parse ] --END-- [ RunTime:0.005443s ]
INFO: [ view_filter ] --START--
INFO: Run Behavior\WriteHtmlCacheBehavior [ RunTime:0.000419s ]
INFO: [ view_filter ] --END-- [ RunTime:0.000461s ]
INFO: [ app_end ] --START--
INFO: Run Behavior\ShowPageTraceBehavior [ RunTime:0.000576s ]
INFO: [ app_end ] --END-- [ RunTime:0.000621s ]

[ 2016-09-12T17:21:43+08:00 ] ::1 /thinkphp/
INFO: [ app_init ] --START--
INFO: Run Behavior\BuildLiteBehavior [ RunTime:0.000014s ]
INFO: [ app_init ] --END-- [ RunTime:0.000069s ]
INFO: [ app_begin ] --START--
INFO: Run Behavior\ReadHtmlCacheBehavior [ RunTime:0.000556s ]
INFO: [ app_begin ] --END-- [ RunTime:0.000620s ]
SQL: SHOW COLUMNS FROM `think_member` [ RunTime:0.0393s ]
SQL: SELECT * FROM `think_member` LIMIT 1   [ RunTime:0.0392s ]

[ 2016-09-12T17:21:43+08:00 ] ::1 /thinkphp/index.php/Home/Index/login.html
INFO: [ app_init ] --START--
INFO: Run Behavior\BuildLiteBehavior [ RunTime:0.000012s ]
INFO: [ app_init ] --END-- [ RunTime:0.000060s ]
INFO: [ app_begin ] --START--
INFO: Run Behavior\ReadHtmlCacheBehavior [ RunTime:0.000421s ]
INFO: [ app_begin ] --END-- [ RunTime:0.000474s ]
NOTIC: [8] Undefined index: submit D:\htdocs\thinkphp\Application\Home\Controller\IndexController.class.php 第 39 行.
INFO: [ view_parse ] --START--
INFO: [ template_filter ] --START--
INFO: Run Behavior\ContentReplaceBehavior [ RunTime:0.000050s ]
INFO: [ template_filter ] --END-- [ RunTime:0.000102s ]
INFO: Run Behavior\ParseTemplateBehavior [ RunTime:0.005219s ]
INFO: [ view_parse ] --END-- [ RunTime:0.005272s ]
INFO: [ view_filter ] --START--
INFO: Run Behavior\WriteHtmlCacheBehavior [ RunTime:0.000423s ]
INFO: [ view_filter ] --END-- [ RunTime:0.000463s ]
INFO: [ app_end ] --START--
INFO: Run Behavior\ShowPageTraceBehavior [ RunTime:0.000579s ]
INFO: [ app_end ] --END-- [ RunTime:0.000625s ]

[ 2016-09-12T17:21:53+08:00 ] ::1 /thinkphp/index.php/Home/Index/login
INFO: [ app_init ] --START--
INFO: Run Behavior\BuildLiteBehavior [ RunTime:0.000015s ]
INFO: [ app_init ] --END-- [ RunTime:0.000072s ]
INFO: [ app_begin ] --START--
INFO: Run Behavior\ReadHtmlCacheBehavior [ RunTime:0.001413s ]
INFO: [ app_begin ] --END-- [ RunTime:0.001909s ]
SQL: SHOW COLUMNS FROM `think_member` [ RunTime:0.0415s ]
SQL: SELECT COUNT(*) AS tp_count FROM `think_member` WHERE ( nickname= '000' AND password1= 'e3ceb5881a0a1fdaad01296d7554868d' ) LIMIT 1   [ RunTime:0.0352s ]
SQL: SELECT * FROM `think_member` WHERE ( nickname='000' ) LIMIT 1   [ RunTime:0.0396s ]
INFO: [ view_parse ] --START--
INFO: [ template_filter ] --START--
INFO: Run Behavior\ContentReplaceBehavior [ RunTime:0.000042s ]
INFO: [ template_filter ] --END-- [ RunTime:0.000108s ]
INFO: Run Behavior\ParseTemplateBehavior [ RunTime:0.005246s ]
INFO: [ view_parse ] --END-- [ RunTime:0.005309s ]
INFO: [ view_filter ] --START--
INFO: Run Behavior\WriteHtmlCacheBehavior [ RunTime:0.000410s ]
INFO: [ view_filter ] --END-- [ RunTime:0.000453s ]
INFO: [ app_end ] --START--
INFO: Run Behavior\ShowPageTraceBehavior [ RunTime:0.000585s ]
INFO: [ app_end ] --END-- [ RunTime:0.000629s ]

[ 2016-09-12T17:21:54+08:00 ] ::1 /thinkphp/index.php/Home/Index/index.html
INFO: [ app_init ] --START--
INFO: Run Behavior\BuildLiteBehavior [ RunTime:0.000012s ]
INFO: [ app_init ] --END-- [ RunTime:0.000061s ]
INFO: [ app_begin ] --START--
INFO: Run Behavior\ReadHtmlCacheBehavior [ RunTime:0.001543s ]
INFO: [ app_begin ] --END-- [ RunTime:0.001769s ]
SQL: SHOW COLUMNS FROM `think_member` [ RunTime:0.0415s ]
SQL: SELECT * FROM `think_member` WHERE `id` = 1 LIMIT 1   [ RunTime:0.0389s ]
SQL: SHOW COLUMNS FROM `think_member` [ RunTime:0.0396s ]
SQL: SELECT * FROM `think_member` WHERE `id` = 1 LIMIT 1   [ RunTime:0.0389s ]
INFO: [ view_parse ] --START--
INFO: [ template_filter ] --START--
INFO: Run Behavior\ContentReplaceBehavior [ RunTime:0.000061s ]
INFO: [ template_filter ] --END-- [ RunTime:0.000120s ]
INFO: Run Behavior\ParseTemplateBehavior [ RunTime:0.008386s ]
INFO: [ view_parse ] --END-- [ RunTime:0.008460s ]
INFO: [ view_filter ] --START--
INFO: Run Behavior\WriteHtmlCacheBehavior [ RunTime:0.000478s ]
INFO: [ view_filter ] --END-- [ RunTime:0.000525s ]
INFO: [ app_end ] --START--
INFO: Run Behavior\ShowPageTraceBehavior [ RunTime:0.000594s ]
INFO: [ app_end ] --END-- [ RunTime:0.000642s ]

[ 2016-09-12T17:21:59+08:00 ] ::1 /thinkphp/index.php/Home/Member/sys.html
INFO: [ app_init ] --START--
INFO: Run Behavior\BuildLiteBehavior [ RunTime:0.000028s ]
INFO: [ app_init ] --END-- [ RunTime:0.000085s ]
INFO: [ app_begin ] --START--
INFO: Run Behavior\ReadHtmlCacheBehavior [ RunTime:0.000444s ]
INFO: [ app_begin ] --END-- [ RunTime:0.000500s ]
NOTIC: [8] Undefined index: submit D:\htdocs\thinkphp\Application\Home\Controller\MemberController.class.php 第 17 行.
SQL: SHOW COLUMNS FROM `think_member` [ RunTime:0.0413s ]
SQL: SELECT * FROM `think_member` WHERE ( id='1' ) LIMIT 1   [ RunTime:0.0391s ]
SQL: SELECT * FROM `think_member` WHERE ( reid='1' ) ORDER BY id asc  [ RunTime:0.0401s ]
SQL: SELECT * FROM `think_member` WHERE ( reid='2' ) ORDER BY id asc  [ RunTime:0.0427s ]
SQL: SELECT * FROM `think_member` WHERE ( reid='12' ) ORDER BY id asc  [ RunTime:0.0403s ]
SQL: SELECT * FROM `think_member` WHERE ( reid='22' ) ORDER BY id asc  [ RunTime:0.0422s ]
SQL: SELECT * FROM `think_member` WHERE ( reid='23' ) ORDER BY id asc  [ RunTime:0.0403s ]
SQL: SELECT * FROM `think_member` WHERE ( reid='37' ) ORDER BY id asc  [ RunTime:0.0390s ]
SQL: SELECT * FROM `think_member` WHERE ( reid='38' ) ORDER BY id asc  [ RunTime:0.0404s ]
SQL: SELECT * FROM `think_member` WHERE ( reid='40' ) ORDER BY id asc  [ RunTime:0.0390s ]
SQL: SELECT * FROM `think_member` WHERE ( reid='41' ) ORDER BY id asc  [ RunTime:0.0395s ]
SQL: SELECT * FROM `think_member` WHERE ( reid='39' ) ORDER BY id asc  [ RunTime:0.0399s ]
SQL: SELECT * FROM `think_member` WHERE ( reid='24' ) ORDER BY id asc  [ RunTime:0.0394s ]
SQL: SELECT * FROM `think_member` WHERE ( reid='25' ) ORDER BY id asc  [ RunTime:0.0398s ]
SQL: SELECT * FROM `think_member` WHERE ( reid='35' ) ORDER BY id asc  [ RunTime:0.0397s ]
SQL: SELECT * FROM `think_member` WHERE ( reid='36' ) ORDER BY id asc  [ RunTime:0.0397s ]
SQL: SELECT * FROM `think_member` WHERE ( reid='26' ) ORDER BY id asc  [ RunTime:0.0397s ]
SQL: SELECT * FROM `think_member` WHERE ( reid='27' ) ORDER BY id asc  [ RunTime:0.0397s ]
SQL: SELECT * FROM `think_member` WHERE ( reid='28' ) ORDER BY id asc  [ RunTime:0.0398s ]
SQL: SELECT * FROM `think_member` WHERE ( reid='29' ) ORDER BY id asc  [ RunTime:0.0396s ]
SQL: SELECT * FROM `think_member` WHERE ( reid='30' ) ORDER BY id asc  [ RunTime:0.0398s ]
SQL: SELECT * FROM `think_member` WHERE ( reid='31' ) ORDER BY id asc  [ RunTime:0.0397s ]
SQL: SELECT * FROM `think_member` WHERE ( reid='33' ) ORDER BY id asc  [ RunTime:0.0397s ]
SQL: SELECT * FROM `think_member` WHERE ( reid='34' ) ORDER BY id asc  [ RunTime:0.0397s ]
SQL: SELECT * FROM `think_member` WHERE ( reid='32' ) ORDER BY id asc  [ RunTime:0.0398s ]
SQL: SELECT * FROM `think_member` WHERE ( reid='42' ) ORDER BY id asc  [ RunTime:0.0396s ]
SQL: SELECT * FROM `think_member` WHERE ( reid='13' ) ORDER BY id asc  [ RunTime:0.0397s ]
SQL: SELECT * FROM `think_member` WHERE ( reid='17' ) ORDER BY id asc  [ RunTime:0.0396s ]
SQL: SELECT * FROM `think_member` WHERE ( reid='18' ) ORDER BY id asc  [ RunTime:0.0396s ]
SQL: SELECT * FROM `think_member` WHERE ( reid='14' ) ORDER BY id asc  [ RunTime:0.0398s ]
SQL: SELECT * FROM `think_member` WHERE ( reid='19' ) ORDER BY id asc  [ RunTime:0.0396s ]
SQL: SELECT * FROM `think_member` WHERE ( reid='20' ) ORDER BY id asc  [ RunTime:0.0397s ]
SQL: SELECT * FROM `think_member` WHERE ( reid='15' ) ORDER BY id asc  [ RunTime:0.0400s ]
SQL: SELECT * FROM `think_member` WHERE ( reid='21' ) ORDER BY id asc  [ RunTime:0.0395s ]
SQL: SELECT * FROM `think_member` WHERE ( reid='16' ) ORDER BY id asc  [ RunTime:0.0398s ]
SQL: SELECT * FROM `think_member` WHERE ( reid='3' ) ORDER BY id asc  [ RunTime:0.0396s ]
SQL: SELECT * FROM `think_member` WHERE ( reid='4' ) ORDER BY id asc  [ RunTime:0.0397s ]
SQL: SELECT * FROM `think_member` WHERE ( reid='5' ) ORDER BY id asc  [ RunTime:0.0401s ]
SQL: SELECT * FROM `think_member` WHERE ( reid='6' ) ORDER BY id asc  [ RunTime:0.0874s ]
SQL: SELECT * FROM `think_member` WHERE ( reid='9' ) ORDER BY id asc  [ RunTime:0.0397s ]
SQL: SELECT * FROM `think_member` WHERE ( reid='11' ) ORDER BY id asc  [ RunTime:0.1997s ]
SQL: SELECT * FROM `think_member` WHERE ( reid='7' ) ORDER BY id asc  [ RunTime:0.0399s ]
SQL: SELECT * FROM `think_member` WHERE ( reid='8' ) ORDER BY id asc  [ RunTime:0.0404s ]
SQL: SELECT * FROM `think_member` WHERE ( reid='43' ) ORDER BY id asc  [ RunTime:0.0390s ]
SQL: SELECT * FROM `think_member` WHERE ( reid='47' ) ORDER BY id asc  [ RunTime:0.0403s ]
SQL: SELECT * FROM `think_member` WHERE ( reid='48' ) ORDER BY id asc  [ RunTime:0.0391s ]
SQL: SELECT * FROM `think_member` WHERE ( reid='49' ) ORDER BY id asc  [ RunTime:0.2014s ]
SQL: SELECT * FROM `think_member` WHERE ( reid='50' ) ORDER BY id asc  [ RunTime:0.0416s ]
SQL: SELECT * FROM `think_member` WHERE ( reid='51' ) ORDER BY id asc  [ RunTime:0.0398s ]
SQL: SELECT * FROM `think_member` WHERE ( reid='44' ) ORDER BY id asc  [ RunTime:0.0398s ]
SQL: SELECT * FROM `think_member` WHERE ( reid='46' ) ORDER BY id asc  [ RunTime:0.0394s ]
SQL: SELECT * FROM `think_member` WHERE ( reid='45' ) ORDER BY id asc  [ RunTime:0.0401s ]
SQL: SELECT * FROM `think_member` WHERE ( reid='10' ) ORDER BY id asc  [ RunTime:0.0395s ]
SQL: SELECT * FROM `think_member` WHERE ( reid='52' ) ORDER BY id asc  [ RunTime:0.0399s ]
SQL: SELECT * FROM `think_member` WHERE ( reid='53' ) ORDER BY id asc  [ RunTime:0.2006s ]
INFO: [ view_parse ] --START--
INFO: [ template_filter ] --START--
INFO: Run Behavior\ContentReplaceBehavior [ RunTime:0.000081s ]
INFO: [ template_filter ] --END-- [ RunTime:0.000158s ]
INFO: Run Behavior\ParseTemplateBehavior [ RunTime:0.008303s ]
INFO: [ view_parse ] --END-- [ RunTime:0.008371s ]
INFO: [ view_filter ] --START--
INFO: Run Behavior\WriteHtmlCacheBehavior [ RunTime:0.000413s ]
INFO: [ view_filter ] --END-- [ RunTime:0.000464s ]
INFO: [ app_end ] --START--
INFO: Run Behavior\ShowPageTraceBehavior [ RunTime:0.000642s ]
INFO: [ app_end ] --END-- [ RunTime:0.000698s ]

[ 2016-09-12T17:22:00+08:00 ] ::1 /thinkphp/index.php/Home/Member/favicon.ico
INFO: [ app_init ] --START--
INFO: Run Behavior\BuildLiteBehavior [ RunTime:0.000018s ]
INFO: [ app_init ] --END-- [ RunTime:0.000086s ]

[ 2016-09-12T17:22:02+08:00 ] ::1 /thinkphp/index.php/Home/Member/human.html
INFO: [ app_init ] --START--
INFO: Run Behavior\BuildLiteBehavior [ RunTime:0.000013s ]
INFO: [ app_init ] --END-- [ RunTime:0.000063s ]
INFO: [ app_begin ] --START--
INFO: Run Behavior\ReadHtmlCacheBehavior [ RunTime:0.000511s ]
INFO: [ app_begin ] --END-- [ RunTime:0.000587s ]
NOTIC: [8] Undefined index: submit D:\htdocs\thinkphp\Application\Home\Controller\MemberController.class.php 第 34 行.
NOTIC: [8] Undefined index: radio D:\htdocs\thinkphp\Application\Home\Controller\MemberController.class.php 第 39 行.
SQL: SHOW COLUMNS FROM `think_member` [ RunTime:0.0414s ]
SQL: SELECT COUNT(*) AS tp_count FROM `think_member` INNER JOIN think_ulevel ON think_ulevel.ulevel = think_member.ulevel  WHERE ( repath like '%1%'  ) LIMIT 1   [ RunTime:0.0366s ]
SQL: SELECT * FROM `think_member` INNER JOIN think_ulevel ON think_ulevel.ulevel = think_member.ulevel  WHERE ( repath like '%1%'  ) ORDER BY id asc LIMIT 0,10   [ RunTime:0.0757s ]
INFO: [ view_parse ] --START--
INFO: [ template_filter ] --START--
INFO: Run Behavior\ContentReplaceBehavior [ RunTime:0.000077s ]
INFO: [ template_filter ] --END-- [ RunTime:0.000132s ]
SQL: SELECT * FROM `think_member` WHERE ( id='1' ) LIMIT 1   [ RunTime:0.0400s ]
SQL: SELECT * FROM `think_member` WHERE ( id='1' ) LIMIT 1   [ RunTime:0.0387s ]
SQL: SELECT * FROM `think_member` WHERE ( id='1' ) LIMIT 1   [ RunTime:0.0396s ]
SQL: SELECT * FROM `think_member` WHERE ( id='1' ) LIMIT 1   [ RunTime:0.0396s ]
SQL: SELECT * FROM `think_member` WHERE ( id='1' ) LIMIT 1   [ RunTime:0.0397s ]
SQL: SELECT * FROM `think_member` WHERE ( id='1' ) LIMIT 1   [ RunTime:0.0398s ]
SQL: SELECT * FROM `think_member` WHERE ( id='1' ) LIMIT 1   [ RunTime:0.0392s ]
SQL: SELECT * FROM `think_member` WHERE ( id='6' ) LIMIT 1   [ RunTime:0.0715s ]
SQL: SELECT * FROM `think_member` WHERE ( id='1' ) LIMIT 1   [ RunTime:0.0395s ]
SQL: SELECT * FROM `think_member` WHERE ( id='6' ) LIMIT 1   [ RunTime:0.0396s ]
INFO: Run Behavior\ParseTemplateBehavior [ RunTime:0.439753s ]
INFO: [ view_parse ] --END-- [ RunTime:0.439903s ]
INFO: [ view_filter ] --START--
INFO: Run Behavior\WriteHtmlCacheBehavior [ RunTime:0.000595s ]
INFO: [ view_filter ] --END-- [ RunTime:0.000649s ]
INFO: [ app_end ] --START--
INFO: Run Behavior\ShowPageTraceBehavior [ RunTime:0.001018s ]
INFO: [ app_end ] --END-- [ RunTime:0.001108s ]

[ 2016-09-12T17:22:08+08:00 ] ::1 /thinkphp/index.php/Home/Member/human/p/2.html
INFO: [ app_init ] --START--
INFO: Run Behavior\BuildLiteBehavior [ RunTime:0.000013s ]
INFO: [ app_init ] --END-- [ RunTime:0.000060s ]
INFO: [ app_begin ] --START--
INFO: Run Behavior\ReadHtmlCacheBehavior [ RunTime:0.000549s ]
INFO: [ app_begin ] --END-- [ RunTime:0.000722s ]
NOTIC: [8] Undefined index: submit D:\htdocs\thinkphp\Application\Home\Controller\MemberController.class.php 第 34 行.
NOTIC: [8] Undefined index: radio D:\htdocs\thinkphp\Application\Home\Controller\MemberController.class.php 第 39 行.
SQL: SHOW COLUMNS FROM `think_member` [ RunTime:0.0417s ]
SQL: SELECT COUNT(*) AS tp_count FROM `think_member` INNER JOIN think_ulevel ON think_ulevel.ulevel = think_member.ulevel  WHERE ( repath like '%1%'  ) LIMIT 1   [ RunTime:0.0353s ]
SQL: SELECT * FROM `think_member` INNER JOIN think_ulevel ON think_ulevel.ulevel = think_member.ulevel  WHERE ( repath like '%1%'  ) ORDER BY id asc LIMIT 10,10   [ RunTime:0.0813s ]
INFO: [ view_parse ] --START--
INFO: [ template_filter ] --START--
INFO: Run Behavior\ContentReplaceBehavior [ RunTime:0.000077s ]
INFO: [ template_filter ] --END-- [ RunTime:0.000136s ]
SQL: SELECT * FROM `think_member` WHERE ( id='2' ) LIMIT 1   [ RunTime:0.0397s ]
SQL: SELECT * FROM `think_member` WHERE ( id='2' ) LIMIT 1   [ RunTime:0.0401s ]
SQL: SELECT * FROM `think_member` WHERE ( id='2' ) LIMIT 1   [ RunTime:0.0392s ]
SQL: SELECT * FROM `think_member` WHERE ( id='2' ) LIMIT 1   [ RunTime:0.0397s ]
SQL: SELECT * FROM `think_member` WHERE ( id='2' ) LIMIT 1   [ RunTime:0.0574s ]
SQL: SELECT * FROM `think_member` WHERE ( id='13' ) LIMIT 1   [ RunTime:0.0376s ]
SQL: SELECT * FROM `think_member` WHERE ( id='17' ) LIMIT 1   [ RunTime:0.0396s ]
SQL: SELECT * FROM `think_member` WHERE ( id='14' ) LIMIT 1   [ RunTime:0.0395s ]
SQL: SELECT * FROM `think_member` WHERE ( id='14' ) LIMIT 1   [ RunTime:0.0397s ]
SQL: SELECT * FROM `think_member` WHERE ( id='15' ) LIMIT 1   [ RunTime:0.0395s ]
INFO: Run Behavior\ParseTemplateBehavior [ RunTime:0.424223s ]
INFO: [ view_parse ] --END-- [ RunTime:0.424350s ]
INFO: [ view_filter ] --START--
INFO: Run Behavior\WriteHtmlCacheBehavior [ RunTime:0.000613s ]
INFO: [ view_filter ] --END-- [ RunTime:0.000665s ]
INFO: [ app_end ] --START--
INFO: Run Behavior\ShowPageTraceBehavior [ RunTime:0.000965s ]
INFO: [ app_end ] --END-- [ RunTime:0.001059s ]

[ 2016-09-12T17:22:08+08:00 ] ::1 /thinkphp/index.php/Home/Member/human/p/favicon.ico
INFO: [ app_init ] --START--
INFO: Run Behavior\BuildLiteBehavior [ RunTime:0.000014s ]
INFO: [ app_init ] --END-- [ RunTime:0.000073s ]

[ 2016-09-12T17:22:11+08:00 ] ::1 /thinkphp/index.php/Home/Member/human/p/3.html
INFO: [ app_init ] --START--
INFO: Run Behavior\BuildLiteBehavior [ RunTime:0.000013s ]
INFO: [ app_init ] --END-- [ RunTime:0.000069s ]
INFO: [ app_begin ] --START--
INFO: Run Behavior\ReadHtmlCacheBehavior [ RunTime:0.000439s ]
INFO: [ app_begin ] --END-- [ RunTime:0.000496s ]
NOTIC: [8] Undefined index: submit D:\htdocs\thinkphp\Application\Home\Controller\MemberController.class.php 第 34 行.
NOTIC: [8] Undefined index: radio D:\htdocs\thinkphp\Application\Home\Controller\MemberController.class.php 第 39 行.
SQL: SHOW COLUMNS FROM `think_member` [ RunTime:0.0414s ]
SQL: SELECT COUNT(*) AS tp_count FROM `think_member` INNER JOIN think_ulevel ON think_ulevel.ulevel = think_member.ulevel  WHERE ( repath like '%1%'  ) LIMIT 1   [ RunTime:0.0351s ]
SQL: SELECT * FROM `think_member` INNER JOIN think_ulevel ON think_ulevel.ulevel = think_member.ulevel  WHERE ( repath like '%1%'  ) ORDER BY id asc LIMIT 20,10   [ RunTime:0.0779s ]
INFO: [ view_parse ] --START--
INFO: [ template_filter ] --START--
INFO: Run Behavior\ContentReplaceBehavior [ RunTime:0.000076s ]
INFO: [ template_filter ] --END-- [ RunTime:0.000133s ]
SQL: SELECT * FROM `think_member` WHERE ( id='12' ) LIMIT 1   [ RunTime:0.0399s ]
SQL: SELECT * FROM `think_member` WHERE ( id='12' ) LIMIT 1   [ RunTime:0.0396s ]
SQL: SELECT * FROM `think_member` WHERE ( id='12' ) LIMIT 1   [ RunTime:0.0398s ]
SQL: SELECT * FROM `think_member` WHERE ( id='12' ) LIMIT 1   [ RunTime:0.0393s ]
SQL: SELECT * FROM `think_member` WHERE ( id='12' ) LIMIT 1   [ RunTime:0.0397s ]
SQL: SELECT * FROM `think_member` WHERE ( id='12' ) LIMIT 1   [ RunTime:0.0396s ]
SQL: SELECT * FROM `think_member` WHERE ( id='12' ) LIMIT 1   [ RunTime:0.0396s ]
SQL: SELECT * FROM `think_member` WHERE ( id='12' ) LIMIT 1   [ RunTime:0.0398s ]
SQL: SELECT * FROM `think_member` WHERE ( id='12' ) LIMIT 1   [ RunTime:0.0394s ]
SQL: SELECT * FROM `think_member` WHERE ( id='12' ) LIMIT 1   [ RunTime:0.0397s ]
INFO: Run Behavior\ParseTemplateBehavior [ RunTime:0.408230s ]
INFO: [ view_parse ] --END-- [ RunTime:0.408356s ]
INFO: [ view_filter ] --START--
INFO: Run Behavior\WriteHtmlCacheBehavior [ RunTime:0.000616s ]
INFO: [ view_filter ] --END-- [ RunTime:0.000664s ]
INFO: [ app_end ] --START--
INFO: Run Behavior\ShowPageTraceBehavior [ RunTime:0.000658s ]
INFO: [ app_end ] --END-- [ RunTime:0.000720s ]

[ 2016-09-12T17:22:14+08:00 ] ::1 /thinkphp/index.php/Home/Member/human/p/4.html
INFO: [ app_init ] --START--
INFO: Run Behavior\BuildLiteBehavior [ RunTime:0.000089s ]
INFO: [ app_init ] --END-- [ RunTime:0.000215s ]
INFO: [ app_begin ] --START--
INFO: Run Behavior\ReadHtmlCacheBehavior [ RunTime:0.000533s ]
INFO: [ app_begin ] --END-- [ RunTime:0.000625s ]
NOTIC: [8] Undefined index: submit D:\htdocs\thinkphp\Application\Home\Controller\MemberController.class.php 第 34 行.
NOTIC: [8] Undefined index: radio D:\htdocs\thinkphp\Application\Home\Controller\MemberController.class.php 第 39 行.
SQL: SHOW COLUMNS FROM `think_member` [ RunTime:0.0388s ]
SQL: SELECT COUNT(*) AS tp_count FROM `think_member` INNER JOIN think_ulevel ON think_ulevel.ulevel = think_member.ulevel  WHERE ( repath like '%1%'  ) LIMIT 1   [ RunTime:0.0372s ]
SQL: SELECT * FROM `think_member` INNER JOIN think_ulevel ON think_ulevel.ulevel = think_member.ulevel  WHERE ( repath like '%1%'  ) ORDER BY id asc LIMIT 30,10   [ RunTime:0.0793s ]
INFO: [ view_parse ] --START--
INFO: [ template_filter ] --START--
INFO: Run Behavior\ContentReplaceBehavior [ RunTime:0.000075s ]
INFO: [ template_filter ] --END-- [ RunTime:0.000137s ]
SQL: SELECT * FROM `think_member` WHERE ( id='12' ) LIMIT 1   [ RunTime:0.0397s ]
SQL: SELECT * FROM `think_member` WHERE ( id='31' ) LIMIT 1   [ RunTime:0.0396s ]
SQL: SELECT * FROM `think_member` WHERE ( id='33' ) LIMIT 1   [ RunTime:0.0396s ]
SQL: SELECT * FROM `think_member` WHERE ( id='25' ) LIMIT 1   [ RunTime:0.0396s ]
SQL: SELECT * FROM `think_member` WHERE ( id='35' ) LIMIT 1   [ RunTime:0.0396s ]
SQL: SELECT * FROM `think_member` WHERE ( id='23' ) LIMIT 1   [ RunTime:0.0396s ]
SQL: SELECT * FROM `think_member` WHERE ( id='23' ) LIMIT 1   [ RunTime:0.0397s ]
SQL: SELECT * FROM `think_member` WHERE ( id='23' ) LIMIT 1   [ RunTime:0.0397s ]
SQL: SELECT * FROM `think_member` WHERE ( id='38' ) LIMIT 1   [ RunTime:0.0395s ]
SQL: SELECT * FROM `think_member` WHERE ( id='38' ) LIMIT 1   [ RunTime:0.0397s ]
INFO: Run Behavior\ParseTemplateBehavior [ RunTime:0.408103s ]
INFO: [ view_parse ] --END-- [ RunTime:0.408226s ]
INFO: [ view_filter ] --START--
INFO: Run Behavior\WriteHtmlCacheBehavior [ RunTime:0.000567s ]
INFO: [ view_filter ] --END-- [ RunTime:0.000620s ]
INFO: [ app_end ] --START--
INFO: Run Behavior\ShowPageTraceBehavior [ RunTime:0.000927s ]
INFO: [ app_end ] --END-- [ RunTime:0.001017s ]

[ 2016-09-12T17:22:22+08:00 ] ::1 /thinkphp/index.php/Home/Member/human/p/5.html
INFO: [ app_init ] --START--
INFO: Run Behavior\BuildLiteBehavior [ RunTime:0.000013s ]
INFO: [ app_init ] --END-- [ RunTime:0.000062s ]
INFO: [ app_begin ] --START--
INFO: Run Behavior\ReadHtmlCacheBehavior [ RunTime:0.000426s ]
INFO: [ app_begin ] --END-- [ RunTime:0.000479s ]
NOTIC: [8] Undefined index: submit D:\htdocs\thinkphp\Application\Home\Controller\MemberController.class.php 第 34 行.
NOTIC: [8] Undefined index: radio D:\htdocs\thinkphp\Application\Home\Controller\MemberController.class.php 第 39 行.
SQL: SHOW COLUMNS FROM `think_member` [ RunTime:0.0413s ]
SQL: SELECT COUNT(*) AS tp_count FROM `think_member` INNER JOIN think_ulevel ON think_ulevel.ulevel = think_member.ulevel  WHERE ( repath like '%1%'  ) LIMIT 1   [ RunTime:0.0348s ]
SQL: SELECT * FROM `think_member` INNER JOIN think_ulevel ON think_ulevel.ulevel = think_member.ulevel  WHERE ( repath like '%1%'  ) ORDER BY id asc LIMIT 40,10   [ RunTime:0.0774s ]
INFO: [ view_parse ] --START--
INFO: [ template_filter ] --START--
INFO: Run Behavior\ContentReplaceBehavior [ RunTime:0.000077s ]
INFO: [ template_filter ] --END-- [ RunTime:0.000140s ]
SQL: SELECT * FROM `think_member` WHERE ( id='12' ) LIMIT 1   [ RunTime:0.0401s ]
SQL: SELECT * FROM `think_member` WHERE ( id='8' ) LIMIT 1   [ RunTime:0.0397s ]
SQL: SELECT * FROM `think_member` WHERE ( id='8' ) LIMIT 1   [ RunTime:0.0396s ]
SQL: SELECT * FROM `think_member` WHERE ( id='8' ) LIMIT 1   [ RunTime:0.0397s ]
SQL: SELECT * FROM `think_member` WHERE ( id='44' ) LIMIT 1   [ RunTime:0.0396s ]
SQL: SELECT * FROM `think_member` WHERE ( id='43' ) LIMIT 1   [ RunTime:0.0396s ]
SQL: SELECT * FROM `think_member` WHERE ( id='47' ) LIMIT 1   [ RunTime:0.0397s ]
SQL: SELECT * FROM `think_member` WHERE ( id='47' ) LIMIT 1   [ RunTime:0.0396s ]
SQL: SELECT * FROM `think_member` WHERE ( id='47' ) LIMIT 1   [ RunTime:0.0397s ]
SQL: SELECT * FROM `think_member` WHERE ( id='47' ) LIMIT 1   [ RunTime:0.0396s ]
INFO: Run Behavior\ParseTemplateBehavior [ RunTime:0.409003s ]
INFO: [ view_parse ] --END-- [ RunTime:0.409126s ]
INFO: [ view_filter ] --START--
INFO: Run Behavior\WriteHtmlCacheBehavior [ RunTime:0.000616s ]
INFO: [ view_filter ] --END-- [ RunTime:0.000667s ]
INFO: [ app_end ] --START--
INFO: Run Behavior\ShowPageTraceBehavior [ RunTime:0.000673s ]
INFO: [ app_end ] --END-- [ RunTime:0.000736s ]

[ 2016-09-12T17:22:25+08:00 ] ::1 /thinkphp/index.php/Home/Member/human/p/6.html
INFO: [ app_init ] --START--
INFO: Run Behavior\BuildLiteBehavior [ RunTime:0.000017s ]
INFO: [ app_init ] --END-- [ RunTime:0.000120s ]
INFO: [ app_begin ] --START--
INFO: Run Behavior\ReadHtmlCacheBehavior [ RunTime:0.000578s ]
INFO: [ app_begin ] --END-- [ RunTime:0.000647s ]
NOTIC: [8] Undefined index: submit D:\htdocs\thinkphp\Application\Home\Controller\MemberController.class.php 第 34 行.
NOTIC: [8] Undefined index: radio D:\htdocs\thinkphp\Application\Home\Controller\MemberController.class.php 第 39 行.
SQL: SHOW COLUMNS FROM `think_member` [ RunTime:0.0413s ]
SQL: SELECT COUNT(*) AS tp_count FROM `think_member` INNER JOIN think_ulevel ON think_ulevel.ulevel = think_member.ulevel  WHERE ( repath like '%1%'  ) LIMIT 1   [ RunTime:0.0378s ]
SQL: SELECT * FROM `think_member` INNER JOIN think_ulevel ON think_ulevel.ulevel = think_member.ulevel  WHERE ( repath like '%1%'  ) ORDER BY id asc LIMIT 50,10   [ RunTime:0.0408s ]
INFO: [ view_parse ] --START--
INFO: [ template_filter ] --START--
INFO: Run Behavior\ContentReplaceBehavior [ RunTime:0.000086s ]
INFO: [ template_filter ] --END-- [ RunTime:0.000160s ]
SQL: SELECT * FROM `think_member` WHERE ( id='1' ) LIMIT 1   [ RunTime:0.0379s ]
SQL: SELECT * FROM `think_member` WHERE ( id='1' ) LIMIT 1   [ RunTime:0.0396s ]
INFO: Run Behavior\ParseTemplateBehavior [ RunTime:0.086959s ]
INFO: [ view_parse ] --END-- [ RunTime:0.087025s ]
INFO: [ view_filter ] --START--
INFO: Run Behavior\WriteHtmlCacheBehavior [ RunTime:0.000610s ]
INFO: [ view_filter ] --END-- [ RunTime:0.000660s ]
INFO: [ app_end ] --START--
INFO: Run Behavior\ShowPageTraceBehavior [ RunTime:0.000842s ]
INFO: [ app_end ] --END-- [ RunTime:0.000913s ]

[ 2016-09-12T17:35:30+08:00 ] ::1 /thinkphp/index.php/Home/Member/human/p/6.html
INFO: [ app_init ] --START--
INFO: Run Behavior\BuildLiteBehavior [ RunTime:0.000012s ]
INFO: [ app_init ] --END-- [ RunTime:0.000065s ]
INFO: [ app_begin ] --START--
INFO: Run Behavior\ReadHtmlCacheBehavior [ RunTime:0.000579s ]
INFO: [ app_begin ] --END-- [ RunTime:0.000631s ]
NOTIC: [8] Undefined index: submit D:\htdocs\thinkphp\Application\Home\Controller\MemberController.class.php 第 34 行.
NOTIC: [8] Undefined index: radio D:\htdocs\thinkphp\Application\Home\Controller\MemberController.class.php 第 39 行.
SQL: SHOW COLUMNS FROM `think_member` [ RunTime:0.0403s ]
SQL: SELECT COUNT(*) AS tp_count FROM `think_member` INNER JOIN think_ulevel ON think_ulevel.ulevel = think_member.ulevel  WHERE ( repath like '%1%'  ) LIMIT 1   [ RunTime:0.0376s ]
SQL: SELECT * FROM `think_member` INNER JOIN think_ulevel ON think_ulevel.ulevel = think_member.ulevel  WHERE ( repath like '%1%'  ) ORDER BY id asc LIMIT 50,10   [ RunTime:0.0401s ]
INFO: [ view_parse ] --START--
INFO: [ template_filter ] --START--
INFO: Run Behavior\ContentReplaceBehavior [ RunTime:0.000080s ]
INFO: [ template_filter ] --END-- [ RunTime:0.000137s ]
SQL: SELECT * FROM `think_member` WHERE ( id='1' ) LIMIT 1   [ RunTime:0.0445s ]
SQL: SELECT * FROM `think_member` WHERE ( id='1' ) LIMIT 1   [ RunTime:0.0384s ]
INFO: Run Behavior\ParseTemplateBehavior [ RunTime:0.091804s ]
INFO: [ view_parse ] --END-- [ RunTime:0.091872s ]
INFO: [ view_filter ] --START--
INFO: Run Behavior\WriteHtmlCacheBehavior [ RunTime:0.000556s ]
INFO: [ view_filter ] --END-- [ RunTime:0.000601s ]
INFO: [ app_end ] --START--
INFO: Run Behavior\ShowPageTraceBehavior [ RunTime:0.000826s ]
INFO: [ app_end ] --END-- [ RunTime:0.000903s ]

[ 2016-09-12T17:35:38+08:00 ] ::1 /thinkphp/index.php/Home/Member/human/p/6.html
INFO: [ app_init ] --START--
INFO: Run Behavior\BuildLiteBehavior [ RunTime:0.000012s ]
INFO: [ app_init ] --END-- [ RunTime:0.000062s ]
INFO: [ app_begin ] --START--
INFO: Run Behavior\ReadHtmlCacheBehavior [ RunTime:0.000432s ]
INFO: [ app_begin ] --END-- [ RunTime:0.000486s ]
NOTIC: [8] Undefined index: submit D:\htdocs\thinkphp\Application\Home\Controller\MemberController.class.php 第 34 行.
NOTIC: [8] Undefined index: radio D:\htdocs\thinkphp\Application\Home\Controller\MemberController.class.php 第 39 行.
SQL: SHOW COLUMNS FROM `think_member` [ RunTime:0.0390s ]
SQL: SELECT COUNT(*) AS tp_count FROM `think_member` INNER JOIN think_ulevel ON think_ulevel.ulevel = think_member.ulevel  WHERE ( repath like '%1%'  ) LIMIT 1   [ RunTime:0.0376s ]
SQL: SELECT * FROM `think_member` INNER JOIN think_ulevel ON think_ulevel.ulevel = think_member.ulevel  WHERE ( repath like '%1%'  ) ORDER BY id asc LIMIT 50,10   [ RunTime:0.0403s ]
INFO: [ view_parse ] --START--
INFO: [ template_filter ] --START--
INFO: Run Behavior\ContentReplaceBehavior [ RunTime:0.000083s ]
INFO: [ template_filter ] --END-- [ RunTime:0.000143s ]
SQL: SELECT * FROM `think_member` WHERE ( id='1' ) LIMIT 1   [ RunTime:0.0389s ]
SQL: SELECT * FROM `think_member` WHERE ( id='1' ) LIMIT 1   [ RunTime:0.0396s ]
INFO: Run Behavior\ParseTemplateBehavior [ RunTime:0.087527s ]
INFO: [ view_parse ] --END-- [ RunTime:0.087592s ]
INFO: [ view_filter ] --START--
INFO: Run Behavior\WriteHtmlCacheBehavior [ RunTime:0.000602s ]
INFO: [ view_filter ] --END-- [ RunTime:0.000650s ]
INFO: [ app_end ] --START--
INFO: Run Behavior\ShowPageTraceBehavior [ RunTime:0.000822s ]
INFO: [ app_end ] --END-- [ RunTime:0.000895s ]

[ 2016-09-12T17:35:44+08:00 ] ::1 /thinkphp/index.php/Home/Member/conm_re.html
INFO: [ app_init ] --START--
INFO: Run Behavior\BuildLiteBehavior [ RunTime:0.000014s ]
INFO: [ app_init ] --END-- [ RunTime:0.000073s ]
INFO: [ app_begin ] --START--
INFO: Run Behavior\ReadHtmlCacheBehavior [ RunTime:0.002380s ]
INFO: [ app_begin ] --END-- [ RunTime:0.002595s ]
NOTIC: [8] Undefined index: re_submit D:\htdocs\thinkphp\Application\Home\Controller\MemberController.class.php 第 88 行.
INFO: [ view_parse ] --START--
INFO: [ template_filter ] --START--
INFO: Run Behavior\ContentReplaceBehavior [ RunTime:0.000118s ]
INFO: [ template_filter ] --END-- [ RunTime:0.000181s ]
INFO: Run Behavior\ParseTemplateBehavior [ RunTime:0.008522s ]
INFO: [ view_parse ] --END-- [ RunTime:0.008580s ]
INFO: [ view_filter ] --START--
INFO: Run Behavior\WriteHtmlCacheBehavior [ RunTime:0.000447s ]
INFO: [ view_filter ] --END-- [ RunTime:0.000493s ]
INFO: [ app_end ] --START--
INFO: Run Behavior\ShowPageTraceBehavior [ RunTime:0.000849s ]
INFO: [ app_end ] --END-- [ RunTime:0.000950s ]

[ 2016-09-12T17:36:32+08:00 ] ::1 /thinkphp/index.php/Home/Member/conm_re
INFO: [ app_init ] --START--
INFO: Run Behavior\BuildLiteBehavior [ RunTime:0.000012s ]
INFO: [ app_init ] --END-- [ RunTime:0.000059s ]
INFO: [ app_begin ] --START--
INFO: Run Behavior\ReadHtmlCacheBehavior [ RunTime:0.000448s ]
INFO: [ app_begin ] --END-- [ RunTime:0.000503s ]
SQL: SHOW COLUMNS FROM `think_member` [ RunTime:0.0401s ]
SQL: SELECT * FROM `think_member` WHERE ( id='1' ) LIMIT 1   [ RunTime:0.0392s ]
SQL: SELECT MAX(id) AS tp_max FROM `think_member` LIMIT 1   [ RunTime:0.0351s ]
SQL: SELECT * FROM `think_member` WHERE ( id in(0,1,0)  and ulevel>=3 and departnum>0 ) ORDER BY id desc LIMIT 1   [ RunTime:0.0377s ]
SQL: INSERT INTO `think_member` (`nickname`,`password1`,`reid`,`rname`,`repath`,`relevel`,`username`,`usercard`,`usertel`,`useraddress`,`bankname`,`bankcard`,`sex`,`birthday`,`rdt`,`retime`,`xueli`,`postcode`,`img1`,`img2`,`img3`,`ulevel`,`e_ulevel`,`departnum`) VALUES ('053','96e79218965eb72c92a549dd5a330112','1','管理员',',1,','1','123213','370522199202130015','13111111111','北京市北京市东城区adsfsadfda','中国建设银行','11221213213213','0','2016-09-12','1473004800','1473672992','小学','100000','1609120536321.jpg','1609120536322.jpg','1609120536323.jpg','1','E','00010000') [ RunTime:0.0356s ]
INFO: [ view_parse ] --START--
INFO: [ template_filter ] --START--
INFO: Run Behavior\ContentReplaceBehavior [ RunTime:0.000041s ]
INFO: [ template_filter ] --END-- [ RunTime:0.000096s ]
INFO: Run Behavior\ParseTemplateBehavior [ RunTime:0.005447s ]
INFO: [ view_parse ] --END-- [ RunTime:0.005518s ]
INFO: [ view_filter ] --START--
INFO: Run Behavior\WriteHtmlCacheBehavior [ RunTime:0.000415s ]
INFO: [ view_filter ] --END-- [ RunTime:0.000461s ]
INFO: [ app_end ] --START--
INFO: Run Behavior\ShowPageTraceBehavior [ RunTime:0.000629s ]
INFO: [ app_end ] --END-- [ RunTime:0.000676s ]

[ 2016-09-12T17:36:33+08:00 ] ::1 /thinkphp/index.php/Home/Member/conm_re.html
INFO: [ app_init ] --START--
INFO: Run Behavior\BuildLiteBehavior [ RunTime:0.000012s ]
INFO: [ app_init ] --END-- [ RunTime:0.000059s ]
INFO: [ app_begin ] --START--
INFO: Run Behavior\ReadHtmlCacheBehavior [ RunTime:0.000457s ]
INFO: [ app_begin ] --END-- [ RunTime:0.000514s ]
NOTIC: [8] Undefined index: re_submit D:\htdocs\thinkphp\Application\Home\Controller\MemberController.class.php 第 88 行.
INFO: [ view_parse ] --START--
INFO: [ template_filter ] --START--
INFO: Run Behavior\ContentReplaceBehavior [ RunTime:0.000167s ]
INFO: [ template_filter ] --END-- [ RunTime:0.000269s ]
INFO: Run Behavior\ParseTemplateBehavior [ RunTime:0.010896s ]
INFO: [ view_parse ] --END-- [ RunTime:0.010960s ]
INFO: [ view_filter ] --START--
INFO: Run Behavior\WriteHtmlCacheBehavior [ RunTime:0.000483s ]
INFO: [ view_filter ] --END-- [ RunTime:0.000530s ]
INFO: [ app_end ] --START--
INFO: Run Behavior\ShowPageTraceBehavior [ RunTime:0.000682s ]
INFO: [ app_end ] --END-- [ RunTime:0.000745s ]

[ 2016-09-12T17:36:39+08:00 ] ::1 /thinkphp/index.php/Home/Member/human.html
INFO: [ app_init ] --START--
INFO: Run Behavior\BuildLiteBehavior [ RunTime:0.000011s ]
INFO: [ app_init ] --END-- [ RunTime:0.000057s ]
INFO: [ app_begin ] --START--
INFO: Run Behavior\ReadHtmlCacheBehavior [ RunTime:0.000455s ]
INFO: [ app_begin ] --END-- [ RunTime:0.000506s ]
NOTIC: [8] Undefined index: submit D:\htdocs\thinkphp\Application\Home\Controller\MemberController.class.php 第 34 行.
NOTIC: [8] Undefined index: radio D:\htdocs\thinkphp\Application\Home\Controller\MemberController.class.php 第 39 行.
SQL: SHOW COLUMNS FROM `think_member` [ RunTime:0.0434s ]
SQL: SELECT COUNT(*) AS tp_count FROM `think_member` INNER JOIN think_ulevel ON think_ulevel.ulevel = think_member.ulevel  WHERE ( repath like '%1%'  ) LIMIT 1   [ RunTime:0.0377s ]
SQL: SELECT * FROM `think_member` INNER JOIN think_ulevel ON think_ulevel.ulevel = think_member.ulevel  WHERE ( repath like '%1%'  ) ORDER BY id asc LIMIT 0,10   [ RunTime:0.0834s ]
INFO: [ view_parse ] --START--
INFO: [ template_filter ] --START--
INFO: Run Behavior\ContentReplaceBehavior [ RunTime:0.000075s ]
INFO: [ template_filter ] --END-- [ RunTime:0.000133s ]
SQL: SELECT * FROM `think_member` WHERE ( id='1' ) LIMIT 1   [ RunTime:0.0393s ]
SQL: SELECT * FROM `think_member` WHERE ( id='1' ) LIMIT 1   [ RunTime:0.0396s ]
SQL: SELECT * FROM `think_member` WHERE ( id='1' ) LIMIT 1   [ RunTime:0.0396s ]
SQL: SELECT * FROM `think_member` WHERE ( id='1' ) LIMIT 1   [ RunTime:0.0396s ]
SQL: SELECT * FROM `think_member` WHERE ( id='1' ) LIMIT 1   [ RunTime:0.0396s ]
SQL: SELECT * FROM `think_member` WHERE ( id='1' ) LIMIT 1   [ RunTime:0.0397s ]
SQL: SELECT * FROM `think_member` WHERE ( id='1' ) LIMIT 1   [ RunTime:0.0396s ]
SQL: SELECT * FROM `think_member` WHERE ( id='6' ) LIMIT 1   [ RunTime:0.0396s ]
SQL: SELECT * FROM `think_member` WHERE ( id='1' ) LIMIT 1   [ RunTime:0.0397s ]
SQL: SELECT * FROM `think_member` WHERE ( id='6' ) LIMIT 1   [ RunTime:0.0396s ]
INFO: Run Behavior\ParseTemplateBehavior [ RunTime:0.408153s ]
INFO: [ view_parse ] --END-- [ RunTime:0.408275s ]
INFO: [ view_filter ] --START--
INFO: Run Behavior\WriteHtmlCacheBehavior [ RunTime:0.000608s ]
INFO: [ view_filter ] --END-- [ RunTime:0.000655s ]
INFO: [ app_end ] --START--
INFO: Run Behavior\ShowPageTraceBehavior [ RunTime:0.000819s ]
INFO: [ app_end ] --END-- [ RunTime:0.000892s ]

[ 2016-09-12T17:36:43+08:00 ] ::1 /thinkphp/index.php/Home/Member/human/p/6.html
INFO: [ app_init ] --START--
INFO: Run Behavior\BuildLiteBehavior [ RunTime:0.000013s ]
INFO: [ app_init ] --END-- [ RunTime:0.000067s ]
INFO: [ app_begin ] --START--
INFO: Run Behavior\ReadHtmlCacheBehavior [ RunTime:0.000454s ]
INFO: [ app_begin ] --END-- [ RunTime:0.000514s ]
NOTIC: [8] Undefined index: submit D:\htdocs\thinkphp\Application\Home\Controller\MemberController.class.php 第 34 行.
NOTIC: [8] Undefined index: radio D:\htdocs\thinkphp\Application\Home\Controller\MemberController.class.php 第 39 行.
SQL: SHOW COLUMNS FROM `think_member` [ RunTime:0.0414s ]
SQL: SELECT COUNT(*) AS tp_count FROM `think_member` INNER JOIN think_ulevel ON think_ulevel.ulevel = think_member.ulevel  WHERE ( repath like '%1%'  ) LIMIT 1   [ RunTime:0.0363s ]
SQL: SELECT * FROM `think_member` INNER JOIN think_ulevel ON think_ulevel.ulevel = think_member.ulevel  WHERE ( repath like '%1%'  ) ORDER BY id asc LIMIT 50,10   [ RunTime:0.0416s ]
INFO: [ view_parse ] --START--
INFO: [ template_filter ] --START--
INFO: Run Behavior\ContentReplaceBehavior [ RunTime:0.000079s ]
INFO: [ template_filter ] --END-- [ RunTime:0.000139s ]
SQL: SELECT * FROM `think_member` WHERE ( id='1' ) LIMIT 1   [ RunTime:0.0386s ]
SQL: SELECT * FROM `think_member` WHERE ( id='1' ) LIMIT 1   [ RunTime:0.0398s ]
SQL: SELECT * FROM `think_member` WHERE ( id='1' ) LIMIT 1   [ RunTime:0.0395s ]
INFO: Run Behavior\ParseTemplateBehavior [ RunTime:0.127325s ]
INFO: [ view_parse ] --END-- [ RunTime:0.127396s ]
INFO: [ view_filter ] --START--
INFO: Run Behavior\WriteHtmlCacheBehavior [ RunTime:0.000580s ]
INFO: [ view_filter ] --END-- [ RunTime:0.000634s ]
INFO: [ app_end ] --START--
INFO: Run Behavior\ShowPageTraceBehavior [ RunTime:0.000718s ]
INFO: [ app_end ] --END-- [ RunTime:0.000809s ]

[ 2016-09-12T17:41:32+08:00 ] ::1 /thinkphp/index.php/Home/Member/human.html
INFO: [ app_init ] --START--
INFO: Run Behavior\BuildLiteBehavior [ RunTime:0.000014s ]
INFO: [ app_init ] --END-- [ RunTime:0.000074s ]
INFO: [ app_begin ] --START--
INFO: Run Behavior\ReadHtmlCacheBehavior [ RunTime:0.000560s ]
INFO: [ app_begin ] --END-- [ RunTime:0.000615s ]
NOTIC: [8] Undefined index: submit D:\htdocs\thinkphp\Application\Home\Controller\MemberController.class.php 第 34 行.
NOTIC: [8] Undefined index: radio D:\htdocs\thinkphp\Application\Home\Controller\MemberController.class.php 第 39 行.
SQL: SHOW COLUMNS FROM `think_member` [ RunTime:0.0413s ]
SQL: SELECT COUNT(*) AS tp_count FROM `think_member` INNER JOIN think_ulevel ON think_ulevel.ulevel = think_member.ulevel  WHERE ( repath like '%1%'  ) LIMIT 1   [ RunTime:0.0343s ]
SQL: SELECT * FROM `think_member` INNER JOIN think_ulevel ON think_ulevel.ulevel = think_member.ulevel  WHERE ( repath like '%1%'  ) ORDER BY id asc LIMIT 0,10   [ RunTime:0.0745s ]
INFO: [ view_parse ] --START--
INFO: [ template_filter ] --START--
INFO: Run Behavior\ContentReplaceBehavior [ RunTime:0.000076s ]
INFO: [ template_filter ] --END-- [ RunTime:0.000134s ]
SQL: SELECT * FROM `think_member` WHERE ( id='1' ) LIMIT 1   [ RunTime:0.0395s ]
SQL: SELECT * FROM `think_member` WHERE ( id='1' ) LIMIT 1   [ RunTime:0.0404s ]
SQL: SELECT * FROM `think_member` WHERE ( id='1' ) LIMIT 1   [ RunTime:0.0389s ]
SQL: SELECT * FROM `think_member` WHERE ( id='1' ) LIMIT 1   [ RunTime:0.0396s ]
SQL: SELECT * FROM `think_member` WHERE ( id='1' ) LIMIT 1   [ RunTime:0.0397s ]
SQL: SELECT * FROM `think_member` WHERE ( id='1' ) LIMIT 1   [ RunTime:0.0394s ]
SQL: SELECT * FROM `think_member` WHERE ( id='1' ) LIMIT 1   [ RunTime:0.0405s ]
SQL: SELECT * FROM `think_member` WHERE ( id='6' ) LIMIT 1   [ RunTime:0.0388s ]
SQL: SELECT * FROM `think_member` WHERE ( id='1' ) LIMIT 1   [ RunTime:0.0396s ]
SQL: SELECT * FROM `think_member` WHERE ( id='6' ) LIMIT 1   [ RunTime:0.0358s ]
INFO: Run Behavior\ParseTemplateBehavior [ RunTime:0.404157s ]
INFO: [ view_parse ] --END-- [ RunTime:0.404317s ]
INFO: [ view_filter ] --START--
INFO: Run Behavior\WriteHtmlCacheBehavior [ RunTime:0.000616s ]
INFO: [ view_filter ] --END-- [ RunTime:0.000665s ]
INFO: [ app_end ] --START--
INFO: Run Behavior\ShowPageTraceBehavior [ RunTime:0.000833s ]
INFO: [ app_end ] --END-- [ RunTime:0.000911s ]

[ 2016-09-12T17:41:36+08:00 ] ::1 /thinkphp/index.php/Home/Member/human/p/6.html
INFO: [ app_init ] --START--
INFO: Run Behavior\BuildLiteBehavior [ RunTime:0.000019s ]
INFO: [ app_init ] --END-- [ RunTime:0.000093s ]
INFO: [ app_begin ] --START--
INFO: Run Behavior\ReadHtmlCacheBehavior [ RunTime:0.000459s ]
INFO: [ app_begin ] --END-- [ RunTime:0.000510s ]
NOTIC: [8] Undefined index: submit D:\htdocs\thinkphp\Application\Home\Controller\MemberController.class.php 第 34 行.
NOTIC: [8] Undefined index: radio D:\htdocs\thinkphp\Application\Home\Controller\MemberController.class.php 第 39 行.
SQL: SHOW COLUMNS FROM `think_member` [ RunTime:0.0414s ]
SQL: SELECT COUNT(*) AS tp_count FROM `think_member` INNER JOIN think_ulevel ON think_ulevel.ulevel = think_member.ulevel  WHERE ( repath like '%1%'  ) LIMIT 1   [ RunTime:0.0352s ]
SQL: SELECT * FROM `think_member` INNER JOIN think_ulevel ON think_ulevel.ulevel = think_member.ulevel  WHERE ( repath like '%1%'  ) ORDER BY id asc LIMIT 50,10   [ RunTime:0.0393s ]
INFO: [ view_parse ] --START--
INFO: [ template_filter ] --START--
INFO: Run Behavior\ContentReplaceBehavior [ RunTime:0.000078s ]
INFO: [ template_filter ] --END-- [ RunTime:0.000133s ]
SQL: SELECT * FROM `think_member` WHERE ( id='1' ) LIMIT 1   [ RunTime:0.0382s ]
SQL: SELECT * FROM `think_member` WHERE ( id='1' ) LIMIT 1   [ RunTime:0.0394s ]
SQL: SELECT * FROM `think_member` WHERE ( id='1' ) LIMIT 1   [ RunTime:0.0398s ]
INFO: Run Behavior\ParseTemplateBehavior [ RunTime:0.126969s ]
INFO: [ view_parse ] --END-- [ RunTime:0.127039s ]
INFO: [ view_filter ] --START--
INFO: Run Behavior\WriteHtmlCacheBehavior [ RunTime:0.000601s ]
INFO: [ view_filter ] --END-- [ RunTime:0.000651s ]
INFO: [ app_end ] --START--
INFO: Run Behavior\ShowPageTraceBehavior [ RunTime:0.000845s ]
INFO: [ app_end ] --END-- [ RunTime:0.000916s ]

[ 2016-09-12T17:54:15+08:00 ] ::1 /thinkphp/index.php/Home/Member/sys.html
INFO: [ app_init ] --START--
INFO: Run Behavior\BuildLiteBehavior [ RunTime:0.000012s ]
INFO: [ app_init ] --END-- [ RunTime:0.000063s ]
INFO: [ app_begin ] --START--
INFO: Run Behavior\ReadHtmlCacheBehavior [ RunTime:0.001956s ]
INFO: [ app_begin ] --END-- [ RunTime:0.002126s ]
NOTIC: [8] Undefined index: submit D:\htdocs\thinkphp\Application\Home\Controller\MemberController.class.php 第 17 行.
SQL: SHOW COLUMNS FROM `think_member` [ RunTime:0.0413s ]
SQL: SELECT * FROM `think_member` WHERE ( id='1' ) LIMIT 1   [ RunTime:0.0391s ]
SQL: SELECT * FROM `think_member` WHERE ( reid='1' and ispay=1 ) ORDER BY id asc  [ RunTime:0.0403s ]
SQL: SELECT * FROM `think_member` WHERE ( reid='2' and ispay=1 ) ORDER BY id asc  [ RunTime:0.0394s ]
SQL: SELECT * FROM `think_member` WHERE ( reid='12' and ispay=1 ) ORDER BY id asc  [ RunTime:0.0395s ]
SQL: SELECT * FROM `think_member` WHERE ( reid='22' and ispay=1 ) ORDER BY id asc  [ RunTime:0.0386s ]
SQL: SELECT * FROM `think_member` WHERE ( reid='23' and ispay=1 ) ORDER BY id asc  [ RunTime:0.0398s ]
SQL: SELECT * FROM `think_member` WHERE ( reid='37' and ispay=1 ) ORDER BY id asc  [ RunTime:0.0394s ]
SQL: SELECT * FROM `think_member` WHERE ( reid='38' and ispay=1 ) ORDER BY id asc  [ RunTime:0.0398s ]
SQL: SELECT * FROM `think_member` WHERE ( reid='40' and ispay=1 ) ORDER BY id asc  [ RunTime:0.0397s ]
SQL: SELECT * FROM `think_member` WHERE ( reid='41' and ispay=1 ) ORDER BY id asc  [ RunTime:0.0398s ]
SQL: SELECT * FROM `think_member` WHERE ( reid='39' and ispay=1 ) ORDER BY id asc  [ RunTime:0.0397s ]
SQL: SELECT * FROM `think_member` WHERE ( reid='24' and ispay=1 ) ORDER BY id asc  [ RunTime:0.0397s ]
SQL: SELECT * FROM `think_member` WHERE ( reid='25' and ispay=1 ) ORDER BY id asc  [ RunTime:0.0398s ]
SQL: SELECT * FROM `think_member` WHERE ( reid='35' and ispay=1 ) ORDER BY id asc  [ RunTime:0.0397s ]
SQL: SELECT * FROM `think_member` WHERE ( reid='36' and ispay=1 ) ORDER BY id asc  [ RunTime:0.0397s ]
SQL: SELECT * FROM `think_member` WHERE ( reid='26' and ispay=1 ) ORDER BY id asc  [ RunTime:0.0397s ]
SQL: SELECT * FROM `think_member` WHERE ( reid='27' and ispay=1 ) ORDER BY id asc  [ RunTime:0.0398s ]
SQL: SELECT * FROM `think_member` WHERE ( reid='28' and ispay=1 ) ORDER BY id asc  [ RunTime:0.0397s ]
SQL: SELECT * FROM `think_member` WHERE ( reid='29' and ispay=1 ) ORDER BY id asc  [ RunTime:0.0397s ]
SQL: SELECT * FROM `think_member` WHERE ( reid='30' and ispay=1 ) ORDER BY id asc  [ RunTime:0.0397s ]
SQL: SELECT * FROM `think_member` WHERE ( reid='31' and ispay=1 ) ORDER BY id asc  [ RunTime:0.0398s ]
SQL: SELECT * FROM `think_member` WHERE ( reid='33' and ispay=1 ) ORDER BY id asc  [ RunTime:0.0396s ]
SQL: SELECT * FROM `think_member` WHERE ( reid='34' and ispay=1 ) ORDER BY id asc  [ RunTime:0.0397s ]
SQL: SELECT * FROM `think_member` WHERE ( reid='32' and ispay=1 ) ORDER BY id asc  [ RunTime:0.0398s ]
SQL: SELECT * FROM `think_member` WHERE ( reid='42' and ispay=1 ) ORDER BY id asc  [ RunTime:0.0398s ]
SQL: SELECT * FROM `think_member` WHERE ( reid='13' and ispay=1 ) ORDER BY id asc  [ RunTime:0.0397s ]
SQL: SELECT * FROM `think_member` WHERE ( reid='17' and ispay=1 ) ORDER BY id asc  [ RunTime:0.0397s ]
SQL: SELECT * FROM `think_member` WHERE ( reid='18' and ispay=1 ) ORDER BY id asc  [ RunTime:0.0397s ]
SQL: SELECT * FROM `think_member` WHERE ( reid='14' and ispay=1 ) ORDER BY id asc  [ RunTime:0.0397s ]
SQL: SELECT * FROM `think_member` WHERE ( reid='19' and ispay=1 ) ORDER BY id asc  [ RunTime:0.0407s ]
SQL: SELECT * FROM `think_member` WHERE ( reid='20' and ispay=1 ) ORDER BY id asc  [ RunTime:0.0414s ]
SQL: SELECT * FROM `think_member` WHERE ( reid='15' and ispay=1 ) ORDER BY id asc  [ RunTime:0.0374s ]
SQL: SELECT * FROM `think_member` WHERE ( reid='21' and ispay=1 ) ORDER BY id asc  [ RunTime:0.0394s ]
SQL: SELECT * FROM `think_member` WHERE ( reid='16' and ispay=1 ) ORDER BY id asc  [ RunTime:0.0397s ]
SQL: SELECT * FROM `think_member` WHERE ( reid='3' and ispay=1 ) ORDER BY id asc  [ RunTime:0.0399s ]
SQL: SELECT * FROM `think_member` WHERE ( reid='4' and ispay=1 ) ORDER BY id asc  [ RunTime:0.0395s ]
SQL: SELECT * FROM `think_member` WHERE ( reid='5' and ispay=1 ) ORDER BY id asc  [ RunTime:0.0397s ]
SQL: SELECT * FROM `think_member` WHERE ( reid='6' and ispay=1 ) ORDER BY id asc  [ RunTime:0.0871s ]
SQL: SELECT * FROM `think_member` WHERE ( reid='9' and ispay=1 ) ORDER BY id asc  [ RunTime:0.0403s ]
SQL: SELECT * FROM `think_member` WHERE ( reid='11' and ispay=1 ) ORDER BY id asc  [ RunTime:0.1990s ]
SQL: SELECT * FROM `think_member` WHERE ( reid='7' and ispay=1 ) ORDER BY id asc  [ RunTime:0.0403s ]
SQL: SELECT * FROM `think_member` WHERE ( reid='8' and ispay=1 ) ORDER BY id asc  [ RunTime:0.0398s ]
SQL: SELECT * FROM `think_member` WHERE ( reid='43' and ispay=1 ) ORDER BY id asc  [ RunTime:0.0395s ]
SQL: SELECT * FROM `think_member` WHERE ( reid='47' and ispay=1 ) ORDER BY id asc  [ RunTime:0.0397s ]
SQL: SELECT * FROM `think_member` WHERE ( reid='48' and ispay=1 ) ORDER BY id asc  [ RunTime:0.0398s ]
SQL: SELECT * FROM `think_member` WHERE ( reid='49' and ispay=1 ) ORDER BY id asc  [ RunTime:0.1991s ]
SQL: SELECT * FROM `think_member` WHERE ( reid='50' and ispay=1 ) ORDER BY id asc  [ RunTime:0.0401s ]
SQL: SELECT * FROM `think_member` WHERE ( reid='51' and ispay=1 ) ORDER BY id asc  [ RunTime:0.0397s ]
SQL: SELECT * FROM `think_member` WHERE ( reid='44' and ispay=1 ) ORDER BY id asc  [ RunTime:0.0397s ]
SQL: SELECT * FROM `think_member` WHERE ( reid='46' and ispay=1 ) ORDER BY id asc  [ RunTime:0.0395s ]
SQL: SELECT * FROM `think_member` WHERE ( reid='45' and ispay=1 ) ORDER BY id asc  [ RunTime:0.0398s ]
SQL: SELECT * FROM `think_member` WHERE ( reid='10' and ispay=1 ) ORDER BY id asc  [ RunTime:0.0396s ]
SQL: SELECT * FROM `think_member` WHERE ( reid='52' and ispay=1 ) ORDER BY id asc  [ RunTime:0.1965s ]
INFO: [ view_parse ] --START--
INFO: [ template_filter ] --START--
INFO: Run Behavior\ContentReplaceBehavior [ RunTime:0.000073s ]
INFO: [ template_filter ] --END-- [ RunTime:0.000127s ]
INFO: Run Behavior\ParseTemplateBehavior [ RunTime:0.007551s ]
INFO: [ view_parse ] --END-- [ RunTime:0.007621s ]
INFO: [ view_filter ] --START--
INFO: Run Behavior\WriteHtmlCacheBehavior [ RunTime:0.000459s ]
INFO: [ view_filter ] --END-- [ RunTime:0.000509s ]
INFO: [ app_end ] --START--
INFO: Run Behavior\ShowPageTraceBehavior [ RunTime:0.000852s ]
INFO: [ app_end ] --END-- [ RunTime:0.000928s ]

[ 2016-09-12T17:54:17+08:00 ] ::1 /thinkphp/index.php/Home/Member/human.html
INFO: [ app_init ] --START--
INFO: Run Behavior\BuildLiteBehavior [ RunTime:0.000011s ]
INFO: [ app_init ] --END-- [ RunTime:0.000061s ]
INFO: [ app_begin ] --START--
INFO: Run Behavior\ReadHtmlCacheBehavior [ RunTime:0.000468s ]
INFO: [ app_begin ] --END-- [ RunTime:0.000518s ]
NOTIC: [8] Undefined index: submit D:\htdocs\thinkphp\Application\Home\Controller\MemberController.class.php 第 34 行.
NOTIC: [8] Undefined index: radio D:\htdocs\thinkphp\Application\Home\Controller\MemberController.class.php 第 39 行.
SQL: SHOW COLUMNS FROM `think_member` [ RunTime:0.0374s ]
SQL: SELECT COUNT(*) AS tp_count FROM `think_member` INNER JOIN think_ulevel ON think_ulevel.ulevel = think_member.ulevel  WHERE ( repath like '%1%' and ispay=1  ) LIMIT 1   [ RunTime:0.0377s ]
SQL: SELECT * FROM `think_member` INNER JOIN think_ulevel ON think_ulevel.ulevel = think_member.ulevel  WHERE ( repath like '%1%'  ) ORDER BY id asc LIMIT 0,10   [ RunTime:0.0690s ]
INFO: [ view_parse ] --START--
INFO: [ template_filter ] --START--
INFO: Run Behavior\ContentReplaceBehavior [ RunTime:0.000077s ]
INFO: [ template_filter ] --END-- [ RunTime:0.000139s ]
SQL: SELECT * FROM `think_member` WHERE ( id='1' ) LIMIT 1   [ RunTime:0.0380s ]
SQL: SELECT * FROM `think_member` WHERE ( id='1' ) LIMIT 1   [ RunTime:0.0356s ]
SQL: SELECT * FROM `think_member` WHERE ( id='1' ) LIMIT 1   [ RunTime:0.0356s ]
SQL: SELECT * FROM `think_member` WHERE ( id='1' ) LIMIT 1   [ RunTime:0.0357s ]
SQL: SELECT * FROM `think_member` WHERE ( id='1' ) LIMIT 1   [ RunTime:0.0357s ]
SQL: SELECT * FROM `think_member` WHERE ( id='1' ) LIMIT 1   [ RunTime:0.0356s ]
SQL: SELECT * FROM `think_member` WHERE ( id='1' ) LIMIT 1   [ RunTime:0.0354s ]
SQL: SELECT * FROM `think_member` WHERE ( id='6' ) LIMIT 1   [ RunTime:0.0357s ]
SQL: SELECT * FROM `think_member` WHERE ( id='1' ) LIMIT 1   [ RunTime:0.0356s ]
SQL: SELECT * FROM `think_member` WHERE ( id='6' ) LIMIT 1   [ RunTime:0.0358s ]
INFO: Run Behavior\ParseTemplateBehavior [ RunTime:0.370542s ]
INFO: [ view_parse ] --END-- [ RunTime:0.370665s ]
INFO: [ view_filter ] --START--
INFO: Run Behavior\WriteHtmlCacheBehavior [ RunTime:0.000530s ]
INFO: [ view_filter ] --END-- [ RunTime:0.000583s ]
INFO: [ app_end ] --START--
INFO: Run Behavior\ShowPageTraceBehavior [ RunTime:0.000743s ]
INFO: [ app_end ] --END-- [ RunTime:0.000838s ]

[ 2016-09-12T17:54:22+08:00 ] ::1 /thinkphp/index.php/Home/Member/human/p/6.html
INFO: [ app_init ] --START--
INFO: Run Behavior\BuildLiteBehavior [ RunTime:0.000013s ]
INFO: [ app_init ] --END-- [ RunTime:0.000063s ]
INFO: [ app_begin ] --START--
INFO: Run Behavior\ReadHtmlCacheBehavior [ RunTime:0.000430s ]
INFO: [ app_begin ] --END-- [ RunTime:0.000484s ]
NOTIC: [8] Undefined index: submit D:\htdocs\thinkphp\Application\Home\Controller\MemberController.class.php 第 34 行.
NOTIC: [8] Undefined index: radio D:\htdocs\thinkphp\Application\Home\Controller\MemberController.class.php 第 39 行.
SQL: SHOW COLUMNS FROM `think_member` [ RunTime:0.0414s ]
SQL: SELECT COUNT(*) AS tp_count FROM `think_member` INNER JOIN think_ulevel ON think_ulevel.ulevel = think_member.ulevel  WHERE ( repath like '%1%' and ispay=1  ) LIMIT 1   [ RunTime:0.0348s ]
SQL: SELECT * FROM `think_member` INNER JOIN think_ulevel ON think_ulevel.ulevel = think_member.ulevel  WHERE ( repath like '%1%'  ) ORDER BY id asc LIMIT 50,10   [ RunTime:0.0501s ]
INFO: [ view_parse ] --START--
INFO: [ template_filter ] --START--
INFO: Run Behavior\ContentReplaceBehavior [ RunTime:0.000084s ]
INFO: [ template_filter ] --END-- [ RunTime:0.000153s ]
SQL: SELECT * FROM `think_member` WHERE ( id='1' ) LIMIT 1   [ RunTime:0.0399s ]
SQL: SELECT * FROM `think_member` WHERE ( id='1' ) LIMIT 1   [ RunTime:0.0396s ]
SQL: SELECT * FROM `think_member` WHERE ( id='1' ) LIMIT 1   [ RunTime:0.0397s ]
INFO: Run Behavior\ParseTemplateBehavior [ RunTime:0.128569s ]
INFO: [ view_parse ] --END-- [ RunTime:0.128633s ]
INFO: [ view_filter ] --START--
INFO: Run Behavior\WriteHtmlCacheBehavior [ RunTime:0.000594s ]
INFO: [ view_filter ] --END-- [ RunTime:0.000640s ]
INFO: [ app_end ] --START--
INFO: Run Behavior\ShowPageTraceBehavior [ RunTime:0.000850s ]
INFO: [ app_end ] --END-- [ RunTime:0.000918s ]

[ 2016-09-12T17:55:00+08:00 ] ::1 /thinkphp/index.php/Home/Member/human/p/6.html
INFO: [ app_init ] --START--
INFO: Run Behavior\BuildLiteBehavior [ RunTime:0.000016s ]
INFO: [ app_init ] --END-- [ RunTime:0.000098s ]
INFO: [ app_begin ] --START--
INFO: Run Behavior\ReadHtmlCacheBehavior [ RunTime:0.000467s ]
INFO: [ app_begin ] --END-- [ RunTime:0.000543s ]
NOTIC: [8] Undefined index: submit D:\htdocs\thinkphp\Application\Home\Controller\MemberController.class.php 第 34 行.
NOTIC: [8] Undefined index: radio D:\htdocs\thinkphp\Application\Home\Controller\MemberController.class.php 第 39 行.
SQL: SHOW COLUMNS FROM `think_member` [ RunTime:0.0446s ]
SQL: SELECT COUNT(*) AS tp_count FROM `think_member` INNER JOIN think_ulevel ON think_ulevel.ulevel = think_member.ulevel  WHERE ( repath like '%1%' and ispay=1  ) LIMIT 1   [ RunTime:0.0378s ]
SQL: SELECT * FROM `think_member` INNER JOIN think_ulevel ON think_ulevel.ulevel = think_member.ulevel  WHERE ( repath like '%1%'  ) ORDER BY id asc LIMIT 50,10   [ RunTime:0.0408s ]
INFO: [ view_parse ] --START--
INFO: [ template_filter ] --START--
INFO: Run Behavior\ContentReplaceBehavior [ RunTime:0.000078s ]
INFO: [ template_filter ] --END-- [ RunTime:0.000131s ]
SQL: SELECT * FROM `think_member` WHERE ( id='1' ) LIMIT 1   [ RunTime:0.0426s ]
SQL: SELECT * FROM `think_member` WHERE ( id='1' ) LIMIT 1   [ RunTime:0.0437s ]
SQL: SELECT * FROM `think_member` WHERE ( id='1' ) LIMIT 1   [ RunTime:0.0395s ]
INFO: Run Behavior\ParseTemplateBehavior [ RunTime:0.134849s ]
INFO: [ view_parse ] --END-- [ RunTime:0.134916s ]
INFO: [ view_filter ] --START--
INFO: Run Behavior\WriteHtmlCacheBehavior [ RunTime:0.000599s ]
INFO: [ view_filter ] --END-- [ RunTime:0.000648s ]
INFO: [ app_end ] --START--
INFO: Run Behavior\ShowPageTraceBehavior [ RunTime:0.000826s ]
INFO: [ app_end ] --END-- [ RunTime:0.000898s ]

[ 2016-09-12T17:55:00+08:00 ] ::1 /thinkphp/index.php/Home/Member/human/p/6.html
INFO: [ app_init ] --START--
INFO: Run Behavior\BuildLiteBehavior [ RunTime:0.000013s ]
INFO: [ app_init ] --END-- [ RunTime:0.000068s ]
INFO: [ app_begin ] --START--
INFO: Run Behavior\ReadHtmlCacheBehavior [ RunTime:0.000491s ]
INFO: [ app_begin ] --END-- [ RunTime:0.000560s ]
NOTIC: [8] Undefined index: submit D:\htdocs\thinkphp\Application\Home\Controller\MemberController.class.php 第 34 行.
NOTIC: [8] Undefined index: radio D:\htdocs\thinkphp\Application\Home\Controller\MemberController.class.php 第 39 行.
SQL: SHOW COLUMNS FROM `think_member` [ RunTime:0.0408s ]
SQL: SELECT COUNT(*) AS tp_count FROM `think_member` INNER JOIN think_ulevel ON think_ulevel.ulevel = think_member.ulevel  WHERE ( repath like '%1%' and ispay=1  ) LIMIT 1   [ RunTime:0.0350s ]
SQL: SELECT * FROM `think_member` INNER JOIN think_ulevel ON think_ulevel.ulevel = think_member.ulevel  WHERE ( repath like '%1%'  ) ORDER BY id asc LIMIT 50,10   [ RunTime:0.0397s ]
INFO: [ view_parse ] --START--
INFO: [ template_filter ] --START--
INFO: Run Behavior\ContentReplaceBehavior [ RunTime:0.000114s ]
INFO: [ template_filter ] --END-- [ RunTime:0.000219s ]
SQL: SELECT * FROM `think_member` WHERE ( id='1' ) LIMIT 1   [ RunTime:0.0373s ]
SQL: SELECT * FROM `think_member` WHERE ( id='1' ) LIMIT 1   [ RunTime:0.0391s ]
SQL: SELECT * FROM `think_member` WHERE ( id='1' ) LIMIT 1   [ RunTime:0.0397s ]
INFO: Run Behavior\ParseTemplateBehavior [ RunTime:0.127405s ]
INFO: [ view_parse ] --END-- [ RunTime:0.127479s ]
INFO: [ view_filter ] --START--
INFO: Run Behavior\WriteHtmlCacheBehavior [ RunTime:0.000611s ]
INFO: [ view_filter ] --END-- [ RunTime:0.000659s ]
INFO: [ app_end ] --START--
INFO: Run Behavior\ShowPageTraceBehavior [ RunTime:0.000721s ]
INFO: [ app_end ] --END-- [ RunTime:0.000776s ]

[ 2016-09-12T17:55:01+08:00 ] ::1 /thinkphp/index.php/Home/Member/human/p/6.html
INFO: [ app_init ] --START--
INFO: Run Behavior\BuildLiteBehavior [ RunTime:0.000020s ]
INFO: [ app_init ] --END-- [ RunTime:0.000116s ]
INFO: [ app_begin ] --START--
INFO: Run Behavior\ReadHtmlCacheBehavior [ RunTime:0.000595s ]
INFO: [ app_begin ] --END-- [ RunTime:0.000667s ]
NOTIC: [8] Undefined index: submit D:\htdocs\thinkphp\Application\Home\Controller\MemberController.class.php 第 34 行.
NOTIC: [8] Undefined index: radio D:\htdocs\thinkphp\Application\Home\Controller\MemberController.class.php 第 39 行.
SQL: SHOW COLUMNS FROM `think_member` [ RunTime:0.0415s ]
SQL: SELECT COUNT(*) AS tp_count FROM `think_member` INNER JOIN think_ulevel ON think_ulevel.ulevel = think_member.ulevel  WHERE ( repath like '%1%' and ispay=1  ) LIMIT 1   [ RunTime:0.0356s ]
SQL: SELECT * FROM `think_member` INNER JOIN think_ulevel ON think_ulevel.ulevel = think_member.ulevel  WHERE ( repath like '%1%'  ) ORDER BY id asc LIMIT 50,10   [ RunTime:0.0385s ]
INFO: [ view_parse ] --START--
INFO: [ template_filter ] --START--
INFO: Run Behavior\ContentReplaceBehavior [ RunTime:0.000086s ]
INFO: [ template_filter ] --END-- [ RunTime:0.000157s ]
SQL: SELECT * FROM `think_member` WHERE ( id='1' ) LIMIT 1   [ RunTime:0.0402s ]
SQL: SELECT * FROM `think_member` WHERE ( id='1' ) LIMIT 1   [ RunTime:0.0396s ]
SQL: SELECT * FROM `think_member` WHERE ( id='1' ) LIMIT 1   [ RunTime:0.0397s ]
INFO: Run Behavior\ParseTemplateBehavior [ RunTime:0.130833s ]
INFO: [ view_parse ] --END-- [ RunTime:0.130900s ]
INFO: [ view_filter ] --START--
INFO: Run Behavior\WriteHtmlCacheBehavior [ RunTime:0.000637s ]
INFO: [ view_filter ] --END-- [ RunTime:0.000687s ]
INFO: [ app_end ] --START--
INFO: Run Behavior\ShowPageTraceBehavior [ RunTime:0.000692s ]
INFO: [ app_end ] --END-- [ RunTime:0.000743s ]

[ 2016-09-12T17:55:01+08:00 ] ::1 /thinkphp/index.php/Home/Member/human/p/6.html
INFO: [ app_init ] --START--
INFO: Run Behavior\BuildLiteBehavior [ RunTime:0.000015s ]
INFO: [ app_init ] --END-- [ RunTime:0.000090s ]
INFO: [ app_begin ] --START--
INFO: Run Behavior\ReadHtmlCacheBehavior [ RunTime:0.000625s ]
INFO: [ app_begin ] --END-- [ RunTime:0.000706s ]
NOTIC: [8] Undefined index: submit D:\htdocs\thinkphp\Application\Home\Controller\MemberController.class.php 第 34 行.
NOTIC: [8] Undefined index: radio D:\htdocs\thinkphp\Application\Home\Controller\MemberController.class.php 第 39 行.
SQL: SHOW COLUMNS FROM `think_member` [ RunTime:0.0396s ]
SQL: SELECT COUNT(*) AS tp_count FROM `think_member` INNER JOIN think_ulevel ON think_ulevel.ulevel = think_member.ulevel  WHERE ( repath like '%1%' and ispay=1  ) LIMIT 1   [ RunTime:0.0350s ]
SQL: SELECT * FROM `think_member` INNER JOIN think_ulevel ON think_ulevel.ulevel = think_member.ulevel  WHERE ( repath like '%1%'  ) ORDER BY id asc LIMIT 50,10   [ RunTime:0.0391s ]
INFO: [ view_parse ] --START--
INFO: [ template_filter ] --START--
INFO: Run Behavior\ContentReplaceBehavior [ RunTime:0.000119s ]
INFO: [ template_filter ] --END-- [ RunTime:0.000222s ]
SQL: SELECT * FROM `think_member` WHERE ( id='1' ) LIMIT 1   [ RunTime:0.0391s ]
SQL: SELECT * FROM `think_member` WHERE ( id='1' ) LIMIT 1   [ RunTime:0.0397s ]
SQL: SELECT * FROM `think_member` WHERE ( id='1' ) LIMIT 1   [ RunTime:0.0396s ]
INFO: Run Behavior\ParseTemplateBehavior [ RunTime:0.130831s ]
INFO: [ view_parse ] --END-- [ RunTime:0.130897s ]
INFO: [ view_filter ] --START--
INFO: Run Behavior\WriteHtmlCacheBehavior [ RunTime:0.000675s ]
INFO: [ view_filter ] --END-- [ RunTime:0.000725s ]
INFO: [ app_end ] --START--
INFO: Run Behavior\ShowPageTraceBehavior [ RunTime:0.000625s ]
INFO: [ app_end ] --END-- [ RunTime:0.000676s ]

[ 2016-09-12T17:55:02+08:00 ] ::1 /thinkphp/index.php/Home/Member/human/p/6.html
INFO: [ app_init ] --START--
INFO: Run Behavior\BuildLiteBehavior [ RunTime:0.000016s ]
INFO: [ app_init ] --END-- [ RunTime:0.000079s ]
INFO: [ app_begin ] --START--
INFO: Run Behavior\ReadHtmlCacheBehavior [ RunTime:0.000608s ]
INFO: [ app_begin ] --END-- [ RunTime:0.000678s ]
NOTIC: [8] Undefined index: submit D:\htdocs\thinkphp\Application\Home\Controller\MemberController.class.php 第 34 行.
NOTIC: [8] Undefined index: radio D:\htdocs\thinkphp\Application\Home\Controller\MemberController.class.php 第 39 行.
SQL: SHOW COLUMNS FROM `think_member` [ RunTime:0.0381s ]
SQL: SELECT COUNT(*) AS tp_count FROM `think_member` INNER JOIN think_ulevel ON think_ulevel.ulevel = think_member.ulevel  WHERE ( repath like '%1%' and ispay=1  ) LIMIT 1   [ RunTime:0.0342s ]
SQL: SELECT * FROM `think_member` INNER JOIN think_ulevel ON think_ulevel.ulevel = think_member.ulevel  WHERE ( repath like '%1%'  ) ORDER BY id asc LIMIT 50,10   [ RunTime:0.0364s ]
INFO: [ view_parse ] --START--
INFO: [ template_filter ] --START--
INFO: Run Behavior\ContentReplaceBehavior [ RunTime:0.000080s ]
INFO: [ template_filter ] --END-- [ RunTime:0.000137s ]
SQL: SELECT * FROM `think_member` WHERE ( id='1' ) LIMIT 1   [ RunTime:0.0387s ]
SQL: SELECT * FROM `think_member` WHERE ( id='1' ) LIMIT 1   [ RunTime:0.0394s ]
SQL: SELECT * FROM `think_member` WHERE ( id='1' ) LIMIT 1   [ RunTime:0.0360s ]
INFO: Run Behavior\ParseTemplateBehavior [ RunTime:0.123697s ]
INFO: [ view_parse ] --END-- [ RunTime:0.123749s ]
INFO: [ view_filter ] --START--
INFO: Run Behavior\WriteHtmlCacheBehavior [ RunTime:0.000585s ]
INFO: [ view_filter ] --END-- [ RunTime:0.000648s ]
INFO: [ app_end ] --START--
INFO: Run Behavior\ShowPageTraceBehavior [ RunTime:0.000631s ]
INFO: [ app_end ] --END-- [ RunTime:0.000678s ]

[ 2016-09-12T17:55:02+08:00 ] ::1 /thinkphp/index.php/Home/Member/human/p/6.html
INFO: [ app_init ] --START--
INFO: Run Behavior\BuildLiteBehavior [ RunTime:0.000012s ]
INFO: [ app_init ] --END-- [ RunTime:0.000063s ]
INFO: [ app_begin ] --START--
INFO: Run Behavior\ReadHtmlCacheBehavior [ RunTime:0.000547s ]
INFO: [ app_begin ] --END-- [ RunTime:0.000621s ]
NOTIC: [8] Undefined index: submit D:\htdocs\thinkphp\Application\Home\Controller\MemberController.class.php 第 34 行.
NOTIC: [8] Undefined index: radio D:\htdocs\thinkphp\Application\Home\Controller\MemberController.class.php 第 39 行.
SQL: SHOW COLUMNS FROM `think_member` [ RunTime:0.0389s ]
SQL: SELECT COUNT(*) AS tp_count FROM `think_member` INNER JOIN think_ulevel ON think_ulevel.ulevel = think_member.ulevel  WHERE ( repath like '%1%' and ispay=1  ) LIMIT 1   [ RunTime:0.0377s ]
SQL: SELECT * FROM `think_member` INNER JOIN think_ulevel ON think_ulevel.ulevel = think_member.ulevel  WHERE ( repath like '%1%'  ) ORDER BY id asc LIMIT 50,10   [ RunTime:0.0405s ]
INFO: [ view_parse ] --START--
INFO: [ template_filter ] --START--
INFO: Run Behavior\ContentReplaceBehavior [ RunTime:0.000079s ]
INFO: [ template_filter ] --END-- [ RunTime:0.000141s ]
SQL: SELECT * FROM `think_member` WHERE ( id='1' ) LIMIT 1   [ RunTime:0.0380s ]
SQL: SELECT * FROM `think_member` WHERE ( id='1' ) LIMIT 1   [ RunTime:0.0397s ]
SQL: SELECT * FROM `think_member` WHERE ( id='1' ) LIMIT 1   [ RunTime:0.0396s ]
INFO: Run Behavior\ParseTemplateBehavior [ RunTime:0.127358s ]
INFO: [ view_parse ] --END-- [ RunTime:0.127410s ]
INFO: [ view_filter ] --START--
INFO: Run Behavior\WriteHtmlCacheBehavior [ RunTime:0.000619s ]
INFO: [ view_filter ] --END-- [ RunTime:0.000672s ]
INFO: [ app_end ] --START--
INFO: Run Behavior\ShowPageTraceBehavior [ RunTime:0.000693s ]
INFO: [ app_end ] --END-- [ RunTime:0.000744s ]

[ 2016-09-12T17:55:02+08:00 ] ::1 /thinkphp/index.php/Home/Member/human/p/6.html
INFO: [ app_init ] --START--
INFO: Run Behavior\BuildLiteBehavior [ RunTime:0.000011s ]
INFO: [ app_init ] --END-- [ RunTime:0.000064s ]
INFO: [ app_begin ] --START--
INFO: Run Behavior\ReadHtmlCacheBehavior [ RunTime:0.000564s ]
INFO: [ app_begin ] --END-- [ RunTime:0.000644s ]
NOTIC: [8] Undefined index: submit D:\htdocs\thinkphp\Application\Home\Controller\MemberController.class.php 第 34 行.
NOTIC: [8] Undefined index: radio D:\htdocs\thinkphp\Application\Home\Controller\MemberController.class.php 第 39 行.
SQL: SHOW COLUMNS FROM `think_member` [ RunTime:0.0412s ]
SQL: SELECT COUNT(*) AS tp_count FROM `think_member` INNER JOIN think_ulevel ON think_ulevel.ulevel = think_member.ulevel  WHERE ( repath like '%1%' and ispay=1  ) LIMIT 1   [ RunTime:0.0344s ]
SQL: SELECT * FROM `think_member` INNER JOIN think_ulevel ON think_ulevel.ulevel = think_member.ulevel  WHERE ( repath like '%1%'  ) ORDER BY id asc LIMIT 50,10   [ RunTime:0.0397s ]
INFO: [ view_parse ] --START--
INFO: [ template_filter ] --START--
INFO: Run Behavior\ContentReplaceBehavior [ RunTime:0.000084s ]
INFO: [ template_filter ] --END-- [ RunTime:0.000150s ]
SQL: SELECT * FROM `think_member` WHERE ( id='1' ) LIMIT 1   [ RunTime:0.0384s ]
SQL: SELECT * FROM `think_member` WHERE ( id='1' ) LIMIT 1   [ RunTime:0.0396s ]
SQL: SELECT * FROM `think_member` WHERE ( id='1' ) LIMIT 1   [ RunTime:0.0396s ]
INFO: Run Behavior\ParseTemplateBehavior [ RunTime:0.127325s ]
INFO: [ view_parse ] --END-- [ RunTime:0.127393s ]
INFO: [ view_filter ] --START--
INFO: Run Behavior\WriteHtmlCacheBehavior [ RunTime:0.000575s ]
INFO: [ view_filter ] --END-- [ RunTime:0.000622s ]
INFO: [ app_end ] --START--
INFO: Run Behavior\ShowPageTraceBehavior [ RunTime:0.000629s ]
INFO: [ app_end ] --END-- [ RunTime:0.000688s ]

[ 2016-09-12T17:55:04+08:00 ] ::1 /thinkphp/
INFO: [ app_init ] --START--
INFO: Run Behavior\BuildLiteBehavior [ RunTime:0.000011s ]
INFO: [ app_init ] --END-- [ RunTime:0.000060s ]
INFO: [ app_begin ] --START--
INFO: Run Behavior\ReadHtmlCacheBehavior [ RunTime:0.000483s ]
INFO: [ app_begin ] --END-- [ RunTime:0.000539s ]
SQL: SHOW COLUMNS FROM `think_member` [ RunTime:0.0399s ]
SQL: SELECT * FROM `think_member` WHERE `id` = 1 LIMIT 1   [ RunTime:0.0391s ]
SQL: SHOW COLUMNS FROM `think_member` [ RunTime:0.0389s ]
SQL: SELECT * FROM `think_member` WHERE `id` = 1 LIMIT 1   [ RunTime:0.0397s ]
INFO: [ view_parse ] --START--
INFO: [ template_filter ] --START--
INFO: Run Behavior\ContentReplaceBehavior [ RunTime:0.000058s ]
INFO: [ template_filter ] --END-- [ RunTime:0.000117s ]
INFO: Run Behavior\ParseTemplateBehavior [ RunTime:0.006395s ]
INFO: [ view_parse ] --END-- [ RunTime:0.006460s ]
INFO: [ view_filter ] --START--
INFO: Run Behavior\WriteHtmlCacheBehavior [ RunTime:0.000325s ]
INFO: [ view_filter ] --END-- [ RunTime:0.000367s ]
INFO: [ app_end ] --START--
INFO: Run Behavior\ShowPageTraceBehavior [ RunTime:0.000523s ]
INFO: [ app_end ] --END-- [ RunTime:0.000573s ]

[ 2016-09-12T17:55:07+08:00 ] ::1 /thinkphp/index.php/Home/Member/human.html
INFO: [ app_init ] --START--
INFO: Run Behavior\BuildLiteBehavior [ RunTime:0.000012s ]
INFO: [ app_init ] --END-- [ RunTime:0.000060s ]
INFO: [ app_begin ] --START--
INFO: Run Behavior\ReadHtmlCacheBehavior [ RunTime:0.000472s ]
INFO: [ app_begin ] --END-- [ RunTime:0.000523s ]
NOTIC: [8] Undefined index: submit D:\htdocs\thinkphp\Application\Home\Controller\MemberController.class.php 第 34 行.
NOTIC: [8] Undefined index: radio D:\htdocs\thinkphp\Application\Home\Controller\MemberController.class.php 第 39 行.
SQL: SHOW COLUMNS FROM `think_member` [ RunTime:0.0414s ]
SQL: SELECT COUNT(*) AS tp_count FROM `think_member` INNER JOIN think_ulevel ON think_ulevel.ulevel = think_member.ulevel  WHERE ( repath like '%1%' and ispay=1  ) LIMIT 1   [ RunTime:0.0367s ]
SQL: SELECT * FROM `think_member` INNER JOIN think_ulevel ON think_ulevel.ulevel = think_member.ulevel  WHERE ( repath like '%1%'  ) ORDER BY id asc LIMIT 0,10   [ RunTime:0.0772s ]
INFO: [ view_parse ] --START--
INFO: [ template_filter ] --START--
INFO: Run Behavior\ContentReplaceBehavior [ RunTime:0.000075s ]
INFO: [ template_filter ] --END-- [ RunTime:0.000138s ]
SQL: SELECT * FROM `think_member` WHERE ( id='1' ) LIMIT 1   [ RunTime:0.0390s ]
SQL: SELECT * FROM `think_member` WHERE ( id='1' ) LIMIT 1   [ RunTime:0.0397s ]
SQL: SELECT * FROM `think_member` WHERE ( id='1' ) LIMIT 1   [ RunTime:0.0395s ]
SQL: SELECT * FROM `think_member` WHERE ( id='1' ) LIMIT 1   [ RunTime:0.0397s ]
SQL: SELECT * FROM `think_member` WHERE ( id='1' ) LIMIT 1   [ RunTime:0.0396s ]
SQL: SELECT * FROM `think_member` WHERE ( id='1' ) LIMIT 1   [ RunTime:0.0396s ]
SQL: SELECT * FROM `think_member` WHERE ( id='1' ) LIMIT 1   [ RunTime:0.0398s ]
SQL: SELECT * FROM `think_member` WHERE ( id='6' ) LIMIT 1   [ RunTime:0.0393s ]
SQL: SELECT * FROM `think_member` WHERE ( id='1' ) LIMIT 1   [ RunTime:0.0399s ]
SQL: SELECT * FROM `think_member` WHERE ( id='6' ) LIMIT 1   [ RunTime:0.0395s ]
INFO: Run Behavior\ParseTemplateBehavior [ RunTime:0.407494s ]
INFO: [ view_parse ] --END-- [ RunTime:0.407615s ]
INFO: [ view_filter ] --START--
INFO: Run Behavior\WriteHtmlCacheBehavior [ RunTime:0.000491s ]
INFO: [ view_filter ] --END-- [ RunTime:0.000536s ]
INFO: [ app_end ] --START--
INFO: Run Behavior\ShowPageTraceBehavior [ RunTime:0.000659s ]
INFO: [ app_end ] --END-- [ RunTime:0.000733s ]

[ 2016-09-12T17:55:10+08:00 ] ::1 /thinkphp/index.php/Home/Member/human/p/6.html
INFO: [ app_init ] --START--
INFO: Run Behavior\BuildLiteBehavior [ RunTime:0.000013s ]
INFO: [ app_init ] --END-- [ RunTime:0.000062s ]
INFO: [ app_begin ] --START--
INFO: Run Behavior\ReadHtmlCacheBehavior [ RunTime:0.000467s ]
INFO: [ app_begin ] --END-- [ RunTime:0.000519s ]
NOTIC: [8] Undefined index: submit D:\htdocs\thinkphp\Application\Home\Controller\MemberController.class.php 第 34 行.
NOTIC: [8] Undefined index: radio D:\htdocs\thinkphp\Application\Home\Controller\MemberController.class.php 第 39 行.
SQL: SHOW COLUMNS FROM `think_member` [ RunTime:0.0414s ]
SQL: SELECT COUNT(*) AS tp_count FROM `think_member` INNER JOIN think_ulevel ON think_ulevel.ulevel = think_member.ulevel  WHERE ( repath like '%1%' and ispay=1  ) LIMIT 1   [ RunTime:0.0344s ]
SQL: SELECT * FROM `think_member` INNER JOIN think_ulevel ON think_ulevel.ulevel = think_member.ulevel  WHERE ( repath like '%1%'  ) ORDER BY id asc LIMIT 50,10   [ RunTime:0.0397s ]
INFO: [ view_parse ] --START--
INFO: [ template_filter ] --START--
INFO: Run Behavior\ContentReplaceBehavior [ RunTime:0.000078s ]
INFO: [ template_filter ] --END-- [ RunTime:0.000134s ]
SQL: SELECT * FROM `think_member` WHERE ( id='1' ) LIMIT 1   [ RunTime:0.0398s ]
SQL: SELECT * FROM `think_member` WHERE ( id='1' ) LIMIT 1   [ RunTime:0.0397s ]
SQL: SELECT * FROM `think_member` WHERE ( id='1' ) LIMIT 1   [ RunTime:0.0396s ]
INFO: Run Behavior\ParseTemplateBehavior [ RunTime:0.127598s ]
INFO: [ view_parse ] --END-- [ RunTime:0.127661s ]
INFO: [ view_filter ] --START--
INFO: Run Behavior\WriteHtmlCacheBehavior [ RunTime:0.000475s ]
INFO: [ view_filter ] --END-- [ RunTime:0.000531s ]
INFO: [ app_end ] --START--
INFO: Run Behavior\ShowPageTraceBehavior [ RunTime:0.000763s ]
INFO: [ app_end ] --END-- [ RunTime:0.000857s ]

[ 2016-09-12T17:55:51+08:00 ] ::1 /thinkphp/index.php/Home/Member/human/p/6.html
INFO: [ app_init ] --START--
INFO: Run Behavior\BuildLiteBehavior [ RunTime:0.000012s ]
INFO: [ app_init ] --END-- [ RunTime:0.000062s ]
INFO: [ app_begin ] --START--
INFO: Run Behavior\ReadHtmlCacheBehavior [ RunTime:0.000471s ]
INFO: [ app_begin ] --END-- [ RunTime:0.000522s ]
NOTIC: [8] Undefined index: submit D:\htdocs\thinkphp\Application\Home\Controller\MemberController.class.php 第 34 行.
NOTIC: [8] Undefined index: radio D:\htdocs\thinkphp\Application\Home\Controller\MemberController.class.php 第 39 行.
SQL: SHOW COLUMNS FROM `think_member` [ RunTime:0.0414s ]
SQL: SELECT COUNT(*) AS tp_count FROM `think_member` INNER JOIN think_ulevel ON think_ulevel.ulevel = think_member.ulevel  WHERE ( repath like '%1%' and ispay=1  ) LIMIT 1   [ RunTime:0.0375s ]
SQL: SELECT * FROM `think_member` INNER JOIN think_ulevel ON think_ulevel.ulevel = think_member.ulevel  WHERE ( repath like '%1%' and ispay=1  ) ORDER BY id asc LIMIT 50,10   [ RunTime:0.0405s ]
INFO: [ view_parse ] --START--
INFO: [ template_filter ] --START--
INFO: Run Behavior\ContentReplaceBehavior [ RunTime:0.000078s ]
INFO: [ template_filter ] --END-- [ RunTime:0.000140s ]
SQL: SELECT * FROM `think_member` WHERE ( id='1' ) LIMIT 1   [ RunTime:0.0392s ]
INFO: Run Behavior\ParseTemplateBehavior [ RunTime:0.047566s ]
INFO: [ view_parse ] --END-- [ RunTime:0.047630s ]
INFO: [ view_filter ] --START--
INFO: Run Behavior\WriteHtmlCacheBehavior [ RunTime:0.000487s ]
INFO: [ view_filter ] --END-- [ RunTime:0.000533s ]
INFO: [ app_end ] --START--
INFO: Run Behavior\ShowPageTraceBehavior [ RunTime:0.000644s ]
INFO: [ app_end ] --END-- [ RunTime:0.000715s ]

[ 2016-09-12T17:55:54+08:00 ] ::1 /thinkphp/index.php/Home/Member/human/p/6.html
INFO: [ app_init ] --START--
INFO: Run Behavior\BuildLiteBehavior [ RunTime:0.000019s ]
INFO: [ app_init ] --END-- [ RunTime:0.000102s ]
INFO: [ app_begin ] --START--
INFO: Run Behavior\ReadHtmlCacheBehavior [ RunTime:0.000534s ]
INFO: [ app_begin ] --END-- [ RunTime:0.000604s ]
NOTIC: [8] Undefined index: submit D:\htdocs\thinkphp\Application\Home\Controller\MemberController.class.php 第 34 行.
NOTIC: [8] Undefined index: radio D:\htdocs\thinkphp\Application\Home\Controller\MemberController.class.php 第 39 行.
SQL: SHOW COLUMNS FROM `think_member` [ RunTime:0.0401s ]
SQL: SELECT COUNT(*) AS tp_count FROM `think_member` INNER JOIN think_ulevel ON think_ulevel.ulevel = think_member.ulevel  WHERE ( repath like '%1%' and ispay=1  ) LIMIT 1   [ RunTime:0.0349s ]
SQL: SELECT * FROM `think_member` INNER JOIN think_ulevel ON think_ulevel.ulevel = think_member.ulevel  WHERE ( repath like '%1%' and ispay=1  ) ORDER BY id asc LIMIT 50,10   [ RunTime:0.0391s ]
INFO: [ view_parse ] --START--
INFO: [ template_filter ] --START--
INFO: Run Behavior\ContentReplaceBehavior [ RunTime:0.000079s ]
INFO: [ template_filter ] --END-- [ RunTime:0.000137s ]
SQL: SELECT * FROM `think_member` WHERE ( id='1' ) LIMIT 1   [ RunTime:0.0395s ]
INFO: Run Behavior\ParseTemplateBehavior [ RunTime:0.047505s ]
INFO: [ view_parse ] --END-- [ RunTime:0.047574s ]
INFO: [ view_filter ] --START--
INFO: Run Behavior\WriteHtmlCacheBehavior [ RunTime:0.000484s ]
INFO: [ view_filter ] --END-- [ RunTime:0.000532s ]
INFO: [ app_end ] --START--
INFO: Run Behavior\ShowPageTraceBehavior [ RunTime:0.000634s ]
INFO: [ app_end ] --END-- [ RunTime:0.000706s ]

[ 2016-09-12T17:56:01+08:00 ] ::1 /thinkphp/index.php/Home/Member/human/p/6.html
INFO: [ app_init ] --START--
INFO: Run Behavior\BuildLiteBehavior [ RunTime:0.000011s ]
INFO: [ app_init ] --END-- [ RunTime:0.000060s ]
INFO: [ app_begin ] --START--
INFO: Run Behavior\ReadHtmlCacheBehavior [ RunTime:0.000651s ]
INFO: [ app_begin ] --END-- [ RunTime:0.000814s ]
SQL: SHOW COLUMNS FROM `think_member` [ RunTime:0.0403s ]
SQL: SELECT * FROM `think_member` WHERE (  username= '' or nickname= '053' and ispay=1  ) LIMIT 1   [ RunTime:0.0429s ]

[ 2016-09-12T17:56:02+08:00 ] ::1 /thinkphp/index.php/Home/Member/mem_info.html
INFO: [ app_init ] --START--
INFO: Run Behavior\BuildLiteBehavior [ RunTime:0.000050s ]
INFO: [ app_init ] --END-- [ RunTime:0.000228s ]
INFO: [ app_begin ] --START--
INFO: Run Behavior\ReadHtmlCacheBehavior [ RunTime:0.000641s ]
INFO: [ app_begin ] --END-- [ RunTime:0.000706s ]
SQL: SHOW COLUMNS FROM `think_member` [ RunTime:0.0410s ]
SQL: SELECT * FROM `think_member` INNER JOIN think_ulevel ON think_ulevel.ulevel = think_member.ulevel  WHERE (  username= '' or nickname= '053' and ispay=1  ) LIMIT 1   [ RunTime:0.0391s ]
SQL: SHOW COLUMNS FROM `think_ulevelup` [ RunTime:0.0354s ]
SQL: SELECT * FROM `think_ulevelup` WHERE (  userid= ''   ) ORDER BY uid desc LIMIT 1   [ RunTime:0.0350s ]
SQL: SELECT * FROM `think_member` WHERE ( id='' ) LIMIT 1   [ RunTime:0.0369s ]
SQL: SELECT COUNT(*) AS tp_count FROM `think_ulevelup` WHERE (  userid= ''   ) LIMIT 1   [ RunTime:0.0348s ]
SQL: SELECT * FROM `think_ulevelup` INNER JOIN think_ulevel ON think_ulevelup.tolevel = think_ulevel.ulevel  WHERE (  userid= ''   ) ORDER BY think_ulevelup.uid desc  [ RunTime:0.0355s ]
INFO: [ view_parse ] --START--
INFO: [ template_filter ] --START--
INFO: Run Behavior\ContentReplaceBehavior [ RunTime:0.000104s ]
INFO: [ template_filter ] --END-- [ RunTime:0.000162s ]
INFO: Run Behavior\ParseTemplateBehavior [ RunTime:0.011526s ]
INFO: [ view_parse ] --END-- [ RunTime:0.011600s ]
INFO: [ view_filter ] --START--
INFO: Run Behavior\WriteHtmlCacheBehavior [ RunTime:0.000501s ]
INFO: [ view_filter ] --END-- [ RunTime:0.000550s ]
INFO: [ app_end ] --START--
INFO: Run Behavior\ShowPageTraceBehavior [ RunTime:0.000684s ]
INFO: [ app_end ] --END-- [ RunTime:0.000745s ]

[ 2016-09-12T17:59:19+08:00 ] ::1 /thinkphp/index.php/Home/Member/mem_info.html
INFO: [ app_init ] --START--
INFO: Run Behavior\BuildLiteBehavior [ RunTime:0.000012s ]
INFO: [ app_init ] --END-- [ RunTime:0.000059s ]
INFO: [ app_begin ] --START--
INFO: Run Behavior\ReadHtmlCacheBehavior [ RunTime:0.000595s ]
INFO: [ app_begin ] --END-- [ RunTime:0.000647s ]
SQL: SHOW COLUMNS FROM `think_member` [ RunTime:0.0416s ]
SQL: SELECT * FROM `think_member` INNER JOIN think_ulevel ON think_ulevel.ulevel = think_member.ulevel  WHERE (  username= '' or nickname= '053' and ispay=1  ) LIMIT 1   [ RunTime:0.0390s ]
SQL: SHOW COLUMNS FROM `think_ulevelup` [ RunTime:0.0387s ]
SQL: SELECT * FROM `think_ulevelup` WHERE (  userid= '54'   ) ORDER BY uid desc LIMIT 1   [ RunTime:0.0361s ]
SQL: SELECT * FROM `think_member` WHERE ( id='1' ) LIMIT 1   [ RunTime:0.0400s ]
SQL: SELECT COUNT(*) AS tp_count FROM `think_ulevelup` WHERE (  userid= '54'   ) LIMIT 1   [ RunTime:0.0357s ]
SQL: SELECT * FROM `think_ulevelup` INNER JOIN think_ulevel ON think_ulevelup.tolevel = think_ulevel.ulevel  WHERE (  userid= '54'   ) ORDER BY think_ulevelup.uid desc  [ RunTime:0.0392s ]
INFO: [ view_parse ] --START--
INFO: [ template_filter ] --START--
INFO: Run Behavior\ContentReplaceBehavior [ RunTime:0.000098s ]
INFO: [ template_filter ] --END-- [ RunTime:0.000154s ]
NOTIC: [8] Undefined index: img4 D:\htdocs\thinkphp\Application\Runtime\Cache\Home\f636b5bc55eb33c5d1fd77f2591b1efd.php 第 206 行.
INFO: Run Behavior\ParseTemplateBehavior [ RunTime:0.009732s ]
INFO: [ view_parse ] --END-- [ RunTime:0.009805s ]
INFO: [ view_filter ] --START--
INFO: Run Behavior\WriteHtmlCacheBehavior [ RunTime:0.000592s ]
INFO: [ view_filter ] --END-- [ RunTime:0.000647s ]
INFO: [ app_end ] --START--
INFO: Run Behavior\ShowPageTraceBehavior [ RunTime:0.000690s ]
INFO: [ app_end ] --END-- [ RunTime:0.000753s ]

