[ 2016-10-14T09:08:04+08:00 ] ::1 /uufenxiao/
INFO: [ app_init ] --START--
INFO: Run Behavior\BuildLiteBehavior [ RunTime:0.000014s ]
INFO: [ app_init ] --END-- [ RunTime:0.001318s ]
INFO: [ app_begin ] --START--
INFO: Run Behavior\ReadHtmlCacheBehavior [ RunTime:0.000745s ]
INFO: [ app_begin ] --END-- [ RunTime:0.000798s ]
SQL: SHOW COLUMNS FROM `think_member` [ RunTime:0.0113s ]
SQL: SELECT * FROM `think_member` LIMIT 1   [ RunTime:0.0008s ]
SQL: SHOW COLUMNS FROM `think_ulevelup` [ RunTime:0.0081s ]
SQL: SELECT * FROM `think_ulevelup` WHERE (  userid= '1'   ) ORDER BY uid desc LIMIT 1   [ RunTime:0.0013s ]
SQL: SHOW COLUMNS FROM `think_member` [ RunTime:0.0048s ]
SQL: SELECT * FROM `think_member` WHERE ( id='0' ) LIMIT 1   [ RunTime:0.0008s ]
SQL: SELECT COUNT(*) AS tp_count FROM `think_ulevelup` WHERE (  userid= '1'   ) LIMIT 1   [ RunTime:0.0013s ]
SQL: SELECT * FROM `think_ulevelup` INNER JOIN think_ulevel ON think_ulevelup.tolevel = think_ulevel.ulevel  WHERE (  userid= '1'   ) ORDER BY think_ulevelup.uid desc  [ RunTime:0.0022s ]

[ 2016-10-14T09:08:04+08:00 ] ::1 /uufenxiao/index.php?m=Home&c=Index&a=login
INFO: [ app_init ] --START--
INFO: Run Behavior\BuildLiteBehavior [ RunTime:0.000011s ]
INFO: [ app_init ] --END-- [ RunTime:0.000054s ]
INFO: [ app_begin ] --START--
INFO: Run Behavior\ReadHtmlCacheBehavior [ RunTime:0.000421s ]
INFO: [ app_begin ] --END-- [ RunTime:0.000465s ]
NOTIC: [8] Undefined index: submit D:\htdocs\uufenxiao\Application\Home\Controller\IndexController.class.php 第 51 行.
INFO: [ view_parse ] --START--
INFO: [ template_filter ] --START--
INFO: Run Behavior\ContentReplaceBehavior [ RunTime:0.000053s ]
INFO: [ template_filter ] --END-- [ RunTime:0.000115s ]
INFO: Run Behavior\ParseTemplateBehavior [ RunTime:0.011296s ]
INFO: [ view_parse ] --END-- [ RunTime:0.011349s ]
INFO: [ view_filter ] --START--
INFO: Run Behavior\WriteHtmlCacheBehavior [ RunTime:0.000712s ]
INFO: [ view_filter ] --END-- [ RunTime:0.000752s ]
INFO: [ app_end ] --START--
INFO: Run Behavior\ShowPageTraceBehavior [ RunTime:0.000725s ]
INFO: [ app_end ] --END-- [ RunTime:0.000768s ]

[ 2016-10-14T10:08:43+08:00 ] ::1 /uufenxiao/index.php?m=Home&c=Index&a=webuploader
INFO: [ app_init ] --START--
INFO: Run Behavior\BuildLiteBehavior [ RunTime:0.000012s ]
INFO: [ app_init ] --END-- [ RunTime:0.000061s ]
INFO: [ app_begin ] --START--
INFO: Run Behavior\ReadHtmlCacheBehavior [ RunTime:0.000599s ]
INFO: [ app_begin ] --END-- [ RunTime:0.000651s ]

