[ 2016-10-26T09:04:25+08:00 ] ::1 /uufenxiao/
INFO: [ app_init ] --START--
INFO: Run Behavior\BuildLiteBehavior [ RunTime:0.000016s ]
INFO: [ app_init ] --END-- [ RunTime:0.000730s ]
INFO: [ app_begin ] --START--
INFO: Run Behavior\ReadHtmlCacheBehavior [ RunTime:0.000775s ]
INFO: [ app_begin ] --END-- [ RunTime:0.000829s ]
SQL: SHOW COLUMNS FROM `think_member` [ RunTime:0.0087s ]
SQL: SELECT * FROM `think_member` LIMIT 1   [ RunTime:0.0016s ]
SQL: SHOW COLUMNS FROM `think_ulevelup` [ RunTime:0.0065s ]
SQL: SELECT * FROM `think_ulevelup` WHERE (  userid= '1'   ) ORDER BY uid desc LIMIT 1   [ RunTime:0.0034s ]
SQL: SHOW COLUMNS FROM `think_member` [ RunTime:0.0041s ]
SQL: SELECT * FROM `think_member` WHERE ( id='0' ) LIMIT 1   [ RunTime:0.0004s ]
SQL: SELECT COUNT(*) AS tp_count FROM `think_ulevelup` WHERE (  userid= '1'   ) LIMIT 1   [ RunTime:0.0013s ]
SQL: SELECT * FROM `think_ulevelup` INNER JOIN think_ulevel ON think_ulevelup.tolevel = think_ulevel.ulevel  WHERE (  userid= '1'   ) ORDER BY think_ulevelup.uid desc  [ RunTime:0.0019s ]

[ 2016-10-26T09:04:25+08:00 ] ::1 /uufenxiao/index.php?m=Home&c=Index&a=login
INFO: [ app_init ] --START--
INFO: Run Behavior\BuildLiteBehavior [ RunTime:0.000013s ]
INFO: [ app_init ] --END-- [ RunTime:0.000064s ]
INFO: [ app_begin ] --START--
INFO: Run Behavior\ReadHtmlCacheBehavior [ RunTime:0.000491s ]
INFO: [ app_begin ] --END-- [ RunTime:0.000543s ]
NOTIC: [8] Undefined index: submit D:\htdocs\uufenxiao\Application\Home\Controller\IndexController.class.php 第 51 行.
INFO: [ view_parse ] --START--
INFO: [ template_filter ] --START--
INFO: Run Behavior\ContentReplaceBehavior [ RunTime:0.000052s ]
INFO: [ template_filter ] --END-- [ RunTime:0.000108s ]
INFO: Run Behavior\ParseTemplateBehavior [ RunTime:0.009864s ]
INFO: [ view_parse ] --END-- [ RunTime:0.009926s ]
INFO: [ view_filter ] --START--
INFO: Run Behavior\WriteHtmlCacheBehavior [ RunTime:0.000622s ]
INFO: [ view_filter ] --END-- [ RunTime:0.000662s ]
INFO: [ app_end ] --START--
INFO: Run Behavior\ShowPageTraceBehavior [ RunTime:0.000770s ]
INFO: [ app_end ] --END-- [ RunTime:0.000812s ]

[ 2016-10-26T09:04:32+08:00 ] ::1 /uufenxiao/index.php/Home/Index/login
INFO: [ app_init ] --START--
INFO: Run Behavior\BuildLiteBehavior [ RunTime:0.000012s ]
INFO: [ app_init ] --END-- [ RunTime:0.000060s ]
INFO: [ app_begin ] --START--
INFO: Run Behavior\ReadHtmlCacheBehavior [ RunTime:0.000441s ]
INFO: [ app_begin ] --END-- [ RunTime:0.000533s ]
SQL: SHOW COLUMNS FROM `think_member` [ RunTime:0.0042s ]
SQL: SELECT COUNT(*) AS tp_count FROM `think_member` WHERE ( nickname= '000' AND password1= '96e79218965eb72c92a549dd5a330112' and ispay=1 ) LIMIT 1   [ RunTime:0.0004s ]
SQL: SELECT COUNT(*) AS tp_count FROM `think_member` WHERE ( nickname= '000' AND password1= '96e79218965eb72c92a549dd5a330112' and ispay=1 and islock=0 ) LIMIT 1   [ RunTime:0.0003s ]
SQL: SELECT * FROM `think_member` WHERE ( nickname='000' ) LIMIT 1   [ RunTime:0.0005s ]
INFO: [ view_parse ] --START--
INFO: [ template_filter ] --START--
INFO: Run Behavior\ContentReplaceBehavior [ RunTime:0.000041s ]
INFO: [ template_filter ] --END-- [ RunTime:0.000100s ]
INFO: Run Behavior\ParseTemplateBehavior [ RunTime:0.006854s ]
INFO: [ view_parse ] --END-- [ RunTime:0.006908s ]
INFO: [ view_filter ] --START--
INFO: Run Behavior\WriteHtmlCacheBehavior [ RunTime:0.000278s ]
INFO: [ view_filter ] --END-- [ RunTime:0.000320s ]
INFO: [ app_end ] --START--
INFO: Run Behavior\ShowPageTraceBehavior [ RunTime:0.000448s ]
INFO: [ app_end ] --END-- [ RunTime:0.000490s ]

[ 2016-10-26T09:04:33+08:00 ] ::1 /uufenxiao/index.php?m=Home&c=Index&a=index
INFO: [ app_init ] --START--
INFO: Run Behavior\BuildLiteBehavior [ RunTime:0.000014s ]
INFO: [ app_init ] --END-- [ RunTime:0.000071s ]
INFO: [ app_begin ] --START--
INFO: Run Behavior\ReadHtmlCacheBehavior [ RunTime:0.000436s ]
INFO: [ app_begin ] --END-- [ RunTime:0.000496s ]
SQL: SHOW COLUMNS FROM `think_member` [ RunTime:0.0051s ]
SQL: SELECT * FROM `think_member` WHERE `id` = 1 LIMIT 1   [ RunTime:0.0007s ]
SQL: SHOW COLUMNS FROM `think_ulevelup` [ RunTime:0.0030s ]
SQL: SELECT * FROM `think_ulevelup` WHERE (  userid= '1'   ) ORDER BY uid desc LIMIT 1   [ RunTime:0.0004s ]
SQL: SHOW COLUMNS FROM `think_member` [ RunTime:0.0042s ]
SQL: SELECT * FROM `think_member` WHERE ( id='0' ) LIMIT 1   [ RunTime:0.0004s ]
SQL: SELECT COUNT(*) AS tp_count FROM `think_ulevelup` WHERE (  userid= '1'   ) LIMIT 1   [ RunTime:0.0002s ]
SQL: SELECT * FROM `think_ulevelup` INNER JOIN think_ulevel ON think_ulevelup.tolevel = think_ulevel.ulevel  WHERE (  userid= '1'   ) ORDER BY think_ulevelup.uid desc  [ RunTime:0.0005s ]
SQL: SELECT * FROM `think_member` WHERE `id` = 1 LIMIT 1   [ RunTime:0.0004s ]
INFO: [ view_parse ] --START--
INFO: [ template_filter ] --START--
INFO: Run Behavior\ContentReplaceBehavior [ RunTime:0.000099s ]
INFO: [ template_filter ] --END-- [ RunTime:0.000156s ]
SQL: SHOW COLUMNS FROM `think_store` [ RunTime:0.0074s ]
SQL: SELECT S.*,M.username,M.nickname FROM think_store S INNER JOIN think_member M on S.user_id=M.id  WHERE ( M.id=1 ) LIMIT 1   [ RunTime:0.0004s ]
NOTIC: [8] Undefined index: lvname D:\htdocs\uufenxiao\Application\Runtime\Cache\Home\2a94b8bda04ff446dcedd42276fc99ee.php 第 158 行.
INFO: Run Behavior\ParseTemplateBehavior [ RunTime:0.018337s ]
INFO: [ view_parse ] --END-- [ RunTime:0.018392s ]
INFO: [ view_filter ] --START--
INFO: Run Behavior\WriteHtmlCacheBehavior [ RunTime:0.000362s ]
INFO: [ view_filter ] --END-- [ RunTime:0.000405s ]
INFO: [ app_end ] --START--
INFO: Run Behavior\ShowPageTraceBehavior [ RunTime:0.000532s ]
INFO: [ app_end ] --END-- [ RunTime:0.000604s ]

[ 2016-10-26T09:04:59+08:00 ] ::1 /uufenxiao/index.php?m=Home&c=Uuce&a=uu_kucun
INFO: [ app_init ] --START--
INFO: Run Behavior\BuildLiteBehavior [ RunTime:0.000012s ]
INFO: [ app_init ] --END-- [ RunTime:0.000061s ]
INFO: [ app_begin ] --START--
INFO: Run Behavior\ReadHtmlCacheBehavior [ RunTime:0.000500s ]
INFO: [ app_begin ] --END-- [ RunTime:0.000554s ]
SQL: SHOW COLUMNS FROM `think_uukucun` [ RunTime:0.0064s ]
SQL: SHOW COLUMNS FROM `think_uukucun` [ RunTime:0.0026s ]
SQL: SELECT K.*,G.thumb,`goods_name` FROM think_uukucun K INNER JOIN think_goods G on G.goods_id=K.goods_id  WHERE ( K.user_id=1 )  [ RunTime:0.0030s ]
INFO: [ view_parse ] --START--
INFO: [ template_filter ] --START--
INFO: Run Behavior\ContentReplaceBehavior [ RunTime:0.000065s ]
INFO: [ template_filter ] --END-- [ RunTime:0.000124s ]
SQL: SHOW COLUMNS FROM `think_member` [ RunTime:0.0039s ]
SQL: SHOW COLUMNS FROM `think_store` [ RunTime:0.0028s ]
SQL: SELECT S.*,M.username,M.nickname FROM think_store S INNER JOIN think_member M on S.user_id=M.id  WHERE ( M.id=1 ) LIMIT 1   [ RunTime:0.0003s ]
INFO: Run Behavior\ParseTemplateBehavior [ RunTime:0.017271s ]
INFO: [ view_parse ] --END-- [ RunTime:0.017358s ]
INFO: [ view_filter ] --START--
INFO: Run Behavior\WriteHtmlCacheBehavior [ RunTime:0.000693s ]
INFO: [ view_filter ] --END-- [ RunTime:0.000785s ]
INFO: [ app_end ] --START--
INFO: Run Behavior\ShowPageTraceBehavior [ RunTime:0.000567s ]
INFO: [ app_end ] --END-- [ RunTime:0.000621s ]

[ 2016-10-26T09:05:01+08:00 ] ::1 /uufenxiao/index.php?m=Home&c=Uuce&a=uu_record
INFO: [ app_init ] --START--
INFO: Run Behavior\BuildLiteBehavior [ RunTime:0.000023s ]
INFO: [ app_init ] --END-- [ RunTime:0.000184s ]
INFO: [ app_begin ] --START--
INFO: Run Behavior\ReadHtmlCacheBehavior [ RunTime:0.000557s ]
INFO: [ app_begin ] --END-- [ RunTime:0.000628s ]
SQL: SHOW COLUMNS FROM `think_uurecord` [ RunTime:0.0058s ]
SQL: SELECT COUNT(*) AS tp_count FROM `think_uurecord` WHERE ( user_id=1 ) LIMIT 1   [ RunTime:0.0005s ]
SQL: SELECT G.goods_name,think_uurecord.* FROM `think_uurecord` INNER JOIN think_goods G on G.goods_id=think_uurecord.goods_id  WHERE ( user_id=1 ) ORDER BY id desc LIMIT 0,10   [ RunTime:0.0005s ]
INFO: [ view_parse ] --START--
INFO: [ template_filter ] --START--
INFO: Run Behavior\ContentReplaceBehavior [ RunTime:0.000065s ]
INFO: [ template_filter ] --END-- [ RunTime:0.000122s ]
SQL: SHOW COLUMNS FROM `think_member` [ RunTime:0.0039s ]
SQL: SHOW COLUMNS FROM `think_store` [ RunTime:0.0032s ]
SQL: SELECT S.*,M.username,M.nickname FROM think_store S INNER JOIN think_member M on S.user_id=M.id  WHERE ( M.id=1 ) LIMIT 1   [ RunTime:0.0003s ]
INFO: Run Behavior\ParseTemplateBehavior [ RunTime:0.017892s ]
INFO: [ view_parse ] --END-- [ RunTime:0.017955s ]
INFO: [ view_filter ] --START--
INFO: Run Behavior\WriteHtmlCacheBehavior [ RunTime:0.000354s ]
INFO: [ view_filter ] --END-- [ RunTime:0.000398s ]
INFO: [ app_end ] --START--
INFO: Run Behavior\ShowPageTraceBehavior [ RunTime:0.000497s ]
INFO: [ app_end ] --END-- [ RunTime:0.000554s ]

[ 2016-10-26T09:05:06+08:00 ] ::1 /uufenxiao/index.php?m=Home&c=Uuce&a=uu_kucun
INFO: [ app_init ] --START--
INFO: Run Behavior\BuildLiteBehavior [ RunTime:0.000015s ]
INFO: [ app_init ] --END-- [ RunTime:0.000078s ]
INFO: [ app_begin ] --START--
INFO: Run Behavior\ReadHtmlCacheBehavior [ RunTime:0.000523s ]
INFO: [ app_begin ] --END-- [ RunTime:0.000590s ]
SQL: SHOW COLUMNS FROM `think_uukucun` [ RunTime:0.0033s ]
SQL: SHOW COLUMNS FROM `think_uukucun` [ RunTime:0.0055s ]
SQL: SELECT K.*,G.thumb,`goods_name` FROM think_uukucun K INNER JOIN think_goods G on G.goods_id=K.goods_id  WHERE ( K.user_id=1 )  [ RunTime:0.0003s ]
INFO: [ view_parse ] --START--
INFO: [ template_filter ] --START--
INFO: Run Behavior\ContentReplaceBehavior [ RunTime:0.000069s ]
INFO: [ template_filter ] --END-- [ RunTime:0.000125s ]
SQL: SHOW COLUMNS FROM `think_member` [ RunTime:0.0045s ]
SQL: SHOW COLUMNS FROM `think_store` [ RunTime:0.0031s ]
SQL: SELECT S.*,M.username,M.nickname FROM think_store S INNER JOIN think_member M on S.user_id=M.id  WHERE ( M.id=1 ) LIMIT 1   [ RunTime:0.0003s ]
INFO: Run Behavior\ParseTemplateBehavior [ RunTime:0.017007s ]
INFO: [ view_parse ] --END-- [ RunTime:0.017064s ]
INFO: [ view_filter ] --START--
INFO: Run Behavior\WriteHtmlCacheBehavior [ RunTime:0.000415s ]
INFO: [ view_filter ] --END-- [ RunTime:0.000458s ]
INFO: [ app_end ] --START--
INFO: Run Behavior\ShowPageTraceBehavior [ RunTime:0.000499s ]
INFO: [ app_end ] --END-- [ RunTime:0.000543s ]

[ 2016-10-26T09:05:09+08:00 ] ::1 /uufenxiao/index.php?m=Home&c=Member&a=travel_re
INFO: [ app_init ] --START--
INFO: Run Behavior\BuildLiteBehavior [ RunTime:0.000012s ]
INFO: [ app_init ] --END-- [ RunTime:0.000061s ]
INFO: [ app_begin ] --START--
INFO: Run Behavior\ReadHtmlCacheBehavior [ RunTime:0.000440s ]
INFO: [ app_begin ] --END-- [ RunTime:0.000494s ]
INFO: [ view_parse ] --START--
INFO: [ template_filter ] --START--
INFO: Run Behavior\ContentReplaceBehavior [ RunTime:0.000205s ]
INFO: [ template_filter ] --END-- [ RunTime:0.000449s ]
SQL: SHOW COLUMNS FROM `think_member` [ RunTime:0.0039s ]
SQL: SHOW COLUMNS FROM `think_store` [ RunTime:0.0032s ]
SQL: SELECT S.*,M.username,M.nickname FROM think_store S INNER JOIN think_member M on S.user_id=M.id  WHERE ( M.id=1 ) LIMIT 1   [ RunTime:0.0008s ]
INFO: Run Behavior\ParseTemplateBehavior [ RunTime:0.024815s ]
INFO: [ view_parse ] --END-- [ RunTime:0.024872s ]
INFO: [ view_filter ] --START--
INFO: Run Behavior\WriteHtmlCacheBehavior [ RunTime:0.000436s ]
INFO: [ view_filter ] --END-- [ RunTime:0.000483s ]
INFO: [ app_end ] --START--
INFO: Run Behavior\ShowPageTraceBehavior [ RunTime:0.000531s ]
INFO: [ app_end ] --END-- [ RunTime:0.000586s ]

[ 2016-10-26T10:06:44+08:00 ] ::1 /uufenxiao/index.php?m=Home&c=Member&a=travel_re
INFO: [ app_init ] --START--
INFO: Run Behavior\BuildLiteBehavior [ RunTime:0.000011s ]
INFO: [ app_init ] --END-- [ RunTime:0.000064s ]
INFO: [ app_begin ] --START--
INFO: Run Behavior\ReadHtmlCacheBehavior [ RunTime:0.000506s ]
INFO: [ app_begin ] --END-- [ RunTime:0.000559s ]
INFO: [ view_parse ] --START--
INFO: [ template_filter ] --START--
INFO: Run Behavior\ContentReplaceBehavior [ RunTime:0.000085s ]
INFO: [ template_filter ] --END-- [ RunTime:0.000154s ]
SQL: SHOW COLUMNS FROM `think_member` [ RunTime:0.0045s ]
SQL: SHOW COLUMNS FROM `think_store` [ RunTime:0.0053s ]
SQL: SELECT S.*,M.username,M.nickname FROM think_store S INNER JOIN think_member M on S.user_id=M.id  WHERE ( M.id=1 ) LIMIT 1   [ RunTime:0.0004s ]
INFO: Run Behavior\ParseTemplateBehavior [ RunTime:0.027533s ]
INFO: [ view_parse ] --END-- [ RunTime:0.027587s ]
INFO: [ view_filter ] --START--
INFO: Run Behavior\WriteHtmlCacheBehavior [ RunTime:0.000447s ]
INFO: [ view_filter ] --END-- [ RunTime:0.000494s ]
INFO: [ app_end ] --START--
INFO: Run Behavior\ShowPageTraceBehavior [ RunTime:0.000586s ]
INFO: [ app_end ] --END-- [ RunTime:0.000642s ]

[ 2016-10-26T10:06:47+08:00 ] ::1 /uufenxiao/index.php?m=Home&c=Travel&a=travel_list
INFO: [ app_init ] --START--
INFO: Run Behavior\BuildLiteBehavior [ RunTime:0.000012s ]
INFO: [ app_init ] --END-- [ RunTime:0.000067s ]
INFO: [ app_begin ] --START--
INFO: Run Behavior\ReadHtmlCacheBehavior [ RunTime:0.000425s ]
INFO: [ app_begin ] --END-- [ RunTime:0.000483s ]
INFO: [ view_parse ] --START--
INFO: [ template_filter ] --START--
INFO: Run Behavior\ContentReplaceBehavior [ RunTime:0.000083s ]
INFO: [ template_filter ] --END-- [ RunTime:0.000147s ]
SQL: SHOW COLUMNS FROM `think_member` [ RunTime:0.0048s ]
SQL: SHOW COLUMNS FROM `think_store` [ RunTime:0.0035s ]
SQL: SELECT S.*,M.username,M.nickname FROM think_store S INNER JOIN think_member M on S.user_id=M.id  WHERE ( M.id=1 ) LIMIT 1   [ RunTime:0.0004s ]
INFO: Run Behavior\ParseTemplateBehavior [ RunTime:0.025672s ]
INFO: [ view_parse ] --END-- [ RunTime:0.025728s ]
INFO: [ view_filter ] --START--
INFO: Run Behavior\WriteHtmlCacheBehavior [ RunTime:0.000415s ]
INFO: [ view_filter ] --END-- [ RunTime:0.000458s ]
INFO: [ app_end ] --START--
INFO: Run Behavior\ShowPageTraceBehavior [ RunTime:0.000495s ]
INFO: [ app_end ] --END-- [ RunTime:0.000549s ]

[ 2016-10-26T10:06:51+08:00 ] ::1 /uufenxiao/index.php?m=Home&c=Travel&a=travel_list
INFO: [ app_init ] --START--
INFO: Run Behavior\BuildLiteBehavior [ RunTime:0.000010s ]
INFO: [ app_init ] --END-- [ RunTime:0.000055s ]
INFO: [ app_begin ] --START--
INFO: Run Behavior\ReadHtmlCacheBehavior [ RunTime:0.000426s ]
INFO: [ app_begin ] --END-- [ RunTime:0.000474s ]
INFO: [ view_parse ] --START--
INFO: [ template_filter ] --START--
INFO: Run Behavior\ContentReplaceBehavior [ RunTime:0.000083s ]
INFO: [ template_filter ] --END-- [ RunTime:0.000151s ]
SQL: SHOW COLUMNS FROM `think_member` [ RunTime:0.0052s ]
SQL: SHOW COLUMNS FROM `think_store` [ RunTime:0.0038s ]
SQL: SELECT S.*,M.username,M.nickname FROM think_store S INNER JOIN think_member M on S.user_id=M.id  WHERE ( M.id=1 ) LIMIT 1   [ RunTime:0.0003s ]
INFO: Run Behavior\ParseTemplateBehavior [ RunTime:0.027529s ]
INFO: [ view_parse ] --END-- [ RunTime:0.027584s ]
INFO: [ view_filter ] --START--
INFO: Run Behavior\WriteHtmlCacheBehavior [ RunTime:0.000412s ]
INFO: [ view_filter ] --END-- [ RunTime:0.000456s ]
INFO: [ app_end ] --START--
INFO: Run Behavior\ShowPageTraceBehavior [ RunTime:0.000503s ]
INFO: [ app_end ] --END-- [ RunTime:0.000557s ]

[ 2016-10-26T10:07:42+08:00 ] ::1 /uufenxiao/index.php?m=Home&c=Travel&a=travel_list
INFO: [ app_init ] --START--
INFO: Run Behavior\BuildLiteBehavior [ RunTime:0.000011s ]
INFO: [ app_init ] --END-- [ RunTime:0.000084s ]
INFO: [ app_begin ] --START--
INFO: Run Behavior\ReadHtmlCacheBehavior [ RunTime:0.000882s ]
INFO: [ app_begin ] --END-- [ RunTime:0.000981s ]
INFO: [ view_parse ] --START--
INFO: [ template_filter ] --START--
INFO: Run Behavior\ContentReplaceBehavior [ RunTime:0.000069s ]
INFO: [ template_filter ] --END-- [ RunTime:0.000134s ]
SQL: SHOW COLUMNS FROM `think_member` [ RunTime:0.0059s ]
SQL: SHOW COLUMNS FROM `think_store` [ RunTime:0.0038s ]
SQL: SELECT S.*,M.username,M.nickname FROM think_store S INNER JOIN think_member M on S.user_id=M.id  WHERE ( M.id=1 ) LIMIT 1   [ RunTime:0.0004s ]
INFO: Run Behavior\ParseTemplateBehavior [ RunTime:0.025735s ]
INFO: [ view_parse ] --END-- [ RunTime:0.025799s ]
INFO: [ view_filter ] --START--
INFO: Run Behavior\WriteHtmlCacheBehavior [ RunTime:0.000492s ]
INFO: [ view_filter ] --END-- [ RunTime:0.000538s ]
INFO: [ app_end ] --START--
INFO: Run Behavior\ShowPageTraceBehavior [ RunTime:0.000534s ]
INFO: [ app_end ] --END-- [ RunTime:0.000577s ]

[ 2016-10-26T10:08:25+08:00 ] ::1 /uufenxiao/index.php?m=Home&c=Travel&a=travel_list
INFO: [ app_init ] --START--
INFO: Run Behavior\BuildLiteBehavior [ RunTime:0.000012s ]
INFO: [ app_init ] --END-- [ RunTime:0.000062s ]
INFO: [ app_begin ] --START--
INFO: Run Behavior\ReadHtmlCacheBehavior [ RunTime:0.000497s ]
INFO: [ app_begin ] --END-- [ RunTime:0.000574s ]
INFO: [ view_parse ] --START--
INFO: [ template_filter ] --START--
INFO: Run Behavior\ContentReplaceBehavior [ RunTime:0.000063s ]
INFO: [ template_filter ] --END-- [ RunTime:0.000118s ]
SQL: SHOW COLUMNS FROM `think_member` [ RunTime:0.0077s ]
SQL: SHOW COLUMNS FROM `think_store` [ RunTime:0.0036s ]
SQL: SELECT S.*,M.username,M.nickname FROM think_store S INNER JOIN think_member M on S.user_id=M.id  WHERE ( M.id=1 ) LIMIT 1   [ RunTime:0.0003s ]
INFO: Run Behavior\ParseTemplateBehavior [ RunTime:0.025377s ]
INFO: [ view_parse ] --END-- [ RunTime:0.025431s ]
INFO: [ view_filter ] --START--
INFO: Run Behavior\WriteHtmlCacheBehavior [ RunTime:0.000388s ]
INFO: [ view_filter ] --END-- [ RunTime:0.000432s ]
INFO: [ app_end ] --START--
INFO: Run Behavior\ShowPageTraceBehavior [ RunTime:0.000491s ]
INFO: [ app_end ] --END-- [ RunTime:0.000533s ]

[ 2016-10-26T15:27:03+08:00 ] ::1 /uufenxiao/index.php?m=Home&c=Travel&a=travel_list
INFO: [ app_init ] --START--
INFO: Run Behavior\BuildLiteBehavior [ RunTime:0.000012s ]
INFO: [ app_init ] --END-- [ RunTime:0.000062s ]
INFO: [ app_begin ] --START--
INFO: Run Behavior\ReadHtmlCacheBehavior [ RunTime:0.001093s ]
INFO: [ app_begin ] --END-- [ RunTime:0.001223s ]
SQL: SHOW COLUMNS FROM `think_travel` [ RunTime:0.0053s ]
SQL: SELECT * FROM `think_travel`  [ RunTime:0.0007s ]
INFO: [ view_parse ] --START--
INFO: [ template_filter ] --START--
INFO: Run Behavior\ContentReplaceBehavior [ RunTime:0.000104s ]
INFO: [ template_filter ] --END-- [ RunTime:0.000232s ]
SQL: SHOW COLUMNS FROM `think_member` [ RunTime:0.0067s ]
SQL: SHOW COLUMNS FROM `think_store` [ RunTime:0.0052s ]
SQL: SELECT S.*,M.username,M.nickname FROM think_store S INNER JOIN think_member M on S.user_id=M.id  WHERE ( M.id=1 ) LIMIT 1   [ RunTime:0.0007s ]
INFO: Run Behavior\ParseTemplateBehavior [ RunTime:0.028192s ]
INFO: [ view_parse ] --END-- [ RunTime:0.028327s ]
INFO: [ view_filter ] --START--
INFO: Run Behavior\WriteHtmlCacheBehavior [ RunTime:0.000480s ]
INFO: [ view_filter ] --END-- [ RunTime:0.000555s ]
INFO: [ app_end ] --START--
INFO: Run Behavior\ShowPageTraceBehavior [ RunTime:0.000771s ]
INFO: [ app_end ] --END-- [ RunTime:0.000869s ]

[ 2016-10-26T15:28:03+08:00 ] ::1 /uufenxiao/index.php?m=Home&c=Travel&a=travel_list
INFO: [ app_init ] --START--
INFO: Run Behavior\BuildLiteBehavior [ RunTime:0.000012s ]
INFO: [ app_init ] --END-- [ RunTime:0.000063s ]
INFO: [ app_begin ] --START--
INFO: Run Behavior\ReadHtmlCacheBehavior [ RunTime:0.000484s ]
INFO: [ app_begin ] --END-- [ RunTime:0.000534s ]
SQL: SHOW COLUMNS FROM `think_travel` [ RunTime:0.0037s ]
SQL: SELECT * FROM `think_travel`  [ RunTime:0.0004s ]
INFO: [ view_parse ] --START--
INFO: [ template_filter ] --START--
INFO: Run Behavior\ContentReplaceBehavior [ RunTime:0.000235s ]
INFO: [ template_filter ] --END-- [ RunTime:0.000641s ]
SQL: SHOW COLUMNS FROM `think_member` [ RunTime:0.0048s ]
SQL: SHOW COLUMNS FROM `think_store` [ RunTime:0.0034s ]
SQL: SELECT S.*,M.username,M.nickname FROM think_store S INNER JOIN think_member M on S.user_id=M.id  WHERE ( M.id=1 ) LIMIT 1   [ RunTime:0.0003s ]
INFO: Run Behavior\ParseTemplateBehavior [ RunTime:0.020487s ]
INFO: [ view_parse ] --END-- [ RunTime:0.020552s ]
INFO: [ view_filter ] --START--
INFO: Run Behavior\WriteHtmlCacheBehavior [ RunTime:0.000404s ]
INFO: [ view_filter ] --END-- [ RunTime:0.000450s ]
INFO: [ app_end ] --START--
INFO: Run Behavior\ShowPageTraceBehavior [ RunTime:0.000508s ]
INFO: [ app_end ] --END-- [ RunTime:0.000553s ]

[ 2016-10-26T15:59:23+08:00 ] ::1 /uufenxiao/index.php?m=Home&c=Travel&a=travel_list
INFO: [ app_init ] --START--
INFO: Run Behavior\BuildLiteBehavior [ RunTime:0.000012s ]
INFO: [ app_init ] --END-- [ RunTime:0.000063s ]
INFO: [ app_begin ] --START--
INFO: Run Behavior\ReadHtmlCacheBehavior [ RunTime:0.000483s ]
INFO: [ app_begin ] --END-- [ RunTime:0.000534s ]
SQL: SHOW COLUMNS FROM `think_travel` [ RunTime:0.0044s ]
SQL: SELECT * FROM `think_travel`  [ RunTime:0.0004s ]
INFO: [ view_parse ] --START--
INFO: [ template_filter ] --START--
INFO: Run Behavior\ContentReplaceBehavior [ RunTime:0.000097s ]
INFO: [ template_filter ] --END-- [ RunTime:0.000296s ]
SQL: SHOW COLUMNS FROM `think_member` [ RunTime:0.0049s ]
SQL: SHOW COLUMNS FROM `think_store` [ RunTime:0.0034s ]
SQL: SELECT S.*,M.username,M.nickname FROM think_store S INNER JOIN think_member M on S.user_id=M.id  WHERE ( M.id=1 ) LIMIT 1   [ RunTime:0.0003s ]
NOTIC: [8] Use of undefined constant tr_id - assumed 'tr_id' D:\htdocs\uufenxiao\Application\Runtime\Cache\Home\5cbebe63547dd503b96c8041775d8220.php 第 96 行.
NOTIC: [8] Use of undefined constant tr_id - assumed 'tr_id' D:\htdocs\uufenxiao\Application\Runtime\Cache\Home\5cbebe63547dd503b96c8041775d8220.php 第 96 行.
NOTIC: [8] Use of undefined constant tr_id - assumed 'tr_id' D:\htdocs\uufenxiao\Application\Runtime\Cache\Home\5cbebe63547dd503b96c8041775d8220.php 第 96 行.
NOTIC: [8] Use of undefined constant tr_id - assumed 'tr_id' D:\htdocs\uufenxiao\Application\Runtime\Cache\Home\5cbebe63547dd503b96c8041775d8220.php 第 96 行.
NOTIC: [8] Use of undefined constant tr_id - assumed 'tr_id' D:\htdocs\uufenxiao\Application\Runtime\Cache\Home\5cbebe63547dd503b96c8041775d8220.php 第 96 行.
INFO: Run Behavior\ParseTemplateBehavior [ RunTime:0.019599s ]
INFO: [ view_parse ] --END-- [ RunTime:0.019661s ]
INFO: [ view_filter ] --START--
INFO: Run Behavior\WriteHtmlCacheBehavior [ RunTime:0.000477s ]
INFO: [ view_filter ] --END-- [ RunTime:0.000521s ]
INFO: [ app_end ] --START--
INFO: Run Behavior\ShowPageTraceBehavior [ RunTime:0.000583s ]
INFO: [ app_end ] --END-- [ RunTime:0.000638s ]

[ 2016-10-26T15:59:59+08:00 ] ::1 /uufenxiao/index.php?m=Home&c=Travel&a=travel_list
INFO: [ app_init ] --START--
INFO: Run Behavior\BuildLiteBehavior [ RunTime:0.000016s ]
INFO: [ app_init ] --END-- [ RunTime:0.000065s ]
INFO: [ app_begin ] --START--
INFO: Run Behavior\ReadHtmlCacheBehavior [ RunTime:0.000499s ]
INFO: [ app_begin ] --END-- [ RunTime:0.000550s ]
SQL: SHOW COLUMNS FROM `think_travel` [ RunTime:0.0039s ]
SQL: SELECT * FROM `think_travel`  [ RunTime:0.0004s ]
INFO: [ view_parse ] --START--
INFO: [ template_filter ] --START--
INFO: Run Behavior\ContentReplaceBehavior [ RunTime:0.000084s ]
INFO: [ template_filter ] --END-- [ RunTime:0.000178s ]
SQL: SHOW COLUMNS FROM `think_member` [ RunTime:0.0049s ]
SQL: SHOW COLUMNS FROM `think_store` [ RunTime:0.0055s ]
SQL: SELECT S.*,M.username,M.nickname FROM think_store S INNER JOIN think_member M on S.user_id=M.id  WHERE ( M.id=1 ) LIMIT 1   [ RunTime:0.0003s ]
INFO: Run Behavior\ParseTemplateBehavior [ RunTime:0.021493s ]
INFO: [ view_parse ] --END-- [ RunTime:0.021562s ]
INFO: [ view_filter ] --START--
INFO: Run Behavior\WriteHtmlCacheBehavior [ RunTime:0.000516s ]
INFO: [ view_filter ] --END-- [ RunTime:0.000573s ]
INFO: [ app_end ] --START--
INFO: Run Behavior\ShowPageTraceBehavior [ RunTime:0.000585s ]
INFO: [ app_end ] --END-- [ RunTime:0.000651s ]

[ 2016-10-26T16:00:01+08:00 ] ::1 /uufenxiao/index.php?m=Home&c=Travel&a=travel_info&id=6
INFO: [ app_init ] --START--
INFO: Run Behavior\BuildLiteBehavior [ RunTime:0.000012s ]
INFO: [ app_init ] --END-- [ RunTime:0.000056s ]
INFO: [ app_begin ] --START--
INFO: Run Behavior\ReadHtmlCacheBehavior [ RunTime:0.000415s ]
INFO: [ app_begin ] --END-- [ RunTime:0.000474s ]
SQL: SHOW COLUMNS FROM `think_travel` [ RunTime:0.0041s ]
SQL: SELECT * FROM `think_travel` WHERE ( tr_id=6 ) LIMIT 1   [ RunTime:0.0003s ]
INFO: [ view_parse ] --START--
INFO: [ template_filter ] --START--
INFO: Run Behavior\ContentReplaceBehavior [ RunTime:0.000139s ]
INFO: [ template_filter ] --END-- [ RunTime:0.000198s ]
SQL: SHOW COLUMNS FROM `think_member` [ RunTime:0.0057s ]
SQL: SHOW COLUMNS FROM `think_store` [ RunTime:0.0035s ]
SQL: SELECT S.*,M.username,M.nickname FROM think_store S INNER JOIN think_member M on S.user_id=M.id  WHERE ( M.id=1 ) LIMIT 1   [ RunTime:0.0003s ]
INFO: Run Behavior\ParseTemplateBehavior [ RunTime:0.020736s ]
INFO: [ view_parse ] --END-- [ RunTime:0.020793s ]
INFO: [ view_filter ] --START--
INFO: Run Behavior\WriteHtmlCacheBehavior [ RunTime:0.000382s ]
INFO: [ view_filter ] --END-- [ RunTime:0.000426s ]
INFO: [ app_end ] --START--
INFO: Run Behavior\ShowPageTraceBehavior [ RunTime:0.000673s ]
INFO: [ app_end ] --END-- [ RunTime:0.000748s ]

[ 2016-10-26T16:00:37+08:00 ] ::1 /uufenxiao/index.php?m=Home&c=Travel&a=travel_info&id=6
INFO: [ app_init ] --START--
INFO: Run Behavior\BuildLiteBehavior [ RunTime:0.000015s ]
INFO: [ app_init ] --END-- [ RunTime:0.000075s ]
INFO: [ app_begin ] --START--
INFO: Run Behavior\ReadHtmlCacheBehavior [ RunTime:0.000430s ]
INFO: [ app_begin ] --END-- [ RunTime:0.000491s ]
SQL: SHOW COLUMNS FROM `think_travel` [ RunTime:0.0036s ]
SQL: SELECT * FROM `think_travel` WHERE ( tr_id=6 ) LIMIT 1   [ RunTime:0.0003s ]
INFO: [ view_parse ] --START--
INFO: [ template_filter ] --START--
INFO: Run Behavior\ContentReplaceBehavior [ RunTime:0.000221s ]
INFO: [ template_filter ] --END-- [ RunTime:0.000320s ]
SQL: SHOW COLUMNS FROM `think_member` [ RunTime:0.0068s ]
SQL: SHOW COLUMNS FROM `think_store` [ RunTime:0.0050s ]
SQL: SELECT S.*,M.username,M.nickname FROM think_store S INNER JOIN think_member M on S.user_id=M.id  WHERE ( M.id=1 ) LIMIT 1   [ RunTime:0.0003s ]
INFO: Run Behavior\ParseTemplateBehavior [ RunTime:0.030052s ]
INFO: [ view_parse ] --END-- [ RunTime:0.030118s ]
INFO: [ view_filter ] --START--
INFO: Run Behavior\WriteHtmlCacheBehavior [ RunTime:0.000354s ]
INFO: [ view_filter ] --END-- [ RunTime:0.000398s ]
INFO: [ app_end ] --START--
INFO: Run Behavior\ShowPageTraceBehavior [ RunTime:0.000499s ]
INFO: [ app_end ] --END-- [ RunTime:0.000553s ]

[ 2016-10-26T16:00:48+08:00 ] ::1 /uufenxiao/index.php?m=Home&c=Travel&a=travel_info&id=6
INFO: [ app_init ] --START--
INFO: Run Behavior\BuildLiteBehavior [ RunTime:0.000011s ]
INFO: [ app_init ] --END-- [ RunTime:0.000059s ]
INFO: [ app_begin ] --START--
INFO: Run Behavior\ReadHtmlCacheBehavior [ RunTime:0.000437s ]
INFO: [ app_begin ] --END-- [ RunTime:0.000489s ]
SQL: SHOW COLUMNS FROM `think_travel` [ RunTime:0.0035s ]
SQL: SELECT * FROM `think_travel` WHERE ( tr_id=6 ) LIMIT 1   [ RunTime:0.0003s ]
INFO: [ view_parse ] --START--
INFO: [ template_filter ] --START--
INFO: Run Behavior\ContentReplaceBehavior [ RunTime:0.000178s ]
INFO: [ template_filter ] --END-- [ RunTime:0.000245s ]
SQL: SHOW COLUMNS FROM `think_member` [ RunTime:0.0045s ]
SQL: SHOW COLUMNS FROM `think_store` [ RunTime:0.0034s ]
SQL: SELECT S.*,M.username,M.nickname FROM think_store S INNER JOIN think_member M on S.user_id=M.id  WHERE ( M.id=1 ) LIMIT 1   [ RunTime:0.0003s ]
INFO: Run Behavior\ParseTemplateBehavior [ RunTime:0.019785s ]
INFO: [ view_parse ] --END-- [ RunTime:0.019849s ]
INFO: [ view_filter ] --START--
INFO: Run Behavior\WriteHtmlCacheBehavior [ RunTime:0.000412s ]
INFO: [ view_filter ] --END-- [ RunTime:0.000457s ]
INFO: [ app_end ] --START--
INFO: Run Behavior\ShowPageTraceBehavior [ RunTime:0.000514s ]
INFO: [ app_end ] --END-- [ RunTime:0.000572s ]

[ 2016-10-26T16:00:49+08:00 ] ::1 /uufenxiao/index.php?m=Home&c=Travel&a=travel_info&id=6
INFO: [ app_init ] --START--
INFO: Run Behavior\BuildLiteBehavior [ RunTime:0.000012s ]
INFO: [ app_init ] --END-- [ RunTime:0.000058s ]
INFO: [ app_begin ] --START--
INFO: Run Behavior\ReadHtmlCacheBehavior [ RunTime:0.000428s ]
INFO: [ app_begin ] --END-- [ RunTime:0.000478s ]
SQL: SHOW COLUMNS FROM `think_travel` [ RunTime:0.0053s ]
SQL: SELECT * FROM `think_travel` WHERE ( tr_id=6 ) LIMIT 1   [ RunTime:0.0003s ]
INFO: [ view_parse ] --START--
INFO: [ template_filter ] --START--
INFO: Run Behavior\ContentReplaceBehavior [ RunTime:0.000141s ]
INFO: [ template_filter ] --END-- [ RunTime:0.000200s ]
SQL: SHOW COLUMNS FROM `think_member` [ RunTime:0.0054s ]
SQL: SHOW COLUMNS FROM `think_store` [ RunTime:0.0035s ]
SQL: SELECT S.*,M.username,M.nickname FROM think_store S INNER JOIN think_member M on S.user_id=M.id  WHERE ( M.id=1 ) LIMIT 1   [ RunTime:0.0003s ]
INFO: Run Behavior\ParseTemplateBehavior [ RunTime:0.020278s ]
INFO: [ view_parse ] --END-- [ RunTime:0.020333s ]
INFO: [ view_filter ] --START--
INFO: Run Behavior\WriteHtmlCacheBehavior [ RunTime:0.000414s ]
INFO: [ view_filter ] --END-- [ RunTime:0.000458s ]
INFO: [ app_end ] --START--
INFO: Run Behavior\ShowPageTraceBehavior [ RunTime:0.000533s ]
INFO: [ app_end ] --END-- [ RunTime:0.000588s ]

[ 2016-10-26T16:00:50+08:00 ] ::1 /uufenxiao/index.php?m=Home&c=Travel&a=travel_info&id=6
INFO: [ app_init ] --START--
INFO: Run Behavior\BuildLiteBehavior [ RunTime:0.000013s ]
INFO: [ app_init ] --END-- [ RunTime:0.000064s ]
INFO: [ app_begin ] --START--
INFO: Run Behavior\ReadHtmlCacheBehavior [ RunTime:0.000452s ]
INFO: [ app_begin ] --END-- [ RunTime:0.000516s ]
SQL: SHOW COLUMNS FROM `think_travel` [ RunTime:0.0059s ]
SQL: SELECT * FROM `think_travel` WHERE ( tr_id=6 ) LIMIT 1   [ RunTime:0.0004s ]
INFO: [ view_parse ] --START--
INFO: [ template_filter ] --START--
INFO: Run Behavior\ContentReplaceBehavior [ RunTime:0.000144s ]
INFO: [ template_filter ] --END-- [ RunTime:0.000203s ]
SQL: SHOW COLUMNS FROM `think_member` [ RunTime:0.0056s ]
SQL: SHOW COLUMNS FROM `think_store` [ RunTime:0.0043s ]
SQL: SELECT S.*,M.username,M.nickname FROM think_store S INNER JOIN think_member M on S.user_id=M.id  WHERE ( M.id=1 ) LIMIT 1   [ RunTime:0.0004s ]
INFO: Run Behavior\ParseTemplateBehavior [ RunTime:0.021382s ]
INFO: [ view_parse ] --END-- [ RunTime:0.021439s ]
INFO: [ view_filter ] --START--
INFO: Run Behavior\WriteHtmlCacheBehavior [ RunTime:0.000390s ]
INFO: [ view_filter ] --END-- [ RunTime:0.000436s ]
INFO: [ app_end ] --START--
INFO: Run Behavior\ShowPageTraceBehavior [ RunTime:0.000516s ]
INFO: [ app_end ] --END-- [ RunTime:0.000576s ]

[ 2016-10-26T16:00:52+08:00 ] ::1 /uufenxiao/index.php?m=Home&c=Travel&a=travel_info&id=6
INFO: [ app_init ] --START--
INFO: Run Behavior\BuildLiteBehavior [ RunTime:0.000011s ]
INFO: [ app_init ] --END-- [ RunTime:0.000058s ]
INFO: [ app_begin ] --START--
INFO: Run Behavior\ReadHtmlCacheBehavior [ RunTime:0.000409s ]
INFO: [ app_begin ] --END-- [ RunTime:0.000466s ]
SQL: SHOW COLUMNS FROM `think_travel` [ RunTime:0.0036s ]
SQL: SELECT * FROM `think_travel` WHERE ( tr_id=6 ) LIMIT 1   [ RunTime:0.0003s ]
INFO: [ view_parse ] --START--
INFO: [ template_filter ] --START--
INFO: Run Behavior\ContentReplaceBehavior [ RunTime:0.000146s ]
INFO: [ template_filter ] --END-- [ RunTime:0.000214s ]
SQL: SHOW COLUMNS FROM `think_member` [ RunTime:0.0054s ]
SQL: SHOW COLUMNS FROM `think_store` [ RunTime:0.0042s ]
SQL: SELECT S.*,M.username,M.nickname FROM think_store S INNER JOIN think_member M on S.user_id=M.id  WHERE ( M.id=1 ) LIMIT 1   [ RunTime:0.0005s ]
INFO: Run Behavior\ParseTemplateBehavior [ RunTime:0.023826s ]
INFO: [ view_parse ] --END-- [ RunTime:0.023904s ]
INFO: [ view_filter ] --START--
INFO: Run Behavior\WriteHtmlCacheBehavior [ RunTime:0.000478s ]
INFO: [ view_filter ] --END-- [ RunTime:0.000547s ]
INFO: [ app_end ] --START--
INFO: Run Behavior\ShowPageTraceBehavior [ RunTime:0.000705s ]
INFO: [ app_end ] --END-- [ RunTime:0.000819s ]

[ 2016-10-26T16:00:53+08:00 ] ::1 /uufenxiao/index.php?m=Home&c=Travel&a=travel_info&id=6
INFO: [ app_init ] --START--
INFO: Run Behavior\BuildLiteBehavior [ RunTime:0.000013s ]
INFO: [ app_init ] --END-- [ RunTime:0.000068s ]
INFO: [ app_begin ] --START--
INFO: Run Behavior\ReadHtmlCacheBehavior [ RunTime:0.000418s ]
INFO: [ app_begin ] --END-- [ RunTime:0.000486s ]
SQL: SHOW COLUMNS FROM `think_travel` [ RunTime:0.0035s ]
SQL: SELECT * FROM `think_travel` WHERE ( tr_id=6 ) LIMIT 1   [ RunTime:0.0003s ]
INFO: [ view_parse ] --START--
INFO: [ template_filter ] --START--
INFO: Run Behavior\ContentReplaceBehavior [ RunTime:0.000146s ]
INFO: [ template_filter ] --END-- [ RunTime:0.000212s ]
SQL: SHOW COLUMNS FROM `think_member` [ RunTime:0.0048s ]
SQL: SHOW COLUMNS FROM `think_store` [ RunTime:0.0037s ]
SQL: SELECT S.*,M.username,M.nickname FROM think_store S INNER JOIN think_member M on S.user_id=M.id  WHERE ( M.id=1 ) LIMIT 1   [ RunTime:0.0004s ]
INFO: Run Behavior\ParseTemplateBehavior [ RunTime:0.020663s ]
INFO: [ view_parse ] --END-- [ RunTime:0.020732s ]
INFO: [ view_filter ] --START--
INFO: Run Behavior\WriteHtmlCacheBehavior [ RunTime:0.000385s ]
INFO: [ view_filter ] --END-- [ RunTime:0.000439s ]
INFO: [ app_end ] --START--
INFO: Run Behavior\ShowPageTraceBehavior [ RunTime:0.000559s ]
INFO: [ app_end ] --END-- [ RunTime:0.000640s ]

[ 2016-10-26T16:18:07+08:00 ] ::1 /uufenxiao/index.php?m=Home&c=Travel&a=travel_info&id=6
INFO: [ app_init ] --START--
INFO: Run Behavior\BuildLiteBehavior [ RunTime:0.000014s ]
INFO: [ app_init ] --END-- [ RunTime:0.000066s ]
INFO: [ app_begin ] --START--
INFO: Run Behavior\ReadHtmlCacheBehavior [ RunTime:0.000580s ]
INFO: [ app_begin ] --END-- [ RunTime:0.000648s ]
SQL: SHOW COLUMNS FROM `think_travel` [ RunTime:0.0046s ]
SQL: SELECT * FROM `think_travel` WHERE ( tr_id=6 ) LIMIT 1   [ RunTime:0.0005s ]
INFO: [ view_parse ] --START--
INFO: [ template_filter ] --START--
INFO: Run Behavior\ContentReplaceBehavior [ RunTime:0.000143s ]
INFO: [ template_filter ] --END-- [ RunTime:0.000206s ]
SQL: SHOW COLUMNS FROM `think_member` [ RunTime:0.0048s ]
SQL: SHOW COLUMNS FROM `think_store` [ RunTime:0.0040s ]
SQL: SELECT S.*,M.username,M.nickname FROM think_store S INNER JOIN think_member M on S.user_id=M.id  WHERE ( M.id=1 ) LIMIT 1   [ RunTime:0.0003s ]
INFO: Run Behavior\ParseTemplateBehavior [ RunTime:0.024567s ]
INFO: [ view_parse ] --END-- [ RunTime:0.024636s ]
INFO: [ view_filter ] --START--
INFO: Run Behavior\WriteHtmlCacheBehavior [ RunTime:0.000486s ]
INFO: [ view_filter ] --END-- [ RunTime:0.000532s ]
INFO: [ app_end ] --START--
INFO: Run Behavior\ShowPageTraceBehavior [ RunTime:0.000664s ]
INFO: [ app_end ] --END-- [ RunTime:0.000723s ]

[ 2016-10-26T16:20:00+08:00 ] ::1 /uufenxiao/index.php?m=Home&c=Travel&a=travel_info&id=6
INFO: [ app_init ] --START--
INFO: Run Behavior\BuildLiteBehavior [ RunTime:0.000013s ]
INFO: [ app_init ] --END-- [ RunTime:0.000064s ]
INFO: [ app_begin ] --START--
INFO: Run Behavior\ReadHtmlCacheBehavior [ RunTime:0.000404s ]
INFO: [ app_begin ] --END-- [ RunTime:0.000456s ]
SQL: SHOW COLUMNS FROM `think_travel` [ RunTime:0.0091s ]
SQL: SELECT * FROM `think_travel` WHERE ( tr_id=6 ) LIMIT 1   [ RunTime:0.0004s ]
INFO: [ view_parse ] --START--
INFO: [ template_filter ] --START--
INFO: Run Behavior\ContentReplaceBehavior [ RunTime:0.000142s ]
INFO: [ template_filter ] --END-- [ RunTime:0.000205s ]
SQL: SHOW COLUMNS FROM `think_member` [ RunTime:0.0068s ]
SQL: SHOW COLUMNS FROM `think_store` [ RunTime:0.0074s ]
SQL: SELECT S.*,M.username,M.nickname FROM think_store S INNER JOIN think_member M on S.user_id=M.id  WHERE ( M.id=1 ) LIMIT 1   [ RunTime:0.0004s ]
INFO: Run Behavior\ParseTemplateBehavior [ RunTime:0.029877s ]
INFO: [ view_parse ] --END-- [ RunTime:0.029973s ]
INFO: [ view_filter ] --START--
INFO: Run Behavior\WriteHtmlCacheBehavior [ RunTime:0.000419s ]
INFO: [ view_filter ] --END-- [ RunTime:0.000481s ]
INFO: [ app_end ] --START--
INFO: Run Behavior\ShowPageTraceBehavior [ RunTime:0.000735s ]
INFO: [ app_end ] --END-- [ RunTime:0.000823s ]

[ 2016-10-26T16:20:43+08:00 ] ::1 /uufenxiao/index.php?m=Home&c=Travel&a=travel_info&id=6
INFO: [ app_init ] --START--
INFO: Run Behavior\BuildLiteBehavior [ RunTime:0.000014s ]
INFO: [ app_init ] --END-- [ RunTime:0.000072s ]
INFO: [ app_begin ] --START--
INFO: Run Behavior\ReadHtmlCacheBehavior [ RunTime:0.000571s ]
INFO: [ app_begin ] --END-- [ RunTime:0.000625s ]
SQL: SHOW COLUMNS FROM `think_travel` [ RunTime:0.0068s ]
SQL: SELECT * FROM `think_travel` WHERE ( tr_id=6 ) LIMIT 1   [ RunTime:0.0005s ]
INFO: [ view_parse ] --START--
INFO: [ template_filter ] --START--
INFO: Run Behavior\ContentReplaceBehavior [ RunTime:0.000138s ]
INFO: [ template_filter ] --END-- [ RunTime:0.000198s ]
SQL: SHOW COLUMNS FROM `think_member` [ RunTime:0.0069s ]
SQL: SHOW COLUMNS FROM `think_store` [ RunTime:0.0041s ]
SQL: SELECT S.*,M.username,M.nickname FROM think_store S INNER JOIN think_member M on S.user_id=M.id  WHERE ( M.id=1 ) LIMIT 1   [ RunTime:0.0003s ]
INFO: Run Behavior\ParseTemplateBehavior [ RunTime:0.022790s ]
INFO: [ view_parse ] --END-- [ RunTime:0.022851s ]
INFO: [ view_filter ] --START--
INFO: Run Behavior\WriteHtmlCacheBehavior [ RunTime:0.000400s ]
INFO: [ view_filter ] --END-- [ RunTime:0.000445s ]
INFO: [ app_end ] --START--
INFO: Run Behavior\ShowPageTraceBehavior [ RunTime:0.000586s ]
INFO: [ app_end ] --END-- [ RunTime:0.000644s ]

[ 2016-10-26T16:21:53+08:00 ] ::1 /uufenxiao/index.php?m=Home&c=Travel&a=travel_info&id=6
INFO: [ app_init ] --START--
INFO: Run Behavior\BuildLiteBehavior [ RunTime:0.000012s ]
INFO: [ app_init ] --END-- [ RunTime:0.000062s ]
INFO: [ app_begin ] --START--
INFO: Run Behavior\ReadHtmlCacheBehavior [ RunTime:0.000494s ]
INFO: [ app_begin ] --END-- [ RunTime:0.000565s ]
SQL: SHOW COLUMNS FROM `think_travel` [ RunTime:0.0036s ]
SQL: SELECT * FROM `think_travel` WHERE ( tr_id=6 ) LIMIT 1   [ RunTime:0.0004s ]
INFO: [ view_parse ] --START--
INFO: [ template_filter ] --START--
INFO: Run Behavior\ContentReplaceBehavior [ RunTime:0.000187s ]
INFO: [ template_filter ] --END-- [ RunTime:0.000395s ]
SQL: SHOW COLUMNS FROM `think_member` [ RunTime:0.0044s ]
SQL: SHOW COLUMNS FROM `think_store` [ RunTime:0.0038s ]
SQL: SELECT S.*,M.username,M.nickname FROM think_store S INNER JOIN think_member M on S.user_id=M.id  WHERE ( M.id=1 ) LIMIT 1   [ RunTime:0.0003s ]
INFO: Run Behavior\ParseTemplateBehavior [ RunTime:0.021657s ]
INFO: [ view_parse ] --END-- [ RunTime:0.021720s ]
INFO: [ view_filter ] --START--
INFO: Run Behavior\WriteHtmlCacheBehavior [ RunTime:0.000367s ]
INFO: [ view_filter ] --END-- [ RunTime:0.000406s ]
INFO: [ app_end ] --START--
INFO: Run Behavior\ShowPageTraceBehavior [ RunTime:0.000480s ]
INFO: [ app_end ] --END-- [ RunTime:0.000534s ]

[ 2016-10-26T16:21:54+08:00 ] ::1 /uufenxiao/index.php?m=Home&c=Travel&a=travel_info&id=6
INFO: [ app_init ] --START--
INFO: Run Behavior\BuildLiteBehavior [ RunTime:0.000011s ]
INFO: [ app_init ] --END-- [ RunTime:0.000060s ]
INFO: [ app_begin ] --START--
INFO: Run Behavior\ReadHtmlCacheBehavior [ RunTime:0.000389s ]
INFO: [ app_begin ] --END-- [ RunTime:0.000443s ]
SQL: SHOW COLUMNS FROM `think_travel` [ RunTime:0.0038s ]
SQL: SELECT * FROM `think_travel` WHERE ( tr_id=6 ) LIMIT 1   [ RunTime:0.0003s ]
INFO: [ view_parse ] --START--
INFO: [ template_filter ] --START--
INFO: Run Behavior\ContentReplaceBehavior [ RunTime:0.000136s ]
INFO: [ template_filter ] --END-- [ RunTime:0.000193s ]
SQL: SHOW COLUMNS FROM `think_member` [ RunTime:0.0047s ]
SQL: SHOW COLUMNS FROM `think_store` [ RunTime:0.0034s ]
SQL: SELECT S.*,M.username,M.nickname FROM think_store S INNER JOIN think_member M on S.user_id=M.id  WHERE ( M.id=1 ) LIMIT 1   [ RunTime:0.0003s ]
INFO: Run Behavior\ParseTemplateBehavior [ RunTime:0.019879s ]
INFO: [ view_parse ] --END-- [ RunTime:0.019942s ]
INFO: [ view_filter ] --START--
INFO: Run Behavior\WriteHtmlCacheBehavior [ RunTime:0.000410s ]
INFO: [ view_filter ] --END-- [ RunTime:0.000453s ]
INFO: [ app_end ] --START--
INFO: Run Behavior\ShowPageTraceBehavior [ RunTime:0.000502s ]
INFO: [ app_end ] --END-- [ RunTime:0.000556s ]

[ 2016-10-26T16:22:04+08:00 ] ::1 /uufenxiao/index.php?m=Home&c=Travel&a=travel_info&id=6
INFO: [ app_init ] --START--
INFO: Run Behavior\BuildLiteBehavior [ RunTime:0.000013s ]
INFO: [ app_init ] --END-- [ RunTime:0.000066s ]
INFO: [ app_begin ] --START--
INFO: Run Behavior\ReadHtmlCacheBehavior [ RunTime:0.000519s ]
INFO: [ app_begin ] --END-- [ RunTime:0.000599s ]
SQL: SHOW COLUMNS FROM `think_travel` [ RunTime:0.0035s ]
SQL: SELECT * FROM `think_travel` WHERE ( tr_id=6 ) LIMIT 1   [ RunTime:0.0003s ]
INFO: [ view_parse ] --START--
INFO: [ template_filter ] --START--
INFO: Run Behavior\ContentReplaceBehavior [ RunTime:0.000138s ]
INFO: [ template_filter ] --END-- [ RunTime:0.000202s ]
SQL: SHOW COLUMNS FROM `think_member` [ RunTime:0.0060s ]
SQL: SHOW COLUMNS FROM `think_store` [ RunTime:0.0037s ]
SQL: SELECT S.*,M.username,M.nickname FROM think_store S INNER JOIN think_member M on S.user_id=M.id  WHERE ( M.id=1 ) LIMIT 1   [ RunTime:0.0004s ]
INFO: Run Behavior\ParseTemplateBehavior [ RunTime:0.026135s ]
INFO: [ view_parse ] --END-- [ RunTime:0.026202s ]
INFO: [ view_filter ] --START--
INFO: Run Behavior\WriteHtmlCacheBehavior [ RunTime:0.000467s ]
INFO: [ view_filter ] --END-- [ RunTime:0.000517s ]
INFO: [ app_end ] --START--
INFO: Run Behavior\ShowPageTraceBehavior [ RunTime:0.000556s ]
INFO: [ app_end ] --END-- [ RunTime:0.000618s ]

[ 2016-10-26T16:22:12+08:00 ] ::1 /uufenxiao/index.php?m=Home&c=Travel&a=travel_info&id=6
INFO: [ app_init ] --START--
INFO: Run Behavior\BuildLiteBehavior [ RunTime:0.000012s ]
INFO: [ app_init ] --END-- [ RunTime:0.000063s ]
INFO: [ app_begin ] --START--
INFO: Run Behavior\ReadHtmlCacheBehavior [ RunTime:0.000439s ]
INFO: [ app_begin ] --END-- [ RunTime:0.000492s ]
SQL: SHOW COLUMNS FROM `think_travel` [ RunTime:0.0040s ]
SQL: SELECT * FROM `think_travel` WHERE ( tr_id=6 ) LIMIT 1   [ RunTime:0.0003s ]
INFO: [ view_parse ] --START--
INFO: [ template_filter ] --START--
INFO: Run Behavior\ContentReplaceBehavior [ RunTime:0.000199s ]
INFO: [ template_filter ] --END-- [ RunTime:0.000299s ]
SQL: SHOW COLUMNS FROM `think_member` [ RunTime:0.0051s ]
SQL: SHOW COLUMNS FROM `think_store` [ RunTime:0.0039s ]
SQL: SELECT S.*,M.username,M.nickname FROM think_store S INNER JOIN think_member M on S.user_id=M.id  WHERE ( M.id=1 ) LIMIT 1   [ RunTime:0.0004s ]
INFO: Run Behavior\ParseTemplateBehavior [ RunTime:0.022365s ]
INFO: [ view_parse ] --END-- [ RunTime:0.022434s ]
INFO: [ view_filter ] --START--
INFO: Run Behavior\WriteHtmlCacheBehavior [ RunTime:0.000378s ]
INFO: [ view_filter ] --END-- [ RunTime:0.000426s ]
INFO: [ app_end ] --START--
INFO: Run Behavior\ShowPageTraceBehavior [ RunTime:0.000661s ]
INFO: [ app_end ] --END-- [ RunTime:0.000744s ]

[ 2016-10-26T16:22:19+08:00 ] ::1 /uufenxiao/index.php?m=Home&c=Travel&a=travel_info&id=6
INFO: [ app_init ] --START--
INFO: Run Behavior\BuildLiteBehavior [ RunTime:0.000012s ]
INFO: [ app_init ] --END-- [ RunTime:0.000060s ]
INFO: [ app_begin ] --START--
INFO: Run Behavior\ReadHtmlCacheBehavior [ RunTime:0.000434s ]
INFO: [ app_begin ] --END-- [ RunTime:0.000488s ]
SQL: SHOW COLUMNS FROM `think_travel` [ RunTime:0.0038s ]
SQL: SELECT * FROM `think_travel` WHERE ( tr_id=6 ) LIMIT 1   [ RunTime:0.0003s ]
INFO: [ view_parse ] --START--
INFO: [ template_filter ] --START--
INFO: Run Behavior\ContentReplaceBehavior [ RunTime:0.000134s ]
INFO: [ template_filter ] --END-- [ RunTime:0.000192s ]
SQL: SHOW COLUMNS FROM `think_member` [ RunTime:0.0043s ]
SQL: SHOW COLUMNS FROM `think_store` [ RunTime:0.0033s ]
SQL: SELECT S.*,M.username,M.nickname FROM think_store S INNER JOIN think_member M on S.user_id=M.id  WHERE ( M.id=1 ) LIMIT 1   [ RunTime:0.0003s ]
INFO: Run Behavior\ParseTemplateBehavior [ RunTime:0.021617s ]
INFO: [ view_parse ] --END-- [ RunTime:0.021681s ]
INFO: [ view_filter ] --START--
INFO: Run Behavior\WriteHtmlCacheBehavior [ RunTime:0.000387s ]
INFO: [ view_filter ] --END-- [ RunTime:0.000432s ]
INFO: [ app_end ] --START--
INFO: Run Behavior\ShowPageTraceBehavior [ RunTime:0.000602s ]
INFO: [ app_end ] --END-- [ RunTime:0.000675s ]

[ 2016-10-26T16:29:54+08:00 ] ::1 /uufenxiao/index.php?m=Home&c=Travel&a=travel_info&id=6
INFO: [ app_init ] --START--
INFO: Run Behavior\BuildLiteBehavior [ RunTime:0.000020s ]
INFO: [ app_init ] --END-- [ RunTime:0.000116s ]
INFO: [ app_begin ] --START--
INFO: Run Behavior\ReadHtmlCacheBehavior [ RunTime:0.000528s ]
INFO: [ app_begin ] --END-- [ RunTime:0.000595s ]
SQL: SHOW COLUMNS FROM `think_travel` [ RunTime:0.0037s ]
SQL: SELECT * FROM `think_travel` WHERE ( tr_id=6 ) LIMIT 1   [ RunTime:0.0003s ]
INFO: [ view_parse ] --START--
INFO: [ template_filter ] --START--
INFO: Run Behavior\ContentReplaceBehavior [ RunTime:0.000157s ]
INFO: [ template_filter ] --END-- [ RunTime:0.000217s ]
SQL: SHOW COLUMNS FROM `think_member` [ RunTime:0.0069s ]
SQL: SHOW COLUMNS FROM `think_store` [ RunTime:0.0049s ]
SQL: SELECT S.*,M.username,M.nickname FROM think_store S INNER JOIN think_member M on S.user_id=M.id  WHERE ( M.id=1 ) LIMIT 1   [ RunTime:0.0003s ]
INFO: Run Behavior\ParseTemplateBehavior [ RunTime:0.027902s ]
INFO: [ view_parse ] --END-- [ RunTime:0.027972s ]
INFO: [ view_filter ] --START--
INFO: Run Behavior\WriteHtmlCacheBehavior [ RunTime:0.000519s ]
INFO: [ view_filter ] --END-- [ RunTime:0.000570s ]
INFO: [ app_end ] --START--
INFO: Run Behavior\ShowPageTraceBehavior [ RunTime:0.000704s ]
INFO: [ app_end ] --END-- [ RunTime:0.000768s ]

[ 2016-10-26T16:30:17+08:00 ] ::1 /uufenxiao/index.php?m=Home&c=Travel&a=travel_info&id=6
INFO: [ app_init ] --START--
INFO: Run Behavior\BuildLiteBehavior [ RunTime:0.000015s ]
INFO: [ app_init ] --END-- [ RunTime:0.000066s ]
INFO: [ app_begin ] --START--
INFO: Run Behavior\ReadHtmlCacheBehavior [ RunTime:0.000610s ]
INFO: [ app_begin ] --END-- [ RunTime:0.000694s ]
SQL: SHOW COLUMNS FROM `think_travel` [ RunTime:0.0039s ]
SQL: SELECT * FROM `think_travel` WHERE ( tr_id=6 ) LIMIT 1   [ RunTime:0.0003s ]
INFO: [ view_parse ] --START--
INFO: [ template_filter ] --START--
INFO: Run Behavior\ContentReplaceBehavior [ RunTime:0.000143s ]
INFO: [ template_filter ] --END-- [ RunTime:0.000202s ]
SQL: SHOW COLUMNS FROM `think_member` [ RunTime:0.0059s ]
SQL: SHOW COLUMNS FROM `think_store` [ RunTime:0.0039s ]
SQL: SELECT S.*,M.username,M.nickname FROM think_store S INNER JOIN think_member M on S.user_id=M.id  WHERE ( M.id=1 ) LIMIT 1   [ RunTime:0.0003s ]
INFO: Run Behavior\ParseTemplateBehavior [ RunTime:0.026387s ]
INFO: [ view_parse ] --END-- [ RunTime:0.026450s ]
INFO: [ view_filter ] --START--
INFO: Run Behavior\WriteHtmlCacheBehavior [ RunTime:0.000413s ]
INFO: [ view_filter ] --END-- [ RunTime:0.000455s ]
INFO: [ app_end ] --START--
INFO: Run Behavior\ShowPageTraceBehavior [ RunTime:0.000570s ]
INFO: [ app_end ] --END-- [ RunTime:0.000627s ]

[ 2016-10-26T16:30:18+08:00 ] ::1 /uufenxiao/index.php?m=Home&c=Travel&a=travel_info&id=6
INFO: [ app_init ] --START--
INFO: Run Behavior\BuildLiteBehavior [ RunTime:0.000012s ]
INFO: [ app_init ] --END-- [ RunTime:0.000060s ]
INFO: [ app_begin ] --START--
INFO: Run Behavior\ReadHtmlCacheBehavior [ RunTime:0.000436s ]
INFO: [ app_begin ] --END-- [ RunTime:0.000488s ]
SQL: SHOW COLUMNS FROM `think_travel` [ RunTime:0.0054s ]
SQL: SELECT * FROM `think_travel` WHERE ( tr_id=6 ) LIMIT 1   [ RunTime:0.0003s ]
INFO: [ view_parse ] --START--
INFO: [ template_filter ] --START--
INFO: Run Behavior\ContentReplaceBehavior [ RunTime:0.000166s ]
INFO: [ template_filter ] --END-- [ RunTime:0.000221s ]
SQL: SHOW COLUMNS FROM `think_member` [ RunTime:0.0060s ]
SQL: SHOW COLUMNS FROM `think_store` [ RunTime:0.0034s ]
SQL: SELECT S.*,M.username,M.nickname FROM think_store S INNER JOIN think_member M on S.user_id=M.id  WHERE ( M.id=1 ) LIMIT 1   [ RunTime:0.0003s ]
INFO: Run Behavior\ParseTemplateBehavior [ RunTime:0.022768s ]
INFO: [ view_parse ] --END-- [ RunTime:0.022830s ]
INFO: [ view_filter ] --START--
INFO: Run Behavior\WriteHtmlCacheBehavior [ RunTime:0.000409s ]
INFO: [ view_filter ] --END-- [ RunTime:0.000453s ]
INFO: [ app_end ] --START--
INFO: Run Behavior\ShowPageTraceBehavior [ RunTime:0.000509s ]
INFO: [ app_end ] --END-- [ RunTime:0.000565s ]

[ 2016-10-26T16:31:50+08:00 ] ::1 /uufenxiao/index.php?m=Home&c=Travel&a=travel_info&id=6
INFO: [ app_init ] --START--
INFO: Run Behavior\BuildLiteBehavior [ RunTime:0.000012s ]
INFO: [ app_init ] --END-- [ RunTime:0.000059s ]
INFO: [ app_begin ] --START--
INFO: Run Behavior\ReadHtmlCacheBehavior [ RunTime:0.000432s ]
INFO: [ app_begin ] --END-- [ RunTime:0.000483s ]
SQL: SHOW COLUMNS FROM `think_travel` [ RunTime:0.0037s ]
SQL: SELECT * FROM `think_travel` WHERE ( tr_id=6 ) LIMIT 1   [ RunTime:0.0003s ]
INFO: [ view_parse ] --START--
INFO: [ template_filter ] --START--
INFO: Run Behavior\ContentReplaceBehavior [ RunTime:0.000142s ]
INFO: [ template_filter ] --END-- [ RunTime:0.000203s ]
SQL: SHOW COLUMNS FROM `think_member` [ RunTime:0.0049s ]
SQL: SHOW COLUMNS FROM `think_store` [ RunTime:0.0033s ]
SQL: SELECT S.*,M.username,M.nickname FROM think_store S INNER JOIN think_member M on S.user_id=M.id  WHERE ( M.id=1 ) LIMIT 1   [ RunTime:0.0003s ]
INFO: Run Behavior\ParseTemplateBehavior [ RunTime:0.021508s ]
INFO: [ view_parse ] --END-- [ RunTime:0.021574s ]
INFO: [ view_filter ] --START--
INFO: Run Behavior\WriteHtmlCacheBehavior [ RunTime:0.000460s ]
INFO: [ view_filter ] --END-- [ RunTime:0.000521s ]
INFO: [ app_end ] --START--
INFO: Run Behavior\ShowPageTraceBehavior [ RunTime:0.000760s ]
INFO: [ app_end ] --END-- [ RunTime:0.000846s ]

[ 2016-10-26T16:32:10+08:00 ] ::1 /uufenxiao/index.php?m=Home&c=Travel&a=travel_info&id=6
INFO: [ app_init ] --START--
INFO: Run Behavior\BuildLiteBehavior [ RunTime:0.000012s ]
INFO: [ app_init ] --END-- [ RunTime:0.000060s ]
INFO: [ app_begin ] --START--
INFO: Run Behavior\ReadHtmlCacheBehavior [ RunTime:0.000495s ]
INFO: [ app_begin ] --END-- [ RunTime:0.000550s ]
SQL: SHOW COLUMNS FROM `think_travel` [ RunTime:0.0033s ]
SQL: SELECT * FROM `think_travel` WHERE ( tr_id=6 ) LIMIT 1   [ RunTime:0.0003s ]
INFO: [ view_parse ] --START--
INFO: [ template_filter ] --START--
INFO: Run Behavior\ContentReplaceBehavior [ RunTime:0.000143s ]
INFO: [ template_filter ] --END-- [ RunTime:0.000205s ]
SQL: SHOW COLUMNS FROM `think_member` [ RunTime:0.0044s ]
SQL: SHOW COLUMNS FROM `think_store` [ RunTime:0.0064s ]
SQL: SELECT S.*,M.username,M.nickname FROM think_store S INNER JOIN think_member M on S.user_id=M.id  WHERE ( M.id=1 ) LIMIT 1   [ RunTime:0.0003s ]
INFO: Run Behavior\ParseTemplateBehavior [ RunTime:0.027902s ]
INFO: [ view_parse ] --END-- [ RunTime:0.027965s ]
INFO: [ view_filter ] --START--
INFO: Run Behavior\WriteHtmlCacheBehavior [ RunTime:0.000485s ]
INFO: [ view_filter ] --END-- [ RunTime:0.000530s ]
INFO: [ app_end ] --START--
INFO: Run Behavior\ShowPageTraceBehavior [ RunTime:0.000574s ]
INFO: [ app_end ] --END-- [ RunTime:0.000632s ]

[ 2016-10-26T16:36:38+08:00 ] ::1 /uufenxiao/index.php?m=Home&c=Travel&a=travel_info&id=6
INFO: [ app_init ] --START--
INFO: Run Behavior\BuildLiteBehavior [ RunTime:0.000014s ]
INFO: [ app_init ] --END-- [ RunTime:0.000073s ]
INFO: [ app_begin ] --START--
INFO: Run Behavior\ReadHtmlCacheBehavior [ RunTime:0.000628s ]
INFO: [ app_begin ] --END-- [ RunTime:0.000698s ]
SQL: SHOW COLUMNS FROM `think_travel` [ RunTime:0.0087s ]
SQL: SELECT * FROM `think_travel` WHERE ( tr_id=6 ) LIMIT 1   [ RunTime:0.0004s ]
INFO: [ view_parse ] --START--
INFO: [ template_filter ] --START--
INFO: Run Behavior\ContentReplaceBehavior [ RunTime:0.000260s ]
INFO: [ template_filter ] --END-- [ RunTime:0.000397s ]
SQL: SHOW COLUMNS FROM `think_member` [ RunTime:0.0058s ]
SQL: SHOW COLUMNS FROM `think_store` [ RunTime:0.0057s ]
SQL: SELECT S.*,M.username,M.nickname FROM think_store S INNER JOIN think_member M on S.user_id=M.id  WHERE ( M.id=1 ) LIMIT 1   [ RunTime:0.0004s ]
INFO: Run Behavior\ParseTemplateBehavior [ RunTime:0.025840s ]
INFO: [ view_parse ] --END-- [ RunTime:0.025934s ]
INFO: [ view_filter ] --START--
INFO: Run Behavior\WriteHtmlCacheBehavior [ RunTime:0.000450s ]
INFO: [ view_filter ] --END-- [ RunTime:0.000514s ]
INFO: [ app_end ] --START--
INFO: Run Behavior\ShowPageTraceBehavior [ RunTime:0.000748s ]
INFO: [ app_end ] --END-- [ RunTime:0.000826s ]

[ 2016-10-26T16:38:24+08:00 ] ::1 /uufenxiao/index.php?m=Home&c=Travel&a=travel_info&id=6
INFO: [ app_init ] --START--
INFO: Run Behavior\BuildLiteBehavior [ RunTime:0.000013s ]
INFO: [ app_init ] --END-- [ RunTime:0.000066s ]
INFO: [ app_begin ] --START--
INFO: Run Behavior\ReadHtmlCacheBehavior [ RunTime:0.000527s ]
INFO: [ app_begin ] --END-- [ RunTime:0.000582s ]
SQL: SHOW COLUMNS FROM `think_travel` [ RunTime:0.0039s ]
SQL: SELECT * FROM `think_travel` WHERE ( tr_id=6 ) LIMIT 1   [ RunTime:0.0003s ]
INFO: [ view_parse ] --START--
INFO: [ template_filter ] --START--
INFO: Run Behavior\ContentReplaceBehavior [ RunTime:0.000076s ]
INFO: [ template_filter ] --END-- [ RunTime:0.000135s ]
SQL: SHOW COLUMNS FROM `think_member` [ RunTime:0.0047s ]
SQL: SHOW COLUMNS FROM `think_store` [ RunTime:0.0035s ]
SQL: SELECT S.*,M.username,M.nickname FROM think_store S INNER JOIN think_member M on S.user_id=M.id  WHERE ( M.id=1 ) LIMIT 1   [ RunTime:0.0003s ]
INFO: Run Behavior\ParseTemplateBehavior [ RunTime:0.019396s ]
INFO: [ view_parse ] --END-- [ RunTime:0.019453s ]
INFO: [ view_filter ] --START--
INFO: Run Behavior\WriteHtmlCacheBehavior [ RunTime:0.000476s ]
INFO: [ view_filter ] --END-- [ RunTime:0.000522s ]
INFO: [ app_end ] --START--
INFO: Run Behavior\ShowPageTraceBehavior [ RunTime:0.000667s ]
INFO: [ app_end ] --END-- [ RunTime:0.000745s ]

[ 2016-10-26T16:38:57+08:00 ] ::1 /uufenxiao/index.php?m=Home&c=Travel&a=travel_info&id=6
INFO: [ app_init ] --START--
INFO: Run Behavior\BuildLiteBehavior [ RunTime:0.000025s ]
INFO: [ app_init ] --END-- [ RunTime:0.000146s ]
INFO: [ app_begin ] --START--
INFO: Run Behavior\ReadHtmlCacheBehavior [ RunTime:0.000454s ]
INFO: [ app_begin ] --END-- [ RunTime:0.000521s ]
SQL: SHOW COLUMNS FROM `think_travel` [ RunTime:0.0040s ]
SQL: SELECT * FROM `think_travel` WHERE ( tr_id=6 ) LIMIT 1   [ RunTime:0.0003s ]
INFO: [ view_parse ] --START--
INFO: [ template_filter ] --START--
INFO: Run Behavior\ContentReplaceBehavior [ RunTime:0.000150s ]
INFO: [ template_filter ] --END-- [ RunTime:0.000209s ]
SQL: SHOW COLUMNS FROM `think_member` [ RunTime:0.0052s ]
SQL: SHOW COLUMNS FROM `think_store` [ RunTime:0.0039s ]
SQL: SELECT S.*,M.username,M.nickname FROM think_store S INNER JOIN think_member M on S.user_id=M.id  WHERE ( M.id=1 ) LIMIT 1   [ RunTime:0.0004s ]
INFO: Run Behavior\ParseTemplateBehavior [ RunTime:0.025249s ]
INFO: [ view_parse ] --END-- [ RunTime:0.025307s ]
INFO: [ view_filter ] --START--
INFO: Run Behavior\WriteHtmlCacheBehavior [ RunTime:0.000350s ]
INFO: [ view_filter ] --END-- [ RunTime:0.000394s ]
INFO: [ app_end ] --START--
INFO: Run Behavior\ShowPageTraceBehavior [ RunTime:0.000505s ]
INFO: [ app_end ] --END-- [ RunTime:0.000558s ]

[ 2016-10-26T17:27:52+08:00 ] ::1 /uufenxiao/index.php?m=Home&c=Travel&a=travel_info&id=6
INFO: [ app_init ] --START--
INFO: Run Behavior\BuildLiteBehavior [ RunTime:0.000013s ]
INFO: [ app_init ] --END-- [ RunTime:0.000060s ]
INFO: [ app_begin ] --START--
INFO: Run Behavior\ReadHtmlCacheBehavior [ RunTime:0.000434s ]
INFO: [ app_begin ] --END-- [ RunTime:0.000485s ]
SQL: SHOW COLUMNS FROM `think_travel` [ RunTime:0.0056s ]
SQL: SELECT * FROM `think_travel` WHERE ( tr_id=6 ) LIMIT 1   [ RunTime:0.0003s ]
INFO: [ view_parse ] --START--
INFO: [ template_filter ] --START--
INFO: Run Behavior\ContentReplaceBehavior [ RunTime:0.000108s ]
INFO: [ template_filter ] --END-- [ RunTime:0.000171s ]
SQL: SHOW COLUMNS FROM `think_member` [ RunTime:0.0067s ]
SQL: SHOW COLUMNS FROM `think_store` [ RunTime:0.0060s ]
SQL: SELECT S.*,M.username,M.nickname FROM think_store S INNER JOIN think_member M on S.user_id=M.id  WHERE ( M.id=1 ) LIMIT 1   [ RunTime:0.0005s ]
INFO: Run Behavior\ParseTemplateBehavior [ RunTime:0.025060s ]
INFO: [ view_parse ] --END-- [ RunTime:0.025118s ]
INFO: [ view_filter ] --START--
INFO: Run Behavior\WriteHtmlCacheBehavior [ RunTime:0.000407s ]
INFO: [ view_filter ] --END-- [ RunTime:0.000453s ]
INFO: [ app_end ] --START--
INFO: Run Behavior\ShowPageTraceBehavior [ RunTime:0.000522s ]
INFO: [ app_end ] --END-- [ RunTime:0.000578s ]

[ 2016-10-26T17:28:16+08:00 ] ::1 /uufenxiao/index.php?m=Home&c=Travel&a=travel_info&id=6
INFO: [ app_init ] --START--
INFO: Run Behavior\BuildLiteBehavior [ RunTime:0.000012s ]
INFO: [ app_init ] --END-- [ RunTime:0.000059s ]
INFO: [ app_begin ] --START--
INFO: Run Behavior\ReadHtmlCacheBehavior [ RunTime:0.000422s ]
INFO: [ app_begin ] --END-- [ RunTime:0.000473s ]
SQL: SHOW COLUMNS FROM `think_travel` [ RunTime:0.0071s ]
SQL: SELECT * FROM `think_travel` WHERE ( tr_id=6 ) LIMIT 1   [ RunTime:0.0003s ]
INFO: [ view_parse ] --START--
INFO: [ template_filter ] --START--
INFO: Run Behavior\ContentReplaceBehavior [ RunTime:0.000662s ]
INFO: [ template_filter ] --END-- [ RunTime:0.001417s ]
SQL: SHOW COLUMNS FROM `think_member` [ RunTime:0.0072s ]
SQL: SHOW COLUMNS FROM `think_store` [ RunTime:0.0074s ]
SQL: SELECT S.*,M.username,M.nickname FROM think_store S INNER JOIN think_member M on S.user_id=M.id  WHERE ( M.id=1 ) LIMIT 1   [ RunTime:0.0003s ]
INFO: Run Behavior\ParseTemplateBehavior [ RunTime:0.029917s ]
INFO: [ view_parse ] --END-- [ RunTime:0.029976s ]
INFO: [ view_filter ] --START--
INFO: Run Behavior\WriteHtmlCacheBehavior [ RunTime:0.000413s ]
INFO: [ view_filter ] --END-- [ RunTime:0.000457s ]
INFO: [ app_end ] --START--
INFO: Run Behavior\ShowPageTraceBehavior [ RunTime:0.000682s ]
INFO: [ app_end ] --END-- [ RunTime:0.000761s ]

[ 2016-10-26T17:31:44+08:00 ] ::1 /uufenxiao/index.php?m=Home&c=Travel&a=travel_info&id=6
INFO: [ app_init ] --START--
INFO: Run Behavior\BuildLiteBehavior [ RunTime:0.000012s ]
INFO: [ app_init ] --END-- [ RunTime:0.000061s ]
INFO: [ app_begin ] --START--
INFO: Run Behavior\ReadHtmlCacheBehavior [ RunTime:0.000681s ]
INFO: [ app_begin ] --END-- [ RunTime:0.000757s ]
SQL: SHOW COLUMNS FROM `think_travel` [ RunTime:0.0056s ]
SQL: SELECT * FROM `think_travel` WHERE ( tr_id=6 ) LIMIT 1   [ RunTime:0.0003s ]
INFO: [ view_parse ] --START--
INFO: [ template_filter ] --START--
INFO: Run Behavior\ContentReplaceBehavior [ RunTime:0.000147s ]
INFO: [ template_filter ] --END-- [ RunTime:0.000207s ]
SQL: SHOW COLUMNS FROM `think_member` [ RunTime:0.0058s ]
SQL: SHOW COLUMNS FROM `think_store` [ RunTime:0.0067s ]
SQL: SELECT S.*,M.username,M.nickname FROM think_store S INNER JOIN think_member M on S.user_id=M.id  WHERE ( M.id=1 ) LIMIT 1   [ RunTime:0.0003s ]
NOTIC: [8] Undefined variable: vo D:\htdocs\uufenxiao\Application\Runtime\Cache\Home\effeb5b4ceef24f1e963a121e25414a4.php 第 128 行.
INFO: Run Behavior\ParseTemplateBehavior [ RunTime:0.026337s ]
INFO: [ view_parse ] --END-- [ RunTime:0.026388s ]
INFO: [ view_filter ] --START--
INFO: Run Behavior\WriteHtmlCacheBehavior [ RunTime:0.000402s ]
INFO: [ view_filter ] --END-- [ RunTime:0.000445s ]
INFO: [ app_end ] --START--
INFO: Run Behavior\ShowPageTraceBehavior [ RunTime:0.000581s ]
INFO: [ app_end ] --END-- [ RunTime:0.000639s ]

[ 2016-10-26T17:32:06+08:00 ] ::1 /uufenxiao/index.php?m=Home&c=Travel&a=travel_info&id=6
INFO: [ app_init ] --START--
INFO: Run Behavior\BuildLiteBehavior [ RunTime:0.000022s ]
INFO: [ app_init ] --END-- [ RunTime:0.000132s ]
INFO: [ app_begin ] --START--
INFO: Run Behavior\ReadHtmlCacheBehavior [ RunTime:0.000439s ]
INFO: [ app_begin ] --END-- [ RunTime:0.000500s ]
SQL: SHOW COLUMNS FROM `think_travel` [ RunTime:0.0056s ]
SQL: SELECT * FROM `think_travel` WHERE ( tr_id=6 ) LIMIT 1   [ RunTime:0.0003s ]
INFO: [ view_parse ] --START--
INFO: [ template_filter ] --START--
INFO: Run Behavior\ContentReplaceBehavior [ RunTime:0.000144s ]
INFO: [ template_filter ] --END-- [ RunTime:0.000199s ]
SQL: SHOW COLUMNS FROM `think_member` [ RunTime:0.0075s ]
SQL: SHOW COLUMNS FROM `think_store` [ RunTime:0.0055s ]
SQL: SELECT S.*,M.username,M.nickname FROM think_store S INNER JOIN think_member M on S.user_id=M.id  WHERE ( M.id=1 ) LIMIT 1   [ RunTime:0.0003s ]
INFO: Run Behavior\ParseTemplateBehavior [ RunTime:0.028073s ]
INFO: [ view_parse ] --END-- [ RunTime:0.028124s ]
INFO: [ view_filter ] --START--
INFO: Run Behavior\WriteHtmlCacheBehavior [ RunTime:0.000326s ]
INFO: [ view_filter ] --END-- [ RunTime:0.000365s ]
INFO: [ app_end ] --START--
INFO: Run Behavior\ShowPageTraceBehavior [ RunTime:0.000541s ]
INFO: [ app_end ] --END-- [ RunTime:0.000618s ]

[ 2016-10-26T17:36:14+08:00 ] ::1 /uufenxiao/index.php?m=Home&c=Travel&a=travel_info&id=6
INFO: [ app_init ] --START--
INFO: Run Behavior\BuildLiteBehavior [ RunTime:0.000014s ]
INFO: [ app_init ] --END-- [ RunTime:0.000077s ]
INFO: [ app_begin ] --START--
INFO: Run Behavior\ReadHtmlCacheBehavior [ RunTime:0.000535s ]
INFO: [ app_begin ] --END-- [ RunTime:0.000590s ]
SQL: SHOW COLUMNS FROM `think_travel` [ RunTime:0.0081s ]
SQL: SELECT * FROM `think_travel` WHERE ( tr_id=6 ) LIMIT 1   [ RunTime:0.0003s ]
INFO: [ view_parse ] --START--
INFO: [ template_filter ] --START--
INFO: Run Behavior\ContentReplaceBehavior [ RunTime:0.000146s ]
INFO: [ template_filter ] --END-- [ RunTime:0.000200s ]
SQL: SHOW COLUMNS FROM `think_member` [ RunTime:0.0079s ]
SQL: SHOW COLUMNS FROM `think_store` [ RunTime:0.0052s ]
SQL: SELECT S.*,M.username,M.nickname FROM think_store S INNER JOIN think_member M on S.user_id=M.id  WHERE ( M.id=1 ) LIMIT 1   [ RunTime:0.0003s ]
INFO: Run Behavior\ParseTemplateBehavior [ RunTime:0.025929s ]
INFO: [ view_parse ] --END-- [ RunTime:0.025986s ]
INFO: [ view_filter ] --START--
INFO: Run Behavior\WriteHtmlCacheBehavior [ RunTime:0.000445s ]
INFO: [ view_filter ] --END-- [ RunTime:0.000489s ]
INFO: [ app_end ] --START--
INFO: Run Behavior\ShowPageTraceBehavior [ RunTime:0.000660s ]
INFO: [ app_end ] --END-- [ RunTime:0.000742s ]

[ 2016-10-26T17:36:29+08:00 ] ::1 /uufenxiao/index.php?m=Home&c=Travel&a=travel_info&id=6
INFO: [ app_init ] --START--
INFO: Run Behavior\BuildLiteBehavior [ RunTime:0.000012s ]
INFO: [ app_init ] --END-- [ RunTime:0.000061s ]
INFO: [ app_begin ] --START--
INFO: Run Behavior\ReadHtmlCacheBehavior [ RunTime:0.000499s ]
INFO: [ app_begin ] --END-- [ RunTime:0.000550s ]
SQL: SHOW COLUMNS FROM `think_travel` [ RunTime:0.0053s ]
SQL: SELECT * FROM `think_travel` WHERE ( tr_id=6 ) LIMIT 1   [ RunTime:0.0003s ]
INFO: [ view_parse ] --START--
INFO: [ template_filter ] --START--
INFO: Run Behavior\ContentReplaceBehavior [ RunTime:0.000154s ]
INFO: [ template_filter ] --END-- [ RunTime:0.000216s ]
SQL: SHOW COLUMNS FROM `think_member` [ RunTime:0.0065s ]
SQL: SHOW COLUMNS FROM `think_store` [ RunTime:0.0068s ]
SQL: SELECT S.*,M.username,M.nickname FROM think_store S INNER JOIN think_member M on S.user_id=M.id  WHERE ( M.id=1 ) LIMIT 1   [ RunTime:0.0003s ]
INFO: Run Behavior\ParseTemplateBehavior [ RunTime:0.027183s ]
INFO: [ view_parse ] --END-- [ RunTime:0.027234s ]
INFO: [ view_filter ] --START--
INFO: Run Behavior\WriteHtmlCacheBehavior [ RunTime:0.000470s ]
INFO: [ view_filter ] --END-- [ RunTime:0.000513s ]
INFO: [ app_end ] --START--
INFO: Run Behavior\ShowPageTraceBehavior [ RunTime:0.000650s ]
INFO: [ app_end ] --END-- [ RunTime:0.000714s ]

[ 2016-10-26T17:37:58+08:00 ] ::1 /uufenxiao/index.php?m=Home&c=Travel&a=travel_info&id=6
INFO: [ app_init ] --START--
INFO: Run Behavior\BuildLiteBehavior [ RunTime:0.000013s ]
INFO: [ app_init ] --END-- [ RunTime:0.000060s ]
INFO: [ app_begin ] --START--
INFO: Run Behavior\ReadHtmlCacheBehavior [ RunTime:0.000497s ]
INFO: [ app_begin ] --END-- [ RunTime:0.000548s ]
SQL: SHOW COLUMNS FROM `think_travel` [ RunTime:0.0055s ]
SQL: SELECT * FROM `think_travel` WHERE ( tr_id=6 ) LIMIT 1   [ RunTime:0.0003s ]
INFO: [ view_parse ] --START--
INFO: [ template_filter ] --START--
INFO: Run Behavior\ContentReplaceBehavior [ RunTime:0.000149s ]
INFO: [ template_filter ] --END-- [ RunTime:0.000207s ]
SQL: SHOW COLUMNS FROM `think_member` [ RunTime:0.0066s ]
SQL: SHOW COLUMNS FROM `think_store` [ RunTime:0.0062s ]
SQL: SELECT S.*,M.username,M.nickname FROM think_store S INNER JOIN think_member M on S.user_id=M.id  WHERE ( M.id=1 ) LIMIT 1   [ RunTime:0.0003s ]
INFO: Run Behavior\ParseTemplateBehavior [ RunTime:0.026180s ]
INFO: [ view_parse ] --END-- [ RunTime:0.026236s ]
INFO: [ view_filter ] --START--
INFO: Run Behavior\WriteHtmlCacheBehavior [ RunTime:0.000483s ]
INFO: [ view_filter ] --END-- [ RunTime:0.000532s ]
INFO: [ app_end ] --START--
INFO: Run Behavior\ShowPageTraceBehavior [ RunTime:0.000768s ]
INFO: [ app_end ] --END-- [ RunTime:0.000850s ]

[ 2016-10-26T17:53:21+08:00 ] ::1 /uufenxiao/index.php?m=Home&c=Travel&a=travel_info&id=6
INFO: [ app_init ] --START--
INFO: Run Behavior\BuildLiteBehavior [ RunTime:0.000012s ]
INFO: [ app_init ] --END-- [ RunTime:0.000059s ]
INFO: [ app_begin ] --START--
INFO: Run Behavior\ReadHtmlCacheBehavior [ RunTime:0.000395s ]
INFO: [ app_begin ] --END-- [ RunTime:0.000446s ]
SQL: SHOW COLUMNS FROM `think_travel` [ RunTime:0.0055s ]
SQL: SELECT * FROM `think_travel` WHERE ( tr_id=6 ) LIMIT 1   [ RunTime:0.0003s ]
INFO: [ view_parse ] --START--
INFO: [ template_filter ] --START--
INFO: Run Behavior\ContentReplaceBehavior [ RunTime:0.000146s ]
INFO: [ template_filter ] --END-- [ RunTime:0.000203s ]
SQL: SHOW COLUMNS FROM `think_member` [ RunTime:0.0067s ]
SQL: SHOW COLUMNS FROM `think_store` [ RunTime:0.0063s ]
SQL: SELECT S.*,M.username,M.nickname FROM think_store S INNER JOIN think_member M on S.user_id=M.id  WHERE ( M.id=1 ) LIMIT 1   [ RunTime:0.0003s ]
INFO: Run Behavior\ParseTemplateBehavior [ RunTime:0.028476s ]
INFO: [ view_parse ] --END-- [ RunTime:0.028533s ]
INFO: [ view_filter ] --START--
INFO: Run Behavior\WriteHtmlCacheBehavior [ RunTime:0.000416s ]
INFO: [ view_filter ] --END-- [ RunTime:0.000460s ]
INFO: [ app_end ] --START--
INFO: Run Behavior\ShowPageTraceBehavior [ RunTime:0.000579s ]
INFO: [ app_end ] --END-- [ RunTime:0.000656s ]

