[ 2016-11-11T11:17:34+08:00 ] ::1 /uufenxiao/
INFO: [ app_init ] --START--
INFO: Run Behavior\BuildLiteBehavior [ RunTime:0.000014s ]
INFO: [ app_init ] --END-- [ RunTime:0.000067s ]
INFO: [ app_begin ] --START--
INFO: Run Behavior\ReadHtmlCacheBehavior [ RunTime:0.000872s ]
INFO: [ app_begin ] --END-- [ RunTime:0.000928s ]
NOTIC: [8] Undefined variable: tra D:\htdocs\uufenxiao\Application\Home\Controller\IndexController.class.php 第 8 行.
SQL: SHOW COLUMNS FROM `think_member` [ RunTime:0.0097s ]
SQL: SELECT * FROM `think_member` LIMIT 1   [ RunTime:0.0010s ]
SQL: SHOW COLUMNS FROM `think_ulevelup` [ RunTime:0.0100s ]
SQL: SELECT * FROM `think_ulevelup` WHERE (  userid= '1'   ) ORDER BY uid desc LIMIT 1   [ RunTime:0.0003s ]
SQL: SHOW COLUMNS FROM `think_member` [ RunTime:0.0074s ]
SQL: SELECT * FROM `think_member` WHERE ( id='0' ) LIMIT 1   [ RunTime:0.0005s ]
SQL: SELECT COUNT(*) AS tp_count FROM `think_ulevelup` WHERE (  userid= '1'   ) LIMIT 1   [ RunTime:0.0010s ]
SQL: SELECT * FROM `think_ulevelup` INNER JOIN think_ulevel ON think_ulevelup.tolevel = think_ulevel.ulevel  WHERE (  userid= '1'   ) ORDER BY think_ulevelup.uid desc  [ RunTime:0.0020s ]

[ 2016-11-11T11:19:10+08:00 ] ::1 /uufenxiao/
INFO: [ app_init ] --START--
INFO: Run Behavior\BuildLiteBehavior [ RunTime:0.000010s ]
INFO: [ app_init ] --END-- [ RunTime:0.000057s ]
INFO: [ app_begin ] --START--
INFO: Run Behavior\ReadHtmlCacheBehavior [ RunTime:0.000587s ]
INFO: [ app_begin ] --END-- [ RunTime:0.000639s ]
NOTIC: [8] Undefined variable: tra D:\htdocs\uufenxiao\Application\Home\Controller\IndexController.class.php 第 8 行.
SQL: SHOW COLUMNS FROM `think_member` [ RunTime:0.0069s ]
SQL: SELECT * FROM `think_member` LIMIT 1   [ RunTime:0.0006s ]
SQL: SHOW COLUMNS FROM `think_ulevelup` [ RunTime:0.0060s ]
SQL: SELECT * FROM `think_ulevelup` WHERE (  userid= '1'   ) ORDER BY uid desc LIMIT 1   [ RunTime:0.0003s ]
SQL: SHOW COLUMNS FROM `think_member` [ RunTime:0.0067s ]
SQL: SELECT * FROM `think_member` WHERE ( id='0' ) LIMIT 1   [ RunTime:0.0005s ]
SQL: SELECT COUNT(*) AS tp_count FROM `think_ulevelup` WHERE (  userid= '1'   ) LIMIT 1   [ RunTime:0.0003s ]
SQL: SELECT * FROM `think_ulevelup` INNER JOIN think_ulevel ON think_ulevelup.tolevel = think_ulevel.ulevel  WHERE (  userid= '1'   ) ORDER BY think_ulevelup.uid desc  [ RunTime:0.0006s ]

[ 2016-11-11T11:19:44+08:00 ] ::1 /uufenxiao/
INFO: [ app_init ] --START--
INFO: Run Behavior\BuildLiteBehavior [ RunTime:0.000013s ]
INFO: [ app_init ] --END-- [ RunTime:0.000064s ]
INFO: [ app_begin ] --START--
INFO: Run Behavior\ReadHtmlCacheBehavior [ RunTime:0.000630s ]
INFO: [ app_begin ] --END-- [ RunTime:0.000686s ]
NOTIC: [8] Undefined variable: tra D:\htdocs\uufenxiao\Application\Home\Controller\IndexController.class.php 第 8 行.
SQL: SHOW COLUMNS FROM `think_member` [ RunTime:0.0070s ]
SQL: SELECT * FROM `think_member` LIMIT 1   [ RunTime:0.0006s ]
SQL: SHOW COLUMNS FROM `think_ulevelup` [ RunTime:0.0058s ]
SQL: SELECT * FROM `think_ulevelup` WHERE (  userid= '1'   ) ORDER BY uid desc LIMIT 1   [ RunTime:0.0003s ]
SQL: SHOW COLUMNS FROM `think_member` [ RunTime:0.0069s ]
SQL: SELECT * FROM `think_member` WHERE ( id='0' ) LIMIT 1   [ RunTime:0.0005s ]
SQL: SELECT COUNT(*) AS tp_count FROM `think_ulevelup` WHERE (  userid= '1'   ) LIMIT 1   [ RunTime:0.0003s ]
SQL: SELECT * FROM `think_ulevelup` INNER JOIN think_ulevel ON think_ulevelup.tolevel = think_ulevel.ulevel  WHERE (  userid= '1'   ) ORDER BY think_ulevelup.uid desc  [ RunTime:0.0005s ]
NOTIC: [8] Undefined variable: module D:\htdocs\uufenxiao\ThinkPHP\Common\functions.php 第 990 行.
NOTIC: [8] Undefined variable: var D:\htdocs\uufenxiao\ThinkPHP\Common\functions.php 第 990 行.
NOTIC: [2] array_reverse() expects parameter 1 to be array, null given D:\htdocs\uufenxiao\ThinkPHP\Common\functions.php 第 990 行.
NOTIC: [2] http_build_query() [<a href='function.http-build-query'>function.http-build-query</a>]: Parameter 1 expected to be Array or Object.  Incorrect value given D:\htdocs\uufenxiao\ThinkPHP\Common\functions.php 第 990 行.

[ 2016-11-11T11:19:44+08:00 ] ::1 /uufenxiao/index.php?m=&&m=Home&c=Index&a=login
INFO: [ app_init ] --START--
INFO: Run Behavior\BuildLiteBehavior [ RunTime:0.000012s ]
INFO: [ app_init ] --END-- [ RunTime:0.000061s ]
INFO: [ app_begin ] --START--
INFO: Run Behavior\ReadHtmlCacheBehavior [ RunTime:0.000544s ]
INFO: [ app_begin ] --END-- [ RunTime:0.000599s ]
NOTIC: [8] Undefined index: submit D:\htdocs\uufenxiao\Application\Home\Controller\IndexController.class.php 第 54 行.
INFO: [ view_parse ] --START--
INFO: [ template_filter ] --START--
INFO: Run Behavior\ContentReplaceBehavior [ RunTime:0.000054s ]
INFO: [ template_filter ] --END-- [ RunTime:0.000118s ]
INFO: Run Behavior\ParseTemplateBehavior [ RunTime:0.015156s ]
INFO: [ view_parse ] --END-- [ RunTime:0.015231s ]
INFO: [ view_filter ] --START--
INFO: Run Behavior\WriteHtmlCacheBehavior [ RunTime:0.003463s ]
INFO: [ view_filter ] --END-- [ RunTime:0.003524s ]
INFO: [ app_end ] --START--
INFO: Run Behavior\ShowPageTraceBehavior [ RunTime:0.000980s ]
INFO: [ app_end ] --END-- [ RunTime:0.001048s ]

[ 2016-11-11T11:19:55+08:00 ] ::1 /uufenxiao/index.php?m=Home&c=Index&a=login
INFO: [ app_init ] --START--
INFO: Run Behavior\BuildLiteBehavior [ RunTime:0.000015s ]
INFO: [ app_init ] --END-- [ RunTime:0.000084s ]
INFO: [ app_begin ] --START--
INFO: Run Behavior\ReadHtmlCacheBehavior [ RunTime:0.001564s ]
INFO: [ app_begin ] --END-- [ RunTime:0.001909s ]
SQL: SHOW COLUMNS FROM `think_member` [ RunTime:0.0099s ]
SQL: SELECT COUNT(*) AS tp_count FROM `think_member` WHERE ( nickname= '000' AND password1= '96e79218965eb72c92a549dd5a330112' and ispay=1 ) LIMIT 1   [ RunTime:0.0007s ]
INFO: [ view_parse ] --START--
INFO: [ template_filter ] --START--
INFO: Run Behavior\ContentReplaceBehavior [ RunTime:0.000042s ]
INFO: [ template_filter ] --END-- [ RunTime:0.000100s ]
INFO: Run Behavior\ParseTemplateBehavior [ RunTime:0.007878s ]
INFO: [ view_parse ] --END-- [ RunTime:0.008112s ]
INFO: [ view_filter ] --START--
INFO: Run Behavior\WriteHtmlCacheBehavior [ RunTime:0.001060s ]
INFO: [ view_filter ] --END-- [ RunTime:0.001149s ]
INFO: [ app_end ] --START--
INFO: Run Behavior\ShowPageTraceBehavior [ RunTime:0.000722s ]
INFO: [ app_end ] --END-- [ RunTime:0.000780s ]

[ 2016-11-11T11:19:57+08:00 ] ::1 /uufenxiao/index.php?m=Home&c=Index&a=login
INFO: [ app_init ] --START--
INFO: Run Behavior\BuildLiteBehavior [ RunTime:0.000017s ]
INFO: [ app_init ] --END-- [ RunTime:0.000085s ]
INFO: [ app_begin ] --START--
INFO: Run Behavior\ReadHtmlCacheBehavior [ RunTime:0.000590s ]
INFO: [ app_begin ] --END-- [ RunTime:0.000657s ]
NOTIC: [8] Undefined index: submit D:\htdocs\uufenxiao\Application\Home\Controller\IndexController.class.php 第 54 行.
INFO: [ view_parse ] --START--
INFO: [ template_filter ] --START--
INFO: Run Behavior\ContentReplaceBehavior [ RunTime:0.000051s ]
INFO: [ template_filter ] --END-- [ RunTime:0.000110s ]
INFO: Run Behavior\ParseTemplateBehavior [ RunTime:0.009522s ]
INFO: [ view_parse ] --END-- [ RunTime:0.009587s ]
INFO: [ view_filter ] --START--
INFO: Run Behavior\WriteHtmlCacheBehavior [ RunTime:0.000459s ]
INFO: [ view_filter ] --END-- [ RunTime:0.000499s ]
INFO: [ app_end ] --START--
INFO: Run Behavior\ShowPageTraceBehavior [ RunTime:0.000623s ]
INFO: [ app_end ] --END-- [ RunTime:0.000666s ]

[ 2016-11-11T11:20:00+08:00 ] ::1 /uufenxiao/index.php?m=Home&c=Index&a=login
INFO: [ app_init ] --START--
INFO: Run Behavior\BuildLiteBehavior [ RunTime:0.000012s ]
INFO: [ app_init ] --END-- [ RunTime:0.000060s ]
INFO: [ app_begin ] --START--
INFO: Run Behavior\ReadHtmlCacheBehavior [ RunTime:0.002178s ]
INFO: [ app_begin ] --END-- [ RunTime:0.002267s ]
SQL: SHOW COLUMNS FROM `think_member` [ RunTime:0.0110s ]
SQL: SELECT COUNT(*) AS tp_count FROM `think_member` WHERE ( nickname= '000' AND password1= 'c4ca4238a0b923820dcc509a6f75849b' and ispay=1 ) LIMIT 1   [ RunTime:0.0004s ]
SQL: SELECT COUNT(*) AS tp_count FROM `think_member` WHERE ( nickname= '000' AND password1= 'c4ca4238a0b923820dcc509a6f75849b' and ispay=1 and islock=0 ) LIMIT 1   [ RunTime:0.0003s ]
SQL: SELECT * FROM `think_member` WHERE ( nickname='000' ) LIMIT 1   [ RunTime:0.0005s ]
INFO: [ view_parse ] --START--
INFO: [ template_filter ] --START--
INFO: Run Behavior\ContentReplaceBehavior [ RunTime:0.000042s ]
INFO: [ template_filter ] --END-- [ RunTime:0.000099s ]
INFO: Run Behavior\ParseTemplateBehavior [ RunTime:0.007194s ]
INFO: [ view_parse ] --END-- [ RunTime:0.007273s ]
INFO: [ view_filter ] --START--
INFO: Run Behavior\WriteHtmlCacheBehavior [ RunTime:0.002054s ]
INFO: [ view_filter ] --END-- [ RunTime:0.002371s ]
INFO: [ app_end ] --START--
INFO: Run Behavior\ShowPageTraceBehavior [ RunTime:0.001096s ]
INFO: [ app_end ] --END-- [ RunTime:0.001196s ]

[ 2016-11-11T11:20:01+08:00 ] ::1 /uufenxiao/index.php?m=Home&c=Index&a=index
INFO: [ app_init ] --START--
INFO: Run Behavior\BuildLiteBehavior [ RunTime:0.000015s ]
INFO: [ app_init ] --END-- [ RunTime:0.000069s ]
INFO: [ app_begin ] --START--
INFO: Run Behavior\ReadHtmlCacheBehavior [ RunTime:0.000598s ]
INFO: [ app_begin ] --END-- [ RunTime:0.000650s ]
SQL: SHOW COLUMNS FROM `think_travel_order` [ RunTime:0.0091s ]
SQL: SELECT * FROM `think_travel_order` WHERE ( user_id=1 and reback=1 and pay_status=0 ) LIMIT 1   [ RunTime:0.0003s ]
SQL: SHOW COLUMNS FROM `think_member` [ RunTime:0.0101s ]
SQL: SELECT * FROM `think_member` WHERE `id` = 1 LIMIT 1   [ RunTime:0.0005s ]
SQL: SHOW COLUMNS FROM `think_ulevelup` [ RunTime:0.0075s ]
SQL: SELECT * FROM `think_ulevelup` WHERE (  userid= '1'   ) ORDER BY uid desc LIMIT 1   [ RunTime:0.0005s ]
SQL: SHOW COLUMNS FROM `think_member` [ RunTime:0.0067s ]
SQL: SELECT * FROM `think_member` WHERE ( id='0' ) LIMIT 1   [ RunTime:0.0004s ]
SQL: SELECT COUNT(*) AS tp_count FROM `think_ulevelup` WHERE (  userid= '1'   ) LIMIT 1   [ RunTime:0.0002s ]
SQL: SELECT * FROM `think_ulevelup` INNER JOIN think_ulevel ON think_ulevelup.tolevel = think_ulevel.ulevel  WHERE (  userid= '1'   ) ORDER BY think_ulevelup.uid desc  [ RunTime:0.0005s ]
SQL: SELECT * FROM `think_member` WHERE `id` = 1 LIMIT 1   [ RunTime:0.0004s ]
INFO: [ view_parse ] --START--
INFO: [ template_filter ] --START--
INFO: Run Behavior\ContentReplaceBehavior [ RunTime:0.000104s ]
INFO: [ template_filter ] --END-- [ RunTime:0.000163s ]
SQL: SHOW COLUMNS FROM `think_store` [ RunTime:0.0103s ]
SQL: SELECT S.*,M.username,M.nickname FROM think_store S INNER JOIN think_member M on S.user_id=M.id  WHERE ( M.id=1 ) LIMIT 1   [ RunTime:0.0003s ]
NOTIC: [8] Undefined index: lvname D:\htdocs\uufenxiao\Application\Runtime\Cache\Home\2a94b8bda04ff446dcedd42276fc99ee.php 第 158 行.
INFO: Run Behavior\ParseTemplateBehavior [ RunTime:0.024718s ]
INFO: [ view_parse ] --END-- [ RunTime:0.024771s ]
INFO: [ view_filter ] --START--
INFO: Run Behavior\WriteHtmlCacheBehavior [ RunTime:0.000599s ]
INFO: [ view_filter ] --END-- [ RunTime:0.000643s ]
INFO: [ app_end ] --START--
INFO: Run Behavior\ShowPageTraceBehavior [ RunTime:0.000720s ]
INFO: [ app_end ] --END-- [ RunTime:0.000777s ]

[ 2016-11-11T11:20:04+08:00 ] ::1 /uufenxiao/index.php?m=Home&c=Member&a=sys
INFO: [ app_init ] --START--
INFO: Run Behavior\BuildLiteBehavior [ RunTime:0.000014s ]
INFO: [ app_init ] --END-- [ RunTime:0.000066s ]
INFO: [ app_begin ] --START--
INFO: Run Behavior\ReadHtmlCacheBehavior [ RunTime:0.000999s ]
INFO: [ app_begin ] --END-- [ RunTime:0.001098s ]
NOTIC: [8] Undefined index: submit D:\htdocs\uufenxiao\Application\Home\Controller\MemberController.class.php 第 17 行.
SQL: SHOW COLUMNS FROM `think_member` [ RunTime:0.0101s ]
SQL: SELECT * FROM `think_member` WHERE ( id='1' ) LIMIT 1   [ RunTime:0.0007s ]
SQL: SELECT * FROM `think_member` WHERE ( reid='1' and ispay=1 ) ORDER BY id asc  [ RunTime:0.0007s ]
SQL: SELECT * FROM `think_member` WHERE ( reid='2' and ispay=1 ) ORDER BY id asc  [ RunTime:0.0005s ]
SQL: SELECT * FROM `think_member` WHERE ( reid='12' and ispay=1 ) ORDER BY id asc  [ RunTime:0.0008s ]
SQL: SELECT * FROM `think_member` WHERE ( reid='22' and ispay=1 ) ORDER BY id asc  [ RunTime:0.0004s ]
SQL: SELECT * FROM `think_member` WHERE ( reid='23' and ispay=1 ) ORDER BY id asc  [ RunTime:0.0004s ]
SQL: SELECT * FROM `think_member` WHERE ( reid='37' and ispay=1 ) ORDER BY id asc  [ RunTime:0.0003s ]
SQL: SELECT * FROM `think_member` WHERE ( reid='38' and ispay=1 ) ORDER BY id asc  [ RunTime:0.0004s ]
SQL: SELECT * FROM `think_member` WHERE ( reid='40' and ispay=1 ) ORDER BY id asc  [ RunTime:0.0003s ]
SQL: SELECT * FROM `think_member` WHERE ( reid='41' and ispay=1 ) ORDER BY id asc  [ RunTime:0.0003s ]
SQL: SELECT * FROM `think_member` WHERE ( reid='39' and ispay=1 ) ORDER BY id asc  [ RunTime:0.0003s ]
SQL: SELECT * FROM `think_member` WHERE ( reid='24' and ispay=1 ) ORDER BY id asc  [ RunTime:0.0004s ]
SQL: SELECT * FROM `think_member` WHERE ( reid='25' and ispay=1 ) ORDER BY id asc  [ RunTime:0.0016s ]
SQL: SELECT * FROM `think_member` WHERE ( reid='35' and ispay=1 ) ORDER BY id asc  [ RunTime:0.0009s ]
SQL: SELECT * FROM `think_member` WHERE ( reid='36' and ispay=1 ) ORDER BY id asc  [ RunTime:0.0004s ]
SQL: SELECT * FROM `think_member` WHERE ( reid='26' and ispay=1 ) ORDER BY id asc  [ RunTime:0.0004s ]
SQL: SELECT * FROM `think_member` WHERE ( reid='27' and ispay=1 ) ORDER BY id asc  [ RunTime:0.0004s ]
SQL: SELECT * FROM `think_member` WHERE ( reid='28' and ispay=1 ) ORDER BY id asc  [ RunTime:0.0004s ]
SQL: SELECT * FROM `think_member` WHERE ( reid='29' and ispay=1 ) ORDER BY id asc  [ RunTime:0.0004s ]
SQL: SELECT * FROM `think_member` WHERE ( reid='30' and ispay=1 ) ORDER BY id asc  [ RunTime:0.0004s ]
SQL: SELECT * FROM `think_member` WHERE ( reid='31' and ispay=1 ) ORDER BY id asc  [ RunTime:0.0004s ]
SQL: SELECT * FROM `think_member` WHERE ( reid='33' and ispay=1 ) ORDER BY id asc  [ RunTime:0.0005s ]
SQL: SELECT * FROM `think_member` WHERE ( reid='34' and ispay=1 ) ORDER BY id asc  [ RunTime:0.0005s ]
SQL: SELECT * FROM `think_member` WHERE ( reid='32' and ispay=1 ) ORDER BY id asc  [ RunTime:0.0004s ]
SQL: SELECT * FROM `think_member` WHERE ( reid='42' and ispay=1 ) ORDER BY id asc  [ RunTime:0.0004s ]
SQL: SELECT * FROM `think_member` WHERE ( reid='13' and ispay=1 ) ORDER BY id asc  [ RunTime:0.0005s ]
SQL: SELECT * FROM `think_member` WHERE ( reid='17' and ispay=1 ) ORDER BY id asc  [ RunTime:0.0005s ]
SQL: SELECT * FROM `think_member` WHERE ( reid='18' and ispay=1 ) ORDER BY id asc  [ RunTime:0.0004s ]
SQL: SELECT * FROM `think_member` WHERE ( reid='14' and ispay=1 ) ORDER BY id asc  [ RunTime:0.0004s ]
SQL: SELECT * FROM `think_member` WHERE ( reid='19' and ispay=1 ) ORDER BY id asc  [ RunTime:0.0004s ]
SQL: SELECT * FROM `think_member` WHERE ( reid='20' and ispay=1 ) ORDER BY id asc  [ RunTime:0.0003s ]
SQL: SELECT * FROM `think_member` WHERE ( reid='15' and ispay=1 ) ORDER BY id asc  [ RunTime:0.0005s ]
SQL: SELECT * FROM `think_member` WHERE ( reid='21' and ispay=1 ) ORDER BY id asc  [ RunTime:0.0004s ]
SQL: SELECT * FROM `think_member` WHERE ( reid='16' and ispay=1 ) ORDER BY id asc  [ RunTime:0.0013s ]
SQL: SELECT * FROM `think_member` WHERE ( reid='3' and ispay=1 ) ORDER BY id asc  [ RunTime:0.0006s ]
SQL: SELECT * FROM `think_member` WHERE ( reid='4' and ispay=1 ) ORDER BY id asc  [ RunTime:0.0004s ]
SQL: SELECT * FROM `think_member` WHERE ( reid='5' and ispay=1 ) ORDER BY id asc  [ RunTime:0.0004s ]
SQL: SELECT * FROM `think_member` WHERE ( reid='6' and ispay=1 ) ORDER BY id asc  [ RunTime:0.0005s ]
SQL: SELECT * FROM `think_member` WHERE ( reid='9' and ispay=1 ) ORDER BY id asc  [ RunTime:0.0004s ]
SQL: SELECT * FROM `think_member` WHERE ( reid='11' and ispay=1 ) ORDER BY id asc  [ RunTime:0.0004s ]
SQL: SELECT * FROM `think_member` WHERE ( reid='7' and ispay=1 ) ORDER BY id asc  [ RunTime:0.0003s ]
SQL: SELECT * FROM `think_member` WHERE ( reid='8' and ispay=1 ) ORDER BY id asc  [ RunTime:0.0004s ]
SQL: SELECT * FROM `think_member` WHERE ( reid='43' and ispay=1 ) ORDER BY id asc  [ RunTime:0.0004s ]
SQL: SELECT * FROM `think_member` WHERE ( reid='47' and ispay=1 ) ORDER BY id asc  [ RunTime:0.0004s ]
SQL: SELECT * FROM `think_member` WHERE ( reid='48' and ispay=1 ) ORDER BY id asc  [ RunTime:0.0004s ]
SQL: SELECT * FROM `think_member` WHERE ( reid='49' and ispay=1 ) ORDER BY id asc  [ RunTime:0.0003s ]
SQL: SELECT * FROM `think_member` WHERE ( reid='44' and ispay=1 ) ORDER BY id asc  [ RunTime:0.0004s ]
SQL: SELECT * FROM `think_member` WHERE ( reid='46' and ispay=1 ) ORDER BY id asc  [ RunTime:0.0004s ]
SQL: SELECT * FROM `think_member` WHERE ( reid='45' and ispay=1 ) ORDER BY id asc  [ RunTime:0.0003s ]
SQL: SELECT * FROM `think_member` WHERE ( reid='10' and ispay=1 ) ORDER BY id asc  [ RunTime:0.0003s ]
SQL: SELECT * FROM `think_member` WHERE ( reid='109' and ispay=1 ) ORDER BY id asc  [ RunTime:0.0003s ]
INFO: [ view_parse ] --START--
INFO: [ template_filter ] --START--
INFO: Run Behavior\ContentReplaceBehavior [ RunTime:0.000085s ]
INFO: [ template_filter ] --END-- [ RunTime:0.000144s ]
SQL: SHOW COLUMNS FROM `think_store` [ RunTime:0.0059s ]
SQL: SELECT S.*,M.username,M.nickname FROM think_store S INNER JOIN think_member M on S.user_id=M.id  WHERE ( M.id=1 ) LIMIT 1   [ RunTime:0.0003s ]
INFO: Run Behavior\ParseTemplateBehavior [ RunTime:0.018439s ]
INFO: [ view_parse ] --END-- [ RunTime:0.018492s ]
INFO: [ view_filter ] --START--
INFO: Run Behavior\WriteHtmlCacheBehavior [ RunTime:0.000601s ]
INFO: [ view_filter ] --END-- [ RunTime:0.000646s ]
INFO: [ app_end ] --START--
INFO: Run Behavior\ShowPageTraceBehavior [ RunTime:0.000640s ]
INFO: [ app_end ] --END-- [ RunTime:0.000699s ]

[ 2016-11-11T17:55:50+08:00 ] 124.207.55.90 /uufenxiao/
INFO: [ app_init ] --START--
INFO: Run Behavior\BuildLiteBehavior [ RunTime:0.000025s ]
INFO: [ app_init ] --END-- [ RunTime:0.000128s ]
INFO: [ app_begin ] --START--
INFO: Run Behavior\ReadHtmlCacheBehavior [ RunTime:0.003216s ]
INFO: [ app_begin ] --END-- [ RunTime:0.003348s ]
NOTIC: [8] Undefined variable: tra /data/wwwroot/default/uufenxiao/Application/Home/Controller/IndexController.class.php 第 8 行.
SQL: SHOW COLUMNS FROM `think_member` [ RunTime:0.0198s ]
SQL: SELECT * FROM `think_member` LIMIT 1   [ RunTime:0.0029s ]
SQL: SHOW COLUMNS FROM `think_ulevelup` [ RunTime:0.0058s ]
SQL: SELECT * FROM `think_ulevelup` WHERE (  userid= '1'   ) ORDER BY uid desc LIMIT 1   [ RunTime:0.0005s ]
SQL: SHOW COLUMNS FROM `think_member` [ RunTime:0.0017s ]
SQL: SELECT * FROM `think_member` WHERE ( id='0' ) LIMIT 1   [ RunTime:0.0042s ]
SQL: SELECT COUNT(*) AS tp_count FROM `think_ulevelup` WHERE (  userid= '1'   ) LIMIT 1   [ RunTime:0.0042s ]
SQL: SELECT * FROM `think_ulevelup` INNER JOIN think_ulevel ON think_ulevelup.tolevel = think_ulevel.ulevel  WHERE (  userid= '1'   ) ORDER BY think_ulevelup.uid desc  [ RunTime:0.0193s ]
NOTIC: [8] Undefined variable: module /data/wwwroot/default/uufenxiao/ThinkPHP/Common/functions.php 第 990 行.
NOTIC: [8] Undefined variable: var /data/wwwroot/default/uufenxiao/ThinkPHP/Common/functions.php 第 990 行.
NOTIC: [2] array_reverse() expects parameter 1 to be array, null given /data/wwwroot/default/uufenxiao/ThinkPHP/Common/functions.php 第 990 行.
NOTIC: [2] http_build_query(): Parameter 1 expected to be Array or Object.  Incorrect value given /data/wwwroot/default/uufenxiao/ThinkPHP/Common/functions.php 第 990 行.

[ 2016-11-11T17:55:50+08:00 ] 124.207.55.90 /uufenxiao/index.php?m=&&m=Home&c=Index&a=login
INFO: [ app_init ] --START--
INFO: Run Behavior\BuildLiteBehavior [ RunTime:0.000014s ]
INFO: [ app_init ] --END-- [ RunTime:0.000072s ]
INFO: [ app_begin ] --START--
INFO: Run Behavior\ReadHtmlCacheBehavior [ RunTime:0.000041s ]
INFO: [ app_begin ] --END-- [ RunTime:0.000082s ]
NOTIC: [8] Undefined index: submit /data/wwwroot/default/uufenxiao/Application/Home/Controller/IndexController.class.php 第 54 行.
INFO: [ view_parse ] --START--
INFO: [ template_filter ] --START--
INFO: Run Behavior\ContentReplaceBehavior [ RunTime:0.000064s ]
INFO: [ template_filter ] --END-- [ RunTime:0.000142s ]
INFO: Run Behavior\ParseTemplateBehavior [ RunTime:0.030352s ]
INFO: [ view_parse ] --END-- [ RunTime:0.030453s ]
INFO: [ view_filter ] --START--
INFO: Run Behavior\WriteHtmlCacheBehavior [ RunTime:0.003187s ]
INFO: [ view_filter ] --END-- [ RunTime:0.003253s ]
INFO: [ app_end ] --START--
INFO: Run Behavior\ShowPageTraceBehavior [ RunTime:0.003251s ]
INFO: [ app_end ] --END-- [ RunTime:0.003343s ]

[ 2016-11-11T17:55:56+08:00 ] 124.207.55.90 /uufenxiao/index.php?m=Home&c=Index&a=login
INFO: [ app_init ] --START--
INFO: Run Behavior\BuildLiteBehavior [ RunTime:0.000019s ]
INFO: [ app_init ] --END-- [ RunTime:0.000105s ]
INFO: [ app_begin ] --START--
INFO: Run Behavior\ReadHtmlCacheBehavior [ RunTime:0.000047s ]
INFO: [ app_begin ] --END-- [ RunTime:0.000096s ]
SQL: SHOW COLUMNS FROM `think_member` [ RunTime:0.0023s ]
SQL: SELECT COUNT(*) AS tp_count FROM `think_member` WHERE ( nickname= '000' AND password1= '96e79218965eb72c92a549dd5a330112' and ispay=1 ) LIMIT 1   [ RunTime:0.0005s ]
INFO: [ view_parse ] --START--
INFO: [ template_filter ] --START--
INFO: Run Behavior\ContentReplaceBehavior [ RunTime:0.000066s ]
INFO: [ template_filter ] --END-- [ RunTime:0.000146s ]
INFO: Run Behavior\ParseTemplateBehavior [ RunTime:0.005429s ]
INFO: [ view_parse ] --END-- [ RunTime:0.005484s ]
INFO: [ view_filter ] --START--
INFO: Run Behavior\WriteHtmlCacheBehavior [ RunTime:0.000059s ]
INFO: [ view_filter ] --END-- [ RunTime:0.000200s ]
INFO: [ app_end ] --START--
INFO: Run Behavior\ShowPageTraceBehavior [ RunTime:0.000055s ]
INFO: [ app_end ] --END-- [ RunTime:0.000095s ]

[ 2016-11-11T17:55:57+08:00 ] 124.207.55.90 /uufenxiao/index.php?m=Home&c=Index&a=login
INFO: [ app_init ] --START--
INFO: Run Behavior\BuildLiteBehavior [ RunTime:0.000021s ]
INFO: [ app_init ] --END-- [ RunTime:0.000106s ]
INFO: [ app_begin ] --START--
INFO: Run Behavior\ReadHtmlCacheBehavior [ RunTime:0.000042s ]
INFO: [ app_begin ] --END-- [ RunTime:0.000086s ]
NOTIC: [8] Undefined index: submit /data/wwwroot/default/uufenxiao/Application/Home/Controller/IndexController.class.php 第 54 行.
INFO: [ view_parse ] --START--
INFO: [ template_filter ] --START--
INFO: Run Behavior\ContentReplaceBehavior [ RunTime:0.000051s ]
INFO: [ template_filter ] --END-- [ RunTime:0.000122s ]
INFO: Run Behavior\ParseTemplateBehavior [ RunTime:0.003109s ]
INFO: [ view_parse ] --END-- [ RunTime:0.003157s ]
INFO: [ view_filter ] --START--
INFO: Run Behavior\WriteHtmlCacheBehavior [ RunTime:0.000042s ]
INFO: [ view_filter ] --END-- [ RunTime:0.000078s ]
INFO: [ app_end ] --START--
INFO: Run Behavior\ShowPageTraceBehavior [ RunTime:0.000039s ]
INFO: [ app_end ] --END-- [ RunTime:0.000076s ]

[ 2016-11-11T17:56:00+08:00 ] 124.207.55.90 /uufenxiao/index.php?m=Home&c=Index&a=login
INFO: [ app_init ] --START--
INFO: Run Behavior\BuildLiteBehavior [ RunTime:0.000019s ]
INFO: [ app_init ] --END-- [ RunTime:0.000101s ]
INFO: [ app_begin ] --START--
INFO: Run Behavior\ReadHtmlCacheBehavior [ RunTime:0.000049s ]
INFO: [ app_begin ] --END-- [ RunTime:0.000099s ]
SQL: SHOW COLUMNS FROM `think_member` [ RunTime:0.0019s ]
SQL: SELECT COUNT(*) AS tp_count FROM `think_member` WHERE ( nickname= '000' AND password1= 'c4ca4238a0b923820dcc509a6f75849b' and ispay=1 ) LIMIT 1   [ RunTime:0.0005s ]
SQL: SELECT COUNT(*) AS tp_count FROM `think_member` WHERE ( nickname= '000' AND password1= 'c4ca4238a0b923820dcc509a6f75849b' and ispay=1 and islock=0 ) LIMIT 1   [ RunTime:0.0005s ]
SQL: SELECT * FROM `think_member` WHERE ( nickname='000' ) LIMIT 1   [ RunTime:0.0005s ]
INFO: [ view_parse ] --START--
INFO: [ template_filter ] --START--
INFO: Run Behavior\ContentReplaceBehavior [ RunTime:0.000063s ]
INFO: [ template_filter ] --END-- [ RunTime:0.000142s ]
INFO: Run Behavior\ParseTemplateBehavior [ RunTime:0.003768s ]
INFO: [ view_parse ] --END-- [ RunTime:0.003873s ]
INFO: [ view_filter ] --START--
INFO: Run Behavior\WriteHtmlCacheBehavior [ RunTime:0.000049s ]
INFO: [ view_filter ] --END-- [ RunTime:0.000087s ]
INFO: [ app_end ] --START--
INFO: Run Behavior\ShowPageTraceBehavior [ RunTime:0.000055s ]
INFO: [ app_end ] --END-- [ RunTime:0.000094s ]

[ 2016-11-11T17:56:01+08:00 ] 124.207.55.90 /uufenxiao/index.php?m=Home&c=Index&a=index
INFO: [ app_init ] --START--
INFO: Run Behavior\BuildLiteBehavior [ RunTime:0.000016s ]
INFO: [ app_init ] --END-- [ RunTime:0.000075s ]
INFO: [ app_begin ] --START--
INFO: Run Behavior\ReadHtmlCacheBehavior [ RunTime:0.000043s ]
INFO: [ app_begin ] --END-- [ RunTime:0.000136s ]
SQL: SHOW COLUMNS FROM `think_travel_order` [ RunTime:0.0991s ]
SQL: SELECT * FROM `think_travel_order` WHERE ( user_id=1 and reback=1 and pay_status=0 ) LIMIT 1   [ RunTime:0.0005s ]
SQL: SHOW COLUMNS FROM `think_member` [ RunTime:0.0017s ]
SQL: SELECT * FROM `think_member` WHERE `id` = 1 LIMIT 1   [ RunTime:0.0005s ]
SQL: SHOW COLUMNS FROM `think_ulevelup` [ RunTime:0.0005s ]
SQL: SELECT * FROM `think_ulevelup` WHERE (  userid= '1'   ) ORDER BY uid desc LIMIT 1   [ RunTime:0.0001s ]
SQL: SHOW COLUMNS FROM `think_member` [ RunTime:0.0016s ]
SQL: SELECT * FROM `think_member` WHERE ( id='0' ) LIMIT 1   [ RunTime:0.0002s ]
SQL: SELECT COUNT(*) AS tp_count FROM `think_ulevelup` WHERE (  userid= '1'   ) LIMIT 1   [ RunTime:0.0001s ]
SQL: SELECT * FROM `think_ulevelup` INNER JOIN think_ulevel ON think_ulevelup.tolevel = think_ulevel.ulevel  WHERE (  userid= '1'   ) ORDER BY think_ulevelup.uid desc  [ RunTime:0.0001s ]
SQL: SELECT * FROM `think_member` WHERE `id` = 1 LIMIT 1   [ RunTime:0.0002s ]
INFO: [ view_parse ] --START--
INFO: [ template_filter ] --START--
INFO: Run Behavior\ContentReplaceBehavior [ RunTime:0.000103s ]
INFO: [ template_filter ] --END-- [ RunTime:0.000392s ]
SQL: SHOW COLUMNS FROM `think_store` [ RunTime:0.0171s ]
SQL: SELECT S.*,M.username,M.nickname FROM think_store S INNER JOIN think_member M on S.user_id=M.id  WHERE ( M.id=1 ) LIMIT 1   [ RunTime:0.0005s ]
NOTIC: [8] Undefined index: lvname /data/wwwroot/default/uufenxiao/Application/Runtime/Cache/Home/2a94b8bda04ff446dcedd42276fc99ee.php 第 158 行.
INFO: Run Behavior\ParseTemplateBehavior [ RunTime:0.036669s ]
INFO: [ view_parse ] --END-- [ RunTime:0.036760s ]
INFO: [ view_filter ] --START--
INFO: Run Behavior\WriteHtmlCacheBehavior [ RunTime:0.000097s ]
INFO: [ view_filter ] --END-- [ RunTime:0.000140s ]
INFO: [ app_end ] --START--
INFO: Run Behavior\ShowPageTraceBehavior [ RunTime:0.000049s ]
INFO: [ app_end ] --END-- [ RunTime:0.000093s ]

[ 2016-11-11T17:56:03+08:00 ] 124.207.55.90 /uufenxiao/index.php?m=Home&c=Uuce&a=uu_re
INFO: [ app_init ] --START--
INFO: Run Behavior\BuildLiteBehavior [ RunTime:0.000022s ]
INFO: [ app_init ] --END-- [ RunTime:0.000108s ]
INFO: [ app_begin ] --START--
INFO: Run Behavior\ReadHtmlCacheBehavior [ RunTime:0.000078s ]
INFO: [ app_begin ] --END-- [ RunTime:0.000148s ]
SQL: SHOW COLUMNS FROM `think_goods` [ RunTime:0.0079s ]
SQL: SELECT * FROM `think_goods` WHERE ( goods_id>0 and goods_num>0 )  [ RunTime:0.0005s ]
INFO: [ view_parse ] --START--
INFO: [ template_filter ] --START--
INFO: Run Behavior\ContentReplaceBehavior [ RunTime:0.000096s ]
INFO: [ template_filter ] --END-- [ RunTime:0.000164s ]
SQL: SHOW COLUMNS FROM `think_member` [ RunTime:0.0017s ]
SQL: SHOW COLUMNS FROM `think_store` [ RunTime:0.0005s ]
SQL: SELECT S.*,M.username,M.nickname FROM think_store S INNER JOIN think_member M on S.user_id=M.id  WHERE ( M.id=1 ) LIMIT 1   [ RunTime:0.0001s ]
INFO: Run Behavior\ParseTemplateBehavior [ RunTime:0.014000s ]
INFO: [ view_parse ] --END-- [ RunTime:0.014056s ]
INFO: [ view_filter ] --START--
INFO: Run Behavior\WriteHtmlCacheBehavior [ RunTime:0.000067s ]
INFO: [ view_filter ] --END-- [ RunTime:0.000123s ]
INFO: [ app_end ] --START--
INFO: Run Behavior\ShowPageTraceBehavior [ RunTime:0.000062s ]
INFO: [ app_end ] --END-- [ RunTime:0.000118s ]

[ 2016-11-11T17:56:06+08:00 ] 124.207.55.90 /uufenxiao/index.php?m=Home&c=Uuce&a=uu_kucun
INFO: [ app_init ] --START--
INFO: Run Behavior\BuildLiteBehavior [ RunTime:0.000020s ]
INFO: [ app_init ] --END-- [ RunTime:0.000140s ]
INFO: [ app_begin ] --START--
INFO: Run Behavior\ReadHtmlCacheBehavior [ RunTime:0.000064s ]
INFO: [ app_begin ] --END-- [ RunTime:0.000132s ]
SQL: SHOW COLUMNS FROM `think_uukucun` [ RunTime:0.0197s ]
SQL: SHOW COLUMNS FROM `think_uukucun` [ RunTime:0.0008s ]
SQL: SELECT COUNT(*) AS tp_count FROM think_uukucun K INNER JOIN think_goods G on G.goods_id=K.goods_id  WHERE ( K.user_id=1 ) LIMIT 1   [ RunTime:0.0005s ]
SQL: SHOW COLUMNS FROM `think_uukucun` [ RunTime:0.0011s ]
SQL: SELECT K.*,G.thumb,`goods_name` FROM think_uukucun K INNER JOIN think_goods G on G.goods_id=K.goods_id  WHERE ( K.user_id=1 ) LIMIT 0,10   [ RunTime:0.0005s ]
INFO: [ view_parse ] --START--
INFO: [ template_filter ] --START--
INFO: Run Behavior\ContentReplaceBehavior [ RunTime:0.000068s ]
INFO: [ template_filter ] --END-- [ RunTime:0.000122s ]
SQL: SHOW COLUMNS FROM `think_member` [ RunTime:0.0019s ]
SQL: SHOW COLUMNS FROM `think_store` [ RunTime:0.0005s ]
SQL: SELECT S.*,M.username,M.nickname FROM think_store S INNER JOIN think_member M on S.user_id=M.id  WHERE ( M.id=1 ) LIMIT 1   [ RunTime:0.0001s ]
INFO: Run Behavior\ParseTemplateBehavior [ RunTime:0.012164s ]
INFO: [ view_parse ] --END-- [ RunTime:0.012234s ]
INFO: [ view_filter ] --START--
INFO: Run Behavior\WriteHtmlCacheBehavior [ RunTime:0.000046s ]
INFO: [ view_filter ] --END-- [ RunTime:0.000082s ]
INFO: [ app_end ] --START--
INFO: Run Behavior\ShowPageTraceBehavior [ RunTime:0.000048s ]
INFO: [ app_end ] --END-- [ RunTime:0.000092s ]

[ 2016-11-11T17:56:09+08:00 ] 124.207.55.90 /uufenxiao/index.php?m=Home&c=Uuce&a=kucun_info&goods_id=6
INFO: [ app_init ] --START--
INFO: Run Behavior\BuildLiteBehavior [ RunTime:0.000021s ]
INFO: [ app_init ] --END-- [ RunTime:0.000108s ]
INFO: [ app_begin ] --START--
INFO: Run Behavior\ReadHtmlCacheBehavior [ RunTime:0.000065s ]
INFO: [ app_begin ] --END-- [ RunTime:0.000134s ]
SQL: SHOW COLUMNS FROM `think_uukucun` [ RunTime:0.0010s ]
SQL: SHOW COLUMNS FROM `think_uukucun` [ RunTime:0.0005s ]
SQL: SELECT K.*,G.thumb,`goods_name`,`goods_price` FROM think_uukucun K INNER JOIN think_goods G on G.goods_id=K.goods_id  WHERE ( user_id=1 and K.goods_id=6 ) LIMIT 1   [ RunTime:0.0004s ]
SQL: SHOW COLUMNS FROM `think_uukucun` [ RunTime:0.0004s ]
SQL: SELECT K.*,G.thumb,`goods_name` FROM think_uukucun K INNER JOIN think_goods G on G.goods_id=K.goods_id  WHERE ( K.user_id =1 and K.goods_id!=6 ) LIMIT 2   [ RunTime:0.0003s ]
INFO: [ view_parse ] --START--
INFO: [ template_filter ] --START--
INFO: Run Behavior\ContentReplaceBehavior [ RunTime:0.000121s ]
INFO: [ template_filter ] --END-- [ RunTime:0.000224s ]
SQL: SHOW COLUMNS FROM `think_member` [ RunTime:0.0019s ]
SQL: SHOW COLUMNS FROM `think_store` [ RunTime:0.0005s ]
SQL: SELECT S.*,M.username,M.nickname FROM think_store S INNER JOIN think_member M on S.user_id=M.id  WHERE ( M.id=1 ) LIMIT 1   [ RunTime:0.0001s ]
INFO: Run Behavior\ParseTemplateBehavior [ RunTime:0.030730s ]
INFO: [ view_parse ] --END-- [ RunTime:0.030793s ]
INFO: [ view_filter ] --START--
INFO: Run Behavior\WriteHtmlCacheBehavior [ RunTime:0.000061s ]
INFO: [ view_filter ] --END-- [ RunTime:0.000114s ]
INFO: [ app_end ] --START--
INFO: Run Behavior\ShowPageTraceBehavior [ RunTime:0.000050s ]
INFO: [ app_end ] --END-- [ RunTime:0.000094s ]

[ 2016-11-11T17:56:12+08:00 ] 124.207.55.90 /uufenxiao/index.php/Home/Uuce/uu_sell
INFO: [ app_init ] --START--
INFO: Run Behavior\BuildLiteBehavior [ RunTime:0.000015s ]
INFO: [ app_init ] --END-- [ RunTime:0.000073s ]
INFO: [ app_begin ] --START--
INFO: Run Behavior\ReadHtmlCacheBehavior [ RunTime:0.000045s ]
INFO: [ app_begin ] --END-- [ RunTime:0.000092s ]

[ 2016-11-11T17:56:12+08:00 ] 124.207.55.90 /uufenxiao/index.php?m=Home&c=Uuce&a=sell_out&cate_id=2&goods_id=6&goods_sn=552
INFO: [ app_init ] --START--
INFO: Run Behavior\BuildLiteBehavior [ RunTime:0.000016s ]
INFO: [ app_init ] --END-- [ RunTime:0.000073s ]
INFO: [ app_begin ] --START--
INFO: Run Behavior\ReadHtmlCacheBehavior [ RunTime:0.000045s ]
INFO: [ app_begin ] --END-- [ RunTime:0.000089s ]
NOTIC: [2] Missing argument 1 for I(), called in /data/wwwroot/default/uufenxiao/Application/Home/Controller/UuceController.class.php on line 159 and defined /data/wwwroot/default/uufenxiao/ThinkPHP/Common/functions.php 第 271 行.
NOTIC: [8] Undefined variable: name /data/wwwroot/default/uufenxiao/ThinkPHP/Common/functions.php 第 273 行.
NOTIC: [8] Undefined variable: name /data/wwwroot/default/uufenxiao/ThinkPHP/Common/functions.php 第 278 行.
NOTIC: [8] Undefined variable: name /data/wwwroot/default/uufenxiao/ThinkPHP/Common/functions.php 第 339 行.
SQL: SHOW COLUMNS FROM `think_goods` [ RunTime:0.0009s ]
SQL: SELECT `goods_name` FROM `think_goods` WHERE ( goods_id=6 ) LIMIT 1   [ RunTime:0.0003s ]
INFO: [ view_parse ] --START--
INFO: [ template_filter ] --START--
INFO: Run Behavior\ContentReplaceBehavior [ RunTime:0.000128s ]
INFO: [ template_filter ] --END-- [ RunTime:0.000199s ]
SQL: SHOW COLUMNS FROM `think_member` [ RunTime:0.0022s ]
SQL: SHOW COLUMNS FROM `think_store` [ RunTime:0.0005s ]
SQL: SELECT S.*,M.username,M.nickname FROM think_store S INNER JOIN think_member M on S.user_id=M.id  WHERE ( M.id=1 ) LIMIT 1   [ RunTime:0.0001s ]
INFO: Run Behavior\ParseTemplateBehavior [ RunTime:0.013998s ]
INFO: [ view_parse ] --END-- [ RunTime:0.014066s ]
INFO: [ view_filter ] --START--
INFO: Run Behavior\WriteHtmlCacheBehavior [ RunTime:0.000064s ]
INFO: [ view_filter ] --END-- [ RunTime:0.000102s ]
INFO: [ app_end ] --START--
INFO: Run Behavior\ShowPageTraceBehavior [ RunTime:0.000049s ]
INFO: [ app_end ] --END-- [ RunTime:0.000094s ]

[ 2016-11-11T17:56:15+08:00 ] 124.207.55.90 /uufenxiao/index.php?m=Home&c=Uuce&a=uu_re
INFO: [ app_init ] --START--
INFO: Run Behavior\BuildLiteBehavior [ RunTime:0.000016s ]
INFO: [ app_init ] --END-- [ RunTime:0.000074s ]
INFO: [ app_begin ] --START--
INFO: Run Behavior\ReadHtmlCacheBehavior [ RunTime:0.000052s ]
INFO: [ app_begin ] --END-- [ RunTime:0.000098s ]
SQL: SHOW COLUMNS FROM `think_goods` [ RunTime:0.0007s ]
SQL: SELECT * FROM `think_goods` WHERE ( goods_id>0 and goods_num>0 )  [ RunTime:0.0001s ]
INFO: [ view_parse ] --START--
INFO: [ template_filter ] --START--
INFO: Run Behavior\ContentReplaceBehavior [ RunTime:0.000061s ]
INFO: [ template_filter ] --END-- [ RunTime:0.000119s ]
SQL: SHOW COLUMNS FROM `think_member` [ RunTime:0.0016s ]
SQL: SHOW COLUMNS FROM `think_store` [ RunTime:0.0006s ]
SQL: SELECT S.*,M.username,M.nickname FROM think_store S INNER JOIN think_member M on S.user_id=M.id  WHERE ( M.id=1 ) LIMIT 1   [ RunTime:0.0001s ]
INFO: Run Behavior\ParseTemplateBehavior [ RunTime:0.011065s ]
INFO: [ view_parse ] --END-- [ RunTime:0.011113s ]
INFO: [ view_filter ] --START--
INFO: Run Behavior\WriteHtmlCacheBehavior [ RunTime:0.000062s ]
INFO: [ view_filter ] --END-- [ RunTime:0.000100s ]
INFO: [ app_end ] --START--
INFO: Run Behavior\ShowPageTraceBehavior [ RunTime:0.000047s ]
INFO: [ app_end ] --END-- [ RunTime:0.000087s ]

