[ 2016-11-22T13:37:45+08:00 ] 124.202.207.110 /uufenxiao/
INFO: [ app_init ] --START--
INFO: Run Behavior\BuildLiteBehavior [ RunTime:0.000075s ]
INFO: [ app_init ] --END-- [ RunTime:0.000169s ]
INFO: [ app_begin ] --START--
INFO: Run Behavior\ReadHtmlCacheBehavior [ RunTime:0.000913s ]
INFO: [ app_begin ] --END-- [ RunTime:0.000974s ]
NOTIC: [8] Undefined variable: tra /data/wwwroot/default/uufenxiao/Application/Home/Controller/IndexController.class.php 第 8 行.
SQL: SHOW COLUMNS FROM `think_member` [ RunTime:0.0019s ]
SQL: SELECT * FROM `think_member` LIMIT 1   [ RunTime:0.0003s ]
SQL: SHOW COLUMNS FROM `think_ulevelup` [ RunTime:0.0007s ]
SQL: SELECT * FROM `think_ulevelup` WHERE (  userid= '1'   ) ORDER BY uid desc LIMIT 1   [ RunTime:0.0001s ]
SQL: SHOW COLUMNS FROM `think_member` [ RunTime:0.0018s ]
SQL: SELECT * FROM `think_member` WHERE ( id='0' ) LIMIT 1   [ RunTime:0.0002s ]
SQL: SELECT COUNT(*) AS tp_count FROM `think_ulevelup` WHERE (  userid= '1'   ) LIMIT 1   [ RunTime:0.0001s ]
SQL: SELECT * FROM `think_ulevelup` INNER JOIN think_ulevel ON think_ulevelup.tolevel = think_ulevel.ulevel  WHERE (  userid= '1'   ) ORDER BY think_ulevelup.uid desc  [ RunTime:0.0001s ]
NOTIC: [8] Undefined variable: module /data/wwwroot/default/uufenxiao/ThinkPHP/Common/functions.php 第 990 行.
NOTIC: [8] Undefined variable: var /data/wwwroot/default/uufenxiao/ThinkPHP/Common/functions.php 第 990 行.
NOTIC: [2] array_reverse() expects parameter 1 to be array, null given /data/wwwroot/default/uufenxiao/ThinkPHP/Common/functions.php 第 990 行.
NOTIC: [2] http_build_query(): Parameter 1 expected to be Array or Object.  Incorrect value given /data/wwwroot/default/uufenxiao/ThinkPHP/Common/functions.php 第 990 行.

[ 2016-11-22T13:37:45+08:00 ] 124.202.207.110 /uufenxiao/index.php?m=&&m=Home&c=Index&a=login
INFO: [ app_init ] --START--
INFO: Run Behavior\BuildLiteBehavior [ RunTime:0.000020s ]
INFO: [ app_init ] --END-- [ RunTime:0.000101s ]
INFO: [ app_begin ] --START--
INFO: Run Behavior\ReadHtmlCacheBehavior [ RunTime:0.000062s ]
INFO: [ app_begin ] --END-- [ RunTime:0.000126s ]
NOTIC: [8] Undefined index: submit /data/wwwroot/default/uufenxiao/Application/Home/Controller/IndexController.class.php 第 54 行.
INFO: [ view_parse ] --START--
INFO: [ template_filter ] --START--
INFO: Run Behavior\ContentReplaceBehavior [ RunTime:0.000086s ]
INFO: [ template_filter ] --END-- [ RunTime:0.000185s ]
INFO: Run Behavior\ParseTemplateBehavior [ RunTime:0.012653s ]
INFO: [ view_parse ] --END-- [ RunTime:0.012716s ]
INFO: [ view_filter ] --START--
INFO: Run Behavior\WriteHtmlCacheBehavior [ RunTime:0.000390s ]
INFO: [ view_filter ] --END-- [ RunTime:0.000445s ]
INFO: [ app_end ] --START--
INFO: Run Behavior\ShowPageTraceBehavior [ RunTime:0.001106s ]
INFO: [ app_end ] --END-- [ RunTime:0.001207s ]

[ 2016-11-22T13:37:50+08:00 ] 124.202.207.110 /uufenxiao/index.php?m=Home&c=Index&a=login
INFO: [ app_init ] --START--
INFO: Run Behavior\BuildLiteBehavior [ RunTime:0.000014s ]
INFO: [ app_init ] --END-- [ RunTime:0.000072s ]
INFO: [ app_begin ] --START--
INFO: Run Behavior\ReadHtmlCacheBehavior [ RunTime:0.000038s ]
INFO: [ app_begin ] --END-- [ RunTime:0.000099s ]
SQL: SHOW COLUMNS FROM `think_member` [ RunTime:0.0019s ]
SQL: SELECT COUNT(*) AS tp_count FROM `think_member` WHERE ( nickname= '000' AND password1= 'c4ca4238a0b923820dcc509a6f75849b' and ispay=1 ) LIMIT 1   [ RunTime:0.0001s ]
SQL: SELECT COUNT(*) AS tp_count FROM `think_member` WHERE ( nickname= '000' AND password1= 'c4ca4238a0b923820dcc509a6f75849b' and ispay=1 and islock=0 ) LIMIT 1   [ RunTime:0.0001s ]
SQL: SELECT * FROM `think_member` WHERE ( nickname='000' ) LIMIT 1   [ RunTime:0.0003s ]
INFO: [ view_parse ] --START--
INFO: [ template_filter ] --START--
INFO: Run Behavior\ContentReplaceBehavior [ RunTime:0.000041s ]
INFO: [ template_filter ] --END-- [ RunTime:0.000090s ]
INFO: Run Behavior\ParseTemplateBehavior [ RunTime:0.002156s ]
INFO: [ view_parse ] --END-- [ RunTime:0.002204s ]
INFO: [ view_filter ] --START--
INFO: Run Behavior\WriteHtmlCacheBehavior [ RunTime:0.000041s ]
INFO: [ view_filter ] --END-- [ RunTime:0.000079s ]
INFO: [ app_end ] --START--
INFO: Run Behavior\ShowPageTraceBehavior [ RunTime:0.000042s ]
INFO: [ app_end ] --END-- [ RunTime:0.000079s ]

[ 2016-11-22T13:37:51+08:00 ] 124.202.207.110 /uufenxiao/index.php?m=Home&c=Index&a=index
INFO: [ app_init ] --START--
INFO: Run Behavior\BuildLiteBehavior [ RunTime:0.000023s ]
INFO: [ app_init ] --END-- [ RunTime:0.000132s ]
INFO: [ app_begin ] --START--
INFO: Run Behavior\ReadHtmlCacheBehavior [ RunTime:0.000076s ]
INFO: [ app_begin ] --END-- [ RunTime:0.000150s ]
SQL: SHOW COLUMNS FROM `think_travel_order` [ RunTime:0.0009s ]
SQL: SELECT * FROM `think_travel_order` WHERE ( user_id=1 and reback=1 and pay_status=0 ) LIMIT 1   [ RunTime:0.0001s ]
SQL: SHOW COLUMNS FROM `think_member` [ RunTime:0.0018s ]
SQL: SELECT * FROM `think_member` WHERE `id` = 1 LIMIT 1   [ RunTime:0.0004s ]
SQL: SHOW COLUMNS FROM `think_ulevelup` [ RunTime:0.0007s ]
SQL: SELECT * FROM `think_ulevelup` WHERE (  userid= '1'   ) ORDER BY uid desc LIMIT 1   [ RunTime:0.0001s ]
SQL: SHOW COLUMNS FROM `think_member` [ RunTime:0.0017s ]
SQL: SELECT * FROM `think_member` WHERE ( id='0' ) LIMIT 1   [ RunTime:0.0002s ]
SQL: SELECT COUNT(*) AS tp_count FROM `think_ulevelup` WHERE (  userid= '1'   ) LIMIT 1   [ RunTime:0.0001s ]
SQL: SELECT * FROM `think_ulevelup` INNER JOIN think_ulevel ON think_ulevelup.tolevel = think_ulevel.ulevel  WHERE (  userid= '1'   ) ORDER BY think_ulevelup.uid desc  [ RunTime:0.0001s ]
SQL: SELECT * FROM `think_member` WHERE `id` = 1 LIMIT 1   [ RunTime:0.0002s ]
INFO: [ view_parse ] --START--
INFO: [ template_filter ] --START--
INFO: Run Behavior\ContentReplaceBehavior [ RunTime:0.000109s ]
INFO: [ template_filter ] --END-- [ RunTime:0.000169s ]
SQL: SHOW COLUMNS FROM `think_store` [ RunTime:0.0008s ]
SQL: SELECT S.*,M.username,M.nickname FROM think_store S INNER JOIN think_member M on S.user_id=M.id  WHERE ( M.id=1 ) LIMIT 1   [ RunTime:0.0001s ]
NOTIC: [8] Undefined index: lvname /data/wwwroot/default/uufenxiao/Application/Runtime/Cache/Home/2a94b8bda04ff446dcedd42276fc99ee.php 第 158 行.
INFO: Run Behavior\ParseTemplateBehavior [ RunTime:0.011082s ]
INFO: [ view_parse ] --END-- [ RunTime:0.011132s ]
INFO: [ view_filter ] --START--
INFO: Run Behavior\WriteHtmlCacheBehavior [ RunTime:0.000063s ]
INFO: [ view_filter ] --END-- [ RunTime:0.000103s ]
INFO: [ app_end ] --START--
INFO: Run Behavior\ShowPageTraceBehavior [ RunTime:0.000050s ]
INFO: [ app_end ] --END-- [ RunTime:0.000102s ]

[ 2016-11-22T13:37:56+08:00 ] 124.202.207.110 /uufenxiao/index.php?m=Home&c=Member&a=sys
INFO: [ app_init ] --START--
INFO: Run Behavior\BuildLiteBehavior [ RunTime:0.000023s ]
INFO: [ app_init ] --END-- [ RunTime:0.000118s ]
INFO: [ app_begin ] --START--
INFO: Run Behavior\ReadHtmlCacheBehavior [ RunTime:0.000081s ]
INFO: [ app_begin ] --END-- [ RunTime:0.000161s ]
NOTIC: [8] Undefined index: submit /data/wwwroot/default/uufenxiao/Application/Home/Controller/MemberController.class.php 第 17 行.
SQL: SHOW COLUMNS FROM `think_member` [ RunTime:0.0019s ]
SQL: SELECT * FROM `think_member` WHERE ( id='1' ) LIMIT 1   [ RunTime:0.0003s ]
SQL: SELECT * FROM `think_member` WHERE ( reid='1' and ispay=1 ) ORDER BY id asc  [ RunTime:0.0004s ]
SQL: SELECT * FROM `think_member` WHERE ( reid='2' and ispay=1 ) ORDER BY id asc  [ RunTime:0.0003s ]
SQL: SELECT * FROM `think_member` WHERE ( reid='12' and ispay=1 ) ORDER BY id asc  [ RunTime:0.0005s ]
SQL: SELECT * FROM `think_member` WHERE ( reid='22' and ispay=1 ) ORDER BY id asc  [ RunTime:0.0002s ]
SQL: SELECT * FROM `think_member` WHERE ( reid='23' and ispay=1 ) ORDER BY id asc  [ RunTime:0.0002s ]
SQL: SELECT * FROM `think_member` WHERE ( reid='37' and ispay=1 ) ORDER BY id asc  [ RunTime:0.0002s ]
SQL: SELECT * FROM `think_member` WHERE ( reid='38' and ispay=1 ) ORDER BY id asc  [ RunTime:0.0002s ]
SQL: SELECT * FROM `think_member` WHERE ( reid='40' and ispay=1 ) ORDER BY id asc  [ RunTime:0.0002s ]
SQL: SELECT * FROM `think_member` WHERE ( reid='41' and ispay=1 ) ORDER BY id asc  [ RunTime:0.0002s ]
SQL: SELECT * FROM `think_member` WHERE ( reid='39' and ispay=1 ) ORDER BY id asc  [ RunTime:0.0002s ]
SQL: SELECT * FROM `think_member` WHERE ( reid='24' and ispay=1 ) ORDER BY id asc  [ RunTime:0.0002s ]
SQL: SELECT * FROM `think_member` WHERE ( reid='25' and ispay=1 ) ORDER BY id asc  [ RunTime:0.0002s ]
SQL: SELECT * FROM `think_member` WHERE ( reid='35' and ispay=1 ) ORDER BY id asc  [ RunTime:0.0002s ]
SQL: SELECT * FROM `think_member` WHERE ( reid='36' and ispay=1 ) ORDER BY id asc  [ RunTime:0.0002s ]
SQL: SELECT * FROM `think_member` WHERE ( reid='26' and ispay=1 ) ORDER BY id asc  [ RunTime:0.0002s ]
SQL: SELECT * FROM `think_member` WHERE ( reid='27' and ispay=1 ) ORDER BY id asc  [ RunTime:0.0002s ]
SQL: SELECT * FROM `think_member` WHERE ( reid='28' and ispay=1 ) ORDER BY id asc  [ RunTime:0.0002s ]
SQL: SELECT * FROM `think_member` WHERE ( reid='29' and ispay=1 ) ORDER BY id asc  [ RunTime:0.0002s ]
SQL: SELECT * FROM `think_member` WHERE ( reid='30' and ispay=1 ) ORDER BY id asc  [ RunTime:0.0002s ]
SQL: SELECT * FROM `think_member` WHERE ( reid='31' and ispay=1 ) ORDER BY id asc  [ RunTime:0.0002s ]
SQL: SELECT * FROM `think_member` WHERE ( reid='33' and ispay=1 ) ORDER BY id asc  [ RunTime:0.0002s ]
SQL: SELECT * FROM `think_member` WHERE ( reid='34' and ispay=1 ) ORDER BY id asc  [ RunTime:0.0002s ]
SQL: SELECT * FROM `think_member` WHERE ( reid='32' and ispay=1 ) ORDER BY id asc  [ RunTime:0.0002s ]
SQL: SELECT * FROM `think_member` WHERE ( reid='42' and ispay=1 ) ORDER BY id asc  [ RunTime:0.0002s ]
SQL: SELECT * FROM `think_member` WHERE ( reid='13' and ispay=1 ) ORDER BY id asc  [ RunTime:0.0002s ]
SQL: SELECT * FROM `think_member` WHERE ( reid='17' and ispay=1 ) ORDER BY id asc  [ RunTime:0.0002s ]
SQL: SELECT * FROM `think_member` WHERE ( reid='18' and ispay=1 ) ORDER BY id asc  [ RunTime:0.0002s ]
SQL: SELECT * FROM `think_member` WHERE ( reid='14' and ispay=1 ) ORDER BY id asc  [ RunTime:0.0002s ]
SQL: SELECT * FROM `think_member` WHERE ( reid='19' and ispay=1 ) ORDER BY id asc  [ RunTime:0.0002s ]
SQL: SELECT * FROM `think_member` WHERE ( reid='20' and ispay=1 ) ORDER BY id asc  [ RunTime:0.0002s ]
SQL: SELECT * FROM `think_member` WHERE ( reid='15' and ispay=1 ) ORDER BY id asc  [ RunTime:0.0002s ]
SQL: SELECT * FROM `think_member` WHERE ( reid='21' and ispay=1 ) ORDER BY id asc  [ RunTime:0.0002s ]
SQL: SELECT * FROM `think_member` WHERE ( reid='16' and ispay=1 ) ORDER BY id asc  [ RunTime:0.0002s ]
SQL: SELECT * FROM `think_member` WHERE ( reid='3' and ispay=1 ) ORDER BY id asc  [ RunTime:0.0002s ]
SQL: SELECT * FROM `think_member` WHERE ( reid='4' and ispay=1 ) ORDER BY id asc  [ RunTime:0.0002s ]
SQL: SELECT * FROM `think_member` WHERE ( reid='5' and ispay=1 ) ORDER BY id asc  [ RunTime:0.0002s ]
SQL: SELECT * FROM `think_member` WHERE ( reid='6' and ispay=1 ) ORDER BY id asc  [ RunTime:0.0002s ]
SQL: SELECT * FROM `think_member` WHERE ( reid='9' and ispay=1 ) ORDER BY id asc  [ RunTime:0.0002s ]
SQL: SELECT * FROM `think_member` WHERE ( reid='11' and ispay=1 ) ORDER BY id asc  [ RunTime:0.0002s ]
SQL: SELECT * FROM `think_member` WHERE ( reid='7' and ispay=1 ) ORDER BY id asc  [ RunTime:0.0002s ]
SQL: SELECT * FROM `think_member` WHERE ( reid='8' and ispay=1 ) ORDER BY id asc  [ RunTime:0.0002s ]
SQL: SELECT * FROM `think_member` WHERE ( reid='43' and ispay=1 ) ORDER BY id asc  [ RunTime:0.0002s ]
SQL: SELECT * FROM `think_member` WHERE ( reid='47' and ispay=1 ) ORDER BY id asc  [ RunTime:0.0002s ]
SQL: SELECT * FROM `think_member` WHERE ( reid='48' and ispay=1 ) ORDER BY id asc  [ RunTime:0.0002s ]
SQL: SELECT * FROM `think_member` WHERE ( reid='49' and ispay=1 ) ORDER BY id asc  [ RunTime:0.0002s ]
SQL: SELECT * FROM `think_member` WHERE ( reid='44' and ispay=1 ) ORDER BY id asc  [ RunTime:0.0002s ]
SQL: SELECT * FROM `think_member` WHERE ( reid='46' and ispay=1 ) ORDER BY id asc  [ RunTime:0.0002s ]
SQL: SELECT * FROM `think_member` WHERE ( reid='45' and ispay=1 ) ORDER BY id asc  [ RunTime:0.0002s ]
SQL: SELECT * FROM `think_member` WHERE ( reid='10' and ispay=1 ) ORDER BY id asc  [ RunTime:0.0002s ]
SQL: SELECT * FROM `think_member` WHERE ( reid='109' and ispay=1 ) ORDER BY id asc  [ RunTime:0.0002s ]
SQL: SELECT * FROM `think_member` WHERE ( reid='113' and ispay=1 ) ORDER BY id asc  [ RunTime:0.0002s ]
SQL: SELECT * FROM `think_member` WHERE ( reid='114' and ispay=1 ) ORDER BY id asc  [ RunTime:0.0002s ]
SQL: SELECT * FROM `think_member` WHERE ( reid='115' and ispay=1 ) ORDER BY id asc  [ RunTime:0.0002s ]
SQL: SELECT * FROM `think_member` WHERE ( reid='116' and ispay=1 ) ORDER BY id asc  [ RunTime:0.0002s ]
INFO: [ view_parse ] --START--
INFO: [ template_filter ] --START--
INFO: Run Behavior\ContentReplaceBehavior [ RunTime:0.000105s ]
INFO: [ template_filter ] --END-- [ RunTime:0.000171s ]
SQL: SHOW COLUMNS FROM `think_store` [ RunTime:0.0008s ]
SQL: SELECT S.*,M.username,M.nickname FROM think_store S INNER JOIN think_member M on S.user_id=M.id  WHERE ( M.id=1 ) LIMIT 1   [ RunTime:0.0001s ]
INFO: Run Behavior\ParseTemplateBehavior [ RunTime:0.008851s ]
INFO: [ view_parse ] --END-- [ RunTime:0.008909s ]
INFO: [ view_filter ] --START--
INFO: Run Behavior\WriteHtmlCacheBehavior [ RunTime:0.000055s ]
INFO: [ view_filter ] --END-- [ RunTime:0.000114s ]
INFO: [ app_end ] --START--
INFO: Run Behavior\ShowPageTraceBehavior [ RunTime:0.000053s ]
INFO: [ app_end ] --END-- [ RunTime:0.000101s ]

[ 2016-11-22T13:38:01+08:00 ] 124.202.207.110 /uufenxiao/index.php?m=Home&c=Member&a=human
INFO: [ app_init ] --START--
INFO: Run Behavior\BuildLiteBehavior [ RunTime:0.000015s ]
INFO: [ app_init ] --END-- [ RunTime:0.000073s ]
INFO: [ app_begin ] --START--
INFO: Run Behavior\ReadHtmlCacheBehavior [ RunTime:0.000050s ]
INFO: [ app_begin ] --END-- [ RunTime:0.000093s ]
NOTIC: [8] Undefined index: submit /data/wwwroot/default/uufenxiao/Application/Home/Controller/MemberController.class.php 第 34 行.
NOTIC: [8] Undefined index: radio /data/wwwroot/default/uufenxiao/Application/Home/Controller/MemberController.class.php 第 39 行.
SQL: SHOW COLUMNS FROM `think_member` [ RunTime:0.0018s ]
SQL: SELECT COUNT(*) AS tp_count FROM `think_member` INNER JOIN think_ulevel ON think_ulevel.ulevel = think_member.ulevel  WHERE ( (repath like '%\,1\,%' or id=1 ) and ispay=1  ) LIMIT 1   [ RunTime:0.0001s ]
SQL: SELECT * FROM `think_member` INNER JOIN think_ulevel ON think_ulevel.ulevel = think_member.ulevel  WHERE ( (repath like '%\,1\,%' or id=1 ) and ispay=1  ) ORDER BY id asc LIMIT 0,10   [ RunTime:0.0005s ]
INFO: [ view_parse ] --START--
INFO: [ template_filter ] --START--
INFO: Run Behavior\ContentReplaceBehavior [ RunTime:0.000079s ]
INFO: [ template_filter ] --END-- [ RunTime:0.000130s ]
SQL: SHOW COLUMNS FROM `think_store` [ RunTime:0.0006s ]
SQL: SELECT S.*,M.username,M.nickname FROM think_store S INNER JOIN think_member M on S.user_id=M.id  WHERE ( M.id=1 ) LIMIT 1   [ RunTime:0.0001s ]
SQL: SELECT * FROM `think_member` WHERE ( id='0' ) LIMIT 1   [ RunTime:0.0002s ]
SQL: SELECT * FROM `think_member` WHERE ( id='1' ) LIMIT 1   [ RunTime:0.0002s ]
SQL: SELECT * FROM `think_member` WHERE ( id='1' ) LIMIT 1   [ RunTime:0.0002s ]
SQL: SELECT * FROM `think_member` WHERE ( id='1' ) LIMIT 1   [ RunTime:0.0002s ]
SQL: SELECT * FROM `think_member` WHERE ( id='1' ) LIMIT 1   [ RunTime:0.0002s ]
SQL: SELECT * FROM `think_member` WHERE ( id='1' ) LIMIT 1   [ RunTime:0.0002s ]
SQL: SELECT * FROM `think_member` WHERE ( id='1' ) LIMIT 1   [ RunTime:0.0002s ]
SQL: SELECT * FROM `think_member` WHERE ( id='1' ) LIMIT 1   [ RunTime:0.0002s ]
SQL: SELECT * FROM `think_member` WHERE ( id='6' ) LIMIT 1   [ RunTime:0.0002s ]
SQL: SELECT * FROM `think_member` WHERE ( id='1' ) LIMIT 1   [ RunTime:0.0002s ]
INFO: Run Behavior\ParseTemplateBehavior [ RunTime:0.013099s ]
INFO: [ view_parse ] --END-- [ RunTime:0.013150s ]
INFO: [ view_filter ] --START--
INFO: Run Behavior\WriteHtmlCacheBehavior [ RunTime:0.000078s ]
INFO: [ view_filter ] --END-- [ RunTime:0.000117s ]
INFO: [ app_end ] --START--
INFO: Run Behavior\ShowPageTraceBehavior [ RunTime:0.000048s ]
INFO: [ app_end ] --END-- [ RunTime:0.000093s ]

[ 2016-11-22T13:38:05+08:00 ] 124.202.207.110 /uufenxiao/index.php/Home/Member/human_serch
INFO: [ app_init ] --START--
INFO: Run Behavior\BuildLiteBehavior [ RunTime:0.000015s ]
INFO: [ app_init ] --END-- [ RunTime:0.000072s ]
INFO: [ app_begin ] --START--
INFO: Run Behavior\ReadHtmlCacheBehavior [ RunTime:0.000040s ]
INFO: [ app_begin ] --END-- [ RunTime:0.000085s ]
SQL: SHOW COLUMNS FROM `think_member` [ RunTime:0.0021s ]
SQL: SELECT * FROM `think_member` WHERE (  username= '' or nickname= '001' and ispay=1  ) LIMIT 1   [ RunTime:0.0006s ]
SQL: SELECT COUNT(*) AS tp_count FROM `think_member` INNER JOIN think_ulevel ON think_ulevel.ulevel = think_member.ulevel  WHERE ( (repath like '%\,2\,%' or id=2 ) and ispay=1  ) LIMIT 1   [ RunTime:0.0013s ]
SQL: SELECT * FROM `think_member` INNER JOIN think_ulevel ON think_ulevel.ulevel = think_member.ulevel  WHERE ( (repath like '%\,2\,%' or id=2 ) and ispay=1  ) ORDER BY id asc LIMIT 0,10   [ RunTime:0.0040s ]
INFO: [ view_parse ] --START--
INFO: [ template_filter ] --START--
INFO: Run Behavior\ContentReplaceBehavior [ RunTime:0.000083s ]
INFO: [ template_filter ] --END-- [ RunTime:0.000148s ]
SQL: SHOW COLUMNS FROM `think_store` [ RunTime:0.0009s ]
SQL: SELECT S.*,M.username,M.nickname FROM think_store S INNER JOIN think_member M on S.user_id=M.id  WHERE ( M.id=1 ) LIMIT 1   [ RunTime:0.0001s ]
SQL: SELECT * FROM `think_member` WHERE ( id='1' ) LIMIT 1   [ RunTime:0.0002s ]
SQL: SELECT * FROM `think_member` WHERE ( id='2' ) LIMIT 1   [ RunTime:0.0005s ]
SQL: SELECT * FROM `think_member` WHERE ( id='2' ) LIMIT 1   [ RunTime:0.0002s ]
SQL: SELECT * FROM `think_member` WHERE ( id='2' ) LIMIT 1   [ RunTime:0.0002s ]
SQL: SELECT * FROM `think_member` WHERE ( id='2' ) LIMIT 1   [ RunTime:0.0002s ]
SQL: SELECT * FROM `think_member` WHERE ( id='2' ) LIMIT 1   [ RunTime:0.0002s ]
SQL: SELECT * FROM `think_member` WHERE ( id='13' ) LIMIT 1   [ RunTime:0.0004s ]
SQL: SELECT * FROM `think_member` WHERE ( id='17' ) LIMIT 1   [ RunTime:0.0004s ]
SQL: SELECT * FROM `think_member` WHERE ( id='14' ) LIMIT 1   [ RunTime:0.0004s ]
SQL: SELECT * FROM `think_member` WHERE ( id='14' ) LIMIT 1   [ RunTime:0.0002s ]
NOTIC: [8] Undefined variable: yetotal /data/wwwroot/default/uufenxiao/Application/Runtime/Cache/Home/12dd8ab7dd71fb32ab13a2bc40d67ec5.php 第 199 行.
INFO: Run Behavior\ParseTemplateBehavior [ RunTime:0.014725s ]
INFO: [ view_parse ] --END-- [ RunTime:0.014780s ]
INFO: [ view_filter ] --START--
INFO: Run Behavior\WriteHtmlCacheBehavior [ RunTime:0.000072s ]
INFO: [ view_filter ] --END-- [ RunTime:0.000109s ]
INFO: [ app_end ] --START--
INFO: Run Behavior\ShowPageTraceBehavior [ RunTime:0.000048s ]
INFO: [ app_end ] --END-- [ RunTime:0.000096s ]

[ 2016-11-22T13:38:05+08:00 ] 124.202.207.110 /uufenxiao/index.php/Home/Member/favicon.ico
INFO: [ app_init ] --START--
INFO: Run Behavior\BuildLiteBehavior [ RunTime:0.000015s ]
INFO: [ app_init ] --END-- [ RunTime:0.000073s ]

[ 2016-11-22T13:38:19+08:00 ] 124.202.207.110 /uufenxiao/index.php/Home/Member/human_serch
INFO: [ app_init ] --START--
INFO: Run Behavior\BuildLiteBehavior [ RunTime:0.000015s ]
INFO: [ app_init ] --END-- [ RunTime:0.000076s ]
INFO: [ app_begin ] --START--
INFO: Run Behavior\ReadHtmlCacheBehavior [ RunTime:0.000049s ]
INFO: [ app_begin ] --END-- [ RunTime:0.000102s ]
SQL: SHOW COLUMNS FROM `think_member` [ RunTime:0.0019s ]
SQL: SELECT * FROM `think_member` WHERE (  username= '' or nickname= '001' and ispay=1  ) LIMIT 1   [ RunTime:0.0003s ]

[ 2016-11-22T13:38:20+08:00 ] 124.202.207.110 /uufenxiao/index.php?m=Home&c=Member&a=mem_info
INFO: [ app_init ] --START--
INFO: Run Behavior\BuildLiteBehavior [ RunTime:0.000022s ]
INFO: [ app_init ] --END-- [ RunTime:0.000114s ]
INFO: [ app_begin ] --START--
INFO: Run Behavior\ReadHtmlCacheBehavior [ RunTime:0.000044s ]
INFO: [ app_begin ] --END-- [ RunTime:0.000087s ]
SQL: SHOW COLUMNS FROM `think_member` [ RunTime:0.0019s ]
SQL: SELECT * FROM `think_member` INNER JOIN think_ulevel ON think_ulevel.ulevel = think_member.ulevel  WHERE (  username= '' or nickname= '001' and ispay=1  ) LIMIT 1   [ RunTime:0.0015s ]
SQL: SHOW COLUMNS FROM `think_ulevelup` [ RunTime:0.0007s ]
SQL: SELECT * FROM `think_ulevelup` WHERE (  userid= '2'   ) ORDER BY uid desc LIMIT 1   [ RunTime:0.0003s ]
SQL: SELECT * FROM `think_member` WHERE ( id='1' ) LIMIT 1   [ RunTime:0.0002s ]
SQL: SELECT COUNT(*) AS tp_count FROM `think_ulevelup` WHERE (  userid= '2'   ) LIMIT 1   [ RunTime:0.0002s ]
SQL: SELECT * FROM `think_ulevelup` INNER JOIN think_ulevel ON think_ulevelup.tolevel = think_ulevel.ulevel  WHERE (  userid= '2'   ) ORDER BY think_ulevelup.uid desc  [ RunTime:0.0010s ]
INFO: [ view_parse ] --START--
INFO: [ template_filter ] --START--
INFO: Run Behavior\ContentReplaceBehavior [ RunTime:0.000164s ]
INFO: [ template_filter ] --END-- [ RunTime:0.000246s ]
SQL: SHOW COLUMNS FROM `think_store` [ RunTime:0.0009s ]
SQL: SELECT S.*,M.username,M.nickname FROM think_store S INNER JOIN think_member M on S.user_id=M.id  WHERE ( M.id=1 ) LIMIT 1   [ RunTime:0.0001s ]
INFO: Run Behavior\ParseTemplateBehavior [ RunTime:0.012827s ]
INFO: [ view_parse ] --END-- [ RunTime:0.012880s ]
INFO: [ view_filter ] --START--
INFO: Run Behavior\WriteHtmlCacheBehavior [ RunTime:0.000086s ]
INFO: [ view_filter ] --END-- [ RunTime:0.000125s ]
INFO: [ app_end ] --START--
INFO: Run Behavior\ShowPageTraceBehavior [ RunTime:0.000058s ]
INFO: [ app_end ] --END-- [ RunTime:0.000105s ]

[ 2016-11-22T13:38:39+08:00 ] 124.202.207.110 /uufenxiao/index.php?m=Home&c=Member&a=mem_info
INFO: [ app_init ] --START--
INFO: Run Behavior\BuildLiteBehavior [ RunTime:0.000015s ]
INFO: [ app_init ] --END-- [ RunTime:0.000077s ]
INFO: [ app_begin ] --START--
INFO: Run Behavior\ReadHtmlCacheBehavior [ RunTime:0.000044s ]
INFO: [ app_begin ] --END-- [ RunTime:0.000094s ]
SQL: SHOW COLUMNS FROM `think_member` [ RunTime:0.0020s ]
SQL: SELECT * FROM `think_member` INNER JOIN think_ulevel ON think_ulevel.ulevel = think_member.ulevel  WHERE (  username= '' or nickname= '001' and ispay=1  ) LIMIT 1   [ RunTime:0.0003s ]
SQL: SHOW COLUMNS FROM `think_ulevelup` [ RunTime:0.0006s ]
SQL: SELECT * FROM `think_ulevelup` WHERE (  userid= '2'   ) ORDER BY uid desc LIMIT 1   [ RunTime:0.0001s ]
SQL: SELECT * FROM `think_member` WHERE ( id='1' ) LIMIT 1   [ RunTime:0.0002s ]
SQL: SELECT COUNT(*) AS tp_count FROM `think_ulevelup` WHERE (  userid= '2'   ) LIMIT 1   [ RunTime:0.0001s ]
SQL: SELECT * FROM `think_ulevelup` INNER JOIN think_ulevel ON think_ulevelup.tolevel = think_ulevel.ulevel  WHERE (  userid= '2'   ) ORDER BY think_ulevelup.uid desc  [ RunTime:0.0001s ]
INFO: [ view_parse ] --START--
INFO: [ template_filter ] --START--
INFO: Run Behavior\ContentReplaceBehavior [ RunTime:0.000149s ]
INFO: [ template_filter ] --END-- [ RunTime:0.000234s ]
SQL: SHOW COLUMNS FROM `think_store` [ RunTime:0.0008s ]
SQL: SELECT S.*,M.username,M.nickname FROM think_store S INNER JOIN think_member M on S.user_id=M.id  WHERE ( M.id=1 ) LIMIT 1   [ RunTime:0.0001s ]
INFO: Run Behavior\ParseTemplateBehavior [ RunTime:0.015888s ]
INFO: [ view_parse ] --END-- [ RunTime:0.015959s ]
INFO: [ view_filter ] --START--
INFO: Run Behavior\WriteHtmlCacheBehavior [ RunTime:0.000072s ]
INFO: [ view_filter ] --END-- [ RunTime:0.000130s ]
INFO: [ app_end ] --START--
INFO: Run Behavior\ShowPageTraceBehavior [ RunTime:0.000053s ]
INFO: [ app_end ] --END-- [ RunTime:0.000100s ]

[ 2016-11-22T13:38:41+08:00 ] 124.202.207.110 /uufenxiao/index.php?m=Home&c=Member&a=mem_info
INFO: [ app_init ] --START--
INFO: Run Behavior\BuildLiteBehavior [ RunTime:0.000015s ]
INFO: [ app_init ] --END-- [ RunTime:0.000072s ]
INFO: [ app_begin ] --START--
INFO: Run Behavior\ReadHtmlCacheBehavior [ RunTime:0.000043s ]
INFO: [ app_begin ] --END-- [ RunTime:0.000085s ]
SQL: SHOW COLUMNS FROM `think_member` [ RunTime:0.0020s ]
SQL: SELECT * FROM `think_member` INNER JOIN think_ulevel ON think_ulevel.ulevel = think_member.ulevel  WHERE (  username= '' or nickname= '001' and ispay=1  ) LIMIT 1   [ RunTime:0.0004s ]
SQL: SHOW COLUMNS FROM `think_ulevelup` [ RunTime:0.0005s ]
SQL: SELECT * FROM `think_ulevelup` WHERE (  userid= '2'   ) ORDER BY uid desc LIMIT 1   [ RunTime:0.0001s ]
SQL: SELECT * FROM `think_member` WHERE ( id='1' ) LIMIT 1   [ RunTime:0.0002s ]
SQL: SELECT COUNT(*) AS tp_count FROM `think_ulevelup` WHERE (  userid= '2'   ) LIMIT 1   [ RunTime:0.0001s ]
SQL: SELECT * FROM `think_ulevelup` INNER JOIN think_ulevel ON think_ulevelup.tolevel = think_ulevel.ulevel  WHERE (  userid= '2'   ) ORDER BY think_ulevelup.uid desc  [ RunTime:0.0001s ]
INFO: [ view_parse ] --START--
INFO: [ template_filter ] --START--
INFO: Run Behavior\ContentReplaceBehavior [ RunTime:0.000118s ]
INFO: [ template_filter ] --END-- [ RunTime:0.000190s ]
SQL: SHOW COLUMNS FROM `think_store` [ RunTime:0.0008s ]
SQL: SELECT S.*,M.username,M.nickname FROM think_store S INNER JOIN think_member M on S.user_id=M.id  WHERE ( M.id=1 ) LIMIT 1   [ RunTime:0.0001s ]
INFO: Run Behavior\ParseTemplateBehavior [ RunTime:0.011035s ]
INFO: [ view_parse ] --END-- [ RunTime:0.011086s ]
INFO: [ view_filter ] --START--
INFO: Run Behavior\WriteHtmlCacheBehavior [ RunTime:0.000062s ]
INFO: [ view_filter ] --END-- [ RunTime:0.000100s ]
INFO: [ app_end ] --START--
INFO: Run Behavior\ShowPageTraceBehavior [ RunTime:0.000048s ]
INFO: [ app_end ] --END-- [ RunTime:0.000113s ]

[ 2016-11-22T13:38:46+08:00 ] 124.202.207.110 /uufenxiao/index.php?m=Home&c=Member&a=mem_info
INFO: [ app_init ] --START--
INFO: Run Behavior\BuildLiteBehavior [ RunTime:0.000015s ]
INFO: [ app_init ] --END-- [ RunTime:0.000073s ]
INFO: [ app_begin ] --START--
INFO: Run Behavior\ReadHtmlCacheBehavior [ RunTime:0.000046s ]
INFO: [ app_begin ] --END-- [ RunTime:0.000089s ]
SQL: SHOW COLUMNS FROM `think_member` [ RunTime:0.0019s ]
SQL: SELECT * FROM `think_member` INNER JOIN think_ulevel ON think_ulevel.ulevel = think_member.ulevel  WHERE (  username= '' or nickname= '001' and ispay=1  ) LIMIT 1   [ RunTime:0.0003s ]
SQL: SHOW COLUMNS FROM `think_ulevelup` [ RunTime:0.0005s ]
SQL: SELECT * FROM `think_ulevelup` WHERE (  userid= '2'   ) ORDER BY uid desc LIMIT 1   [ RunTime:0.0001s ]
SQL: SELECT * FROM `think_member` WHERE ( id='1' ) LIMIT 1   [ RunTime:0.0002s ]
SQL: SELECT COUNT(*) AS tp_count FROM `think_ulevelup` WHERE (  userid= '2'   ) LIMIT 1   [ RunTime:0.0001s ]
SQL: SELECT * FROM `think_ulevelup` INNER JOIN think_ulevel ON think_ulevelup.tolevel = think_ulevel.ulevel  WHERE (  userid= '2'   ) ORDER BY think_ulevelup.uid desc  [ RunTime:0.0001s ]
INFO: [ view_parse ] --START--
INFO: [ template_filter ] --START--
INFO: Run Behavior\ContentReplaceBehavior [ RunTime:0.000115s ]
INFO: [ template_filter ] --END-- [ RunTime:0.000209s ]
SQL: SHOW COLUMNS FROM `think_store` [ RunTime:0.0008s ]
SQL: SELECT S.*,M.username,M.nickname FROM think_store S INNER JOIN think_member M on S.user_id=M.id  WHERE ( M.id=1 ) LIMIT 1   [ RunTime:0.0001s ]
INFO: Run Behavior\ParseTemplateBehavior [ RunTime:0.011412s ]
INFO: [ view_parse ] --END-- [ RunTime:0.011461s ]
INFO: [ view_filter ] --START--
INFO: Run Behavior\WriteHtmlCacheBehavior [ RunTime:0.000064s ]
INFO: [ view_filter ] --END-- [ RunTime:0.000101s ]
INFO: [ app_end ] --START--
INFO: Run Behavior\ShowPageTraceBehavior [ RunTime:0.000051s ]
INFO: [ app_end ] --END-- [ RunTime:0.000093s ]

[ 2016-11-22T13:38:46+08:00 ] 124.202.207.110 /uufenxiao/index.php?m=Home&c=Index&a=index
INFO: [ app_init ] --START--
INFO: Run Behavior\BuildLiteBehavior [ RunTime:0.000025s ]
INFO: [ app_init ] --END-- [ RunTime:0.000125s ]
INFO: [ app_begin ] --START--
INFO: Run Behavior\ReadHtmlCacheBehavior [ RunTime:0.000063s ]
INFO: [ app_begin ] --END-- [ RunTime:0.000202s ]
SQL: SHOW COLUMNS FROM `think_travel_order` [ RunTime:0.0008s ]
SQL: SELECT * FROM `think_travel_order` WHERE ( user_id=1 and reback=1 and pay_status=0 ) LIMIT 1   [ RunTime:0.0001s ]
SQL: SHOW COLUMNS FROM `think_member` [ RunTime:0.0016s ]
SQL: SELECT * FROM `think_member` WHERE `id` = 1 LIMIT 1   [ RunTime:0.0003s ]
SQL: SHOW COLUMNS FROM `think_ulevelup` [ RunTime:0.0004s ]
SQL: SELECT * FROM `think_ulevelup` WHERE (  userid= '1'   ) ORDER BY uid desc LIMIT 1   [ RunTime:0.0001s ]
SQL: SHOW COLUMNS FROM `think_member` [ RunTime:0.0016s ]
SQL: SELECT * FROM `think_member` WHERE ( id='0' ) LIMIT 1   [ RunTime:0.0002s ]
SQL: SELECT COUNT(*) AS tp_count FROM `think_ulevelup` WHERE (  userid= '1'   ) LIMIT 1   [ RunTime:0.0001s ]
SQL: SELECT * FROM `think_ulevelup` INNER JOIN think_ulevel ON think_ulevelup.tolevel = think_ulevel.ulevel  WHERE (  userid= '1'   ) ORDER BY think_ulevelup.uid desc  [ RunTime:0.0001s ]
SQL: SELECT * FROM `think_member` WHERE `id` = 1 LIMIT 1   [ RunTime:0.0002s ]
INFO: [ view_parse ] --START--
INFO: [ template_filter ] --START--
INFO: Run Behavior\ContentReplaceBehavior [ RunTime:0.000100s ]
INFO: [ template_filter ] --END-- [ RunTime:0.000163s ]
SQL: SHOW COLUMNS FROM `think_store` [ RunTime:0.0009s ]
SQL: SELECT S.*,M.username,M.nickname FROM think_store S INNER JOIN think_member M on S.user_id=M.id  WHERE ( M.id=1 ) LIMIT 1   [ RunTime:0.0001s ]
NOTIC: [8] Undefined index: lvname /data/wwwroot/default/uufenxiao/Application/Runtime/Cache/Home/2a94b8bda04ff446dcedd42276fc99ee.php 第 158 行.
INFO: Run Behavior\ParseTemplateBehavior [ RunTime:0.011354s ]
INFO: [ view_parse ] --END-- [ RunTime:0.011405s ]
INFO: [ view_filter ] --START--
INFO: Run Behavior\WriteHtmlCacheBehavior [ RunTime:0.000055s ]
INFO: [ view_filter ] --END-- [ RunTime:0.000093s ]
INFO: [ app_end ] --START--
INFO: Run Behavior\ShowPageTraceBehavior [ RunTime:0.000049s ]
INFO: [ app_end ] --END-- [ RunTime:0.000095s ]

[ 2016-11-22T13:38:54+08:00 ] 124.202.207.110 /uufenxiao/index.php?m=Home&c=Store&a=store_info
INFO: [ app_init ] --START--
INFO: Run Behavior\BuildLiteBehavior [ RunTime:0.000019s ]
INFO: [ app_init ] --END-- [ RunTime:0.000087s ]
INFO: [ app_begin ] --START--
INFO: Run Behavior\ReadHtmlCacheBehavior [ RunTime:0.000057s ]
INFO: [ app_begin ] --END-- [ RunTime:0.000107s ]
SQL: SHOW COLUMNS FROM `think_member` [ RunTime:0.0019s ]
SQL: SHOW COLUMNS FROM `think_store` [ RunTime:0.0005s ]
SQL: SELECT S.*,L.*,M.username,M.nickname FROM think_store S INNER JOIN think_member M on S.user_id=M.id INNER JOIN think_store_level L on S.st_level=L.slevel  WHERE ( M.id=1 ) LIMIT 1   [ RunTime:0.0001s ]
SQL: SHOW COLUMNS FROM `think_store_level` [ RunTime:0.0004s ]
SQL: SELECT `slevel`,`sname`,`free` FROM `think_store_level`  [ RunTime:0.0001s ]
INFO: [ view_parse ] --START--
INFO: [ template_filter ] --START--
INFO: Run Behavior\ContentReplaceBehavior [ RunTime:0.000108s ]
INFO: [ template_filter ] --END-- [ RunTime:0.000171s ]
SQL: SHOW COLUMNS FROM `think_store` [ RunTime:0.0006s ]
SQL: SELECT S.*,M.username,M.nickname FROM think_store S INNER JOIN think_member M on S.user_id=M.id  WHERE ( M.id=1 ) LIMIT 1   [ RunTime:0.0001s ]
INFO: Run Behavior\ParseTemplateBehavior [ RunTime:0.009413s ]
INFO: [ view_parse ] --END-- [ RunTime:0.009459s ]
INFO: [ view_filter ] --START--
INFO: Run Behavior\WriteHtmlCacheBehavior [ RunTime:0.000054s ]
INFO: [ view_filter ] --END-- [ RunTime:0.000094s ]
INFO: [ app_end ] --START--
INFO: Run Behavior\ShowPageTraceBehavior [ RunTime:0.000116s ]
INFO: [ app_end ] --END-- [ RunTime:0.000166s ]

[ 2016-11-22T13:42:19+08:00 ] 124.202.207.110 /uufenxiao/index.php?m=Home&c=Uuce&a=uu_kucun
INFO: [ app_init ] --START--
INFO: Run Behavior\BuildLiteBehavior [ RunTime:0.000015s ]
INFO: [ app_init ] --END-- [ RunTime:0.000082s ]
INFO: [ app_begin ] --START--
INFO: Run Behavior\ReadHtmlCacheBehavior [ RunTime:0.000048s ]
INFO: [ app_begin ] --END-- [ RunTime:0.000096s ]
SQL: SHOW COLUMNS FROM `think_uukucun` [ RunTime:0.0008s ]
SQL: SHOW COLUMNS FROM `think_uukucun` [ RunTime:0.0006s ]
SQL: SELECT COUNT(*) AS tp_count FROM think_uukucun K INNER JOIN think_goods G on G.goods_id=K.goods_id  WHERE ( K.user_id=1 ) LIMIT 1   [ RunTime:0.0001s ]
SQL: SHOW COLUMNS FROM `think_uukucun` [ RunTime:0.0004s ]
SQL: SELECT K.*,G.thumb,`goods_name` FROM think_uukucun K INNER JOIN think_goods G on G.goods_id=K.goods_id  WHERE ( K.user_id=1 ) LIMIT 0,10   [ RunTime:0.0001s ]
INFO: [ view_parse ] --START--
INFO: [ template_filter ] --START--
INFO: Run Behavior\ContentReplaceBehavior [ RunTime:0.000079s ]
INFO: [ template_filter ] --END-- [ RunTime:0.000155s ]
SQL: SHOW COLUMNS FROM `think_member` [ RunTime:0.0021s ]
SQL: SHOW COLUMNS FROM `think_store` [ RunTime:0.0007s ]
SQL: SELECT S.*,M.username,M.nickname FROM think_store S INNER JOIN think_member M on S.user_id=M.id  WHERE ( M.id=1 ) LIMIT 1   [ RunTime:0.0001s ]
INFO: Run Behavior\ParseTemplateBehavior [ RunTime:0.013260s ]
INFO: [ view_parse ] --END-- [ RunTime:0.013315s ]
INFO: [ view_filter ] --START--
INFO: Run Behavior\WriteHtmlCacheBehavior [ RunTime:0.000091s ]
INFO: [ view_filter ] --END-- [ RunTime:0.000145s ]
INFO: [ app_end ] --START--
INFO: Run Behavior\ShowPageTraceBehavior [ RunTime:0.000056s ]
INFO: [ app_end ] --END-- [ RunTime:0.000103s ]

[ 2016-11-22T13:42:23+08:00 ] 124.202.207.110 /uufenxiao/index.php?m=Home&c=Uuce&a=uu_record
INFO: [ app_init ] --START--
INFO: Run Behavior\BuildLiteBehavior [ RunTime:0.000025s ]
INFO: [ app_init ] --END-- [ RunTime:0.000121s ]
INFO: [ app_begin ] --START--
INFO: Run Behavior\ReadHtmlCacheBehavior [ RunTime:0.000047s ]
INFO: [ app_begin ] --END-- [ RunTime:0.000090s ]
SQL: SHOW COLUMNS FROM `think_uurecord` [ RunTime:0.0007s ]
SQL: SELECT COUNT(*) AS tp_count FROM `think_uurecord` WHERE ( user_id=1 ) LIMIT 1   [ RunTime:0.0001s ]
SQL: SELECT G.goods_name,think_uurecord.* FROM `think_uurecord` INNER JOIN think_goods G on G.goods_id=think_uurecord.goods_id  WHERE ( user_id=1 ) ORDER BY id desc LIMIT 0,10   [ RunTime:0.0001s ]
INFO: [ view_parse ] --START--
INFO: [ template_filter ] --START--
INFO: Run Behavior\ContentReplaceBehavior [ RunTime:0.000108s ]
INFO: [ template_filter ] --END-- [ RunTime:0.000195s ]
SQL: SHOW COLUMNS FROM `think_member` [ RunTime:0.0022s ]
SQL: SHOW COLUMNS FROM `think_store` [ RunTime:0.0010s ]
SQL: SELECT S.*,M.username,M.nickname FROM think_store S INNER JOIN think_member M on S.user_id=M.id  WHERE ( M.id=1 ) LIMIT 1   [ RunTime:0.0001s ]
INFO: Run Behavior\ParseTemplateBehavior [ RunTime:0.015949s ]
INFO: [ view_parse ] --END-- [ RunTime:0.016020s ]
INFO: [ view_filter ] --START--
INFO: Run Behavior\WriteHtmlCacheBehavior [ RunTime:0.000097s ]
INFO: [ view_filter ] --END-- [ RunTime:0.000161s ]
INFO: [ app_end ] --START--
INFO: Run Behavior\ShowPageTraceBehavior [ RunTime:0.000055s ]
INFO: [ app_end ] --END-- [ RunTime:0.000109s ]

[ 2016-11-22T13:42:38+08:00 ] 124.202.207.110 /uufenxiao/index.php?m=Home&c=Uuce&a=uu_record&p=2
INFO: [ app_init ] --START--
INFO: Run Behavior\BuildLiteBehavior [ RunTime:0.000014s ]
INFO: [ app_init ] --END-- [ RunTime:0.000076s ]
INFO: [ app_begin ] --START--
INFO: Run Behavior\ReadHtmlCacheBehavior [ RunTime:0.000043s ]
INFO: [ app_begin ] --END-- [ RunTime:0.000090s ]
SQL: SHOW COLUMNS FROM `think_uurecord` [ RunTime:0.0008s ]
SQL: SELECT COUNT(*) AS tp_count FROM `think_uurecord` WHERE ( user_id=1 ) LIMIT 1   [ RunTime:0.0001s ]
SQL: SELECT G.goods_name,think_uurecord.* FROM `think_uurecord` INNER JOIN think_goods G on G.goods_id=think_uurecord.goods_id  WHERE ( user_id=1 ) ORDER BY id desc LIMIT 10,10   [ RunTime:0.0002s ]
INFO: [ view_parse ] --START--
INFO: [ template_filter ] --START--
INFO: Run Behavior\ContentReplaceBehavior [ RunTime:0.000071s ]
INFO: [ template_filter ] --END-- [ RunTime:0.000135s ]
SQL: SHOW COLUMNS FROM `think_member` [ RunTime:0.0018s ]
SQL: SHOW COLUMNS FROM `think_store` [ RunTime:0.0008s ]
SQL: SELECT S.*,M.username,M.nickname FROM think_store S INNER JOIN think_member M on S.user_id=M.id  WHERE ( M.id=1 ) LIMIT 1   [ RunTime:0.0001s ]
INFO: Run Behavior\ParseTemplateBehavior [ RunTime:0.012770s ]
INFO: [ view_parse ] --END-- [ RunTime:0.012823s ]
INFO: [ view_filter ] --START--
INFO: Run Behavior\WriteHtmlCacheBehavior [ RunTime:0.000054s ]
INFO: [ view_filter ] --END-- [ RunTime:0.000124s ]
INFO: [ app_end ] --START--
INFO: Run Behavior\ShowPageTraceBehavior [ RunTime:0.000050s ]
INFO: [ app_end ] --END-- [ RunTime:0.000094s ]

[ 2016-11-22T13:42:40+08:00 ] 124.202.207.110 /uufenxiao/index.php?m=Home&c=Uuce&a=uu_record&p=3
INFO: [ app_init ] --START--
INFO: Run Behavior\BuildLiteBehavior [ RunTime:0.000014s ]
INFO: [ app_init ] --END-- [ RunTime:0.000069s ]
INFO: [ app_begin ] --START--
INFO: Run Behavior\ReadHtmlCacheBehavior [ RunTime:0.000042s ]
INFO: [ app_begin ] --END-- [ RunTime:0.000084s ]
SQL: SHOW COLUMNS FROM `think_uurecord` [ RunTime:0.0008s ]
SQL: SELECT COUNT(*) AS tp_count FROM `think_uurecord` WHERE ( user_id=1 ) LIMIT 1   [ RunTime:0.0001s ]
SQL: SELECT G.goods_name,think_uurecord.* FROM `think_uurecord` INNER JOIN think_goods G on G.goods_id=think_uurecord.goods_id  WHERE ( user_id=1 ) ORDER BY id desc LIMIT 20,10   [ RunTime:0.0002s ]
INFO: [ view_parse ] --START--
INFO: [ template_filter ] --START--
INFO: Run Behavior\ContentReplaceBehavior [ RunTime:0.000065s ]
INFO: [ template_filter ] --END-- [ RunTime:0.000118s ]
SQL: SHOW COLUMNS FROM `think_member` [ RunTime:0.0017s ]
SQL: SHOW COLUMNS FROM `think_store` [ RunTime:0.0005s ]
SQL: SELECT S.*,M.username,M.nickname FROM think_store S INNER JOIN think_member M on S.user_id=M.id  WHERE ( M.id=1 ) LIMIT 1   [ RunTime:0.0001s ]
INFO: Run Behavior\ParseTemplateBehavior [ RunTime:0.011008s ]
INFO: [ view_parse ] --END-- [ RunTime:0.011070s ]
INFO: [ view_filter ] --START--
INFO: Run Behavior\WriteHtmlCacheBehavior [ RunTime:0.000060s ]
INFO: [ view_filter ] --END-- [ RunTime:0.000106s ]
INFO: [ app_end ] --START--
INFO: Run Behavior\ShowPageTraceBehavior [ RunTime:0.000049s ]
INFO: [ app_end ] --END-- [ RunTime:0.000093s ]

[ 2016-11-22T13:42:44+08:00 ] 124.202.207.110 /uufenxiao/index.php?m=Home&c=Uuce&a=uu_kucun
INFO: [ app_init ] --START--
INFO: Run Behavior\BuildLiteBehavior [ RunTime:0.000033s ]
INFO: [ app_init ] --END-- [ RunTime:0.000105s ]
INFO: [ app_begin ] --START--
INFO: Run Behavior\ReadHtmlCacheBehavior [ RunTime:0.000040s ]
INFO: [ app_begin ] --END-- [ RunTime:0.000082s ]
SQL: SHOW COLUMNS FROM `think_uukucun` [ RunTime:0.0007s ]
SQL: SHOW COLUMNS FROM `think_uukucun` [ RunTime:0.0005s ]
SQL: SELECT COUNT(*) AS tp_count FROM think_uukucun K INNER JOIN think_goods G on G.goods_id=K.goods_id  WHERE ( K.user_id=1 ) LIMIT 1   [ RunTime:0.0001s ]
SQL: SHOW COLUMNS FROM `think_uukucun` [ RunTime:0.0005s ]
SQL: SELECT K.*,G.thumb,`goods_name` FROM think_uukucun K INNER JOIN think_goods G on G.goods_id=K.goods_id  WHERE ( K.user_id=1 ) LIMIT 0,10   [ RunTime:0.0001s ]
INFO: [ view_parse ] --START--
INFO: [ template_filter ] --START--
INFO: Run Behavior\ContentReplaceBehavior [ RunTime:0.000070s ]
INFO: [ template_filter ] --END-- [ RunTime:0.000143s ]
SQL: SHOW COLUMNS FROM `think_member` [ RunTime:0.0020s ]
SQL: SHOW COLUMNS FROM `think_store` [ RunTime:0.0005s ]
SQL: SELECT S.*,M.username,M.nickname FROM think_store S INNER JOIN think_member M on S.user_id=M.id  WHERE ( M.id=1 ) LIMIT 1   [ RunTime:0.0001s ]
INFO: Run Behavior\ParseTemplateBehavior [ RunTime:0.012353s ]
INFO: [ view_parse ] --END-- [ RunTime:0.012402s ]
INFO: [ view_filter ] --START--
INFO: Run Behavior\WriteHtmlCacheBehavior [ RunTime:0.000063s ]
INFO: [ view_filter ] --END-- [ RunTime:0.000101s ]
INFO: [ app_end ] --START--
INFO: Run Behavior\ShowPageTraceBehavior [ RunTime:0.000051s ]
INFO: [ app_end ] --END-- [ RunTime:0.000095s ]

[ 2016-11-22T13:42:46+08:00 ] 124.202.207.110 /uufenxiao/index.php?m=Home&c=Uuce&a=uu_record
INFO: [ app_init ] --START--
INFO: Run Behavior\BuildLiteBehavior [ RunTime:0.000017s ]
INFO: [ app_init ] --END-- [ RunTime:0.000074s ]
INFO: [ app_begin ] --START--
INFO: Run Behavior\ReadHtmlCacheBehavior [ RunTime:0.000041s ]
INFO: [ app_begin ] --END-- [ RunTime:0.000083s ]
SQL: SHOW COLUMNS FROM `think_uurecord` [ RunTime:0.0007s ]
SQL: SELECT COUNT(*) AS tp_count FROM `think_uurecord` WHERE ( user_id=1 ) LIMIT 1   [ RunTime:0.0001s ]
SQL: SELECT G.goods_name,think_uurecord.* FROM `think_uurecord` INNER JOIN think_goods G on G.goods_id=think_uurecord.goods_id  WHERE ( user_id=1 ) ORDER BY id desc LIMIT 0,10   [ RunTime:0.0001s ]
INFO: [ view_parse ] --START--
INFO: [ template_filter ] --START--
INFO: Run Behavior\ContentReplaceBehavior [ RunTime:0.000063s ]
INFO: [ template_filter ] --END-- [ RunTime:0.000113s ]
SQL: SHOW COLUMNS FROM `think_member` [ RunTime:0.0017s ]
SQL: SHOW COLUMNS FROM `think_store` [ RunTime:0.0009s ]
SQL: SELECT S.*,M.username,M.nickname FROM think_store S INNER JOIN think_member M on S.user_id=M.id  WHERE ( M.id=1 ) LIMIT 1   [ RunTime:0.0002s ]
INFO: Run Behavior\ParseTemplateBehavior [ RunTime:0.011550s ]
INFO: [ view_parse ] --END-- [ RunTime:0.011601s ]
INFO: [ view_filter ] --START--
INFO: Run Behavior\WriteHtmlCacheBehavior [ RunTime:0.000084s ]
INFO: [ view_filter ] --END-- [ RunTime:0.000133s ]
INFO: [ app_end ] --START--
INFO: Run Behavior\ShowPageTraceBehavior [ RunTime:0.000066s ]
INFO: [ app_end ] --END-- [ RunTime:0.000127s ]

[ 2016-11-22T13:42:47+08:00 ] 124.202.207.110 /uufenxiao/index.php?m=Home&c=Uuce&a=uu_kucun
INFO: [ app_init ] --START--
INFO: Run Behavior\BuildLiteBehavior [ RunTime:0.000015s ]
INFO: [ app_init ] --END-- [ RunTime:0.000074s ]
INFO: [ app_begin ] --START--
INFO: Run Behavior\ReadHtmlCacheBehavior [ RunTime:0.000042s ]
INFO: [ app_begin ] --END-- [ RunTime:0.000084s ]
SQL: SHOW COLUMNS FROM `think_uukucun` [ RunTime:0.0007s ]
SQL: SHOW COLUMNS FROM `think_uukucun` [ RunTime:0.0005s ]
SQL: SELECT COUNT(*) AS tp_count FROM think_uukucun K INNER JOIN think_goods G on G.goods_id=K.goods_id  WHERE ( K.user_id=1 ) LIMIT 1   [ RunTime:0.0001s ]
SQL: SHOW COLUMNS FROM `think_uukucun` [ RunTime:0.0004s ]
SQL: SELECT K.*,G.thumb,`goods_name` FROM think_uukucun K INNER JOIN think_goods G on G.goods_id=K.goods_id  WHERE ( K.user_id=1 ) LIMIT 0,10   [ RunTime:0.0001s ]
INFO: [ view_parse ] --START--
INFO: [ template_filter ] --START--
INFO: Run Behavior\ContentReplaceBehavior [ RunTime:0.000072s ]
INFO: [ template_filter ] --END-- [ RunTime:0.000149s ]
SQL: SHOW COLUMNS FROM `think_member` [ RunTime:0.0019s ]
SQL: SHOW COLUMNS FROM `think_store` [ RunTime:0.0005s ]
SQL: SELECT S.*,M.username,M.nickname FROM think_store S INNER JOIN think_member M on S.user_id=M.id  WHERE ( M.id=1 ) LIMIT 1   [ RunTime:0.0001s ]
INFO: Run Behavior\ParseTemplateBehavior [ RunTime:0.011230s ]
INFO: [ view_parse ] --END-- [ RunTime:0.011280s ]
INFO: [ view_filter ] --START--
INFO: Run Behavior\WriteHtmlCacheBehavior [ RunTime:0.000070s ]
INFO: [ view_filter ] --END-- [ RunTime:0.000107s ]
INFO: [ app_end ] --START--
INFO: Run Behavior\ShowPageTraceBehavior [ RunTime:0.000050s ]
INFO: [ app_end ] --END-- [ RunTime:0.000098s ]

[ 2016-11-22T13:42:48+08:00 ] 124.202.207.110 /uufenxiao/index.php?m=Home&c=Performc&a=recommend_pc
INFO: [ app_init ] --START--
INFO: Run Behavior\BuildLiteBehavior [ RunTime:0.000015s ]
INFO: [ app_init ] --END-- [ RunTime:0.000074s ]
INFO: [ app_begin ] --START--
INFO: Run Behavior\ReadHtmlCacheBehavior [ RunTime:0.000042s ]
INFO: [ app_begin ] --END-- [ RunTime:0.000085s ]
INFO: [ view_parse ] --START--
INFO: [ template_filter ] --START--
INFO: Run Behavior\ContentReplaceBehavior [ RunTime:0.000091s ]
INFO: [ template_filter ] --END-- [ RunTime:0.000161s ]
SQL: SHOW COLUMNS FROM `think_member` [ RunTime:0.0018s ]
SQL: SHOW COLUMNS FROM `think_store` [ RunTime:0.0009s ]
SQL: SELECT S.*,M.username,M.nickname FROM think_store S INNER JOIN think_member M on S.user_id=M.id  WHERE ( M.id=1 ) LIMIT 1   [ RunTime:0.0001s ]
INFO: Run Behavior\ParseTemplateBehavior [ RunTime:0.012592s ]
INFO: [ view_parse ] --END-- [ RunTime:0.012643s ]
INFO: [ view_filter ] --START--
INFO: Run Behavior\WriteHtmlCacheBehavior [ RunTime:0.000075s ]
INFO: [ view_filter ] --END-- [ RunTime:0.000115s ]
INFO: [ app_end ] --START--
INFO: Run Behavior\ShowPageTraceBehavior [ RunTime:0.000048s ]
INFO: [ app_end ] --END-- [ RunTime:0.000093s ]

[ 2016-11-22T13:42:56+08:00 ] 124.202.207.110 /uufenxiao/index.php?m=Home&c=Uuce&a=uu_kucun
INFO: [ app_init ] --START--
INFO: Run Behavior\BuildLiteBehavior [ RunTime:0.000015s ]
INFO: [ app_init ] --END-- [ RunTime:0.000083s ]
INFO: [ app_begin ] --START--
INFO: Run Behavior\ReadHtmlCacheBehavior [ RunTime:0.000046s ]
INFO: [ app_begin ] --END-- [ RunTime:0.000097s ]
SQL: SHOW COLUMNS FROM `think_uukucun` [ RunTime:0.0007s ]
SQL: SHOW COLUMNS FROM `think_uukucun` [ RunTime:0.0007s ]
SQL: SELECT COUNT(*) AS tp_count FROM think_uukucun K INNER JOIN think_goods G on G.goods_id=K.goods_id  WHERE ( K.user_id=1 ) LIMIT 1   [ RunTime:0.0001s ]
SQL: SHOW COLUMNS FROM `think_uukucun` [ RunTime:0.0006s ]
SQL: SELECT K.*,G.thumb,`goods_name` FROM think_uukucun K INNER JOIN think_goods G on G.goods_id=K.goods_id  WHERE ( K.user_id=1 ) LIMIT 0,10   [ RunTime:0.0002s ]
INFO: [ view_parse ] --START--
INFO: [ template_filter ] --START--
INFO: Run Behavior\ContentReplaceBehavior [ RunTime:0.000187s ]
INFO: [ template_filter ] --END-- [ RunTime:0.000279s ]
SQL: SHOW COLUMNS FROM `think_member` [ RunTime:0.0025s ]
SQL: SHOW COLUMNS FROM `think_store` [ RunTime:0.0012s ]
SQL: SELECT S.*,M.username,M.nickname FROM think_store S INNER JOIN think_member M on S.user_id=M.id  WHERE ( M.id=1 ) LIMIT 1   [ RunTime:0.0002s ]
INFO: Run Behavior\ParseTemplateBehavior [ RunTime:0.015864s ]
INFO: [ view_parse ] --END-- [ RunTime:0.015946s ]
INFO: [ view_filter ] --START--
INFO: Run Behavior\WriteHtmlCacheBehavior [ RunTime:0.000105s ]
INFO: [ view_filter ] --END-- [ RunTime:0.000163s ]
INFO: [ app_end ] --START--
INFO: Run Behavior\ShowPageTraceBehavior [ RunTime:0.000077s ]
INFO: [ app_end ] --END-- [ RunTime:0.000140s ]

[ 2016-11-22T13:42:58+08:00 ] 124.202.207.110 /uufenxiao/index.php?m=Home&c=Store&a=store_info
INFO: [ app_init ] --START--
INFO: Run Behavior\BuildLiteBehavior [ RunTime:0.000023s ]
INFO: [ app_init ] --END-- [ RunTime:0.000117s ]
INFO: [ app_begin ] --START--
INFO: Run Behavior\ReadHtmlCacheBehavior [ RunTime:0.000071s ]
INFO: [ app_begin ] --END-- [ RunTime:0.000146s ]
SQL: SHOW COLUMNS FROM `think_member` [ RunTime:0.0024s ]
SQL: SHOW COLUMNS FROM `think_store` [ RunTime:0.0008s ]
SQL: SELECT S.*,L.*,M.username,M.nickname FROM think_store S INNER JOIN think_member M on S.user_id=M.id INNER JOIN think_store_level L on S.st_level=L.slevel  WHERE ( M.id=1 ) LIMIT 1   [ RunTime:0.0001s ]
SQL: SHOW COLUMNS FROM `think_store_level` [ RunTime:0.0005s ]
SQL: SELECT `slevel`,`sname`,`free` FROM `think_store_level`  [ RunTime:0.0001s ]
INFO: [ view_parse ] --START--
INFO: [ template_filter ] --START--
INFO: Run Behavior\ContentReplaceBehavior [ RunTime:0.000146s ]
INFO: [ template_filter ] --END-- [ RunTime:0.000333s ]
SQL: SHOW COLUMNS FROM `think_store` [ RunTime:0.0008s ]
SQL: SELECT S.*,M.username,M.nickname FROM think_store S INNER JOIN think_member M on S.user_id=M.id  WHERE ( M.id=1 ) LIMIT 1   [ RunTime:0.0001s ]
INFO: Run Behavior\ParseTemplateBehavior [ RunTime:0.009606s ]
INFO: [ view_parse ] --END-- [ RunTime:0.009659s ]
INFO: [ view_filter ] --START--
INFO: Run Behavior\WriteHtmlCacheBehavior [ RunTime:0.000058s ]
INFO: [ view_filter ] --END-- [ RunTime:0.000098s ]
INFO: [ app_end ] --START--
INFO: Run Behavior\ShowPageTraceBehavior [ RunTime:0.000046s ]
INFO: [ app_end ] --END-- [ RunTime:0.000106s ]

[ 2016-11-22T13:43:00+08:00 ] 124.202.207.110 /uufenxiao/index.php?m=Home&c=Member&a=userset
INFO: [ app_init ] --START--
INFO: Run Behavior\BuildLiteBehavior [ RunTime:0.000015s ]
INFO: [ app_init ] --END-- [ RunTime:0.000070s ]
INFO: [ app_begin ] --START--
INFO: Run Behavior\ReadHtmlCacheBehavior [ RunTime:0.000042s ]
INFO: [ app_begin ] --END-- [ RunTime:0.000085s ]
SQL: SHOW COLUMNS FROM `think_member` [ RunTime:0.0020s ]
SQL: SELECT * FROM `think_member` WHERE `id` = 1 LIMIT 1   [ RunTime:0.0003s ]
NOTIC: [8] Undefined index: re_submit /data/wwwroot/default/uufenxiao/Application/Home/Controller/MemberController.class.php 第 188 行.
INFO: [ view_parse ] --START--
INFO: [ template_filter ] --START--
INFO: Run Behavior\ContentReplaceBehavior [ RunTime:0.000066s ]
INFO: [ template_filter ] --END-- [ RunTime:0.000120s ]
SQL: SHOW COLUMNS FROM `think_store` [ RunTime:0.0007s ]
SQL: SELECT S.*,M.username,M.nickname FROM think_store S INNER JOIN think_member M on S.user_id=M.id  WHERE ( M.id=1 ) LIMIT 1   [ RunTime:0.0001s ]
INFO: Run Behavior\ParseTemplateBehavior [ RunTime:0.006461s ]
INFO: [ view_parse ] --END-- [ RunTime:0.006507s ]
INFO: [ view_filter ] --START--
INFO: Run Behavior\WriteHtmlCacheBehavior [ RunTime:0.000054s ]
INFO: [ view_filter ] --END-- [ RunTime:0.000091s ]
INFO: [ app_end ] --START--
INFO: Run Behavior\ShowPageTraceBehavior [ RunTime:0.000042s ]
INFO: [ app_end ] --END-- [ RunTime:0.000079s ]

[ 2016-11-22T17:02:28+08:00 ] 124.202.207.110 /uufenxiao/
INFO: [ app_init ] --START--
INFO: Run Behavior\BuildLiteBehavior [ RunTime:0.000015s ]
INFO: [ app_init ] --END-- [ RunTime:0.000074s ]
INFO: [ app_begin ] --START--
INFO: Run Behavior\ReadHtmlCacheBehavior [ RunTime:0.000049s ]
INFO: [ app_begin ] --END-- [ RunTime:0.000097s ]
NOTIC: [8] Undefined variable: tra /data/wwwroot/default/uufenxiao/Application/Home/Controller/IndexController.class.php 第 8 行.
SQL: SHOW COLUMNS FROM `think_member` [ RunTime:0.0019s ]
SQL: SELECT * FROM `think_member` LIMIT 1   [ RunTime:0.0003s ]
SQL: SHOW COLUMNS FROM `think_ulevelup` [ RunTime:0.0004s ]
SQL: SELECT * FROM `think_ulevelup` WHERE (  userid= '1'   ) ORDER BY uid desc LIMIT 1   [ RunTime:0.0001s ]
SQL: SHOW COLUMNS FROM `think_member` [ RunTime:0.0015s ]
SQL: SELECT * FROM `think_member` WHERE ( id='0' ) LIMIT 1   [ RunTime:0.0002s ]
SQL: SELECT COUNT(*) AS tp_count FROM `think_ulevelup` WHERE (  userid= '1'   ) LIMIT 1   [ RunTime:0.0001s ]
SQL: SELECT * FROM `think_ulevelup` INNER JOIN think_ulevel ON think_ulevelup.tolevel = think_ulevel.ulevel  WHERE (  userid= '1'   ) ORDER BY think_ulevelup.uid desc  [ RunTime:0.0001s ]
NOTIC: [8] Undefined variable: module /data/wwwroot/default/uufenxiao/ThinkPHP/Common/functions.php 第 990 行.
NOTIC: [8] Undefined variable: var /data/wwwroot/default/uufenxiao/ThinkPHP/Common/functions.php 第 990 行.
NOTIC: [2] array_reverse() expects parameter 1 to be array, null given /data/wwwroot/default/uufenxiao/ThinkPHP/Common/functions.php 第 990 行.
NOTIC: [2] http_build_query(): Parameter 1 expected to be Array or Object.  Incorrect value given /data/wwwroot/default/uufenxiao/ThinkPHP/Common/functions.php 第 990 行.

[ 2016-11-22T17:02:28+08:00 ] 124.202.207.110 /uufenxiao/index.php?m=&&m=Home&c=Index&a=login
INFO: [ app_init ] --START--
INFO: Run Behavior\BuildLiteBehavior [ RunTime:0.000014s ]
INFO: [ app_init ] --END-- [ RunTime:0.000070s ]
INFO: [ app_begin ] --START--
INFO: Run Behavior\ReadHtmlCacheBehavior [ RunTime:0.000045s ]
INFO: [ app_begin ] --END-- [ RunTime:0.000090s ]
NOTIC: [8] Undefined index: submit /data/wwwroot/default/uufenxiao/Application/Home/Controller/IndexController.class.php 第 54 行.
INFO: [ view_parse ] --START--
INFO: [ template_filter ] --START--
INFO: Run Behavior\ContentReplaceBehavior [ RunTime:0.000050s ]
INFO: [ template_filter ] --END-- [ RunTime:0.000099s ]
INFO: Run Behavior\ParseTemplateBehavior [ RunTime:0.003574s ]
INFO: [ view_parse ] --END-- [ RunTime:0.003619s ]
INFO: [ view_filter ] --START--
INFO: Run Behavior\WriteHtmlCacheBehavior [ RunTime:0.000055s ]
INFO: [ view_filter ] --END-- [ RunTime:0.000092s ]
INFO: [ app_end ] --START--
INFO: Run Behavior\ShowPageTraceBehavior [ RunTime:0.000047s ]
INFO: [ app_end ] --END-- [ RunTime:0.000085s ]

[ 2016-11-22T17:02:41+08:00 ] 124.202.207.110 /uufenxiao/index.php?m=Home&c=Index&a=login
INFO: [ app_init ] --START--
INFO: Run Behavior\BuildLiteBehavior [ RunTime:0.000016s ]
INFO: [ app_init ] --END-- [ RunTime:0.000073s ]
INFO: [ app_begin ] --START--
INFO: Run Behavior\ReadHtmlCacheBehavior [ RunTime:0.000064s ]
INFO: [ app_begin ] --END-- [ RunTime:0.000126s ]
SQL: SHOW COLUMNS FROM `think_member` [ RunTime:0.0019s ]
SQL: SELECT COUNT(*) AS tp_count FROM `think_member` WHERE ( nickname= '000' AND password1= 'c4ca4238a0b923820dcc509a6f75849b' and ispay=1 ) LIMIT 1   [ RunTime:0.0001s ]
SQL: SELECT COUNT(*) AS tp_count FROM `think_member` WHERE ( nickname= '000' AND password1= 'c4ca4238a0b923820dcc509a6f75849b' and ispay=1 and islock=0 ) LIMIT 1   [ RunTime:0.0001s ]
SQL: SELECT * FROM `think_member` WHERE ( nickname='000' ) LIMIT 1   [ RunTime:0.0004s ]
INFO: [ view_parse ] --START--
INFO: [ template_filter ] --START--
INFO: Run Behavior\ContentReplaceBehavior [ RunTime:0.000053s ]
INFO: [ template_filter ] --END-- [ RunTime:0.000122s ]
INFO: Run Behavior\ParseTemplateBehavior [ RunTime:0.003144s ]
INFO: [ view_parse ] --END-- [ RunTime:0.003252s ]
INFO: [ view_filter ] --START--
INFO: Run Behavior\WriteHtmlCacheBehavior [ RunTime:0.000054s ]
INFO: [ view_filter ] --END-- [ RunTime:0.000094s ]
INFO: [ app_end ] --START--
INFO: Run Behavior\ShowPageTraceBehavior [ RunTime:0.000045s ]
INFO: [ app_end ] --END-- [ RunTime:0.000084s ]

[ 2016-11-22T17:02:43+08:00 ] 124.202.207.110 /uufenxiao/index.php?m=Home&c=Index&a=index
INFO: [ app_init ] --START--
INFO: Run Behavior\BuildLiteBehavior [ RunTime:0.000016s ]
INFO: [ app_init ] --END-- [ RunTime:0.000088s ]
INFO: [ app_begin ] --START--
INFO: Run Behavior\ReadHtmlCacheBehavior [ RunTime:0.000040s ]
INFO: [ app_begin ] --END-- [ RunTime:0.000083s ]
SQL: SHOW COLUMNS FROM `think_travel_order` [ RunTime:0.0009s ]
SQL: SELECT * FROM `think_travel_order` WHERE ( user_id=1 and reback=1 and pay_status=0 ) LIMIT 1   [ RunTime:0.0001s ]
SQL: SHOW COLUMNS FROM `think_member` [ RunTime:0.0018s ]
SQL: SELECT * FROM `think_member` WHERE `id` = 1 LIMIT 1   [ RunTime:0.0003s ]
SQL: SHOW COLUMNS FROM `think_ulevelup` [ RunTime:0.0005s ]
SQL: SELECT * FROM `think_ulevelup` WHERE (  userid= '1'   ) ORDER BY uid desc LIMIT 1   [ RunTime:0.0001s ]
SQL: SHOW COLUMNS FROM `think_member` [ RunTime:0.0016s ]
SQL: SELECT * FROM `think_member` WHERE ( id='0' ) LIMIT 1   [ RunTime:0.0003s ]
SQL: SELECT COUNT(*) AS tp_count FROM `think_ulevelup` WHERE (  userid= '1'   ) LIMIT 1   [ RunTime:0.0001s ]
SQL: SELECT * FROM `think_ulevelup` INNER JOIN think_ulevel ON think_ulevelup.tolevel = think_ulevel.ulevel  WHERE (  userid= '1'   ) ORDER BY think_ulevelup.uid desc  [ RunTime:0.0001s ]
SQL: SELECT * FROM `think_member` WHERE `id` = 1 LIMIT 1   [ RunTime:0.0002s ]
INFO: [ view_parse ] --START--
INFO: [ template_filter ] --START--
INFO: Run Behavior\ContentReplaceBehavior [ RunTime:0.000114s ]
INFO: [ template_filter ] --END-- [ RunTime:0.000194s ]
SQL: SHOW COLUMNS FROM `think_store` [ RunTime:0.0008s ]
SQL: SELECT S.*,M.username,M.nickname FROM think_store S INNER JOIN think_member M on S.user_id=M.id  WHERE ( M.id=1 ) LIMIT 1   [ RunTime:0.0001s ]
NOTIC: [8] Undefined index: lvname /data/wwwroot/default/uufenxiao/Application/Runtime/Cache/Home/2a94b8bda04ff446dcedd42276fc99ee.php 第 158 行.
INFO: Run Behavior\ParseTemplateBehavior [ RunTime:0.011746s ]
INFO: [ view_parse ] --END-- [ RunTime:0.011803s ]
INFO: [ view_filter ] --START--
INFO: Run Behavior\WriteHtmlCacheBehavior [ RunTime:0.000138s ]
INFO: [ view_filter ] --END-- [ RunTime:0.000194s ]
INFO: [ app_end ] --START--
INFO: Run Behavior\ShowPageTraceBehavior [ RunTime:0.000052s ]
INFO: [ app_end ] --END-- [ RunTime:0.000099s ]

[ 2016-11-22T17:06:17+08:00 ] 124.202.207.110 /uufenxiao/index.php?m=Home&c=Performc&a=recommend_pc
INFO: [ app_init ] --START--
INFO: Run Behavior\BuildLiteBehavior [ RunTime:0.000015s ]
INFO: [ app_init ] --END-- [ RunTime:0.000076s ]
INFO: [ app_begin ] --START--
INFO: Run Behavior\ReadHtmlCacheBehavior [ RunTime:0.000047s ]
INFO: [ app_begin ] --END-- [ RunTime:0.000093s ]
INFO: [ view_parse ] --START--
INFO: [ template_filter ] --START--
INFO: Run Behavior\ContentReplaceBehavior [ RunTime:0.000093s ]
INFO: [ template_filter ] --END-- [ RunTime:0.000146s ]
SQL: SHOW COLUMNS FROM `think_member` [ RunTime:0.0018s ]
SQL: SHOW COLUMNS FROM `think_store` [ RunTime:0.0008s ]
SQL: SELECT S.*,M.username,M.nickname FROM think_store S INNER JOIN think_member M on S.user_id=M.id  WHERE ( M.id=1 ) LIMIT 1   [ RunTime:0.0001s ]
INFO: Run Behavior\ParseTemplateBehavior [ RunTime:0.012976s ]
INFO: [ view_parse ] --END-- [ RunTime:0.013027s ]
INFO: [ view_filter ] --START--
INFO: Run Behavior\WriteHtmlCacheBehavior [ RunTime:0.000057s ]
INFO: [ view_filter ] --END-- [ RunTime:0.000095s ]
INFO: [ app_end ] --START--
INFO: Run Behavior\ShowPageTraceBehavior [ RunTime:0.000052s ]
INFO: [ app_end ] --END-- [ RunTime:0.000096s ]

[ 2016-11-22T17:06:21+08:00 ] 124.202.207.110 /uufenxiao/index.php?m=Home&c=Uuce&a=uu_re
INFO: [ app_init ] --START--
INFO: Run Behavior\BuildLiteBehavior [ RunTime:0.000016s ]
INFO: [ app_init ] --END-- [ RunTime:0.000072s ]
INFO: [ app_begin ] --START--
INFO: Run Behavior\ReadHtmlCacheBehavior [ RunTime:0.000042s ]
INFO: [ app_begin ] --END-- [ RunTime:0.000085s ]
SQL: SHOW COLUMNS FROM `think_goods` [ RunTime:0.0008s ]
SQL: SELECT * FROM `think_goods` WHERE ( goods_id>0 and goods_num>0 )  [ RunTime:0.0001s ]
INFO: [ view_parse ] --START--
INFO: [ template_filter ] --START--
INFO: Run Behavior\ContentReplaceBehavior [ RunTime:0.000065s ]
INFO: [ template_filter ] --END-- [ RunTime:0.000128s ]
SQL: SHOW COLUMNS FROM `think_member` [ RunTime:0.0019s ]
SQL: SHOW COLUMNS FROM `think_store` [ RunTime:0.0005s ]
SQL: SELECT S.*,M.username,M.nickname FROM think_store S INNER JOIN think_member M on S.user_id=M.id  WHERE ( M.id=1 ) LIMIT 1   [ RunTime:0.0001s ]
INFO: Run Behavior\ParseTemplateBehavior [ RunTime:0.011801s ]
INFO: [ view_parse ] --END-- [ RunTime:0.011853s ]
INFO: [ view_filter ] --START--
INFO: Run Behavior\WriteHtmlCacheBehavior [ RunTime:0.000073s ]
INFO: [ view_filter ] --END-- [ RunTime:0.000111s ]
INFO: [ app_end ] --START--
INFO: Run Behavior\ShowPageTraceBehavior [ RunTime:0.000046s ]
INFO: [ app_end ] --END-- [ RunTime:0.000104s ]

[ 2016-11-22T17:08:27+08:00 ] 124.202.207.110 /uufenxiao/index.php?m=Home&c=Uuce&a=uu_info&goods_id=12
INFO: [ app_init ] --START--
INFO: Run Behavior\BuildLiteBehavior [ RunTime:0.000022s ]
INFO: [ app_init ] --END-- [ RunTime:0.000120s ]
INFO: [ app_begin ] --START--
INFO: Run Behavior\ReadHtmlCacheBehavior [ RunTime:0.000077s ]
INFO: [ app_begin ] --END-- [ RunTime:0.000221s ]
SQL: SHOW COLUMNS FROM `think_goods` [ RunTime:0.0008s ]
SQL: SELECT * FROM `think_goods` WHERE ( goods_id=12 ) LIMIT 1   [ RunTime:0.0003s ]
NOTIC: [8] Use of undefined constant ture - assumed 'ture' /data/wwwroot/default/uufenxiao/Application/Home/Controller/UuceController.class.php 第 23 行.
INFO: [ view_parse ] --START--
INFO: [ template_filter ] --START--
INFO: Run Behavior\ContentReplaceBehavior [ RunTime:0.000136s ]
INFO: [ template_filter ] --END-- [ RunTime:0.000223s ]
SQL: SHOW COLUMNS FROM `think_member` [ RunTime:0.0018s ]
SQL: SHOW COLUMNS FROM `think_store` [ RunTime:0.0005s ]
SQL: SELECT S.*,M.username,M.nickname FROM think_store S INNER JOIN think_member M on S.user_id=M.id  WHERE ( M.id=1 ) LIMIT 1   [ RunTime:0.0001s ]
INFO: Run Behavior\ParseTemplateBehavior [ RunTime:0.014622s ]
INFO: [ view_parse ] --END-- [ RunTime:0.014672s ]
INFO: [ view_filter ] --START--
INFO: Run Behavior\WriteHtmlCacheBehavior [ RunTime:0.000065s ]
INFO: [ view_filter ] --END-- [ RunTime:0.000109s ]
INFO: [ app_end ] --START--
INFO: Run Behavior\ShowPageTraceBehavior [ RunTime:0.000053s ]
INFO: [ app_end ] --END-- [ RunTime:0.000099s ]

[ 2016-11-22T17:11:41+08:00 ] 124.202.207.110 /uufenxiao/index.php?m=Home&c=Uuce&a=uu_re
INFO: [ app_init ] --START--
INFO: Run Behavior\BuildLiteBehavior [ RunTime:0.000015s ]
INFO: [ app_init ] --END-- [ RunTime:0.000072s ]
INFO: [ app_begin ] --START--
INFO: Run Behavior\ReadHtmlCacheBehavior [ RunTime:0.000071s ]
INFO: [ app_begin ] --END-- [ RunTime:0.000130s ]
SQL: SHOW COLUMNS FROM `think_goods` [ RunTime:0.0008s ]
SQL: SELECT * FROM `think_goods` WHERE ( goods_id>0 and goods_num>0 )  [ RunTime:0.0001s ]
INFO: [ view_parse ] --START--
INFO: [ template_filter ] --START--
INFO: Run Behavior\ContentReplaceBehavior [ RunTime:0.000127s ]
INFO: [ template_filter ] --END-- [ RunTime:0.000293s ]
SQL: SHOW COLUMNS FROM `think_member` [ RunTime:0.0021s ]
SQL: SHOW COLUMNS FROM `think_store` [ RunTime:0.0005s ]
SQL: SELECT S.*,M.username,M.nickname FROM think_store S INNER JOIN think_member M on S.user_id=M.id  WHERE ( M.id=1 ) LIMIT 1   [ RunTime:0.0001s ]
INFO: Run Behavior\ParseTemplateBehavior [ RunTime:0.012735s ]
INFO: [ view_parse ] --END-- [ RunTime:0.012808s ]
INFO: [ view_filter ] --START--
INFO: Run Behavior\WriteHtmlCacheBehavior [ RunTime:0.000078s ]
INFO: [ view_filter ] --END-- [ RunTime:0.000116s ]
INFO: [ app_end ] --START--
INFO: Run Behavior\ShowPageTraceBehavior [ RunTime:0.000049s ]
INFO: [ app_end ] --END-- [ RunTime:0.000087s ]

[ 2016-11-22T17:11:43+08:00 ] 124.202.207.110 /uufenxiao/index.php?m=Home&c=Uuce&a=uu_info&goods_id=12
INFO: [ app_init ] --START--
INFO: Run Behavior\BuildLiteBehavior [ RunTime:0.000027s ]
INFO: [ app_init ] --END-- [ RunTime:0.000083s ]
INFO: [ app_begin ] --START--
INFO: Run Behavior\ReadHtmlCacheBehavior [ RunTime:0.000041s ]
INFO: [ app_begin ] --END-- [ RunTime:0.000082s ]
SQL: SHOW COLUMNS FROM `think_goods` [ RunTime:0.0007s ]
SQL: SELECT * FROM `think_goods` WHERE ( goods_id=12 ) LIMIT 1   [ RunTime:0.0001s ]
NOTIC: [8] Use of undefined constant ture - assumed 'ture' /data/wwwroot/default/uufenxiao/Application/Home/Controller/UuceController.class.php 第 23 行.
INFO: [ view_parse ] --START--
INFO: [ template_filter ] --START--
INFO: Run Behavior\ContentReplaceBehavior [ RunTime:0.000165s ]
INFO: [ template_filter ] --END-- [ RunTime:0.000262s ]
SQL: SHOW COLUMNS FROM `think_member` [ RunTime:0.0025s ]
SQL: SHOW COLUMNS FROM `think_store` [ RunTime:0.0006s ]
SQL: SELECT S.*,M.username,M.nickname FROM think_store S INNER JOIN think_member M on S.user_id=M.id  WHERE ( M.id=1 ) LIMIT 1   [ RunTime:0.0001s ]
INFO: Run Behavior\ParseTemplateBehavior [ RunTime:0.016591s ]
INFO: [ view_parse ] --END-- [ RunTime:0.016666s ]
INFO: [ view_filter ] --START--
INFO: Run Behavior\WriteHtmlCacheBehavior [ RunTime:0.000086s ]
INFO: [ view_filter ] --END-- [ RunTime:0.000128s ]
INFO: [ app_end ] --START--
INFO: Run Behavior\ShowPageTraceBehavior [ RunTime:0.000050s ]
INFO: [ app_end ] --END-- [ RunTime:0.000095s ]

[ 2016-11-22T17:11:52+08:00 ] 124.202.207.110 /uufenxiao/index.php?m=Home&c=Uuce&a=uu_order
INFO: [ app_init ] --START--
INFO: Run Behavior\BuildLiteBehavior [ RunTime:0.000022s ]
INFO: [ app_init ] --END-- [ RunTime:0.000093s ]
INFO: [ app_begin ] --START--
INFO: Run Behavior\ReadHtmlCacheBehavior [ RunTime:0.000040s ]
INFO: [ app_begin ] --END-- [ RunTime:0.000084s ]
SQL: SHOW COLUMNS FROM `think_goods` [ RunTime:0.0008s ]
SQL: SELECT * FROM `think_goods` WHERE ( goods_id=12 ) LIMIT 1   [ RunTime:0.0001s ]
SQL: SHOW COLUMNS FROM `think_order` [ RunTime:0.0005s ]
SQL: INSERT INTO `think_order` (`goods_id`,`order_sn`,`goods_sn`,`add_time`) VALUES ('12','2016112256984999','','1479805912') [ RunTime:0.0004s ]
SQL: UPDATE `think_goods` SET `goods_num`='1',`goods_sn`='' WHERE ( goods_id=12 ) [ RunTime:0.0003s ]
INFO: [ view_parse ] --START--
INFO: [ template_filter ] --START--
INFO: Run Behavior\ContentReplaceBehavior [ RunTime:0.000097s ]
INFO: [ template_filter ] --END-- [ RunTime:0.000169s ]
SQL: SHOW COLUMNS FROM `think_member` [ RunTime:0.0019s ]
SQL: SHOW COLUMNS FROM `think_store` [ RunTime:0.0006s ]
SQL: SELECT S.*,M.username,M.nickname FROM think_store S INNER JOIN think_member M on S.user_id=M.id  WHERE ( M.id=1 ) LIMIT 1   [ RunTime:0.0001s ]
INFO: Run Behavior\ParseTemplateBehavior [ RunTime:0.011997s ]
INFO: [ view_parse ] --END-- [ RunTime:0.012077s ]
INFO: [ view_filter ] --START--
INFO: Run Behavior\WriteHtmlCacheBehavior [ RunTime:0.000073s ]
INFO: [ view_filter ] --END-- [ RunTime:0.000112s ]
INFO: [ app_end ] --START--
INFO: Run Behavior\ShowPageTraceBehavior [ RunTime:0.000050s ]
INFO: [ app_end ] --END-- [ RunTime:0.000096s ]

[ 2016-11-22T17:13:57+08:00 ] 124.202.207.110 /uufenxiao/index.php?m=Home&c=Uuce&a=uu_re
INFO: [ app_init ] --START--
INFO: Run Behavior\BuildLiteBehavior [ RunTime:0.000034s ]
INFO: [ app_init ] --END-- [ RunTime:0.000096s ]
INFO: [ app_begin ] --START--
INFO: Run Behavior\ReadHtmlCacheBehavior [ RunTime:0.000047s ]
INFO: [ app_begin ] --END-- [ RunTime:0.000095s ]
SQL: SHOW COLUMNS FROM `think_goods` [ RunTime:0.0008s ]
SQL: SELECT * FROM `think_goods` WHERE ( goods_id>0 and goods_num>0 )  [ RunTime:0.0001s ]
INFO: [ view_parse ] --START--
INFO: [ template_filter ] --START--
INFO: Run Behavior\ContentReplaceBehavior [ RunTime:0.000060s ]
INFO: [ template_filter ] --END-- [ RunTime:0.000119s ]
SQL: SHOW COLUMNS FROM `think_member` [ RunTime:0.0016s ]
SQL: SHOW COLUMNS FROM `think_store` [ RunTime:0.0006s ]
SQL: SELECT S.*,M.username,M.nickname FROM think_store S INNER JOIN think_member M on S.user_id=M.id  WHERE ( M.id=1 ) LIMIT 1   [ RunTime:0.0001s ]
INFO: Run Behavior\ParseTemplateBehavior [ RunTime:0.011228s ]
INFO: [ view_parse ] --END-- [ RunTime:0.011283s ]
INFO: [ view_filter ] --START--
INFO: Run Behavior\WriteHtmlCacheBehavior [ RunTime:0.000077s ]
INFO: [ view_filter ] --END-- [ RunTime:0.000117s ]
INFO: [ app_end ] --START--
INFO: Run Behavior\ShowPageTraceBehavior [ RunTime:0.000050s ]
INFO: [ app_end ] --END-- [ RunTime:0.000090s ]

[ 2016-11-22T17:13:58+08:00 ] 124.202.207.110 /uufenxiao/index.php?m=Home&c=Uuce&a=uu_info&goods_id=8
INFO: [ app_init ] --START--
INFO: Run Behavior\BuildLiteBehavior [ RunTime:0.000021s ]
INFO: [ app_init ] --END-- [ RunTime:0.000114s ]
INFO: [ app_begin ] --START--
INFO: Run Behavior\ReadHtmlCacheBehavior [ RunTime:0.000048s ]
INFO: [ app_begin ] --END-- [ RunTime:0.000108s ]
SQL: SHOW COLUMNS FROM `think_goods` [ RunTime:0.0008s ]
SQL: SELECT * FROM `think_goods` WHERE ( goods_id=8 ) LIMIT 1   [ RunTime:0.0003s ]
NOTIC: [8] Use of undefined constant ture - assumed 'ture' /data/wwwroot/default/uufenxiao/Application/Home/Controller/UuceController.class.php 第 23 行.
INFO: [ view_parse ] --START--
INFO: [ template_filter ] --START--
INFO: Run Behavior\ContentReplaceBehavior [ RunTime:0.000128s ]
INFO: [ template_filter ] --END-- [ RunTime:0.000203s ]
SQL: SHOW COLUMNS FROM `think_member` [ RunTime:0.0018s ]
SQL: SHOW COLUMNS FROM `think_store` [ RunTime:0.0005s ]
SQL: SELECT S.*,M.username,M.nickname FROM think_store S INNER JOIN think_member M on S.user_id=M.id  WHERE ( M.id=1 ) LIMIT 1   [ RunTime:0.0001s ]
INFO: Run Behavior\ParseTemplateBehavior [ RunTime:0.013839s ]
INFO: [ view_parse ] --END-- [ RunTime:0.013893s ]
INFO: [ view_filter ] --START--
INFO: Run Behavior\WriteHtmlCacheBehavior [ RunTime:0.000057s ]
INFO: [ view_filter ] --END-- [ RunTime:0.000093s ]
INFO: [ app_end ] --START--
INFO: Run Behavior\ShowPageTraceBehavior [ RunTime:0.000066s ]
INFO: [ app_end ] --END-- [ RunTime:0.000110s ]

[ 2016-11-22T17:14:04+08:00 ] 124.202.207.110 /uufenxiao/index.php?m=Home&c=Uuce&a=uu_re
INFO: [ app_init ] --START--
INFO: Run Behavior\BuildLiteBehavior [ RunTime:0.000023s ]
INFO: [ app_init ] --END-- [ RunTime:0.000124s ]
INFO: [ app_begin ] --START--
INFO: Run Behavior\ReadHtmlCacheBehavior [ RunTime:0.000066s ]
INFO: [ app_begin ] --END-- [ RunTime:0.000151s ]
SQL: SHOW COLUMNS FROM `think_goods` [ RunTime:0.0011s ]
SQL: SELECT * FROM `think_goods` WHERE ( goods_id>0 and goods_num>0 )  [ RunTime:0.0001s ]
INFO: [ view_parse ] --START--
INFO: [ template_filter ] --START--
INFO: Run Behavior\ContentReplaceBehavior [ RunTime:0.000064s ]
INFO: [ template_filter ] --END-- [ RunTime:0.000119s ]
SQL: SHOW COLUMNS FROM `think_member` [ RunTime:0.0017s ]
SQL: SHOW COLUMNS FROM `think_store` [ RunTime:0.0005s ]
SQL: SELECT S.*,M.username,M.nickname FROM think_store S INNER JOIN think_member M on S.user_id=M.id  WHERE ( M.id=1 ) LIMIT 1   [ RunTime:0.0001s ]
INFO: Run Behavior\ParseTemplateBehavior [ RunTime:0.012031s ]
INFO: [ view_parse ] --END-- [ RunTime:0.012087s ]
INFO: [ view_filter ] --START--
INFO: Run Behavior\WriteHtmlCacheBehavior [ RunTime:0.000056s ]
INFO: [ view_filter ] --END-- [ RunTime:0.000094s ]
INFO: [ app_end ] --START--
INFO: Run Behavior\ShowPageTraceBehavior [ RunTime:0.000043s ]
INFO: [ app_end ] --END-- [ RunTime:0.000083s ]

[ 2016-11-22T17:14:05+08:00 ] 124.202.207.110 /uufenxiao/index.php?m=Home&c=Uuce&a=uu_info&goods_id=12
INFO: [ app_init ] --START--
INFO: Run Behavior\BuildLiteBehavior [ RunTime:0.000019s ]
INFO: [ app_init ] --END-- [ RunTime:0.000080s ]
INFO: [ app_begin ] --START--
INFO: Run Behavior\ReadHtmlCacheBehavior [ RunTime:0.000042s ]
INFO: [ app_begin ] --END-- [ RunTime:0.000084s ]
SQL: SHOW COLUMNS FROM `think_goods` [ RunTime:0.0011s ]
SQL: SELECT * FROM `think_goods` WHERE ( goods_id=12 ) LIMIT 1   [ RunTime:0.0001s ]
NOTIC: [8] Use of undefined constant ture - assumed 'ture' /data/wwwroot/default/uufenxiao/Application/Home/Controller/UuceController.class.php 第 23 行.
INFO: [ view_parse ] --START--
INFO: [ template_filter ] --START--
INFO: Run Behavior\ContentReplaceBehavior [ RunTime:0.000125s ]
INFO: [ template_filter ] --END-- [ RunTime:0.000206s ]
SQL: SHOW COLUMNS FROM `think_member` [ RunTime:0.0023s ]
SQL: SHOW COLUMNS FROM `think_store` [ RunTime:0.0008s ]
SQL: SELECT S.*,M.username,M.nickname FROM think_store S INNER JOIN think_member M on S.user_id=M.id  WHERE ( M.id=1 ) LIMIT 1   [ RunTime:0.0001s ]
INFO: Run Behavior\ParseTemplateBehavior [ RunTime:0.015314s ]
INFO: [ view_parse ] --END-- [ RunTime:0.015370s ]
INFO: [ view_filter ] --START--
INFO: Run Behavior\WriteHtmlCacheBehavior [ RunTime:0.000078s ]
INFO: [ view_filter ] --END-- [ RunTime:0.000117s ]
INFO: [ app_end ] --START--
INFO: Run Behavior\ShowPageTraceBehavior [ RunTime:0.000050s ]
INFO: [ app_end ] --END-- [ RunTime:0.000095s ]

[ 2016-11-22T17:14:58+08:00 ] 124.202.207.110 /uufenxiao/index.php?m=Home&c=Uuce&a=uu_re
INFO: [ app_init ] --START--
INFO: Run Behavior\BuildLiteBehavior [ RunTime:0.000015s ]
INFO: [ app_init ] --END-- [ RunTime:0.000075s ]
INFO: [ app_begin ] --START--
INFO: Run Behavior\ReadHtmlCacheBehavior [ RunTime:0.000048s ]
INFO: [ app_begin ] --END-- [ RunTime:0.000098s ]
SQL: SHOW COLUMNS FROM `think_goods` [ RunTime:0.0007s ]
SQL: SELECT * FROM `think_goods` WHERE ( goods_id>0 and goods_num>0 )  [ RunTime:0.0001s ]
INFO: [ view_parse ] --START--
INFO: [ template_filter ] --START--
INFO: Run Behavior\ContentReplaceBehavior [ RunTime:0.000088s ]
INFO: [ template_filter ] --END-- [ RunTime:0.000154s ]
SQL: SHOW COLUMNS FROM `think_member` [ RunTime:0.0018s ]
SQL: SHOW COLUMNS FROM `think_store` [ RunTime:0.0005s ]
SQL: SELECT S.*,M.username,M.nickname FROM think_store S INNER JOIN think_member M on S.user_id=M.id  WHERE ( M.id=1 ) LIMIT 1   [ RunTime:0.0001s ]
INFO: Run Behavior\ParseTemplateBehavior [ RunTime:0.011286s ]
INFO: [ view_parse ] --END-- [ RunTime:0.011335s ]
INFO: [ view_filter ] --START--
INFO: Run Behavior\WriteHtmlCacheBehavior [ RunTime:0.000061s ]
INFO: [ view_filter ] --END-- [ RunTime:0.000098s ]
INFO: [ app_end ] --START--
INFO: Run Behavior\ShowPageTraceBehavior [ RunTime:0.000050s ]
INFO: [ app_end ] --END-- [ RunTime:0.000090s ]

[ 2016-11-22T17:27:21+08:00 ] 124.202.207.110 /uufenxiao/index.php?m=Home&c=Index&a=login
INFO: [ app_init ] --START--
INFO: Run Behavior\BuildLiteBehavior [ RunTime:0.000014s ]
INFO: [ app_init ] --END-- [ RunTime:0.000072s ]
INFO: [ app_begin ] --START--
INFO: Run Behavior\ReadHtmlCacheBehavior [ RunTime:0.000075s ]
INFO: [ app_begin ] --END-- [ RunTime:0.000120s ]
NOTIC: [8] Undefined index: submit /data/wwwroot/default/uufenxiao/Application/Home/Controller/IndexController.class.php 第 54 行.
INFO: [ view_parse ] --START--
INFO: [ template_filter ] --START--
INFO: Run Behavior\ContentReplaceBehavior [ RunTime:0.000053s ]
INFO: [ template_filter ] --END-- [ RunTime:0.000106s ]
INFO: Run Behavior\ParseTemplateBehavior [ RunTime:0.003538s ]
INFO: [ view_parse ] --END-- [ RunTime:0.003584s ]
INFO: [ view_filter ] --START--
INFO: Run Behavior\WriteHtmlCacheBehavior [ RunTime:0.000046s ]
INFO: [ view_filter ] --END-- [ RunTime:0.000083s ]
INFO: [ app_end ] --START--
INFO: Run Behavior\ShowPageTraceBehavior [ RunTime:0.000048s ]
INFO: [ app_end ] --END-- [ RunTime:0.000086s ]

[ 2016-11-22T17:27:27+08:00 ] 124.202.207.110 /uufenxiao/index.php?m=Home&c=Index&a=login
INFO: [ app_init ] --START--
INFO: Run Behavior\BuildLiteBehavior [ RunTime:0.000020s ]
INFO: [ app_init ] --END-- [ RunTime:0.000096s ]
INFO: [ app_begin ] --START--
INFO: Run Behavior\ReadHtmlCacheBehavior [ RunTime:0.000056s ]
INFO: [ app_begin ] --END-- [ RunTime:0.000119s ]
SQL: SHOW COLUMNS FROM `think_member` [ RunTime:0.0045s ]
SQL: SELECT COUNT(*) AS tp_count FROM `think_member` WHERE ( nickname= '113' AND password1= '96e79218965eb72c92a549dd5a330112' and ispay=1 ) LIMIT 1   [ RunTime:0.0006s ]
SQL: SELECT COUNT(*) AS tp_count FROM `think_member` WHERE ( nickname= '113' AND password1= '96e79218965eb72c92a549dd5a330112' and ispay=1 and islock=0 ) LIMIT 1   [ RunTime:0.0004s ]
SQL: SELECT * FROM `think_member` WHERE ( nickname='113' ) LIMIT 1   [ RunTime:0.0009s ]
INFO: [ view_parse ] --START--
INFO: [ template_filter ] --START--
INFO: Run Behavior\ContentReplaceBehavior [ RunTime:0.000049s ]
INFO: [ template_filter ] --END-- [ RunTime:0.000114s ]
INFO: Run Behavior\ParseTemplateBehavior [ RunTime:0.004078s ]
INFO: [ view_parse ] --END-- [ RunTime:0.004149s ]
INFO: [ view_filter ] --START--
INFO: Run Behavior\WriteHtmlCacheBehavior [ RunTime:0.000045s ]
INFO: [ view_filter ] --END-- [ RunTime:0.000084s ]
INFO: [ app_end ] --START--
INFO: Run Behavior\ShowPageTraceBehavior [ RunTime:0.000042s ]
INFO: [ app_end ] --END-- [ RunTime:0.000080s ]

[ 2016-11-22T17:27:28+08:00 ] 124.202.207.110 /uufenxiao/index.php?m=Home&c=Index&a=index
INFO: [ app_init ] --START--
INFO: Run Behavior\BuildLiteBehavior [ RunTime:0.000022s ]
INFO: [ app_init ] --END-- [ RunTime:0.000114s ]
INFO: [ app_begin ] --START--
INFO: Run Behavior\ReadHtmlCacheBehavior [ RunTime:0.000069s ]
INFO: [ app_begin ] --END-- [ RunTime:0.000203s ]
SQL: SHOW COLUMNS FROM `think_travel_order` [ RunTime:0.0011s ]
SQL: SELECT * FROM `think_travel_order` WHERE ( user_id=114 and reback=1 and pay_status=0 ) LIMIT 1   [ RunTime:0.0005s ]
SQL: SHOW COLUMNS FROM `think_member` [ RunTime:0.0024s ]
SQL: SELECT * FROM `think_member` WHERE `id` = 114 LIMIT 1   [ RunTime:0.0006s ]
SQL: SHOW COLUMNS FROM `think_ulevelup` [ RunTime:0.0006s ]
SQL: SELECT * FROM `think_ulevelup` WHERE (  userid= '114'   ) ORDER BY uid desc LIMIT 1   [ RunTime:0.0003s ]
SQL: SHOW COLUMNS FROM `think_member` [ RunTime:0.0017s ]
SQL: SELECT * FROM `think_member` WHERE ( id='1' ) LIMIT 1   [ RunTime:0.0002s ]
SQL: SELECT COUNT(*) AS tp_count FROM `think_ulevelup` WHERE (  userid= '114'   ) LIMIT 1   [ RunTime:0.0003s ]
SQL: SELECT * FROM `think_ulevelup` INNER JOIN think_ulevel ON think_ulevelup.tolevel = think_ulevel.ulevel  WHERE (  userid= '114'   ) ORDER BY think_ulevelup.uid desc  [ RunTime:0.0013s ]
SQL: SELECT * FROM `think_member` WHERE `id` = 114 LIMIT 1   [ RunTime:0.0002s ]
INFO: [ view_parse ] --START--
INFO: [ template_filter ] --START--
INFO: Run Behavior\ContentReplaceBehavior [ RunTime:0.000121s ]
INFO: [ template_filter ] --END-- [ RunTime:0.000200s ]
SQL: SHOW COLUMNS FROM `think_store` [ RunTime:0.0008s ]
SQL: SELECT S.*,M.username,M.nickname FROM think_store S INNER JOIN think_member M on S.user_id=M.id  WHERE ( M.id=114 ) LIMIT 1   [ RunTime:0.0004s ]
NOTIC: [8] Undefined index: lvname /data/wwwroot/default/uufenxiao/Application/Runtime/Cache/Home/2a94b8bda04ff446dcedd42276fc99ee.php 第 158 行.
INFO: Run Behavior\ParseTemplateBehavior [ RunTime:0.011289s ]
INFO: [ view_parse ] --END-- [ RunTime:0.011362s ]
INFO: [ view_filter ] --START--
INFO: Run Behavior\WriteHtmlCacheBehavior [ RunTime:0.000080s ]
INFO: [ view_filter ] --END-- [ RunTime:0.000144s ]
INFO: [ app_end ] --START--
INFO: Run Behavior\ShowPageTraceBehavior [ RunTime:0.000049s ]
INFO: [ app_end ] --END-- [ RunTime:0.000095s ]

[ 2016-11-22T17:39:46+08:00 ] 124.202.207.110 /uufenxiao/index.php?m=Home&c=Member&a=conm_re
INFO: [ app_init ] --START--
INFO: Run Behavior\BuildLiteBehavior [ RunTime:0.000022s ]
INFO: [ app_init ] --END-- [ RunTime:0.000121s ]
INFO: [ app_begin ] --START--
INFO: Run Behavior\ReadHtmlCacheBehavior [ RunTime:0.000077s ]
INFO: [ app_begin ] --END-- [ RunTime:0.000166s ]
NOTIC: [8] Undefined index: re_submit /data/wwwroot/default/uufenxiao/Application/Home/Controller/MemberController.class.php 第 112 行.
INFO: [ view_parse ] --START--
INFO: [ template_filter ] --START--
INFO: Run Behavior\ContentReplaceBehavior [ RunTime:0.000123s ]
INFO: [ template_filter ] --END-- [ RunTime:0.000184s ]
SQL: SHOW COLUMNS FROM `think_member` [ RunTime:0.0021s ]
SQL: SHOW COLUMNS FROM `think_store` [ RunTime:0.0006s ]
SQL: SELECT S.*,M.username,M.nickname FROM think_store S INNER JOIN think_member M on S.user_id=M.id  WHERE ( M.id=114 ) LIMIT 1   [ RunTime:0.0001s ]
INFO: Run Behavior\ParseTemplateBehavior [ RunTime:0.015035s ]
INFO: [ view_parse ] --END-- [ RunTime:0.015113s ]
INFO: [ view_filter ] --START--
INFO: Run Behavior\WriteHtmlCacheBehavior [ RunTime:0.000104s ]
INFO: [ view_filter ] --END-- [ RunTime:0.000180s ]
INFO: [ app_end ] --START--
INFO: Run Behavior\ShowPageTraceBehavior [ RunTime:0.000066s ]
INFO: [ app_end ] --END-- [ RunTime:0.000117s ]

[ 2016-11-22T17:39:59+08:00 ] 124.202.207.110 /uufenxiao/index.php?m=Home&c=Index&a=login
INFO: [ app_init ] --START--
INFO: Run Behavior\BuildLiteBehavior [ RunTime:0.000015s ]
INFO: [ app_init ] --END-- [ RunTime:0.000080s ]
INFO: [ app_begin ] --START--
INFO: Run Behavior\ReadHtmlCacheBehavior [ RunTime:0.000044s ]
INFO: [ app_begin ] --END-- [ RunTime:0.000091s ]
NOTIC: [8] Undefined index: submit /data/wwwroot/default/uufenxiao/Application/Home/Controller/IndexController.class.php 第 54 行.
INFO: [ view_parse ] --START--
INFO: [ template_filter ] --START--
INFO: Run Behavior\ContentReplaceBehavior [ RunTime:0.000052s ]
INFO: [ template_filter ] --END-- [ RunTime:0.000111s ]
INFO: Run Behavior\ParseTemplateBehavior [ RunTime:0.003582s ]
INFO: [ view_parse ] --END-- [ RunTime:0.003638s ]
INFO: [ view_filter ] --START--
INFO: Run Behavior\WriteHtmlCacheBehavior [ RunTime:0.000044s ]
INFO: [ view_filter ] --END-- [ RunTime:0.000081s ]
INFO: [ app_end ] --START--
INFO: Run Behavior\ShowPageTraceBehavior [ RunTime:0.000041s ]
INFO: [ app_end ] --END-- [ RunTime:0.000080s ]

[ 2016-11-22T17:40:02+08:00 ] 124.202.207.110 /uufenxiao/index.php?m=Home&c=Index&a=login
INFO: [ app_init ] --START--
INFO: Run Behavior\BuildLiteBehavior [ RunTime:0.000015s ]
INFO: [ app_init ] --END-- [ RunTime:0.000079s ]
INFO: [ app_begin ] --START--
INFO: Run Behavior\ReadHtmlCacheBehavior [ RunTime:0.000038s ]
INFO: [ app_begin ] --END-- [ RunTime:0.000086s ]
SQL: SHOW COLUMNS FROM `think_member` [ RunTime:0.0019s ]
SQL: SELECT COUNT(*) AS tp_count FROM `think_member` WHERE ( nickname= '000' AND password1= 'c4ca4238a0b923820dcc509a6f75849b' and ispay=1 ) LIMIT 1   [ RunTime:0.0001s ]
SQL: SELECT COUNT(*) AS tp_count FROM `think_member` WHERE ( nickname= '000' AND password1= 'c4ca4238a0b923820dcc509a6f75849b' and ispay=1 and islock=0 ) LIMIT 1   [ RunTime:0.0001s ]
SQL: SELECT * FROM `think_member` WHERE ( nickname='000' ) LIMIT 1   [ RunTime:0.0003s ]
INFO: [ view_parse ] --START--
INFO: [ template_filter ] --START--
INFO: Run Behavior\ContentReplaceBehavior [ RunTime:0.000044s ]
INFO: [ template_filter ] --END-- [ RunTime:0.000107s ]
INFO: Run Behavior\ParseTemplateBehavior [ RunTime:0.002187s ]
INFO: [ view_parse ] --END-- [ RunTime:0.002245s ]
INFO: [ view_filter ] --START--
INFO: Run Behavior\WriteHtmlCacheBehavior [ RunTime:0.000040s ]
INFO: [ view_filter ] --END-- [ RunTime:0.000077s ]
INFO: [ app_end ] --START--
INFO: Run Behavior\ShowPageTraceBehavior [ RunTime:0.000039s ]
INFO: [ app_end ] --END-- [ RunTime:0.000077s ]

[ 2016-11-22T17:40:03+08:00 ] 124.202.207.110 /uufenxiao/index.php?m=Home&c=Index&a=index
INFO: [ app_init ] --START--
INFO: Run Behavior\BuildLiteBehavior [ RunTime:0.000016s ]
INFO: [ app_init ] --END-- [ RunTime:0.000077s ]
INFO: [ app_begin ] --START--
INFO: Run Behavior\ReadHtmlCacheBehavior [ RunTime:0.000042s ]
INFO: [ app_begin ] --END-- [ RunTime:0.000086s ]
SQL: SHOW COLUMNS FROM `think_travel_order` [ RunTime:0.0008s ]
SQL: SELECT * FROM `think_travel_order` WHERE ( user_id=1 and reback=1 and pay_status=0 ) LIMIT 1   [ RunTime:0.0001s ]
SQL: SHOW COLUMNS FROM `think_member` [ RunTime:0.0015s ]
SQL: SELECT * FROM `think_member` WHERE `id` = 1 LIMIT 1   [ RunTime:0.0003s ]
SQL: SHOW COLUMNS FROM `think_ulevelup` [ RunTime:0.0004s ]
SQL: SELECT * FROM `think_ulevelup` WHERE (  userid= '1'   ) ORDER BY uid desc LIMIT 1   [ RunTime:0.0001s ]
SQL: SHOW COLUMNS FROM `think_member` [ RunTime:0.0015s ]
SQL: SELECT * FROM `think_member` WHERE ( id='0' ) LIMIT 1   [ RunTime:0.0002s ]
SQL: SELECT COUNT(*) AS tp_count FROM `think_ulevelup` WHERE (  userid= '1'   ) LIMIT 1   [ RunTime:0.0001s ]
SQL: SELECT * FROM `think_ulevelup` INNER JOIN think_ulevel ON think_ulevelup.tolevel = think_ulevel.ulevel  WHERE (  userid= '1'   ) ORDER BY think_ulevelup.uid desc  [ RunTime:0.0001s ]
SQL: SELECT * FROM `think_member` WHERE `id` = 1 LIMIT 1   [ RunTime:0.0002s ]
INFO: [ view_parse ] --START--
INFO: [ template_filter ] --START--
INFO: Run Behavior\ContentReplaceBehavior [ RunTime:0.000101s ]
INFO: [ template_filter ] --END-- [ RunTime:0.000159s ]
SQL: SHOW COLUMNS FROM `think_store` [ RunTime:0.0007s ]
SQL: SELECT S.*,M.username,M.nickname FROM think_store S INNER JOIN think_member M on S.user_id=M.id  WHERE ( M.id=1 ) LIMIT 1   [ RunTime:0.0001s ]
NOTIC: [8] Undefined index: lvname /data/wwwroot/default/uufenxiao/Application/Runtime/Cache/Home/2a94b8bda04ff446dcedd42276fc99ee.php 第 158 行.
INFO: Run Behavior\ParseTemplateBehavior [ RunTime:0.010389s ]
INFO: [ view_parse ] --END-- [ RunTime:0.010441s ]
INFO: [ view_filter ] --START--
INFO: Run Behavior\WriteHtmlCacheBehavior [ RunTime:0.000046s ]
INFO: [ view_filter ] --END-- [ RunTime:0.000084s ]
INFO: [ app_end ] --START--
INFO: Run Behavior\ShowPageTraceBehavior [ RunTime:0.000048s ]
INFO: [ app_end ] --END-- [ RunTime:0.000111s ]

[ 2016-11-22T17:40:07+08:00 ] 124.202.207.110 /uufenxiao/index.php?m=Home&c=Travel&a=travel_list
INFO: [ app_init ] --START--
INFO: Run Behavior\BuildLiteBehavior [ RunTime:0.000015s ]
INFO: [ app_init ] --END-- [ RunTime:0.000081s ]
INFO: [ app_begin ] --START--
INFO: Run Behavior\ReadHtmlCacheBehavior [ RunTime:0.000072s ]
INFO: [ app_begin ] --END-- [ RunTime:0.000141s ]
SQL: SHOW COLUMNS FROM `think_travel` [ RunTime:0.0009s ]
SQL: SELECT * FROM `think_travel`  [ RunTime:0.0002s ]
INFO: [ view_parse ] --START--
INFO: [ template_filter ] --START--
INFO: Run Behavior\ContentReplaceBehavior [ RunTime:0.000102s ]
INFO: [ template_filter ] --END-- [ RunTime:0.000193s ]
SQL: SHOW COLUMNS FROM `think_member` [ RunTime:0.0020s ]
SQL: SHOW COLUMNS FROM `think_store` [ RunTime:0.0006s ]
SQL: SELECT S.*,M.username,M.nickname FROM think_store S INNER JOIN think_member M on S.user_id=M.id  WHERE ( M.id=1 ) LIMIT 1   [ RunTime:0.0001s ]
INFO: Run Behavior\ParseTemplateBehavior [ RunTime:0.014252s ]
INFO: [ view_parse ] --END-- [ RunTime:0.014304s ]
INFO: [ view_filter ] --START--
INFO: Run Behavior\WriteHtmlCacheBehavior [ RunTime:0.000062s ]
INFO: [ view_filter ] --END-- [ RunTime:0.000099s ]
INFO: [ app_end ] --START--
INFO: Run Behavior\ShowPageTraceBehavior [ RunTime:0.000044s ]
INFO: [ app_end ] --END-- [ RunTime:0.000083s ]

[ 2016-11-22T17:40:09+08:00 ] 124.202.207.110 /uufenxiao/index.php?m=Home&c=Travel&a=travel_info&id=4
INFO: [ app_init ] --START--
INFO: Run Behavior\BuildLiteBehavior [ RunTime:0.000015s ]
INFO: [ app_init ] --END-- [ RunTime:0.000073s ]
INFO: [ app_begin ] --START--
INFO: Run Behavior\ReadHtmlCacheBehavior [ RunTime:0.000040s ]
INFO: [ app_begin ] --END-- [ RunTime:0.000092s ]
SQL: SHOW COLUMNS FROM `think_travel` [ RunTime:0.0007s ]
SQL: SELECT * FROM `think_travel` WHERE ( tr_id=4 ) LIMIT 1   [ RunTime:0.0003s ]
INFO: [ view_parse ] --START--
INFO: [ template_filter ] --START--
INFO: Run Behavior\ContentReplaceBehavior [ RunTime:0.000084s ]
INFO: [ template_filter ] --END-- [ RunTime:0.000145s ]
SQL: SHOW COLUMNS FROM `think_member` [ RunTime:0.0018s ]
SQL: SHOW COLUMNS FROM `think_store` [ RunTime:0.0005s ]
SQL: SELECT S.*,M.username,M.nickname FROM think_store S INNER JOIN think_member M on S.user_id=M.id  WHERE ( M.id=1 ) LIMIT 1   [ RunTime:0.0001s ]
INFO: Run Behavior\ParseTemplateBehavior [ RunTime:0.011493s ]
INFO: [ view_parse ] --END-- [ RunTime:0.011542s ]
INFO: [ view_filter ] --START--
INFO: Run Behavior\WriteHtmlCacheBehavior [ RunTime:0.000382s ]
INFO: [ view_filter ] --END-- [ RunTime:0.000424s ]
INFO: [ app_end ] --START--
INFO: Run Behavior\ShowPageTraceBehavior [ RunTime:0.000049s ]
INFO: [ app_end ] --END-- [ RunTime:0.000094s ]

[ 2016-11-22T17:40:13+08:00 ] 124.202.207.110 /uufenxiao/index.php?m=Home&c=Travel&a=travel_apply&tr_id=4
INFO: [ app_init ] --START--
INFO: Run Behavior\BuildLiteBehavior [ RunTime:0.000015s ]
INFO: [ app_init ] --END-- [ RunTime:0.000073s ]
INFO: [ app_begin ] --START--
INFO: Run Behavior\ReadHtmlCacheBehavior [ RunTime:0.000040s ]
INFO: [ app_begin ] --END-- [ RunTime:0.000084s ]
SQL: SHOW COLUMNS FROM `think_travel` [ RunTime:0.0007s ]
SQL: SELECT * FROM `think_travel` WHERE ( tr_id=4 ) LIMIT 1   [ RunTime:0.0001s ]
INFO: [ view_parse ] --START--
INFO: [ template_filter ] --START--
INFO: Run Behavior\ContentReplaceBehavior [ RunTime:0.000097s ]
INFO: [ template_filter ] --END-- [ RunTime:0.000155s ]
SQL: SHOW COLUMNS FROM `think_member` [ RunTime:0.0016s ]
SQL: SHOW COLUMNS FROM `think_store` [ RunTime:0.0006s ]
SQL: SELECT S.*,M.username,M.nickname FROM think_store S INNER JOIN think_member M on S.user_id=M.id  WHERE ( M.id=1 ) LIMIT 1   [ RunTime:0.0001s ]
INFO: Run Behavior\ParseTemplateBehavior [ RunTime:0.011158s ]
INFO: [ view_parse ] --END-- [ RunTime:0.011205s ]
INFO: [ view_filter ] --START--
INFO: Run Behavior\WriteHtmlCacheBehavior [ RunTime:0.000045s ]
INFO: [ view_filter ] --END-- [ RunTime:0.000084s ]
INFO: [ app_end ] --START--
INFO: Run Behavior\ShowPageTraceBehavior [ RunTime:0.000056s ]
INFO: [ app_end ] --END-- [ RunTime:0.000117s ]

[ 2016-11-22T17:41:41+08:00 ] 124.202.207.110 /uufenxiao/index.php?m=Home&c=Performc&a=uu_pc
INFO: [ app_init ] --START--
INFO: Run Behavior\BuildLiteBehavior [ RunTime:0.000014s ]
INFO: [ app_init ] --END-- [ RunTime:0.000078s ]
INFO: [ app_begin ] --START--
INFO: Run Behavior\ReadHtmlCacheBehavior [ RunTime:0.000049s ]
INFO: [ app_begin ] --END-- [ RunTime:0.000100s ]
SQL: SHOW COLUMNS FROM `think_data` [ RunTime:0.0006s ]
SQL: SELECT * FROM `think_data` WHERE `id` = 1 LIMIT 1   [ RunTime:0.0001s ]
INFO: [ view_parse ] --START--
INFO: [ template_filter ] --START--
INFO: Run Behavior\ContentReplaceBehavior [ RunTime:0.000124s ]
INFO: [ template_filter ] --END-- [ RunTime:0.000201s ]
SQL: SHOW COLUMNS FROM `think_member` [ RunTime:0.0018s ]
SQL: SHOW COLUMNS FROM `think_store` [ RunTime:0.0005s ]
SQL: SELECT S.*,M.username,M.nickname FROM think_store S INNER JOIN think_member M on S.user_id=M.id  WHERE ( M.id=1 ) LIMIT 1   [ RunTime:0.0001s ]
INFO: Run Behavior\ParseTemplateBehavior [ RunTime:0.012336s ]
INFO: [ view_parse ] --END-- [ RunTime:0.012388s ]
INFO: [ view_filter ] --START--
INFO: Run Behavior\WriteHtmlCacheBehavior [ RunTime:0.000060s ]
INFO: [ view_filter ] --END-- [ RunTime:0.000099s ]
INFO: [ app_end ] --START--
INFO: Run Behavior\ShowPageTraceBehavior [ RunTime:0.000056s ]
INFO: [ app_end ] --END-- [ RunTime:0.000104s ]

