[ 2016-11-03T09:54:32+08:00 ] ::1 /uufenxiao/
INFO: [ app_init ] --START--
INFO: Run Behavior\BuildLiteBehavior [ RunTime:0.000016s ]
INFO: [ app_init ] --END-- [ RunTime:0.001379s ]
INFO: [ app_begin ] --START--
INFO: Run Behavior\ReadHtmlCacheBehavior [ RunTime:0.000789s ]
INFO: [ app_begin ] --END-- [ RunTime:0.000843s ]
NOTIC: [8] Undefined variable: tra D:\htdocs\uufenxiao\Application\Home\Controller\IndexController.class.php 第 8 行.
SQL: SHOW COLUMNS FROM `think_member` [ RunTime:0.0100s ]
SQL: SELECT * FROM `think_member` LIMIT 1   [ RunTime:0.0009s ]
SQL: SHOW COLUMNS FROM `think_ulevelup` [ RunTime:0.0065s ]
SQL: SELECT * FROM `think_ulevelup` WHERE (  userid= '1'   ) ORDER BY uid desc LIMIT 1   [ RunTime:0.0012s ]
SQL: SHOW COLUMNS FROM `think_member` [ RunTime:0.0044s ]
SQL: SELECT * FROM `think_member` WHERE ( id='0' ) LIMIT 1   [ RunTime:0.0004s ]
SQL: SELECT COUNT(*) AS tp_count FROM `think_ulevelup` WHERE (  userid= '1'   ) LIMIT 1   [ RunTime:0.0013s ]
SQL: SELECT * FROM `think_ulevelup` INNER JOIN think_ulevel ON think_ulevelup.tolevel = think_ulevel.ulevel  WHERE (  userid= '1'   ) ORDER BY think_ulevelup.uid desc  [ RunTime:0.0019s ]

[ 2016-11-03T09:54:32+08:00 ] ::1 /uufenxiao/index.php?m=Home&c=Index&a=login
INFO: [ app_init ] --START--
INFO: Run Behavior\BuildLiteBehavior [ RunTime:0.000013s ]
INFO: [ app_init ] --END-- [ RunTime:0.000066s ]
INFO: [ app_begin ] --START--
INFO: Run Behavior\ReadHtmlCacheBehavior [ RunTime:0.000483s ]
INFO: [ app_begin ] --END-- [ RunTime:0.000538s ]
NOTIC: [8] Undefined index: submit D:\htdocs\uufenxiao\Application\Home\Controller\IndexController.class.php 第 54 行.
INFO: [ view_parse ] --START--
INFO: [ template_filter ] --START--
INFO: Run Behavior\ContentReplaceBehavior [ RunTime:0.000054s ]
INFO: [ template_filter ] --END-- [ RunTime:0.000112s ]
INFO: Run Behavior\ParseTemplateBehavior [ RunTime:0.010298s ]
INFO: [ view_parse ] --END-- [ RunTime:0.010364s ]
INFO: [ view_filter ] --START--
INFO: Run Behavior\WriteHtmlCacheBehavior [ RunTime:0.000656s ]
INFO: [ view_filter ] --END-- [ RunTime:0.000713s ]
INFO: [ app_end ] --START--
INFO: Run Behavior\ShowPageTraceBehavior [ RunTime:0.000877s ]
INFO: [ app_end ] --END-- [ RunTime:0.000934s ]

