[ 2016-11-01T15:33:30+08:00 ] ::1 /uufenxiao/
INFO: [ app_init ] --START--
INFO: Run Behavior\BuildLiteBehavior [ RunTime:0.000013s ]
INFO: [ app_init ] --END-- [ RunTime:0.000071s ]
INFO: [ app_begin ] --START--
INFO: Run Behavior\ReadHtmlCacheBehavior [ RunTime:0.002113s ]
INFO: [ app_begin ] --END-- [ RunTime:0.002299s ]
NOTIC: [8] Undefined variable: tra D:\htdocs\uufenxiao\Application\Home\Controller\IndexController.class.php 第 8 行.
SQL: SHOW COLUMNS FROM `think_member` [ RunTime:0.0150s ]
SQL: SELECT * FROM `think_member` LIMIT 1   [ RunTime:0.0029s ]
SQL: SHOW COLUMNS FROM `think_ulevelup` [ RunTime:0.0180s ]
SQL: SELECT * FROM `think_ulevelup` WHERE (  userid= '1'   ) ORDER BY uid desc LIMIT 1   [ RunTime:0.0012s ]
SQL: SHOW COLUMNS FROM `think_member` [ RunTime:0.0079s ]
SQL: SELECT * FROM `think_member` WHERE ( id='0' ) LIMIT 1   [ RunTime:0.0006s ]
SQL: SELECT COUNT(*) AS tp_count FROM `think_ulevelup` WHERE (  userid= '1'   ) LIMIT 1   [ RunTime:0.0003s ]
SQL: SELECT * FROM `think_ulevelup` INNER JOIN think_ulevel ON think_ulevelup.tolevel = think_ulevel.ulevel  WHERE (  userid= '1'   ) ORDER BY think_ulevelup.uid desc  [ RunTime:0.0027s ]

[ 2016-11-01T15:33:30+08:00 ] ::1 /uufenxiao/index.php?m=Home&c=Index&a=login
INFO: [ app_init ] --START--
INFO: Run Behavior\BuildLiteBehavior [ RunTime:0.000017s ]
INFO: [ app_init ] --END-- [ RunTime:0.000083s ]
INFO: [ app_begin ] --START--
INFO: Run Behavior\ReadHtmlCacheBehavior [ RunTime:0.000715s ]
INFO: [ app_begin ] --END-- [ RunTime:0.000814s ]
NOTIC: [8] Undefined index: submit D:\htdocs\uufenxiao\Application\Home\Controller\IndexController.class.php 第 54 行.
INFO: [ view_parse ] --START--
INFO: [ template_filter ] --START--
INFO: Run Behavior\ContentReplaceBehavior [ RunTime:0.000055s ]
INFO: [ template_filter ] --END-- [ RunTime:0.000125s ]
INFO: Run Behavior\ParseTemplateBehavior [ RunTime:0.010521s ]
INFO: [ view_parse ] --END-- [ RunTime:0.010644s ]
INFO: [ view_filter ] --START--
INFO: Run Behavior\WriteHtmlCacheBehavior [ RunTime:0.000637s ]
INFO: [ view_filter ] --END-- [ RunTime:0.000690s ]
INFO: [ app_end ] --START--
INFO: Run Behavior\ShowPageTraceBehavior [ RunTime:0.000816s ]
INFO: [ app_end ] --END-- [ RunTime:0.000864s ]

