[ 2017-01-17T09:47:03+08:00 ] 127.0.0.1 /
INFO: [ app_init ] --START--
INFO: Run Behavior\BuildLiteBehavior [ RunTime:0.000010s ]
INFO: [ app_init ] --END-- [ RunTime:0.001281s ]
INFO: [ app_begin ] --START--
INFO: Run Behavior\ReadHtmlCacheBehavior [ RunTime:0.000726s ]
INFO: [ app_begin ] --END-- [ RunTime:0.000769s ]
INFO: [ view_parse ] --START--
INFO: [ template_filter ] --START--
INFO: Run Behavior\ContentReplaceBehavior [ RunTime:0.001297s ]
INFO: [ template_filter ] --END-- [ RunTime:0.001363s ]
INFO: Run Behavior\ParseTemplateBehavior [ RunTime:0.008387s ]
INFO: [ view_parse ] --END-- [ RunTime:0.008431s ]
INFO: [ view_filter ] --START--
INFO: Run Behavior\WriteHtmlCacheBehavior [ RunTime:0.000539s ]
INFO: [ view_filter ] --END-- [ RunTime:0.000570s ]

[ 2017-01-17T09:47:06+08:00 ] 127.0.0.1 /index.php?m=Home&c=Public&a=login
INFO: [ app_init ] --START--
INFO: Run Behavior\BuildLiteBehavior [ RunTime:0.000008s ]
INFO: [ app_init ] --END-- [ RunTime:0.000039s ]
INFO: [ app_begin ] --START--
INFO: Run Behavior\ReadHtmlCacheBehavior [ RunTime:0.000367s ]
INFO: [ app_begin ] --END-- [ RunTime:0.000405s ]
NOTIC: [8] Undefined index: submit D:\htdocs\uufx\Application\Home\Controller\PublicController.class.php 第 30 行.
INFO: [ view_parse ] --START--
INFO: [ template_filter ] --START--
INFO: Run Behavior\ContentReplaceBehavior [ RunTime:0.000277s ]
INFO: [ template_filter ] --END-- [ RunTime:0.000320s ]
INFO: Run Behavior\ParseTemplateBehavior [ RunTime:0.008214s ]
INFO: [ view_parse ] --END-- [ RunTime:0.008249s ]
INFO: [ view_filter ] --START--
INFO: Run Behavior\WriteHtmlCacheBehavior [ RunTime:0.000249s ]
INFO: [ view_filter ] --END-- [ RunTime:0.000274s ]
INFO: [ app_end ] --START--
INFO: Run Behavior\ShowPageTraceBehavior [ RunTime:0.000680s ]
INFO: [ app_end ] --END-- [ RunTime:0.000709s ]

[ 2017-01-17T09:47:12+08:00 ] 127.0.0.1 /index.php?m=Home&c=Public&a=login
INFO: [ app_init ] --START--
INFO: Run Behavior\BuildLiteBehavior [ RunTime:0.000009s ]
INFO: [ app_init ] --END-- [ RunTime:0.000043s ]
INFO: [ app_begin ] --START--
INFO: Run Behavior\ReadHtmlCacheBehavior [ RunTime:0.000340s ]
INFO: [ app_begin ] --END-- [ RunTime:0.000378s ]
SQL: SHOW COLUMNS FROM `think_member` [ RunTime:0.0136s ]
SQL: SELECT COUNT(*) AS tp_count FROM `think_member` WHERE ( nickname= '000' AND password1= '96e79218965eb72c92a549dd5a330112' and ispay=1 ) LIMIT 1   [ RunTime:0.0038s ]
SQL: SELECT COUNT(*) AS tp_count FROM `think_member` WHERE ( nickname= '000' AND password1= '96e79218965eb72c92a549dd5a330112' and ispay=1 and islock=0 ) LIMIT 1   [ RunTime:0.0002s ]
SQL: SELECT * FROM `think_member` WHERE ( nickname='000' ) LIMIT 1   [ RunTime:0.0007s ]
INFO: [ view_parse ] --START--
INFO: [ template_filter ] --START--
INFO: Run Behavior\ContentReplaceBehavior [ RunTime:0.000031s ]
INFO: [ template_filter ] --END-- [ RunTime:0.000069s ]
INFO: Run Behavior\ParseTemplateBehavior [ RunTime:0.004170s ]
INFO: [ view_parse ] --END-- [ RunTime:0.004215s ]
INFO: [ view_filter ] --START--
INFO: Run Behavior\WriteHtmlCacheBehavior [ RunTime:0.000252s ]
INFO: [ view_filter ] --END-- [ RunTime:0.000278s ]
INFO: [ app_end ] --START--
INFO: Run Behavior\ShowPageTraceBehavior [ RunTime:0.000389s ]
INFO: [ app_end ] --END-- [ RunTime:0.000417s ]

[ 2017-01-17T09:47:14+08:00 ] 127.0.0.1 /index.php?m=Home&c=Index&a=index
INFO: [ app_init ] --START--
INFO: Run Behavior\BuildLiteBehavior [ RunTime:0.000014s ]
INFO: [ app_init ] --END-- [ RunTime:0.000052s ]
INFO: [ app_begin ] --START--
INFO: Run Behavior\ReadHtmlCacheBehavior [ RunTime:0.000393s ]
INFO: [ app_begin ] --END-- [ RunTime:0.000428s ]
SQL: SHOW COLUMNS FROM `think_member` [ RunTime:0.0038s ]
SQL: SELECT * FROM `think_member` WHERE `id` = 1 LIMIT 1   [ RunTime:0.0014s ]
SQL: SHOW COLUMNS FROM `think_travel_order` [ RunTime:0.0066s ]
SQL: SELECT * FROM `think_travel_order` WHERE ( user_id=1 and reback=1 and pay_status=0 ) LIMIT 1   [ RunTime:0.0008s ]
SQL: SHOW COLUMNS FROM `think_member` [ RunTime:0.0037s ]
SQL: SELECT * FROM `think_member` WHERE `id` = 1 LIMIT 1   [ RunTime:0.0004s ]
SQL: SHOW COLUMNS FROM `think_ulevelup` [ RunTime:0.0045s ]
SQL: SELECT * FROM `think_ulevelup` WHERE (  userid= '1'   ) ORDER BY uid desc LIMIT 1   [ RunTime:0.0004s ]
SQL: SELECT * FROM `think_member` WHERE ( id='0' ) LIMIT 1   [ RunTime:0.0003s ]
SQL: SELECT COUNT(*) AS tp_count FROM `think_ulevelup` WHERE (  userid= '1'   ) LIMIT 1   [ RunTime:0.0001s ]
SQL: SELECT * FROM `think_ulevelup` INNER JOIN think_ulevel ON think_ulevelup.tolevel = think_ulevel.ulevel  WHERE (  userid= '1'   ) ORDER BY think_ulevelup.uid desc  [ RunTime:0.0027s ]
INFO: [ view_parse ] --START--
INFO: [ template_filter ] --START--
INFO: Run Behavior\ContentReplaceBehavior [ RunTime:0.000094s ]
INFO: [ template_filter ] --END-- [ RunTime:0.000130s ]
SQL: SHOW COLUMNS FROM `think_store` [ RunTime:0.0071s ]
SQL: SELECT S.*,M.username,M.nickname FROM think_store S INNER JOIN think_member M on S.user_id=M.id  WHERE ( M.id=1 ) LIMIT 1   [ RunTime:0.0003s ]
NOTIC: [8] Undefined index: lvname D:\htdocs\uufx\Application\Runtime\Cache\Home\2a94b8bda04ff446dcedd42276fc99ee.php 第 166 行.
INFO: Run Behavior\ParseTemplateBehavior [ RunTime:0.016861s ]
INFO: [ view_parse ] --END-- [ RunTime:0.016891s ]
INFO: [ view_filter ] --START--
INFO: Run Behavior\WriteHtmlCacheBehavior [ RunTime:0.000366s ]
INFO: [ view_filter ] --END-- [ RunTime:0.000391s ]
INFO: [ app_end ] --START--
INFO: Run Behavior\ShowPageTraceBehavior [ RunTime:0.000537s ]
INFO: [ app_end ] --END-- [ RunTime:0.000583s ]

[ 2017-01-17T09:47:16+08:00 ] 127.0.0.1 /index.php?m=Home&c=Member&a=sys
INFO: [ app_init ] --START--
INFO: Run Behavior\BuildLiteBehavior [ RunTime:0.000008s ]
INFO: [ app_init ] --END-- [ RunTime:0.000043s ]
INFO: [ app_begin ] --START--
INFO: Run Behavior\ReadHtmlCacheBehavior [ RunTime:0.000435s ]
INFO: [ app_begin ] --END-- [ RunTime:0.000470s ]
SQL: SHOW COLUMNS FROM `think_member` [ RunTime:0.0038s ]
SQL: SELECT * FROM `think_member` WHERE `id` = 1 LIMIT 1   [ RunTime:0.0006s ]
NOTIC: [8] Undefined index: submit D:\htdocs\uufx\Application\Home\Controller\MemberController.class.php 第 20 行.
SQL: SELECT * FROM `think_member` WHERE ( id='1' ) LIMIT 1   [ RunTime:0.0003s ]
SQL: SELECT * FROM `think_member` WHERE ( reid='1' and ispay=1 ) ORDER BY id asc  [ RunTime:0.0008s ]
SQL: SELECT * FROM `think_member` WHERE ( reid='2' and ispay=1 ) ORDER BY id asc  [ RunTime:0.0005s ]
SQL: SELECT * FROM `think_member` WHERE ( reid='12' and ispay=1 ) ORDER BY id asc  [ RunTime:0.0007s ]
SQL: SELECT * FROM `think_member` WHERE ( reid='22' and ispay=1 ) ORDER BY id asc  [ RunTime:0.0004s ]
SQL: SELECT * FROM `think_member` WHERE ( reid='119' and ispay=1 ) ORDER BY id asc  [ RunTime:0.0003s ]
SQL: SELECT * FROM `think_member` WHERE ( reid='23' and ispay=1 ) ORDER BY id asc  [ RunTime:0.0004s ]
SQL: SELECT * FROM `think_member` WHERE ( reid='37' and ispay=1 ) ORDER BY id asc  [ RunTime:0.0005s ]
SQL: SELECT * FROM `think_member` WHERE ( reid='38' and ispay=1 ) ORDER BY id asc  [ RunTime:0.0010s ]
SQL: SELECT * FROM `think_member` WHERE ( reid='40' and ispay=1 ) ORDER BY id asc  [ RunTime:0.0004s ]
SQL: SELECT * FROM `think_member` WHERE ( reid='41' and ispay=1 ) ORDER BY id asc  [ RunTime:0.0006s ]
SQL: SELECT * FROM `think_member` WHERE ( reid='39' and ispay=1 ) ORDER BY id asc  [ RunTime:0.0005s ]
SQL: SELECT * FROM `think_member` WHERE ( reid='24' and ispay=1 ) ORDER BY id asc  [ RunTime:0.0004s ]
SQL: SELECT * FROM `think_member` WHERE ( reid='25' and ispay=1 ) ORDER BY id asc  [ RunTime:0.0004s ]
SQL: SELECT * FROM `think_member` WHERE ( reid='35' and ispay=1 ) ORDER BY id asc  [ RunTime:0.0004s ]
SQL: SELECT * FROM `think_member` WHERE ( reid='36' and ispay=1 ) ORDER BY id asc  [ RunTime:0.0003s ]
SQL: SELECT * FROM `think_member` WHERE ( reid='26' and ispay=1 ) ORDER BY id asc  [ RunTime:0.0003s ]
SQL: SELECT * FROM `think_member` WHERE ( reid='27' and ispay=1 ) ORDER BY id asc  [ RunTime:0.0004s ]
SQL: SELECT * FROM `think_member` WHERE ( reid='28' and ispay=1 ) ORDER BY id asc  [ RunTime:0.0003s ]
SQL: SELECT * FROM `think_member` WHERE ( reid='29' and ispay=1 ) ORDER BY id asc  [ RunTime:0.0003s ]
SQL: SELECT * FROM `think_member` WHERE ( reid='30' and ispay=1 ) ORDER BY id asc  [ RunTime:0.0004s ]
SQL: SELECT * FROM `think_member` WHERE ( reid='31' and ispay=1 ) ORDER BY id asc  [ RunTime:0.0004s ]
SQL: SELECT * FROM `think_member` WHERE ( reid='33' and ispay=1 ) ORDER BY id asc  [ RunTime:0.0004s ]
SQL: SELECT * FROM `think_member` WHERE ( reid='34' and ispay=1 ) ORDER BY id asc  [ RunTime:0.0003s ]
SQL: SELECT * FROM `think_member` WHERE ( reid='32' and ispay=1 ) ORDER BY id asc  [ RunTime:0.0003s ]
SQL: SELECT * FROM `think_member` WHERE ( reid='42' and ispay=1 ) ORDER BY id asc  [ RunTime:0.0003s ]
SQL: SELECT * FROM `think_member` WHERE ( reid='13' and ispay=1 ) ORDER BY id asc  [ RunTime:0.0004s ]
SQL: SELECT * FROM `think_member` WHERE ( reid='17' and ispay=1 ) ORDER BY id asc  [ RunTime:0.0004s ]
SQL: SELECT * FROM `think_member` WHERE ( reid='18' and ispay=1 ) ORDER BY id asc  [ RunTime:0.0004s ]
SQL: SELECT * FROM `think_member` WHERE ( reid='14' and ispay=1 ) ORDER BY id asc  [ RunTime:0.0004s ]
SQL: SELECT * FROM `think_member` WHERE ( reid='19' and ispay=1 ) ORDER BY id asc  [ RunTime:0.0004s ]
SQL: SELECT * FROM `think_member` WHERE ( reid='20' and ispay=1 ) ORDER BY id asc  [ RunTime:0.0003s ]
SQL: SELECT * FROM `think_member` WHERE ( reid='15' and ispay=1 ) ORDER BY id asc  [ RunTime:0.0004s ]
SQL: SELECT * FROM `think_member` WHERE ( reid='21' and ispay=1 ) ORDER BY id asc  [ RunTime:0.0004s ]
SQL: SELECT * FROM `think_member` WHERE ( reid='16' and ispay=1 ) ORDER BY id asc  [ RunTime:0.0003s ]
SQL: SELECT * FROM `think_member` WHERE ( reid='121' and ispay=1 ) ORDER BY id asc  [ RunTime:0.0003s ]
SQL: SELECT * FROM `think_member` WHERE ( reid='3' and ispay=1 ) ORDER BY id asc  [ RunTime:0.0004s ]
SQL: SELECT * FROM `think_member` WHERE ( reid='4' and ispay=1 ) ORDER BY id asc  [ RunTime:0.0003s ]
SQL: SELECT * FROM `think_member` WHERE ( reid='5' and ispay=1 ) ORDER BY id asc  [ RunTime:0.0003s ]
SQL: SELECT * FROM `think_member` WHERE ( reid='6' and ispay=1 ) ORDER BY id asc  [ RunTime:0.0005s ]
SQL: SELECT * FROM `think_member` WHERE ( reid='9' and ispay=1 ) ORDER BY id asc  [ RunTime:0.0007s ]
SQL: SELECT * FROM `think_member` WHERE ( reid='11' and ispay=1 ) ORDER BY id asc  [ RunTime:0.0004s ]
SQL: SELECT * FROM `think_member` WHERE ( reid='7' and ispay=1 ) ORDER BY id asc  [ RunTime:0.0004s ]
SQL: SELECT * FROM `think_member` WHERE ( reid='8' and ispay=1 ) ORDER BY id asc  [ RunTime:0.0004s ]
SQL: SELECT * FROM `think_member` WHERE ( reid='43' and ispay=1 ) ORDER BY id asc  [ RunTime:0.0004s ]
SQL: SELECT * FROM `think_member` WHERE ( reid='47' and ispay=1 ) ORDER BY id asc  [ RunTime:0.0006s ]
SQL: SELECT * FROM `think_member` WHERE ( reid='48' and ispay=1 ) ORDER BY id asc  [ RunTime:0.0004s ]
SQL: SELECT * FROM `think_member` WHERE ( reid='49' and ispay=1 ) ORDER BY id asc  [ RunTime:0.0003s ]
SQL: SELECT * FROM `think_member` WHERE ( reid='44' and ispay=1 ) ORDER BY id asc  [ RunTime:0.0004s ]
SQL: SELECT * FROM `think_member` WHERE ( reid='46' and ispay=1 ) ORDER BY id asc  [ RunTime:0.0004s ]
SQL: SELECT * FROM `think_member` WHERE ( reid='45' and ispay=1 ) ORDER BY id asc  [ RunTime:0.0003s ]
SQL: SELECT * FROM `think_member` WHERE ( reid='10' and ispay=1 ) ORDER BY id asc  [ RunTime:0.0003s ]
SQL: SELECT * FROM `think_member` WHERE ( reid='109' and ispay=1 ) ORDER BY id asc  [ RunTime:0.0004s ]
SQL: SELECT * FROM `think_member` WHERE ( reid='110' and ispay=1 ) ORDER BY id asc  [ RunTime:0.0004s ]
SQL: SELECT * FROM `think_member` WHERE ( reid='113' and ispay=1 ) ORDER BY id asc  [ RunTime:0.0003s ]
SQL: SELECT * FROM `think_member` WHERE ( reid='114' and ispay=1 ) ORDER BY id asc  [ RunTime:0.0003s ]
SQL: SELECT * FROM `think_member` WHERE ( reid='115' and ispay=1 ) ORDER BY id asc  [ RunTime:0.0003s ]
SQL: SELECT * FROM `think_member` WHERE ( reid='116' and ispay=1 ) ORDER BY id asc  [ RunTime:0.0003s ]
SQL: SELECT * FROM `think_member` WHERE ( reid='117' and ispay=1 ) ORDER BY id asc  [ RunTime:0.0003s ]
INFO: [ view_parse ] --START--
INFO: [ template_filter ] --START--
INFO: Run Behavior\ContentReplaceBehavior [ RunTime:0.000062s ]
INFO: [ template_filter ] --END-- [ RunTime:0.000098s ]
SQL: SHOW COLUMNS FROM `think_store` [ RunTime:0.0027s ]
SQL: SELECT S.*,M.username,M.nickname FROM think_store S INNER JOIN think_member M on S.user_id=M.id  WHERE ( M.id=1 ) LIMIT 1   [ RunTime:0.0003s ]
INFO: Run Behavior\ParseTemplateBehavior [ RunTime:0.011332s ]
INFO: [ view_parse ] --END-- [ RunTime:0.011370s ]
INFO: [ view_filter ] --START--
INFO: Run Behavior\WriteHtmlCacheBehavior [ RunTime:0.000383s ]
INFO: [ view_filter ] --END-- [ RunTime:0.000413s ]
INFO: [ app_end ] --START--
INFO: Run Behavior\ShowPageTraceBehavior [ RunTime:0.000507s ]
INFO: [ app_end ] --END-- [ RunTime:0.000549s ]

[ 2017-01-17T09:57:59+08:00 ] 127.0.0.1 /
INFO: [ app_init ] --START--
INFO: Run Behavior\BuildLiteBehavior [ RunTime:0.000010s ]
INFO: [ app_init ] --END-- [ RunTime:0.000048s ]
INFO: [ app_begin ] --START--
INFO: Run Behavior\ReadHtmlCacheBehavior [ RunTime:0.000473s ]
INFO: [ app_begin ] --END-- [ RunTime:0.000512s ]
INFO: [ view_parse ] --START--
INFO: [ template_filter ] --START--
INFO: Run Behavior\ContentReplaceBehavior [ RunTime:0.000029s ]
INFO: [ template_filter ] --END-- [ RunTime:0.000066s ]
INFO: Run Behavior\ParseTemplateBehavior [ RunTime:0.006404s ]
INFO: [ view_parse ] --END-- [ RunTime:0.006515s ]
INFO: [ view_filter ] --START--
INFO: Run Behavior\WriteHtmlCacheBehavior [ RunTime:0.000528s ]
INFO: [ view_filter ] --END-- [ RunTime:0.000599s ]

[ 2017-01-17T09:58:02+08:00 ] 127.0.0.1 /index.php?m=Home&c=Public&a=login
INFO: [ app_init ] --START--
INFO: Run Behavior\BuildLiteBehavior [ RunTime:0.000010s ]
INFO: [ app_init ] --END-- [ RunTime:0.000047s ]
INFO: [ app_begin ] --START--
INFO: Run Behavior\ReadHtmlCacheBehavior [ RunTime:0.000463s ]
INFO: [ app_begin ] --END-- [ RunTime:0.000498s ]
NOTIC: [8] Undefined index: submit D:\htdocs\uufx\Application\Home\Controller\PublicController.class.php 第 30 行.
INFO: [ view_parse ] --START--
INFO: [ template_filter ] --START--
INFO: Run Behavior\ContentReplaceBehavior [ RunTime:0.000038s ]
INFO: [ template_filter ] --END-- [ RunTime:0.000076s ]
INFO: Run Behavior\ParseTemplateBehavior [ RunTime:0.005998s ]
INFO: [ view_parse ] --END-- [ RunTime:0.006041s ]
INFO: [ view_filter ] --START--
INFO: Run Behavior\WriteHtmlCacheBehavior [ RunTime:0.000335s ]
INFO: [ view_filter ] --END-- [ RunTime:0.000363s ]
INFO: [ app_end ] --START--
INFO: Run Behavior\ShowPageTraceBehavior [ RunTime:0.000455s ]
INFO: [ app_end ] --END-- [ RunTime:0.000484s ]

[ 2017-01-17T10:34:43+08:00 ] 127.0.0.1 /
INFO: [ app_init ] --START--
INFO: Run Behavior\BuildLiteBehavior [ RunTime:0.000011s ]
INFO: [ app_init ] --END-- [ RunTime:0.000056s ]
INFO: [ app_begin ] --START--
INFO: Run Behavior\ReadHtmlCacheBehavior [ RunTime:0.000538s ]
INFO: [ app_begin ] --END-- [ RunTime:0.000594s ]
INFO: [ view_parse ] --START--
INFO: [ template_filter ] --START--
INFO: Run Behavior\ContentReplaceBehavior [ RunTime:0.000028s ]
INFO: [ template_filter ] --END-- [ RunTime:0.000067s ]
INFO: Run Behavior\ParseTemplateBehavior [ RunTime:0.006319s ]
INFO: [ view_parse ] --END-- [ RunTime:0.006366s ]
INFO: [ view_filter ] --START--
INFO: Run Behavior\WriteHtmlCacheBehavior [ RunTime:0.000404s ]
INFO: [ view_filter ] --END-- [ RunTime:0.000434s ]

[ 2017-01-17T10:34:46+08:00 ] 127.0.0.1 /index.php?m=Home&c=Public&a=login
INFO: [ app_init ] --START--
INFO: Run Behavior\BuildLiteBehavior [ RunTime:0.000009s ]
INFO: [ app_init ] --END-- [ RunTime:0.000045s ]
INFO: [ app_begin ] --START--
INFO: Run Behavior\ReadHtmlCacheBehavior [ RunTime:0.000367s ]
INFO: [ app_begin ] --END-- [ RunTime:0.000403s ]
NOTIC: [8] Undefined index: submit D:\htdocs\uufx\Application\Home\Controller\PublicController.class.php 第 30 行.
INFO: [ view_parse ] --START--
INFO: [ template_filter ] --START--
INFO: Run Behavior\ContentReplaceBehavior [ RunTime:0.000039s ]
INFO: [ template_filter ] --END-- [ RunTime:0.000073s ]
INFO: Run Behavior\ParseTemplateBehavior [ RunTime:0.005825s ]
INFO: [ view_parse ] --END-- [ RunTime:0.005884s ]
INFO: [ view_filter ] --START--
INFO: Run Behavior\WriteHtmlCacheBehavior [ RunTime:0.000405s ]
INFO: [ view_filter ] --END-- [ RunTime:0.000454s ]
INFO: [ app_end ] --START--
INFO: Run Behavior\ShowPageTraceBehavior [ RunTime:0.001318s ]
INFO: [ app_end ] --END-- [ RunTime:0.001376s ]

[ 2017-01-17T10:34:51+08:00 ] 127.0.0.1 /index.php?m=Home&c=Public&a=login
INFO: [ app_init ] --START--
INFO: Run Behavior\BuildLiteBehavior [ RunTime:0.000008s ]
INFO: [ app_init ] --END-- [ RunTime:0.000044s ]
INFO: [ app_begin ] --START--
INFO: Run Behavior\ReadHtmlCacheBehavior [ RunTime:0.000852s ]
INFO: [ app_begin ] --END-- [ RunTime:0.000963s ]
SQL: SHOW COLUMNS FROM `think_member` [ RunTime:0.0078s ]
SQL: SELECT COUNT(*) AS tp_count FROM `think_member` WHERE ( nickname= '000' AND password1= '7fa8282ad93047a4d6fe6111c93b308a' and ispay=1 ) LIMIT 1   [ RunTime:0.0004s ]
INFO: [ view_parse ] --START--
INFO: [ template_filter ] --START--
INFO: Run Behavior\ContentReplaceBehavior [ RunTime:0.000039s ]
INFO: [ template_filter ] --END-- [ RunTime:0.000093s ]
INFO: Run Behavior\ParseTemplateBehavior [ RunTime:0.007794s ]
INFO: [ view_parse ] --END-- [ RunTime:0.007855s ]
INFO: [ view_filter ] --START--
INFO: Run Behavior\WriteHtmlCacheBehavior [ RunTime:0.000274s ]
INFO: [ view_filter ] --END-- [ RunTime:0.000305s ]
INFO: [ app_end ] --START--
INFO: Run Behavior\ShowPageTraceBehavior [ RunTime:0.000530s ]
INFO: [ app_end ] --END-- [ RunTime:0.000572s ]

[ 2017-01-17T10:34:52+08:00 ] 127.0.0.1 /index.php?m=Home&c=Index&a=login
INFO: [ app_init ] --START--
INFO: Run Behavior\BuildLiteBehavior [ RunTime:0.000009s ]
INFO: [ app_init ] --END-- [ RunTime:0.000048s ]
INFO: [ app_begin ] --START--
INFO: Run Behavior\ReadHtmlCacheBehavior [ RunTime:0.000391s ]
INFO: [ app_begin ] --END-- [ RunTime:0.000427s ]
INFO: [ view_parse ] --START--
INFO: [ template_filter ] --START--
INFO: Run Behavior\ContentReplaceBehavior [ RunTime:0.000037s ]
INFO: [ template_filter ] --END-- [ RunTime:0.000092s ]
INFO: Run Behavior\ParseTemplateBehavior [ RunTime:0.007705s ]
INFO: [ view_parse ] --END-- [ RunTime:0.007749s ]
INFO: [ view_filter ] --START--
INFO: Run Behavior\WriteHtmlCacheBehavior [ RunTime:0.000227s ]
INFO: [ view_filter ] --END-- [ RunTime:0.000253s ]

[ 2017-01-17T10:34:58+08:00 ] 127.0.0.1 /index.php?m=Home&c=Public&a=login
INFO: [ app_init ] --START--
INFO: Run Behavior\BuildLiteBehavior [ RunTime:0.000011s ]
INFO: [ app_init ] --END-- [ RunTime:0.000058s ]
INFO: [ app_begin ] --START--
INFO: Run Behavior\ReadHtmlCacheBehavior [ RunTime:0.000361s ]
INFO: [ app_begin ] --END-- [ RunTime:0.000398s ]
NOTIC: [8] Undefined index: submit D:\htdocs\uufx\Application\Home\Controller\PublicController.class.php 第 30 行.
INFO: [ view_parse ] --START--
INFO: [ template_filter ] --START--
INFO: Run Behavior\ContentReplaceBehavior [ RunTime:0.000041s ]
INFO: [ template_filter ] --END-- [ RunTime:0.000084s ]
INFO: Run Behavior\ParseTemplateBehavior [ RunTime:0.008154s ]
INFO: [ view_parse ] --END-- [ RunTime:0.008212s ]
INFO: [ view_filter ] --START--
INFO: Run Behavior\WriteHtmlCacheBehavior [ RunTime:0.000286s ]
INFO: [ view_filter ] --END-- [ RunTime:0.000320s ]
INFO: [ app_end ] --START--
INFO: Run Behavior\ShowPageTraceBehavior [ RunTime:0.000479s ]
INFO: [ app_end ] --END-- [ RunTime:0.000513s ]

[ 2017-01-17T10:35:01+08:00 ] 127.0.0.1 /index.php?m=Home&c=Public&a=login
INFO: [ app_init ] --START--
INFO: Run Behavior\BuildLiteBehavior [ RunTime:0.000009s ]
INFO: [ app_init ] --END-- [ RunTime:0.000044s ]
INFO: [ app_begin ] --START--
INFO: Run Behavior\ReadHtmlCacheBehavior [ RunTime:0.000382s ]
INFO: [ app_begin ] --END-- [ RunTime:0.000419s ]
SQL: SHOW COLUMNS FROM `think_member` [ RunTime:0.0074s ]
SQL: SELECT COUNT(*) AS tp_count FROM `think_member` WHERE ( nickname= '000' AND password1= '96e79218965eb72c92a549dd5a330112' and ispay=1 ) LIMIT 1   [ RunTime:0.0003s ]
SQL: SELECT COUNT(*) AS tp_count FROM `think_member` WHERE ( nickname= '000' AND password1= '96e79218965eb72c92a549dd5a330112' and ispay=1 and islock=0 ) LIMIT 1   [ RunTime:0.0002s ]
SQL: SELECT * FROM `think_member` WHERE ( nickname='000' ) LIMIT 1   [ RunTime:0.0005s ]
INFO: [ view_parse ] --START--
INFO: [ template_filter ] --START--
INFO: Run Behavior\ContentReplaceBehavior [ RunTime:0.000031s ]
INFO: [ template_filter ] --END-- [ RunTime:0.000070s ]
INFO: Run Behavior\ParseTemplateBehavior [ RunTime:0.006411s ]
INFO: [ view_parse ] --END-- [ RunTime:0.006458s ]
INFO: [ view_filter ] --START--
INFO: Run Behavior\WriteHtmlCacheBehavior [ RunTime:0.000266s ]
INFO: [ view_filter ] --END-- [ RunTime:0.000296s ]
INFO: [ app_end ] --START--
INFO: Run Behavior\ShowPageTraceBehavior [ RunTime:0.000501s ]
INFO: [ app_end ] --END-- [ RunTime:0.000531s ]

[ 2017-01-17T10:35:02+08:00 ] 127.0.0.1 /index.php?m=Home&c=Index&a=index
INFO: [ app_init ] --START--
INFO: Run Behavior\BuildLiteBehavior [ RunTime:0.000009s ]
INFO: [ app_init ] --END-- [ RunTime:0.000046s ]
INFO: [ app_begin ] --START--
INFO: Run Behavior\ReadHtmlCacheBehavior [ RunTime:0.000406s ]
INFO: [ app_begin ] --END-- [ RunTime:0.000447s ]
SQL: SHOW COLUMNS FROM `think_member` [ RunTime:0.0063s ]
SQL: SELECT * FROM `think_member` WHERE `id` = 1 LIMIT 1   [ RunTime:0.0006s ]
SQL: SHOW COLUMNS FROM `think_travel_order` [ RunTime:0.0081s ]
SQL: SELECT * FROM `think_travel_order` WHERE ( user_id=1 and reback=1 and pay_status=0 ) LIMIT 1   [ RunTime:0.0002s ]
SQL: SHOW COLUMNS FROM `think_member` [ RunTime:0.0063s ]
SQL: SELECT * FROM `think_member` WHERE `id` = 1 LIMIT 1   [ RunTime:0.0004s ]
SQL: SHOW COLUMNS FROM `think_ulevelup` [ RunTime:0.0058s ]
SQL: SELECT * FROM `think_ulevelup` WHERE (  userid= '1'   ) ORDER BY uid desc LIMIT 1   [ RunTime:0.0003s ]
SQL: SELECT * FROM `think_member` WHERE ( id='0' ) LIMIT 1   [ RunTime:0.0003s ]
SQL: SELECT COUNT(*) AS tp_count FROM `think_ulevelup` WHERE (  userid= '1'   ) LIMIT 1   [ RunTime:0.0001s ]
SQL: SELECT * FROM `think_ulevelup` INNER JOIN think_ulevel ON think_ulevelup.tolevel = think_ulevel.ulevel  WHERE (  userid= '1'   ) ORDER BY think_ulevelup.uid desc  [ RunTime:0.0004s ]
INFO: [ view_parse ] --START--
INFO: [ template_filter ] --START--
INFO: Run Behavior\ContentReplaceBehavior [ RunTime:0.000093s ]
INFO: [ template_filter ] --END-- [ RunTime:0.000128s ]
SQL: SHOW COLUMNS FROM `think_store` [ RunTime:0.0073s ]
SQL: SELECT S.*,M.username,M.nickname FROM think_store S INNER JOIN think_member M on S.user_id=M.id  WHERE ( M.id=1 ) LIMIT 1   [ RunTime:0.0004s ]
NOTIC: [8] Undefined index: lvname D:\htdocs\uufx\Application\Runtime\Cache\Home\2a94b8bda04ff446dcedd42276fc99ee.php 第 166 行.
INFO: Run Behavior\ParseTemplateBehavior [ RunTime:0.017901s ]
INFO: [ view_parse ] --END-- [ RunTime:0.017946s ]
INFO: [ view_filter ] --START--
INFO: Run Behavior\WriteHtmlCacheBehavior [ RunTime:0.000392s ]
INFO: [ view_filter ] --END-- [ RunTime:0.000419s ]
INFO: [ app_end ] --START--
INFO: Run Behavior\ShowPageTraceBehavior [ RunTime:0.000562s ]
INFO: [ app_end ] --END-- [ RunTime:0.000600s ]

[ 2017-01-17T10:35:05+08:00 ] 127.0.0.1 /index.php?m=Home&c=Travel&a=travel_list
INFO: [ app_init ] --START--
INFO: Run Behavior\BuildLiteBehavior [ RunTime:0.000009s ]
INFO: [ app_init ] --END-- [ RunTime:0.000046s ]
INFO: [ app_begin ] --START--
INFO: Run Behavior\ReadHtmlCacheBehavior [ RunTime:0.000407s ]
INFO: [ app_begin ] --END-- [ RunTime:0.000448s ]
SQL: SHOW COLUMNS FROM `think_member` [ RunTime:0.0068s ]
SQL: SELECT * FROM `think_member` WHERE `id` = 1 LIMIT 1   [ RunTime:0.0009s ]
SQL: SHOW COLUMNS FROM `think_travel` [ RunTime:0.0055s ]
SQL: SELECT * FROM `think_travel`  [ RunTime:0.0002s ]
INFO: [ view_parse ] --START--
INFO: [ template_filter ] --START--
INFO: Run Behavior\ContentReplaceBehavior [ RunTime:0.000051s ]
INFO: [ template_filter ] --END-- [ RunTime:0.000087s ]
SQL: SHOW COLUMNS FROM `think_store` [ RunTime:0.0056s ]
SQL: SELECT S.*,M.username,M.nickname FROM think_store S INNER JOIN think_member M on S.user_id=M.id  WHERE ( M.id=1 ) LIMIT 1   [ RunTime:0.0003s ]
INFO: Run Behavior\ParseTemplateBehavior [ RunTime:0.015954s ]
INFO: [ view_parse ] --END-- [ RunTime:0.016000s ]
INFO: [ view_filter ] --START--
INFO: Run Behavior\WriteHtmlCacheBehavior [ RunTime:0.000412s ]
INFO: [ view_filter ] --END-- [ RunTime:0.000457s ]
INFO: [ app_end ] --START--
INFO: Run Behavior\ShowPageTraceBehavior [ RunTime:0.000569s ]
INFO: [ app_end ] --END-- [ RunTime:0.000607s ]

[ 2017-01-17T10:35:15+08:00 ] 127.0.0.1 /index.php?m=Home&c=Travel&a=travel_record
INFO: [ app_init ] --START--
INFO: Run Behavior\BuildLiteBehavior [ RunTime:0.000008s ]
INFO: [ app_init ] --END-- [ RunTime:0.000045s ]
INFO: [ app_begin ] --START--
INFO: Run Behavior\ReadHtmlCacheBehavior [ RunTime:0.000383s ]
INFO: [ app_begin ] --END-- [ RunTime:0.000418s ]
SQL: SHOW COLUMNS FROM `think_member` [ RunTime:0.0065s ]
SQL: SELECT * FROM `think_member` WHERE `id` = 1 LIMIT 1   [ RunTime:0.0008s ]
SQL: SHOW COLUMNS FROM `think_travel_order` [ RunTime:0.0054s ]
SQL: SELECT COUNT(*) AS tp_count FROM `think_travel_order` WHERE ( user_id=1 ) LIMIT 1   [ RunTime:0.0002s ]
SQL: SELECT T.tr_name,think_travel_order.*,FROM_UNIXTIME( `time`,'%Y-%m-%d ' ) AS t FROM `think_travel_order` INNER JOIN think_travel T on T.tr_id=think_travel_order.tr_id  WHERE ( user_id=1 ) ORDER BY id desc LIMIT 0,10   [ RunTime:0.0056s ]
INFO: [ view_parse ] --START--
INFO: [ template_filter ] --START--
INFO: Run Behavior\ContentReplaceBehavior [ RunTime:0.000062s ]
INFO: [ template_filter ] --END-- [ RunTime:0.000100s ]
SQL: SHOW COLUMNS FROM `think_store` [ RunTime:0.0055s ]
SQL: SELECT S.*,M.username,M.nickname FROM think_store S INNER JOIN think_member M on S.user_id=M.id  WHERE ( M.id=1 ) LIMIT 1   [ RunTime:0.0003s ]
INFO: Run Behavior\ParseTemplateBehavior [ RunTime:0.015851s ]
INFO: [ view_parse ] --END-- [ RunTime:0.015910s ]
INFO: [ view_filter ] --START--
INFO: Run Behavior\WriteHtmlCacheBehavior [ RunTime:0.000373s ]
INFO: [ view_filter ] --END-- [ RunTime:0.000426s ]
INFO: [ app_end ] --START--
INFO: Run Behavior\ShowPageTraceBehavior [ RunTime:0.000538s ]
INFO: [ app_end ] --END-- [ RunTime:0.000585s ]

[ 2017-01-17T10:35:16+08:00 ] 127.0.0.1 /index.php?m=Home&c=Travel&a=travel_list
INFO: [ app_init ] --START--
INFO: Run Behavior\BuildLiteBehavior [ RunTime:0.000009s ]
INFO: [ app_init ] --END-- [ RunTime:0.000046s ]
INFO: [ app_begin ] --START--
INFO: Run Behavior\ReadHtmlCacheBehavior [ RunTime:0.000367s ]
INFO: [ app_begin ] --END-- [ RunTime:0.000404s ]
SQL: SHOW COLUMNS FROM `think_member` [ RunTime:0.0063s ]
SQL: SELECT * FROM `think_member` WHERE `id` = 1 LIMIT 1   [ RunTime:0.0006s ]
SQL: SHOW COLUMNS FROM `think_travel` [ RunTime:0.0058s ]
SQL: SELECT * FROM `think_travel`  [ RunTime:0.0003s ]
INFO: [ view_parse ] --START--
INFO: [ template_filter ] --START--
INFO: Run Behavior\ContentReplaceBehavior [ RunTime:0.000053s ]
INFO: [ template_filter ] --END-- [ RunTime:0.000089s ]
SQL: SHOW COLUMNS FROM `think_store` [ RunTime:0.0052s ]
SQL: SELECT S.*,M.username,M.nickname FROM think_store S INNER JOIN think_member M on S.user_id=M.id  WHERE ( M.id=1 ) LIMIT 1   [ RunTime:0.0004s ]
INFO: Run Behavior\ParseTemplateBehavior [ RunTime:0.014336s ]
INFO: [ view_parse ] --END-- [ RunTime:0.014380s ]
INFO: [ view_filter ] --START--
INFO: Run Behavior\WriteHtmlCacheBehavior [ RunTime:0.000287s ]
INFO: [ view_filter ] --END-- [ RunTime:0.000313s ]
INFO: [ app_end ] --START--
INFO: Run Behavior\ShowPageTraceBehavior [ RunTime:0.000411s ]
INFO: [ app_end ] --END-- [ RunTime:0.000439s ]

[ 2017-01-17T10:35:17+08:00 ] 127.0.0.1 /index.php?m=Home&c=Travel&a=travel_record
INFO: [ app_init ] --START--
INFO: Run Behavior\BuildLiteBehavior [ RunTime:0.000010s ]
INFO: [ app_init ] --END-- [ RunTime:0.000046s ]
INFO: [ app_begin ] --START--
INFO: Run Behavior\ReadHtmlCacheBehavior [ RunTime:0.000370s ]
INFO: [ app_begin ] --END-- [ RunTime:0.000406s ]
SQL: SHOW COLUMNS FROM `think_member` [ RunTime:0.0068s ]
SQL: SELECT * FROM `think_member` WHERE `id` = 1 LIMIT 1   [ RunTime:0.0006s ]
SQL: SHOW COLUMNS FROM `think_travel_order` [ RunTime:0.0075s ]
SQL: SELECT COUNT(*) AS tp_count FROM `think_travel_order` WHERE ( user_id=1 ) LIMIT 1   [ RunTime:0.0002s ]
SQL: SELECT T.tr_name,think_travel_order.*,FROM_UNIXTIME( `time`,'%Y-%m-%d ' ) AS t FROM `think_travel_order` INNER JOIN think_travel T on T.tr_id=think_travel_order.tr_id  WHERE ( user_id=1 ) ORDER BY id desc LIMIT 0,10   [ RunTime:0.0060s ]
INFO: [ view_parse ] --START--
INFO: [ template_filter ] --START--
INFO: Run Behavior\ContentReplaceBehavior [ RunTime:0.000077s ]
INFO: [ template_filter ] --END-- [ RunTime:0.000127s ]
SQL: SHOW COLUMNS FROM `think_store` [ RunTime:0.0057s ]
SQL: SELECT S.*,M.username,M.nickname FROM think_store S INNER JOIN think_member M on S.user_id=M.id  WHERE ( M.id=1 ) LIMIT 1   [ RunTime:0.0003s ]
INFO: Run Behavior\ParseTemplateBehavior [ RunTime:0.016170s ]
INFO: [ view_parse ] --END-- [ RunTime:0.016201s ]
INFO: [ view_filter ] --START--
INFO: Run Behavior\WriteHtmlCacheBehavior [ RunTime:0.000293s ]
INFO: [ view_filter ] --END-- [ RunTime:0.000317s ]
INFO: [ app_end ] --START--
INFO: Run Behavior\ShowPageTraceBehavior [ RunTime:0.000512s ]
INFO: [ app_end ] --END-- [ RunTime:0.000549s ]

[ 2017-01-17T10:35:19+08:00 ] 127.0.0.1 /index.php?m=Home&c=Travel&a=travel_list
INFO: [ app_init ] --START--
INFO: Run Behavior\BuildLiteBehavior [ RunTime:0.000009s ]
INFO: [ app_init ] --END-- [ RunTime:0.000048s ]
INFO: [ app_begin ] --START--
INFO: Run Behavior\ReadHtmlCacheBehavior [ RunTime:0.000375s ]
INFO: [ app_begin ] --END-- [ RunTime:0.000416s ]
SQL: SHOW COLUMNS FROM `think_member` [ RunTime:0.0063s ]
SQL: SELECT * FROM `think_member` WHERE `id` = 1 LIMIT 1   [ RunTime:0.0006s ]
SQL: SHOW COLUMNS FROM `think_travel` [ RunTime:0.0063s ]
SQL: SELECT * FROM `think_travel`  [ RunTime:0.0002s ]
INFO: [ view_parse ] --START--
INFO: [ template_filter ] --START--
INFO: Run Behavior\ContentReplaceBehavior [ RunTime:0.000053s ]
INFO: [ template_filter ] --END-- [ RunTime:0.000087s ]
SQL: SHOW COLUMNS FROM `think_store` [ RunTime:0.0058s ]
SQL: SELECT S.*,M.username,M.nickname FROM think_store S INNER JOIN think_member M on S.user_id=M.id  WHERE ( M.id=1 ) LIMIT 1   [ RunTime:0.0003s ]
INFO: Run Behavior\ParseTemplateBehavior [ RunTime:0.014711s ]
INFO: [ view_parse ] --END-- [ RunTime:0.014741s ]
INFO: [ view_filter ] --START--
INFO: Run Behavior\WriteHtmlCacheBehavior [ RunTime:0.000377s ]
INFO: [ view_filter ] --END-- [ RunTime:0.000402s ]
INFO: [ app_end ] --START--
INFO: Run Behavior\ShowPageTraceBehavior [ RunTime:0.000477s ]
INFO: [ app_end ] --END-- [ RunTime:0.000504s ]

