[ 2017-01-10T09:38:17+08:00 ] 127.0.0.1 /
INFO: [ app_init ] --START--
INFO: Run Behavior\BuildLiteBehavior [ RunTime:0.000008s ]
INFO: [ app_init ] --END-- [ RunTime:0.000906s ]
INFO: [ app_begin ] --START--
INFO: Run Behavior\ReadHtmlCacheBehavior [ RunTime:0.001743s ]
INFO: [ app_begin ] --END-- [ RunTime:0.002047s ]
INFO: [ view_parse ] --START--
INFO: [ template_filter ] --START--
INFO: Run Behavior\ContentReplaceBehavior [ RunTime:0.000724s ]
INFO: [ template_filter ] --END-- [ RunTime:0.000775s ]
INFO: Run Behavior\ParseTemplateBehavior [ RunTime:0.009740s ]
INFO: [ view_parse ] --END-- [ RunTime:0.009848s ]
INFO: [ view_filter ] --START--
INFO: Run Behavior\WriteHtmlCacheBehavior [ RunTime:0.001130s ]
INFO: [ view_filter ] --END-- [ RunTime:0.001184s ]

[ 2017-01-10T09:38:20+08:00 ] 127.0.0.1 /index.php?m=Home&c=Public&a=login
INFO: [ app_init ] --START--
INFO: Run Behavior\BuildLiteBehavior [ RunTime:0.000014s ]
INFO: [ app_init ] --END-- [ RunTime:0.000070s ]
INFO: [ app_begin ] --START--
INFO: Run Behavior\ReadHtmlCacheBehavior [ RunTime:0.000744s ]
INFO: [ app_begin ] --END-- [ RunTime:0.000839s ]
NOTIC: [8] Undefined index: submit D:\htdocs\uufx\Application\Home\Controller\PublicController.class.php 第 30 行.
INFO: [ view_parse ] --START--
INFO: [ template_filter ] --START--
INFO: Run Behavior\ContentReplaceBehavior [ RunTime:0.000308s ]
INFO: [ template_filter ] --END-- [ RunTime:0.000357s ]
INFO: Run Behavior\ParseTemplateBehavior [ RunTime:0.007325s ]
INFO: [ view_parse ] --END-- [ RunTime:0.007364s ]
INFO: [ view_filter ] --START--
INFO: Run Behavior\WriteHtmlCacheBehavior [ RunTime:0.000331s ]
INFO: [ view_filter ] --END-- [ RunTime:0.000357s ]
INFO: [ app_end ] --START--
INFO: Run Behavior\ShowPageTraceBehavior [ RunTime:0.000685s ]
INFO: [ app_end ] --END-- [ RunTime:0.000715s ]

[ 2017-01-10T10:01:16+08:00 ] 127.0.0.1 /index.php?m=Home&c=Public&a=login
INFO: [ app_init ] --START--
INFO: Run Behavior\BuildLiteBehavior [ RunTime:0.000020s ]
INFO: [ app_init ] --END-- [ RunTime:0.000107s ]
INFO: [ app_begin ] --START--
INFO: Run Behavior\ReadHtmlCacheBehavior [ RunTime:0.000517s ]
INFO: [ app_begin ] --END-- [ RunTime:0.000582s ]
SQL: SHOW COLUMNS FROM `think_member` [ RunTime:0.0152s ]
SQL: SELECT COUNT(*) AS tp_count FROM `think_member` WHERE ( nickname= '000' AND password1= '96e79218965eb72c92a549dd5a330112' and ispay=1 ) LIMIT 1   [ RunTime:0.0038s ]
SQL: SELECT COUNT(*) AS tp_count FROM `think_member` WHERE ( nickname= '000' AND password1= '96e79218965eb72c92a549dd5a330112' and ispay=1 and islock=0 ) LIMIT 1   [ RunTime:0.0003s ]
SQL: SELECT * FROM `think_member` WHERE ( nickname='000' ) LIMIT 1   [ RunTime:0.0005s ]
INFO: [ view_parse ] --START--
INFO: [ template_filter ] --START--
INFO: Run Behavior\ContentReplaceBehavior [ RunTime:0.000033s ]
INFO: [ template_filter ] --END-- [ RunTime:0.000074s ]
INFO: Run Behavior\ParseTemplateBehavior [ RunTime:0.004928s ]
INFO: [ view_parse ] --END-- [ RunTime:0.004970s ]
INFO: [ view_filter ] --START--
INFO: Run Behavior\WriteHtmlCacheBehavior [ RunTime:0.000278s ]
INFO: [ view_filter ] --END-- [ RunTime:0.000307s ]
INFO: [ app_end ] --START--
INFO: Run Behavior\ShowPageTraceBehavior [ RunTime:0.000418s ]
INFO: [ app_end ] --END-- [ RunTime:0.000448s ]

[ 2017-01-10T10:01:17+08:00 ] 127.0.0.1 /index.php?m=Home&c=Index&a=index
INFO: [ app_init ] --START--
INFO: Run Behavior\BuildLiteBehavior [ RunTime:0.000010s ]
INFO: [ app_init ] --END-- [ RunTime:0.000055s ]
INFO: [ app_begin ] --START--
INFO: Run Behavior\ReadHtmlCacheBehavior [ RunTime:0.000416s ]
INFO: [ app_begin ] --END-- [ RunTime:0.000453s ]
SQL: SHOW COLUMNS FROM `think_member` [ RunTime:0.0047s ]
SQL: SELECT * FROM `think_member` WHERE `id` = 1 LIMIT 1   [ RunTime:0.0016s ]
SQL: SHOW COLUMNS FROM `think_travel_order` [ RunTime:0.0108s ]
SQL: SELECT * FROM `think_travel_order` WHERE ( user_id=1 and reback=1 and pay_status=0 ) LIMIT 1   [ RunTime:0.0010s ]
SQL: SHOW COLUMNS FROM `think_member` [ RunTime:0.0045s ]
SQL: SELECT * FROM `think_member` WHERE `id` = 1 LIMIT 1   [ RunTime:0.0006s ]
SQL: SHOW COLUMNS FROM `think_ulevelup` [ RunTime:0.0103s ]
SQL: SELECT * FROM `think_ulevelup` WHERE (  userid= '1'   ) ORDER BY uid desc LIMIT 1   [ RunTime:0.0005s ]
SQL: SELECT * FROM `think_member` WHERE ( id='0' ) LIMIT 1   [ RunTime:0.0004s ]
SQL: SELECT COUNT(*) AS tp_count FROM `think_ulevelup` WHERE (  userid= '1'   ) LIMIT 1   [ RunTime:0.0002s ]
SQL: SELECT * FROM `think_ulevelup` INNER JOIN think_ulevel ON think_ulevelup.tolevel = think_ulevel.ulevel  WHERE (  userid= '1'   ) ORDER BY think_ulevelup.uid desc  [ RunTime:0.0027s ]
INFO: [ view_parse ] --START--
INFO: [ template_filter ] --START--
INFO: Run Behavior\ContentReplaceBehavior [ RunTime:0.000093s ]
INFO: [ template_filter ] --END-- [ RunTime:0.000129s ]
SQL: SHOW COLUMNS FROM `think_store` [ RunTime:0.0094s ]
SQL: SELECT S.*,M.username,M.nickname FROM think_store S INNER JOIN think_member M on S.user_id=M.id  WHERE ( M.id=1 ) LIMIT 1   [ RunTime:0.0005s ]
NOTIC: [8] Undefined index: lvname D:\htdocs\uufx\Application\Runtime\Cache\Home\2a94b8bda04ff446dcedd42276fc99ee.php 第 166 行.
INFO: Run Behavior\ParseTemplateBehavior [ RunTime:0.023358s ]
INFO: [ view_parse ] --END-- [ RunTime:0.023391s ]
INFO: [ view_filter ] --START--
INFO: Run Behavior\WriteHtmlCacheBehavior [ RunTime:0.000353s ]
INFO: [ view_filter ] --END-- [ RunTime:0.000380s ]
INFO: [ app_end ] --START--
INFO: Run Behavior\ShowPageTraceBehavior [ RunTime:0.000490s ]
INFO: [ app_end ] --END-- [ RunTime:0.000530s ]

[ 2017-01-10T10:01:44+08:00 ] 127.0.0.1 /index.php?m=Home&c=Member&a=sys
INFO: [ app_init ] --START--
INFO: Run Behavior\BuildLiteBehavior [ RunTime:0.000010s ]
INFO: [ app_init ] --END-- [ RunTime:0.000052s ]
INFO: [ app_begin ] --START--
INFO: Run Behavior\ReadHtmlCacheBehavior [ RunTime:0.001654s ]
INFO: [ app_begin ] --END-- [ RunTime:0.001807s ]
SQL: SHOW COLUMNS FROM `think_member` [ RunTime:0.0077s ]
SQL: SELECT * FROM `think_member` WHERE `id` = 1 LIMIT 1   [ RunTime:0.0008s ]
NOTIC: [8] Undefined index: submit D:\htdocs\uufx\Application\Home\Controller\MemberController.class.php 第 17 行.
SQL: SELECT * FROM `think_member` WHERE ( id='1' ) LIMIT 1   [ RunTime:0.0005s ]
SQL: SELECT * FROM `think_member` WHERE ( reid='1' and ispay=1 ) ORDER BY id asc  [ RunTime:0.0013s ]
SQL: SELECT * FROM `think_member` WHERE ( reid='2' and ispay=1 ) ORDER BY id asc  [ RunTime:0.0011s ]
SQL: SELECT * FROM `think_member` WHERE ( reid='12' and ispay=1 ) ORDER BY id asc  [ RunTime:0.0010s ]
SQL: SELECT * FROM `think_member` WHERE ( reid='22' and ispay=1 ) ORDER BY id asc  [ RunTime:0.0007s ]
SQL: SELECT * FROM `think_member` WHERE ( reid='23' and ispay=1 ) ORDER BY id asc  [ RunTime:0.0006s ]
SQL: SELECT * FROM `think_member` WHERE ( reid='37' and ispay=1 ) ORDER BY id asc  [ RunTime:0.0004s ]
SQL: SELECT * FROM `think_member` WHERE ( reid='38' and ispay=1 ) ORDER BY id asc  [ RunTime:0.0005s ]
SQL: SELECT * FROM `think_member` WHERE ( reid='40' and ispay=1 ) ORDER BY id asc  [ RunTime:0.0004s ]
SQL: SELECT * FROM `think_member` WHERE ( reid='41' and ispay=1 ) ORDER BY id asc  [ RunTime:0.0003s ]
SQL: SELECT * FROM `think_member` WHERE ( reid='39' and ispay=1 ) ORDER BY id asc  [ RunTime:0.0003s ]
SQL: SELECT * FROM `think_member` WHERE ( reid='24' and ispay=1 ) ORDER BY id asc  [ RunTime:0.0004s ]
SQL: SELECT * FROM `think_member` WHERE ( reid='25' and ispay=1 ) ORDER BY id asc  [ RunTime:0.0004s ]
SQL: SELECT * FROM `think_member` WHERE ( reid='35' and ispay=1 ) ORDER BY id asc  [ RunTime:0.0007s ]
SQL: SELECT * FROM `think_member` WHERE ( reid='36' and ispay=1 ) ORDER BY id asc  [ RunTime:0.0008s ]
SQL: SELECT * FROM `think_member` WHERE ( reid='26' and ispay=1 ) ORDER BY id asc  [ RunTime:0.0004s ]
SQL: SELECT * FROM `think_member` WHERE ( reid='27' and ispay=1 ) ORDER BY id asc  [ RunTime:0.0003s ]
SQL: SELECT * FROM `think_member` WHERE ( reid='28' and ispay=1 ) ORDER BY id asc  [ RunTime:0.0004s ]
SQL: SELECT * FROM `think_member` WHERE ( reid='29' and ispay=1 ) ORDER BY id asc  [ RunTime:0.0003s ]
SQL: SELECT * FROM `think_member` WHERE ( reid='30' and ispay=1 ) ORDER BY id asc  [ RunTime:0.0003s ]
SQL: SELECT * FROM `think_member` WHERE ( reid='31' and ispay=1 ) ORDER BY id asc  [ RunTime:0.0004s ]
SQL: SELECT * FROM `think_member` WHERE ( reid='33' and ispay=1 ) ORDER BY id asc  [ RunTime:0.0004s ]
SQL: SELECT * FROM `think_member` WHERE ( reid='34' and ispay=1 ) ORDER BY id asc  [ RunTime:0.0005s ]
SQL: SELECT * FROM `think_member` WHERE ( reid='32' and ispay=1 ) ORDER BY id asc  [ RunTime:0.0004s ]
SQL: SELECT * FROM `think_member` WHERE ( reid='42' and ispay=1 ) ORDER BY id asc  [ RunTime:0.0003s ]
SQL: SELECT * FROM `think_member` WHERE ( reid='13' and ispay=1 ) ORDER BY id asc  [ RunTime:0.0004s ]
SQL: SELECT * FROM `think_member` WHERE ( reid='17' and ispay=1 ) ORDER BY id asc  [ RunTime:0.0004s ]
SQL: SELECT * FROM `think_member` WHERE ( reid='18' and ispay=1 ) ORDER BY id asc  [ RunTime:0.0003s ]
SQL: SELECT * FROM `think_member` WHERE ( reid='14' and ispay=1 ) ORDER BY id asc  [ RunTime:0.0004s ]
SQL: SELECT * FROM `think_member` WHERE ( reid='19' and ispay=1 ) ORDER BY id asc  [ RunTime:0.0003s ]
SQL: SELECT * FROM `think_member` WHERE ( reid='20' and ispay=1 ) ORDER BY id asc  [ RunTime:0.0004s ]
SQL: SELECT * FROM `think_member` WHERE ( reid='15' and ispay=1 ) ORDER BY id asc  [ RunTime:0.0004s ]
SQL: SELECT * FROM `think_member` WHERE ( reid='21' and ispay=1 ) ORDER BY id asc  [ RunTime:0.0003s ]
SQL: SELECT * FROM `think_member` WHERE ( reid='16' and ispay=1 ) ORDER BY id asc  [ RunTime:0.0004s ]
SQL: SELECT * FROM `think_member` WHERE ( reid='3' and ispay=1 ) ORDER BY id asc  [ RunTime:0.0003s ]
SQL: SELECT * FROM `think_member` WHERE ( reid='4' and ispay=1 ) ORDER BY id asc  [ RunTime:0.0003s ]
SQL: SELECT * FROM `think_member` WHERE ( reid='5' and ispay=1 ) ORDER BY id asc  [ RunTime:0.0004s ]
SQL: SELECT * FROM `think_member` WHERE ( reid='6' and ispay=1 ) ORDER BY id asc  [ RunTime:0.0004s ]
SQL: SELECT * FROM `think_member` WHERE ( reid='9' and ispay=1 ) ORDER BY id asc  [ RunTime:0.0004s ]
SQL: SELECT * FROM `think_member` WHERE ( reid='11' and ispay=1 ) ORDER BY id asc  [ RunTime:0.0003s ]
SQL: SELECT * FROM `think_member` WHERE ( reid='7' and ispay=1 ) ORDER BY id asc  [ RunTime:0.0003s ]
SQL: SELECT * FROM `think_member` WHERE ( reid='8' and ispay=1 ) ORDER BY id asc  [ RunTime:0.0004s ]
SQL: SELECT * FROM `think_member` WHERE ( reid='43' and ispay=1 ) ORDER BY id asc  [ RunTime:0.0004s ]
SQL: SELECT * FROM `think_member` WHERE ( reid='47' and ispay=1 ) ORDER BY id asc  [ RunTime:0.0005s ]
SQL: SELECT * FROM `think_member` WHERE ( reid='48' and ispay=1 ) ORDER BY id asc  [ RunTime:0.0003s ]
SQL: SELECT * FROM `think_member` WHERE ( reid='49' and ispay=1 ) ORDER BY id asc  [ RunTime:0.0006s ]
SQL: SELECT * FROM `think_member` WHERE ( reid='44' and ispay=1 ) ORDER BY id asc  [ RunTime:0.0010s ]
SQL: SELECT * FROM `think_member` WHERE ( reid='46' and ispay=1 ) ORDER BY id asc  [ RunTime:0.0005s ]
SQL: SELECT * FROM `think_member` WHERE ( reid='45' and ispay=1 ) ORDER BY id asc  [ RunTime:0.0003s ]
SQL: SELECT * FROM `think_member` WHERE ( reid='10' and ispay=1 ) ORDER BY id asc  [ RunTime:0.0004s ]
SQL: SELECT * FROM `think_member` WHERE ( reid='109' and ispay=1 ) ORDER BY id asc  [ RunTime:0.0003s ]
SQL: SELECT * FROM `think_member` WHERE ( reid='110' and ispay=1 ) ORDER BY id asc  [ RunTime:0.0003s ]
SQL: SELECT * FROM `think_member` WHERE ( reid='113' and ispay=1 ) ORDER BY id asc  [ RunTime:0.0005s ]
SQL: SELECT * FROM `think_member` WHERE ( reid='114' and ispay=1 ) ORDER BY id asc  [ RunTime:0.0004s ]
SQL: SELECT * FROM `think_member` WHERE ( reid='115' and ispay=1 ) ORDER BY id asc  [ RunTime:0.0003s ]
SQL: SELECT * FROM `think_member` WHERE ( reid='116' and ispay=1 ) ORDER BY id asc  [ RunTime:0.0004s ]
SQL: SELECT * FROM `think_member` WHERE ( reid='117' and ispay=1 ) ORDER BY id asc  [ RunTime:0.0003s ]
SQL: SELECT * FROM `think_member` WHERE ( reid='118' and ispay=1 ) ORDER BY id asc  [ RunTime:0.0003s ]
INFO: [ view_parse ] --START--
INFO: [ template_filter ] --START--
INFO: Run Behavior\ContentReplaceBehavior [ RunTime:0.000061s ]
INFO: [ template_filter ] --END-- [ RunTime:0.000097s ]
SQL: SHOW COLUMNS FROM `think_store` [ RunTime:0.0044s ]
SQL: SELECT S.*,M.username,M.nickname FROM think_store S INNER JOIN think_member M on S.user_id=M.id  WHERE ( M.id=1 ) LIMIT 1   [ RunTime:0.0004s ]
INFO: Run Behavior\ParseTemplateBehavior [ RunTime:0.012332s ]
INFO: [ view_parse ] --END-- [ RunTime:0.012370s ]
INFO: [ view_filter ] --START--
INFO: Run Behavior\WriteHtmlCacheBehavior [ RunTime:0.000512s ]
INFO: [ view_filter ] --END-- [ RunTime:0.000561s ]
INFO: [ app_end ] --START--
INFO: Run Behavior\ShowPageTraceBehavior [ RunTime:0.000590s ]
INFO: [ app_end ] --END-- [ RunTime:0.000643s ]

[ 2017-01-10T10:02:17+08:00 ] 127.0.0.1 /
INFO: [ app_init ] --START--
INFO: Run Behavior\BuildLiteBehavior [ RunTime:0.000011s ]
INFO: [ app_init ] --END-- [ RunTime:0.000051s ]
INFO: [ app_begin ] --START--
INFO: Run Behavior\ReadHtmlCacheBehavior [ RunTime:0.000403s ]
INFO: [ app_begin ] --END-- [ RunTime:0.000459s ]
SQL: SHOW COLUMNS FROM `think_member` [ RunTime:0.0047s ]
SQL: SELECT * FROM `think_member` WHERE `id` = 1 LIMIT 1   [ RunTime:0.0016s ]
SQL: SHOW COLUMNS FROM `think_travel_order` [ RunTime:0.0064s ]
SQL: SELECT * FROM `think_travel_order` WHERE ( user_id=1 and reback=1 and pay_status=0 ) LIMIT 1   [ RunTime:0.0004s ]
SQL: SHOW COLUMNS FROM `think_member` [ RunTime:0.0057s ]
SQL: SELECT * FROM `think_member` WHERE `id` = 1 LIMIT 1   [ RunTime:0.0006s ]
SQL: SHOW COLUMNS FROM `think_ulevelup` [ RunTime:0.0050s ]
SQL: SELECT * FROM `think_ulevelup` WHERE (  userid= '1'   ) ORDER BY uid desc LIMIT 1   [ RunTime:0.0003s ]
SQL: SELECT * FROM `think_member` WHERE ( id='0' ) LIMIT 1   [ RunTime:0.0003s ]
SQL: SELECT COUNT(*) AS tp_count FROM `think_ulevelup` WHERE (  userid= '1'   ) LIMIT 1   [ RunTime:0.0001s ]
SQL: SELECT * FROM `think_ulevelup` INNER JOIN think_ulevel ON think_ulevelup.tolevel = think_ulevel.ulevel  WHERE (  userid= '1'   ) ORDER BY think_ulevelup.uid desc  [ RunTime:0.0004s ]
INFO: [ view_parse ] --START--
INFO: [ template_filter ] --START--
INFO: Run Behavior\ContentReplaceBehavior [ RunTime:0.000091s ]
INFO: [ template_filter ] --END-- [ RunTime:0.000126s ]
SQL: SHOW COLUMNS FROM `think_store` [ RunTime:0.0047s ]
SQL: SELECT S.*,M.username,M.nickname FROM think_store S INNER JOIN think_member M on S.user_id=M.id  WHERE ( M.id=1 ) LIMIT 1   [ RunTime:0.0003s ]
NOTIC: [8] Undefined index: lvname D:\htdocs\uufx\Application\Runtime\Cache\Home\2a94b8bda04ff446dcedd42276fc99ee.php 第 166 行.
INFO: Run Behavior\ParseTemplateBehavior [ RunTime:0.014385s ]
INFO: [ view_parse ] --END-- [ RunTime:0.014416s ]
INFO: [ view_filter ] --START--
INFO: Run Behavior\WriteHtmlCacheBehavior [ RunTime:0.000372s ]
INFO: [ view_filter ] --END-- [ RunTime:0.000402s ]
INFO: [ app_end ] --START--
INFO: Run Behavior\ShowPageTraceBehavior [ RunTime:0.000483s ]
INFO: [ app_end ] --END-- [ RunTime:0.000523s ]

[ 2017-01-10T10:02:20+08:00 ] 127.0.0.1 /index.php?m=Home&c=Public&a=login
INFO: [ app_init ] --START--
INFO: Run Behavior\BuildLiteBehavior [ RunTime:0.000008s ]
INFO: [ app_init ] --END-- [ RunTime:0.000042s ]
INFO: [ app_begin ] --START--
INFO: Run Behavior\ReadHtmlCacheBehavior [ RunTime:0.000389s ]
INFO: [ app_begin ] --END-- [ RunTime:0.000437s ]
NOTIC: [8] Undefined index: submit D:\htdocs\uufx\Application\Home\Controller\PublicController.class.php 第 30 行.
INFO: [ view_parse ] --START--
INFO: [ template_filter ] --START--
INFO: Run Behavior\ContentReplaceBehavior [ RunTime:0.000039s ]
INFO: [ template_filter ] --END-- [ RunTime:0.000078s ]
INFO: Run Behavior\ParseTemplateBehavior [ RunTime:0.005189s ]
INFO: [ view_parse ] --END-- [ RunTime:0.005225s ]
INFO: [ view_filter ] --START--
INFO: Run Behavior\WriteHtmlCacheBehavior [ RunTime:0.000263s ]
INFO: [ view_filter ] --END-- [ RunTime:0.000288s ]
INFO: [ app_end ] --START--
INFO: Run Behavior\ShowPageTraceBehavior [ RunTime:0.000401s ]
INFO: [ app_end ] --END-- [ RunTime:0.000430s ]

[ 2017-01-10T10:02:26+08:00 ] 127.0.0.1 /index.php?m=Home&c=Public&a=login
INFO: [ app_init ] --START--
INFO: Run Behavior\BuildLiteBehavior [ RunTime:0.000022s ]
INFO: [ app_init ] --END-- [ RunTime:0.000096s ]
INFO: [ app_begin ] --START--
INFO: Run Behavior\ReadHtmlCacheBehavior [ RunTime:0.000978s ]
INFO: [ app_begin ] --END-- [ RunTime:0.001106s ]
SQL: SHOW COLUMNS FROM `think_member` [ RunTime:0.0049s ]
SQL: SELECT COUNT(*) AS tp_count FROM `think_member` WHERE ( nickname= '021' AND password1= '96e79218965eb72c92a549dd5a330112' and ispay=1 ) LIMIT 1   [ RunTime:0.0006s ]
SQL: SELECT COUNT(*) AS tp_count FROM `think_member` WHERE ( nickname= '021' AND password1= '96e79218965eb72c92a549dd5a330112' and ispay=1 and islock=0 ) LIMIT 1   [ RunTime:0.0009s ]
SQL: SELECT * FROM `think_member` WHERE ( nickname='021' ) LIMIT 1   [ RunTime:0.0017s ]
INFO: [ view_parse ] --START--
INFO: [ template_filter ] --START--
INFO: Run Behavior\ContentReplaceBehavior [ RunTime:0.000030s ]
INFO: [ template_filter ] --END-- [ RunTime:0.000067s ]
INFO: Run Behavior\ParseTemplateBehavior [ RunTime:0.004447s ]
INFO: [ view_parse ] --END-- [ RunTime:0.004489s ]
INFO: [ view_filter ] --START--
INFO: Run Behavior\WriteHtmlCacheBehavior [ RunTime:0.000218s ]
INFO: [ view_filter ] --END-- [ RunTime:0.000244s ]
INFO: [ app_end ] --START--
INFO: Run Behavior\ShowPageTraceBehavior [ RunTime:0.000361s ]
INFO: [ app_end ] --END-- [ RunTime:0.000423s ]

[ 2017-01-10T10:02:27+08:00 ] 127.0.0.1 /index.php?m=Home&c=Index&a=index
INFO: [ app_init ] --START--
INFO: Run Behavior\BuildLiteBehavior [ RunTime:0.000013s ]
INFO: [ app_init ] --END-- [ RunTime:0.000078s ]
INFO: [ app_begin ] --START--
INFO: Run Behavior\ReadHtmlCacheBehavior [ RunTime:0.001135s ]
INFO: [ app_begin ] --END-- [ RunTime:0.001262s ]
SQL: SHOW COLUMNS FROM `think_member` [ RunTime:0.0047s ]
SQL: SELECT * FROM `think_member` WHERE `id` = 22 LIMIT 1   [ RunTime:0.0016s ]
SQL: SHOW COLUMNS FROM `think_travel_order` [ RunTime:0.0054s ]
SQL: SELECT * FROM `think_travel_order` WHERE ( user_id=22 and reback=1 and pay_status=0 ) LIMIT 1   [ RunTime:0.0003s ]
SQL: SHOW COLUMNS FROM `think_member` [ RunTime:0.0043s ]
SQL: SELECT * FROM `think_member` WHERE `id` = 22 LIMIT 1   [ RunTime:0.0004s ]
SQL: SHOW COLUMNS FROM `think_ulevelup` [ RunTime:0.0066s ]
SQL: SELECT * FROM `think_ulevelup` WHERE (  userid= '22'   ) ORDER BY uid desc LIMIT 1   [ RunTime:0.0003s ]
SQL: SELECT * FROM `think_member` WHERE ( id='12' ) LIMIT 1   [ RunTime:0.0004s ]
SQL: SELECT COUNT(*) AS tp_count FROM `think_ulevelup` WHERE (  userid= '22'   ) LIMIT 1   [ RunTime:0.0002s ]
SQL: SELECT * FROM `think_ulevelup` INNER JOIN think_ulevel ON think_ulevelup.tolevel = think_ulevel.ulevel  WHERE (  userid= '22'   ) ORDER BY think_ulevelup.uid desc  [ RunTime:0.0008s ]
INFO: [ view_parse ] --START--
INFO: [ template_filter ] --START--
INFO: Run Behavior\ContentReplaceBehavior [ RunTime:0.000092s ]
INFO: [ template_filter ] --END-- [ RunTime:0.000127s ]
SQL: SHOW COLUMNS FROM `think_store` [ RunTime:0.0080s ]
SQL: SELECT S.*,M.username,M.nickname FROM think_store S INNER JOIN think_member M on S.user_id=M.id  WHERE ( M.id=22 ) LIMIT 1   [ RunTime:0.0004s ]
NOTIC: [8] Undefined index: lvname D:\htdocs\uufx\Application\Runtime\Cache\Home\2a94b8bda04ff446dcedd42276fc99ee.php 第 166 行.
INFO: Run Behavior\ParseTemplateBehavior [ RunTime:0.017554s ]
INFO: [ view_parse ] --END-- [ RunTime:0.017610s ]
INFO: [ view_filter ] --START--
INFO: Run Behavior\WriteHtmlCacheBehavior [ RunTime:0.000473s ]
INFO: [ view_filter ] --END-- [ RunTime:0.000513s ]
INFO: [ app_end ] --START--
INFO: Run Behavior\ShowPageTraceBehavior [ RunTime:0.000518s ]
INFO: [ app_end ] --END-- [ RunTime:0.000577s ]

[ 2017-01-10T10:02:30+08:00 ] 127.0.0.1 /index.php?m=Home&c=Member&a=sys
INFO: [ app_init ] --START--
INFO: Run Behavior\BuildLiteBehavior [ RunTime:0.000008s ]
INFO: [ app_init ] --END-- [ RunTime:0.000044s ]
INFO: [ app_begin ] --START--
INFO: Run Behavior\ReadHtmlCacheBehavior [ RunTime:0.000422s ]
INFO: [ app_begin ] --END-- [ RunTime:0.000459s ]
SQL: SHOW COLUMNS FROM `think_member` [ RunTime:0.0044s ]
SQL: SELECT * FROM `think_member` WHERE `id` = 22 LIMIT 1   [ RunTime:0.0006s ]
NOTIC: [8] Undefined index: submit D:\htdocs\uufx\Application\Home\Controller\MemberController.class.php 第 17 行.
SQL: SELECT * FROM `think_member` WHERE ( id='22' ) LIMIT 1   [ RunTime:0.0003s ]
SQL: SELECT * FROM `think_member` WHERE ( reid='22' and ispay=1 ) ORDER BY id asc  [ RunTime:0.0004s ]
INFO: [ view_parse ] --START--
INFO: [ template_filter ] --START--
INFO: Run Behavior\ContentReplaceBehavior [ RunTime:0.000064s ]
INFO: [ template_filter ] --END-- [ RunTime:0.000100s ]
SQL: SHOW COLUMNS FROM `think_store` [ RunTime:0.0036s ]
SQL: SELECT S.*,M.username,M.nickname FROM think_store S INNER JOIN think_member M on S.user_id=M.id  WHERE ( M.id=22 ) LIMIT 1   [ RunTime:0.0003s ]
INFO: Run Behavior\ParseTemplateBehavior [ RunTime:0.011951s ]
INFO: [ view_parse ] --END-- [ RunTime:0.011981s ]
INFO: [ view_filter ] --START--
INFO: Run Behavior\WriteHtmlCacheBehavior [ RunTime:0.000446s ]
INFO: [ view_filter ] --END-- [ RunTime:0.000473s ]
INFO: [ app_end ] --START--
INFO: Run Behavior\ShowPageTraceBehavior [ RunTime:0.000471s ]
INFO: [ app_end ] --END-- [ RunTime:0.000510s ]

[ 2017-01-10T10:02:33+08:00 ] 127.0.0.1 /index.php?m=Home&c=Member&a=conm_re
INFO: [ app_init ] --START--
INFO: Run Behavior\BuildLiteBehavior [ RunTime:0.000010s ]
INFO: [ app_init ] --END-- [ RunTime:0.000046s ]
INFO: [ app_begin ] --START--
INFO: Run Behavior\ReadHtmlCacheBehavior [ RunTime:0.000390s ]
INFO: [ app_begin ] --END-- [ RunTime:0.000437s ]
SQL: SHOW COLUMNS FROM `think_member` [ RunTime:0.0047s ]
SQL: SELECT * FROM `think_member` WHERE `id` = 22 LIMIT 1   [ RunTime:0.0006s ]
NOTIC: [8] Undefined index: re_submit D:\htdocs\uufx\Application\Home\Controller\MemberController.class.php 第 114 行.
INFO: [ view_parse ] --START--
INFO: [ template_filter ] --START--
INFO: Run Behavior\ContentReplaceBehavior [ RunTime:0.000114s ]
INFO: [ template_filter ] --END-- [ RunTime:0.000155s ]
SQL: SHOW COLUMNS FROM `think_store` [ RunTime:0.0036s ]
SQL: SELECT S.*,M.username,M.nickname FROM think_store S INNER JOIN think_member M on S.user_id=M.id  WHERE ( M.id=22 ) LIMIT 1   [ RunTime:0.0003s ]
INFO: Run Behavior\ParseTemplateBehavior [ RunTime:0.013487s ]
INFO: [ view_parse ] --END-- [ RunTime:0.013531s ]
INFO: [ view_filter ] --START--
INFO: Run Behavior\WriteHtmlCacheBehavior [ RunTime:0.000323s ]
INFO: [ view_filter ] --END-- [ RunTime:0.000355s ]
INFO: [ app_end ] --START--
INFO: Run Behavior\ShowPageTraceBehavior [ RunTime:0.000434s ]
INFO: [ app_end ] --END-- [ RunTime:0.000472s ]

[ 2017-01-10T10:07:47+08:00 ] 127.0.0.1 /index.php?m=Home&c=Member&a=conm_re
INFO: [ app_init ] --START--
INFO: Run Behavior\BuildLiteBehavior [ RunTime:0.000007s ]
INFO: [ app_init ] --END-- [ RunTime:0.000044s ]
INFO: [ app_begin ] --START--
INFO: Run Behavior\ReadHtmlCacheBehavior [ RunTime:0.000740s ]
INFO: [ app_begin ] --END-- [ RunTime:0.000834s ]
SQL: SHOW COLUMNS FROM `think_member` [ RunTime:0.0047s ]
SQL: SELECT * FROM `think_member` WHERE `id` = 22 LIMIT 1   [ RunTime:0.0006s ]
NOTIC: [8] Undefined index: re_submit D:\htdocs\uufx\Application\Home\Controller\MemberController.class.php 第 114 行.
INFO: [ view_parse ] --START--
INFO: [ template_filter ] --START--
INFO: Run Behavior\ContentReplaceBehavior [ RunTime:0.000115s ]
INFO: [ template_filter ] --END-- [ RunTime:0.000151s ]
SQL: SHOW COLUMNS FROM `think_store` [ RunTime:0.0043s ]
SQL: SELECT S.*,M.username,M.nickname FROM think_store S INNER JOIN think_member M on S.user_id=M.id  WHERE ( M.id=22 ) LIMIT 1   [ RunTime:0.0003s ]
INFO: Run Behavior\ParseTemplateBehavior [ RunTime:0.012699s ]
INFO: [ view_parse ] --END-- [ RunTime:0.012730s ]
INFO: [ view_filter ] --START--
INFO: Run Behavior\WriteHtmlCacheBehavior [ RunTime:0.000416s ]
INFO: [ view_filter ] --END-- [ RunTime:0.000442s ]
INFO: [ app_end ] --START--
INFO: Run Behavior\ShowPageTraceBehavior [ RunTime:0.000504s ]
INFO: [ app_end ] --END-- [ RunTime:0.000543s ]

[ 2017-01-10T14:22:40+08:00 ] 127.0.0.1 /index.php?m=Home&c=Member&a=conm_re
INFO: [ app_init ] --START--
INFO: Run Behavior\BuildLiteBehavior [ RunTime:0.000009s ]
INFO: [ app_init ] --END-- [ RunTime:0.000092s ]
INFO: [ app_begin ] --START--
INFO: Run Behavior\ReadHtmlCacheBehavior [ RunTime:0.000474s ]
INFO: [ app_begin ] --END-- [ RunTime:0.000511s ]
SQL: SHOW COLUMNS FROM `think_member` [ RunTime:0.0064s ]
SQL: SELECT * FROM `think_member` WHERE `id` = 22 LIMIT 1   [ RunTime:0.0011s ]
NOTIC: [8] Undefined index: re_submit D:\htdocs\uufx\Application\Home\Controller\MemberController.class.php 第 114 行.
INFO: [ view_parse ] --START--
INFO: [ template_filter ] --START--
INFO: Run Behavior\ContentReplaceBehavior [ RunTime:0.000117s ]
INFO: [ template_filter ] --END-- [ RunTime:0.000155s ]
SQL: SHOW COLUMNS FROM `think_store` [ RunTime:0.0052s ]
SQL: SELECT S.*,M.username,M.nickname FROM think_store S INNER JOIN think_member M on S.user_id=M.id  WHERE ( M.id=22 ) LIMIT 1   [ RunTime:0.0004s ]
INFO: Run Behavior\ParseTemplateBehavior [ RunTime:0.014838s ]
INFO: [ view_parse ] --END-- [ RunTime:0.014884s ]
INFO: [ view_filter ] --START--
INFO: Run Behavior\WriteHtmlCacheBehavior [ RunTime:0.000950s ]
INFO: [ view_filter ] --END-- [ RunTime:0.001052s ]
INFO: [ app_end ] --START--
INFO: Run Behavior\ShowPageTraceBehavior [ RunTime:0.000912s ]
INFO: [ app_end ] --END-- [ RunTime:0.000979s ]

[ 2017-01-10T14:22:43+08:00 ] 127.0.0.1 /index.php?m=Home&c=Member&a=conm_re
INFO: [ app_init ] --START--
INFO: Run Behavior\BuildLiteBehavior [ RunTime:0.000008s ]
INFO: [ app_init ] --END-- [ RunTime:0.000043s ]
INFO: [ app_begin ] --START--
INFO: Run Behavior\ReadHtmlCacheBehavior [ RunTime:0.000400s ]
INFO: [ app_begin ] --END-- [ RunTime:0.000439s ]
SQL: SHOW COLUMNS FROM `think_member` [ RunTime:0.0092s ]
SQL: SELECT * FROM `think_member` WHERE `id` = 22 LIMIT 1   [ RunTime:0.0006s ]
NOTIC: [8] Undefined index: re_submit D:\htdocs\uufx\Application\Home\Controller\MemberController.class.php 第 114 行.
INFO: [ view_parse ] --START--
INFO: [ template_filter ] --START--
INFO: Run Behavior\ContentReplaceBehavior [ RunTime:0.000113s ]
INFO: [ template_filter ] --END-- [ RunTime:0.000150s ]
SQL: SHOW COLUMNS FROM `think_store` [ RunTime:0.0071s ]
SQL: SELECT S.*,M.username,M.nickname FROM think_store S INNER JOIN think_member M on S.user_id=M.id  WHERE ( M.id=22 ) LIMIT 1   [ RunTime:0.0003s ]
INFO: Run Behavior\ParseTemplateBehavior [ RunTime:0.015381s ]
INFO: [ view_parse ] --END-- [ RunTime:0.015410s ]
INFO: [ view_filter ] --START--
INFO: Run Behavior\WriteHtmlCacheBehavior [ RunTime:0.000366s ]
INFO: [ view_filter ] --END-- [ RunTime:0.000393s ]
INFO: [ app_end ] --START--
INFO: Run Behavior\ShowPageTraceBehavior [ RunTime:0.000433s ]
INFO: [ app_end ] --END-- [ RunTime:0.000471s ]

[ 2017-01-10T14:23:24+08:00 ] 127.0.0.1 /index.php?m=Home&c=Member&a=conm_re
INFO: [ app_init ] --START--
INFO: Run Behavior\BuildLiteBehavior [ RunTime:0.000009s ]
INFO: [ app_init ] --END-- [ RunTime:0.000049s ]
INFO: [ app_begin ] --START--
INFO: Run Behavior\ReadHtmlCacheBehavior [ RunTime:0.000470s ]
INFO: [ app_begin ] --END-- [ RunTime:0.000508s ]
SQL: SHOW COLUMNS FROM `think_member` [ RunTime:0.0082s ]
SQL: SELECT * FROM `think_member` WHERE `id` = 22 LIMIT 1   [ RunTime:0.0006s ]
NOTIC: [8] Undefined index: re_submit D:\htdocs\uufx\Application\Home\Controller\MemberController.class.php 第 114 行.
INFO: [ view_parse ] --START--
INFO: [ template_filter ] --START--
INFO: Run Behavior\ContentReplaceBehavior [ RunTime:0.000120s ]
INFO: [ template_filter ] --END-- [ RunTime:0.000162s ]
SQL: SHOW COLUMNS FROM `think_store` [ RunTime:0.0055s ]
SQL: SELECT S.*,M.username,M.nickname FROM think_store S INNER JOIN think_member M on S.user_id=M.id  WHERE ( M.id=22 ) LIMIT 1   [ RunTime:0.0003s ]
INFO: Run Behavior\ParseTemplateBehavior [ RunTime:0.015911s ]
INFO: [ view_parse ] --END-- [ RunTime:0.015946s ]
INFO: [ view_filter ] --START--
INFO: Run Behavior\WriteHtmlCacheBehavior [ RunTime:0.000470s ]
INFO: [ view_filter ] --END-- [ RunTime:0.000503s ]
INFO: [ app_end ] --START--
INFO: Run Behavior\ShowPageTraceBehavior [ RunTime:0.000639s ]
INFO: [ app_end ] --END-- [ RunTime:0.000694s ]

[ 2017-01-10T14:23:30+08:00 ] 127.0.0.1 /index.php/Home/Member/conm_re
INFO: [ app_init ] --START--
INFO: Run Behavior\BuildLiteBehavior [ RunTime:0.000012s ]
INFO: [ app_init ] --END-- [ RunTime:0.000072s ]
INFO: [ app_begin ] --START--
INFO: Run Behavior\ReadHtmlCacheBehavior [ RunTime:0.000418s ]
INFO: [ app_begin ] --END-- [ RunTime:0.000460s ]
SQL: SHOW COLUMNS FROM `think_member` [ RunTime:0.0094s ]
SQL: SELECT * FROM `think_member` WHERE `id` = 22 LIMIT 1   [ RunTime:0.0006s ]
SQL: SELECT * FROM `think_member` WHERE ( id='22' ) LIMIT 1   [ RunTime:0.0003s ]
SQL: SELECT MAX(id) AS tp_max FROM `think_member` LIMIT 1   [ RunTime:0.0006s ]
SQL: SELECT * FROM `think_member` WHERE ( id in (0,1,2,12,22,0)  and ulevel>=3 and departnum>0 and ispay=1 ) ORDER BY id desc LIMIT 1   [ RunTime:0.0013s ]
SQL: INSERT INTO `think_member` (`user_level`,`nickname`,`password1`,`reid`,`rname`,`repath`,`relevel`,`username`,`usercard`,`usertel`,`useraddress`,`bankname`,`bankaddress`,`bankcard`,`contract_no`,`sex`,`birthday`,`rdt`,`postcode`,`img1`,`img2`,`img3`,`img4`,`ulevel`,`e_ulevel`,`departnum`) VALUES ('1','118','96e79218965eb72c92a549dd5a330112','22','迟桂玲',',1,2,12,22,','4','test00','','','北京市北京市东城区','银行分行','','','','1','','','0','1701100223301.jpg','1701100223302.jpg','1701100223303.jpg','1701100223304.jpg','1','E','00010000') [ RunTime:0.0009s ]
SQL: SELECT * FROM `think_member` WHERE ( nickname='118' ) LIMIT 1   [ RunTime:0.0004s ]
SQL: SHOW COLUMNS FROM `think_order` [ RunTime:0.0091s ]
SQL: INSERT INTO `think_order` (`act_id`,`user_id`,`add_time`,`order_sn`,`total`,`type`) VALUES ('119','22','1484029410','2017011050489851','0.01','1') [ RunTime:0.0042s ]
SQL: SELECT * FROM `think_member` WHERE `id` = 22 LIMIT 1   [ RunTime:0.0004s ]
NOTIC: [2] Missing argument 2 for Home\Controller\OrderController::order_pay(), called in D:\htdocs\uufx\Application\Home\Controller\MemberController.class.php on line 187 and defined D:\htdocs\uufx\Application\Home\Controller\OrderController.class.php 第 6 行.
NOTIC: [8] Undefined variable: type D:\htdocs\uufx\Application\Home\Controller\OrderController.class.php 第 7 行.
SQL: SELECT * FROM `think_order` WHERE ( order_sn=2017011050489851 ) LIMIT 1   [ RunTime:0.0002s ]
NOTIC: [8] Undefined variable: type D:\htdocs\uufx\Application\Home\Controller\OrderController.class.php 第 21 行.
INFO: [ view_parse ] --START--
INFO: [ template_filter ] --START--
INFO: Run Behavior\ContentReplaceBehavior [ RunTime:0.000062s ]
INFO: [ template_filter ] --END-- [ RunTime:0.000101s ]
SQL: SHOW COLUMNS FROM `think_store` [ RunTime:0.0049s ]
SQL: SELECT S.*,M.username,M.nickname FROM think_store S INNER JOIN think_member M on S.user_id=M.id  WHERE ( M.id=22 ) LIMIT 1   [ RunTime:0.0003s ]
INFO: Run Behavior\ParseTemplateBehavior [ RunTime:0.013964s ]
INFO: [ view_parse ] --END-- [ RunTime:0.013994s ]
INFO: [ view_filter ] --START--
INFO: Run Behavior\WriteHtmlCacheBehavior [ RunTime:0.000308s ]
INFO: [ view_filter ] --END-- [ RunTime:0.000336s ]
INFO: [ app_end ] --START--
INFO: Run Behavior\ShowPageTraceBehavior [ RunTime:0.000365s ]
INFO: [ app_end ] --END-- [ RunTime:0.000395s ]

[ 2017-01-10T14:23:30+08:00 ] 127.0.0.1 /index.php/Home/Member/favicon.ico
INFO: [ app_init ] --START--
INFO: Run Behavior\BuildLiteBehavior [ RunTime:0.000010s ]
INFO: [ app_init ] --END-- [ RunTime:0.000048s ]

[ 2017-01-10T14:23:35+08:00 ] 127.0.0.1 /index.php?m=Home&c=Pay&a=doalipay
INFO: [ app_init ] --START--
INFO: Run Behavior\BuildLiteBehavior [ RunTime:0.000011s ]
INFO: [ app_init ] --END-- [ RunTime:0.000063s ]
INFO: [ app_begin ] --START--
INFO: Run Behavior\ReadHtmlCacheBehavior [ RunTime:0.000378s ]
INFO: [ app_begin ] --END-- [ RunTime:0.000417s ]
SQL: SHOW COLUMNS FROM `think_order` [ RunTime:0.0071s ]
SQL: SELECT * FROM `think_order` WHERE ( order_id = 126 ) LIMIT 1   [ RunTime:0.0003s ]
NOTIC: [8] Undefined index: id D:\htdocs\uufx\Application\Home\Controller\PayController.class.php 第 58 行.
INFO: [ app_end ] --START--
INFO: Run Behavior\ShowPageTraceBehavior [ RunTime:0.000490s ]
INFO: [ app_end ] --END-- [ RunTime:0.000527s ]

[ 2017-01-10T14:31:35+08:00 ] 127.0.0.1 /index.php?m=Home&c=Public&a=login
INFO: [ app_init ] --START--
INFO: Run Behavior\BuildLiteBehavior [ RunTime:0.000010s ]
INFO: [ app_init ] --END-- [ RunTime:0.000052s ]
INFO: [ app_begin ] --START--
INFO: Run Behavior\ReadHtmlCacheBehavior [ RunTime:0.000578s ]
INFO: [ app_begin ] --END-- [ RunTime:0.000636s ]
NOTIC: [8] Undefined index: submit D:\htdocs\uufx\Application\Home\Controller\PublicController.class.php 第 30 行.
INFO: [ view_parse ] --START--
INFO: [ template_filter ] --START--
INFO: Run Behavior\ContentReplaceBehavior [ RunTime:0.000043s ]
INFO: [ template_filter ] --END-- [ RunTime:0.000088s ]
INFO: Run Behavior\ParseTemplateBehavior [ RunTime:0.006055s ]
INFO: [ view_parse ] --END-- [ RunTime:0.006096s ]
INFO: [ view_filter ] --START--
INFO: Run Behavior\WriteHtmlCacheBehavior [ RunTime:0.000322s ]
INFO: [ view_filter ] --END-- [ RunTime:0.000352s ]
INFO: [ app_end ] --START--
INFO: Run Behavior\ShowPageTraceBehavior [ RunTime:0.000489s ]
INFO: [ app_end ] --END-- [ RunTime:0.000520s ]

[ 2017-01-10T14:31:40+08:00 ] 127.0.0.1 /index.php?m=Home&c=Public&a=login
INFO: [ app_init ] --START--
INFO: Run Behavior\BuildLiteBehavior [ RunTime:0.000014s ]
INFO: [ app_init ] --END-- [ RunTime:0.000077s ]
INFO: [ app_begin ] --START--
INFO: Run Behavior\ReadHtmlCacheBehavior [ RunTime:0.000537s ]
INFO: [ app_begin ] --END-- [ RunTime:0.000606s ]
SQL: SHOW COLUMNS FROM `think_member` [ RunTime:0.0099s ]
SQL: SELECT COUNT(*) AS tp_count FROM `think_member` WHERE ( nickname= '021' AND password1= '96e79218965eb72c92a549dd5a330112' and ispay=1 ) LIMIT 1   [ RunTime:0.0006s ]
SQL: SELECT COUNT(*) AS tp_count FROM `think_member` WHERE ( nickname= '021' AND password1= '96e79218965eb72c92a549dd5a330112' and ispay=1 and islock=0 ) LIMIT 1   [ RunTime:0.0005s ]
SQL: SELECT * FROM `think_member` WHERE ( nickname='021' ) LIMIT 1   [ RunTime:0.0008s ]
INFO: [ view_parse ] --START--
INFO: [ template_filter ] --START--
INFO: Run Behavior\ContentReplaceBehavior [ RunTime:0.000032s ]
INFO: [ template_filter ] --END-- [ RunTime:0.000071s ]
INFO: Run Behavior\ParseTemplateBehavior [ RunTime:0.005670s ]
INFO: [ view_parse ] --END-- [ RunTime:0.005733s ]
INFO: [ view_filter ] --START--
INFO: Run Behavior\WriteHtmlCacheBehavior [ RunTime:0.000243s ]
INFO: [ view_filter ] --END-- [ RunTime:0.000270s ]
INFO: [ app_end ] --START--
INFO: Run Behavior\ShowPageTraceBehavior [ RunTime:0.000364s ]
INFO: [ app_end ] --END-- [ RunTime:0.000392s ]

[ 2017-01-10T14:31:41+08:00 ] 127.0.0.1 /index.php?m=Home&c=Index&a=index
INFO: [ app_init ] --START--
INFO: Run Behavior\BuildLiteBehavior [ RunTime:0.000013s ]
INFO: [ app_init ] --END-- [ RunTime:0.000070s ]
INFO: [ app_begin ] --START--
INFO: Run Behavior\ReadHtmlCacheBehavior [ RunTime:0.000929s ]
INFO: [ app_begin ] --END-- [ RunTime:0.001038s ]
SQL: SHOW COLUMNS FROM `think_member` [ RunTime:0.0087s ]
SQL: SELECT * FROM `think_member` WHERE `id` = 22 LIMIT 1   [ RunTime:0.0006s ]
SQL: SHOW COLUMNS FROM `think_travel_order` [ RunTime:0.0059s ]
SQL: SELECT * FROM `think_travel_order` WHERE ( user_id=22 and reback=1 and pay_status=0 ) LIMIT 1   [ RunTime:0.0004s ]
SQL: SHOW COLUMNS FROM `think_member` [ RunTime:0.0086s ]
SQL: SELECT * FROM `think_member` WHERE `id` = 22 LIMIT 1   [ RunTime:0.0005s ]
SQL: SHOW COLUMNS FROM `think_ulevelup` [ RunTime:0.0058s ]
SQL: SELECT * FROM `think_ulevelup` WHERE (  userid= '22'   ) ORDER BY uid desc LIMIT 1   [ RunTime:0.0003s ]
SQL: SELECT * FROM `think_member` WHERE ( id='12' ) LIMIT 1   [ RunTime:0.0004s ]
SQL: SELECT COUNT(*) AS tp_count FROM `think_ulevelup` WHERE (  userid= '22'   ) LIMIT 1   [ RunTime:0.0002s ]
SQL: SELECT * FROM `think_ulevelup` INNER JOIN think_ulevel ON think_ulevelup.tolevel = think_ulevel.ulevel  WHERE (  userid= '22'   ) ORDER BY think_ulevelup.uid desc  [ RunTime:0.0006s ]
INFO: [ view_parse ] --START--
INFO: [ template_filter ] --START--
INFO: Run Behavior\ContentReplaceBehavior [ RunTime:0.000097s ]
INFO: [ template_filter ] --END-- [ RunTime:0.000135s ]
SQL: SHOW COLUMNS FROM `think_store` [ RunTime:0.0052s ]
SQL: SELECT S.*,M.username,M.nickname FROM think_store S INNER JOIN think_member M on S.user_id=M.id  WHERE ( M.id=22 ) LIMIT 1   [ RunTime:0.0003s ]
NOTIC: [8] Undefined index: lvname D:\htdocs\uufx\Application\Runtime\Cache\Home\2a94b8bda04ff446dcedd42276fc99ee.php 第 166 行.
INFO: Run Behavior\ParseTemplateBehavior [ RunTime:0.017088s ]
INFO: [ view_parse ] --END-- [ RunTime:0.017137s ]
INFO: [ view_filter ] --START--
INFO: Run Behavior\WriteHtmlCacheBehavior [ RunTime:0.000422s ]
INFO: [ view_filter ] --END-- [ RunTime:0.000464s ]
INFO: [ app_end ] --START--
INFO: Run Behavior\ShowPageTraceBehavior [ RunTime:0.001257s ]
INFO: [ app_end ] --END-- [ RunTime:0.001442s ]

[ 2017-01-10T14:31:44+08:00 ] 127.0.0.1 /index.php?m=Home&c=Member&a=conm_re
INFO: [ app_init ] --START--
INFO: Run Behavior\BuildLiteBehavior [ RunTime:0.000009s ]
INFO: [ app_init ] --END-- [ RunTime:0.000045s ]
INFO: [ app_begin ] --START--
INFO: Run Behavior\ReadHtmlCacheBehavior [ RunTime:0.000461s ]
INFO: [ app_begin ] --END-- [ RunTime:0.000497s ]
SQL: SHOW COLUMNS FROM `think_member` [ RunTime:0.0058s ]
SQL: SELECT * FROM `think_member` WHERE `id` = 22 LIMIT 1   [ RunTime:0.0006s ]
NOTIC: [8] Undefined index: re_submit D:\htdocs\uufx\Application\Home\Controller\MemberController.class.php 第 114 行.
INFO: [ view_parse ] --START--
INFO: [ template_filter ] --START--
INFO: Run Behavior\ContentReplaceBehavior [ RunTime:0.000161s ]
INFO: [ template_filter ] --END-- [ RunTime:0.000223s ]
SQL: SHOW COLUMNS FROM `think_store` [ RunTime:0.0056s ]
SQL: SELECT S.*,M.username,M.nickname FROM think_store S INNER JOIN think_member M on S.user_id=M.id  WHERE ( M.id=22 ) LIMIT 1   [ RunTime:0.0004s ]
INFO: Run Behavior\ParseTemplateBehavior [ RunTime:0.016184s ]
INFO: [ view_parse ] --END-- [ RunTime:0.016216s ]
INFO: [ view_filter ] --START--
INFO: Run Behavior\WriteHtmlCacheBehavior [ RunTime:0.000413s ]
INFO: [ view_filter ] --END-- [ RunTime:0.000439s ]
INFO: [ app_end ] --START--
INFO: Run Behavior\ShowPageTraceBehavior [ RunTime:0.000500s ]
INFO: [ app_end ] --END-- [ RunTime:0.000540s ]

[ 2017-01-10T14:31:56+08:00 ] 127.0.0.1 /index.php/Home/Member/conm_re
INFO: [ app_init ] --START--
INFO: Run Behavior\BuildLiteBehavior [ RunTime:0.000009s ]
INFO: [ app_init ] --END-- [ RunTime:0.000044s ]
INFO: [ app_begin ] --START--
INFO: Run Behavior\ReadHtmlCacheBehavior [ RunTime:0.000404s ]
INFO: [ app_begin ] --END-- [ RunTime:0.000442s ]
SQL: SHOW COLUMNS FROM `think_member` [ RunTime:0.0059s ]
SQL: SELECT * FROM `think_member` WHERE `id` = 22 LIMIT 1   [ RunTime:0.0007s ]
SQL: SELECT * FROM `think_member` WHERE ( id='22' ) LIMIT 1   [ RunTime:0.0004s ]
SQL: SELECT MAX(id) AS tp_max FROM `think_member` LIMIT 1   [ RunTime:0.0001s ]
SQL: SELECT * FROM `think_member` WHERE ( id in (0,1,2,12,22,0)  and ulevel>=3 and departnum>0 and ispay=1 ) ORDER BY id desc LIMIT 1   [ RunTime:0.0004s ]
SQL: INSERT INTO `think_member` (`user_level`,`nickname`,`password1`,`reid`,`rname`,`repath`,`relevel`,`username`,`usercard`,`usertel`,`useraddress`,`bankname`,`bankaddress`,`bankcard`,`contract_no`,`sex`,`birthday`,`rdt`,`postcode`,`img1`,`img2`,`img3`,`img4`,`ulevel`,`e_ulevel`,`departnum`) VALUES ('1','119','96e79218965eb72c92a549dd5a330112','22','迟桂玲',',1,2,12,22,','4','test021','','','北京市北京市东城区','银行分行','','','','1','','','0','1701100231561.jpg','1701100231562.jpg','1701100231563.jpg','1701100231564.jpg','1','E','00010000') [ RunTime:0.0002s ]
SQL: SELECT * FROM `think_member` WHERE ( nickname='119' ) LIMIT 1   [ RunTime:0.0004s ]
SQL: SHOW COLUMNS FROM `think_order` [ RunTime:0.0062s ]
SQL: INSERT INTO `think_order` (`act_id`,`user_id`,`add_time`,`order_sn`,`total`,`type`) VALUES ('120','22','1484029916','2017011099481005','0.01','1') [ RunTime:0.0040s ]
SQL: SELECT * FROM `think_member` WHERE `id` = 22 LIMIT 1   [ RunTime:0.0004s ]
NOTIC: [2] Missing argument 2 for Home\Controller\OrderController::order_pay(), called in D:\htdocs\uufx\Application\Home\Controller\MemberController.class.php on line 187 and defined D:\htdocs\uufx\Application\Home\Controller\OrderController.class.php 第 6 行.
NOTIC: [8] Undefined variable: type D:\htdocs\uufx\Application\Home\Controller\OrderController.class.php 第 7 行.
SQL: SELECT * FROM `think_order` WHERE ( order_sn=2017011099481005 ) LIMIT 1   [ RunTime:0.0002s ]
NOTIC: [8] Undefined variable: type D:\htdocs\uufx\Application\Home\Controller\OrderController.class.php 第 21 行.
INFO: [ view_parse ] --START--
INFO: [ template_filter ] --START--
INFO: Run Behavior\ContentReplaceBehavior [ RunTime:0.000086s ]
INFO: [ template_filter ] --END-- [ RunTime:0.000143s ]
SQL: SHOW COLUMNS FROM `think_store` [ RunTime:0.0059s ]
SQL: SELECT S.*,M.username,M.nickname FROM think_store S INNER JOIN think_member M on S.user_id=M.id  WHERE ( M.id=22 ) LIMIT 1   [ RunTime:0.0003s ]
INFO: Run Behavior\ParseTemplateBehavior [ RunTime:0.013627s ]
INFO: [ view_parse ] --END-- [ RunTime:0.013659s ]
INFO: [ view_filter ] --START--
INFO: Run Behavior\WriteHtmlCacheBehavior [ RunTime:0.000368s ]
INFO: [ view_filter ] --END-- [ RunTime:0.000396s ]
INFO: [ app_end ] --START--
INFO: Run Behavior\ShowPageTraceBehavior [ RunTime:0.000443s ]
INFO: [ app_end ] --END-- [ RunTime:0.000475s ]

