[ 2016-12-12T13:08:21+08:00 ] 124.202.207.110 /index.php?m=Asset&c=Ueditor&a=upload&action=config&&noCache=1481519438699
INFO: [ app_init ] --START--
INFO: Run Behavior\BuildLiteBehavior [ RunTime:0.000027s ]
INFO: [ app_init ] --END-- [ RunTime:0.000143s ]
INFO: [ app_begin ] --START--
INFO: Run Behavior\ReadHtmlCacheBehavior [ RunTime:0.000471s ]
INFO: [ app_begin ] --END-- [ RunTime:0.000534s ]
NOTIC: [2] file_get_contents(./public/js/ueditor/config.json): failed to open stream: No such file or directory /data/wwwroot/uufx.yoyoce.com/Application/Asset/Controller/UeditorController.class.php 第 200 行.

[ 2016-12-12T13:14:41+08:00 ] 124.202.207.110 /index.php?m=Asset&c=Ueditor&a=upload&action=config&&noCache=1481519819187
INFO: [ app_init ] --START--
INFO: Run Behavior\BuildLiteBehavior [ RunTime:0.000020s ]
INFO: [ app_init ] --END-- [ RunTime:0.000081s ]
INFO: [ app_begin ] --START--
INFO: Run Behavior\ReadHtmlCacheBehavior [ RunTime:0.000420s ]
INFO: [ app_begin ] --END-- [ RunTime:0.000468s ]
NOTIC: [2] file_get_contents(./public/js/ueditor/config.json): failed to open stream: No such file or directory /data/wwwroot/uufx.yoyoce.com/Application/Asset/Controller/UeditorController.class.php 第 200 行.

[ 2016-12-12T13:23:15+08:00 ] 124.207.55.90 /index.php?m=Asset&c=Ueditor&a=upload&action=config&&noCache=1481520196371
INFO: [ app_init ] --START--
INFO: Run Behavior\BuildLiteBehavior [ RunTime:0.000018s ]
INFO: [ app_init ] --END-- [ RunTime:0.000078s ]
INFO: [ app_begin ] --START--
INFO: Run Behavior\ReadHtmlCacheBehavior [ RunTime:0.000408s ]
INFO: [ app_begin ] --END-- [ RunTime:0.000461s ]
NOTIC: [2] file_get_contents(./public/js/ueditor/config.json): failed to open stream: No such file or directory /data/wwwroot/uufx.yoyoce.com/Application/Asset/Controller/UeditorController.class.php 第 200 行.

[ 2016-12-12T13:34:17+08:00 ] 124.207.55.90 /index.php?m=Asset&c=Ueditor&a=upload&action=config&&noCache=1481520857909
INFO: [ app_init ] --START--
INFO: Run Behavior\BuildLiteBehavior [ RunTime:0.000017s ]
INFO: [ app_init ] --END-- [ RunTime:0.000093s ]
INFO: [ app_begin ] --START--
INFO: Run Behavior\ReadHtmlCacheBehavior [ RunTime:0.000378s ]
INFO: [ app_begin ] --END-- [ RunTime:0.000438s ]
NOTIC: [2] file_get_contents(./public/js/ueditor/config.json): failed to open stream: No such file or directory /data/wwwroot/uufx.yoyoce.com/Application/Asset/Controller/UeditorController.class.php 第 200 行.

[ 2016-12-12T14:36:47+08:00 ] 124.207.55.90 /index.php?m=Asset&c=Ueditor&a=upload&action=config&&noCache=1481524600746
INFO: [ app_init ] --START--
INFO: Run Behavior\BuildLiteBehavior [ RunTime:0.000019s ]
INFO: [ app_init ] --END-- [ RunTime:0.000078s ]
INFO: [ app_begin ] --START--
INFO: Run Behavior\ReadHtmlCacheBehavior [ RunTime:0.000409s ]
INFO: [ app_begin ] --END-- [ RunTime:0.000464s ]
NOTIC: [2] file_get_contents(./public/js/ueditor/config.json): failed to open stream: No such file or directory /data/wwwroot/uufx.yoyoce.com/Application/Asset/Controller/UeditorController.class.php 第 200 行.

[ 2016-12-12T14:37:04+08:00 ] 124.207.55.90 /index.php?m=Asset&c=Ueditor&a=upload&action=config&&noCache=1481524618235
INFO: [ app_init ] --START--
INFO: Run Behavior\BuildLiteBehavior [ RunTime:0.000018s ]
INFO: [ app_init ] --END-- [ RunTime:0.000075s ]
INFO: [ app_begin ] --START--
INFO: Run Behavior\ReadHtmlCacheBehavior [ RunTime:0.000404s ]
INFO: [ app_begin ] --END-- [ RunTime:0.000456s ]
NOTIC: [2] file_get_contents(./public/js/ueditor/config.json): failed to open stream: No such file or directory /data/wwwroot/uufx.yoyoce.com/Application/Asset/Controller/UeditorController.class.php 第 200 行.

