[ 2016-11-30T09:48:24+08:00 ] 124.207.55.90 /index.php?m=Asset&c=Ueditor&a=upload&action=config&&noCache=1480470504774
INFO: [ app_init ] --START--
INFO: Run Behavior\BuildLiteBehavior [ RunTime:0.000014s ]
INFO: [ app_init ] --END-- [ RunTime:0.000068s ]
INFO: [ app_begin ] --START--
INFO: Run Behavior\ReadHtmlCacheBehavior [ RunTime:0.000060s ]
INFO: [ app_begin ] --END-- [ RunTime:0.000120s ]
NOTIC: [2] file_get_contents(./public/js/ueditor/config.json): failed to open stream: No such file or directory /data/wwwroot/uufx.yoyoce.com/Application/Asset/Controller/UeditorController.class.php 第 200 行.

[ 2016-11-30T09:48:40+08:00 ] 124.207.55.90 /index.php?m=Asset&c=Ueditor&a=upload&action=config&&noCache=1480470520023
INFO: [ app_init ] --START--
INFO: Run Behavior\BuildLiteBehavior [ RunTime:0.000015s ]
INFO: [ app_init ] --END-- [ RunTime:0.000074s ]
INFO: [ app_begin ] --START--
INFO: Run Behavior\ReadHtmlCacheBehavior [ RunTime:0.000038s ]
INFO: [ app_begin ] --END-- [ RunTime:0.000076s ]
NOTIC: [2] file_get_contents(./public/js/ueditor/config.json): failed to open stream: No such file or directory /data/wwwroot/uufx.yoyoce.com/Application/Asset/Controller/UeditorController.class.php 第 200 行.

[ 2016-11-30T09:49:12+08:00 ] 124.207.55.90 /index.php?m=Asset&c=Ueditor&a=upload&action=config&&noCache=1480470552255
INFO: [ app_init ] --START--
INFO: Run Behavior\BuildLiteBehavior [ RunTime:0.000014s ]
INFO: [ app_init ] --END-- [ RunTime:0.000065s ]
INFO: [ app_begin ] --START--
INFO: Run Behavior\ReadHtmlCacheBehavior [ RunTime:0.000036s ]
INFO: [ app_begin ] --END-- [ RunTime:0.000073s ]
NOTIC: [2] file_get_contents(./public/js/ueditor/config.json): failed to open stream: No such file or directory /data/wwwroot/uufx.yoyoce.com/Application/Asset/Controller/UeditorController.class.php 第 200 行.

[ 2016-11-30T09:52:23+08:00 ] 124.207.55.90 /index.php?m=Asset&c=Ueditor&a=upload&action=config&&noCache=1480470743105
INFO: [ app_init ] --START--
INFO: Run Behavior\BuildLiteBehavior [ RunTime:0.000014s ]
INFO: [ app_init ] --END-- [ RunTime:0.000067s ]
INFO: [ app_begin ] --START--
INFO: Run Behavior\ReadHtmlCacheBehavior [ RunTime:0.000038s ]
INFO: [ app_begin ] --END-- [ RunTime:0.000076s ]
NOTIC: [2] file_get_contents(./public/js/ueditor/config.json): failed to open stream: No such file or directory /data/wwwroot/uufx.yoyoce.com/Application/Asset/Controller/UeditorController.class.php 第 200 行.

[ 2016-11-30T09:56:12+08:00 ] 124.207.55.90 /index.php?m=Asset&c=Ueditor&a=upload&action=config&&noCache=1480470972549
INFO: [ app_init ] --START--
INFO: Run Behavior\BuildLiteBehavior [ RunTime:0.000015s ]
INFO: [ app_init ] --END-- [ RunTime:0.000066s ]
INFO: [ app_begin ] --START--
INFO: Run Behavior\ReadHtmlCacheBehavior [ RunTime:0.000057s ]
INFO: [ app_begin ] --END-- [ RunTime:0.000109s ]
NOTIC: [2] file_get_contents(./public/js/ueditor/config.json): failed to open stream: No such file or directory /data/wwwroot/uufx.yoyoce.com/Application/Asset/Controller/UeditorController.class.php 第 200 行.

[ 2016-11-30T09:57:58+08:00 ] 124.207.55.90 /index.php?m=Asset&c=Ueditor&a=upload&action=config&&noCache=1480471078515
INFO: [ app_init ] --START--
INFO: Run Behavior\BuildLiteBehavior [ RunTime:0.000015s ]
INFO: [ app_init ] --END-- [ RunTime:0.000096s ]
INFO: [ app_begin ] --START--
INFO: Run Behavior\ReadHtmlCacheBehavior [ RunTime:0.000037s ]
INFO: [ app_begin ] --END-- [ RunTime:0.000074s ]
NOTIC: [2] file_get_contents(./public/js/ueditor/config.json): failed to open stream: No such file or directory /data/wwwroot/uufx.yoyoce.com/Application/Asset/Controller/UeditorController.class.php 第 200 行.

[ 2016-11-30T10:02:51+08:00 ] 124.207.55.90 /index.php?m=Asset&c=Ueditor&a=upload&action=config&&noCache=1480471370996
INFO: [ app_init ] --START--
INFO: Run Behavior\BuildLiteBehavior [ RunTime:0.000019s ]
INFO: [ app_init ] --END-- [ RunTime:0.000076s ]
INFO: [ app_begin ] --START--
INFO: Run Behavior\ReadHtmlCacheBehavior [ RunTime:0.000375s ]
INFO: [ app_begin ] --END-- [ RunTime:0.000424s ]
NOTIC: [2] file_get_contents(./public/js/ueditor/config.json): failed to open stream: No such file or directory /data/wwwroot/uufx.yoyoce.com/Application/Asset/Controller/UeditorController.class.php 第 200 行.

[ 2016-11-30T10:03:06+08:00 ] 124.207.55.90 /index.php?m=Asset&c=Ueditor&a=upload&action=config&&noCache=1480471386493
INFO: [ app_init ] --START--
INFO: Run Behavior\BuildLiteBehavior [ RunTime:0.000019s ]
INFO: [ app_init ] --END-- [ RunTime:0.000078s ]
INFO: [ app_begin ] --START--
INFO: Run Behavior\ReadHtmlCacheBehavior [ RunTime:0.000499s ]
INFO: [ app_begin ] --END-- [ RunTime:0.000583s ]
NOTIC: [2] file_get_contents(./public/js/ueditor/config.json): failed to open stream: No such file or directory /data/wwwroot/uufx.yoyoce.com/Application/Asset/Controller/UeditorController.class.php 第 200 行.

[ 2016-11-30T10:05:04+08:00 ] 124.207.55.90 /index.php?m=Asset&c=Ueditor&a=upload&action=config&&noCache=1480471499328
INFO: [ app_init ] --START--
INFO: Run Behavior\BuildLiteBehavior [ RunTime:0.000017s ]
INFO: [ app_init ] --END-- [ RunTime:0.000078s ]
INFO: [ app_begin ] --START--
INFO: Run Behavior\ReadHtmlCacheBehavior [ RunTime:0.000544s ]
INFO: [ app_begin ] --END-- [ RunTime:0.000641s ]
NOTIC: [2] file_get_contents(./public/js/ueditor/config.json): failed to open stream: No such file or directory /data/wwwroot/uufx.yoyoce.com/Application/Asset/Controller/UeditorController.class.php 第 200 行.

[ 2016-11-30T10:05:15+08:00 ] 124.207.55.90 /index.php?m=Asset&c=Ueditor&a=upload&action=config&&noCache=1480471510685
INFO: [ app_init ] --START--
INFO: Run Behavior\BuildLiteBehavior [ RunTime:0.000020s ]
INFO: [ app_init ] --END-- [ RunTime:0.000087s ]
INFO: [ app_begin ] --START--
INFO: Run Behavior\ReadHtmlCacheBehavior [ RunTime:0.000513s ]
INFO: [ app_begin ] --END-- [ RunTime:0.000571s ]
NOTIC: [2] file_get_contents(./public/js/ueditor/config.json): failed to open stream: No such file or directory /data/wwwroot/uufx.yoyoce.com/Application/Asset/Controller/UeditorController.class.php 第 200 行.

[ 2016-11-30T10:07:36+08:00 ] 124.207.55.90 /index.php?m=Asset&c=Ueditor&a=upload&action=config&&noCache=1480471651649
INFO: [ app_init ] --START--
INFO: Run Behavior\BuildLiteBehavior [ RunTime:0.000017s ]
INFO: [ app_init ] --END-- [ RunTime:0.000075s ]
INFO: [ app_begin ] --START--
INFO: Run Behavior\ReadHtmlCacheBehavior [ RunTime:0.000481s ]
INFO: [ app_begin ] --END-- [ RunTime:0.000577s ]
NOTIC: [2] file_get_contents(./public/js/ueditor/config.json): failed to open stream: No such file or directory /data/wwwroot/uufx.yoyoce.com/Application/Asset/Controller/UeditorController.class.php 第 200 行.

[ 2016-11-30T10:45:59+08:00 ] 124.207.55.90 /index.php?m=Asset&c=Ueditor&a=upload&action=config&&noCache=1480473959317
INFO: [ app_init ] --START--
INFO: Run Behavior\BuildLiteBehavior [ RunTime:0.000017s ]
INFO: [ app_init ] --END-- [ RunTime:0.000081s ]
INFO: [ app_begin ] --START--
INFO: Run Behavior\ReadHtmlCacheBehavior [ RunTime:0.000426s ]
INFO: [ app_begin ] --END-- [ RunTime:0.000483s ]
NOTIC: [2] file_get_contents(./public/js/ueditor/config.json): failed to open stream: No such file or directory /data/wwwroot/uufx.yoyoce.com/Application/Asset/Controller/UeditorController.class.php 第 200 行.

