[ 2017-01-17T10:07:34+08:00 ] 127.0.0.1 /index.php?m=Asset&c=Ueditor&a=upload&action=config&&noCache=1484618854827
INFO: [ app_init ] --START--
INFO: Run Behavior\BuildLiteBehavior [ RunTime:0.000013s ]
INFO: [ app_init ] --END-- [ RunTime:0.000073s ]
INFO: [ app_begin ] --START--
INFO: Run Behavior\ReadHtmlCacheBehavior [ RunTime:0.001418s ]
INFO: [ app_begin ] --END-- [ RunTime:0.001500s ]

[ 2017-01-17T10:15:20+08:00 ] 127.0.0.1 /index.php?m=Asset&c=Ueditor&a=upload&action=config&&noCache=1484619320484
INFO: [ app_init ] --START--
INFO: Run Behavior\BuildLiteBehavior [ RunTime:0.000011s ]
INFO: [ app_init ] --END-- [ RunTime:0.000057s ]
INFO: [ app_begin ] --START--
INFO: Run Behavior\ReadHtmlCacheBehavior [ RunTime:0.000384s ]
INFO: [ app_begin ] --END-- [ RunTime:0.000427s ]

[ 2017-01-17T10:41:32+08:00 ] 127.0.0.1 /index.php?m=Asset&c=Ueditor&a=upload&action=config&&noCache=1484620892655
INFO: [ app_init ] --START--
INFO: Run Behavior\BuildLiteBehavior [ RunTime:0.000018s ]
INFO: [ app_init ] --END-- [ RunTime:0.000104s ]
INFO: [ app_begin ] --START--
INFO: Run Behavior\ReadHtmlCacheBehavior [ RunTime:0.000487s ]
INFO: [ app_begin ] --END-- [ RunTime:0.000545s ]

