[ 2016-09-07T09:33:49+08:00 ] ::1 /thinkphp_3.2.3/Public/Home/images/upload/1609060603302.jpg
INFO: [ app_init ] --START--
INFO: Run Behavior\BuildLiteBehavior [ RunTime:0.000015s ]
INFO: [ app_init ] --END-- [ RunTime:0.000073s ]
ERR: 无法加载模块:Public

[ 2016-09-07T09:33:49+08:00 ] ::1 /thinkphp_3.2.3/Public/Home/images/index_icon.jpg
INFO: [ app_init ] --START--
INFO: Run Behavior\BuildLiteBehavior [ RunTime:0.000012s ]
INFO: [ app_init ] --END-- [ RunTime:0.000062s ]
ERR: 无法加载模块:Public

[ 2016-09-07T09:39:10+08:00 ] ::1 /thinkphp_3.2.3/Public/Home/images/upload/1609060603302.jpg
INFO: [ app_init ] --START--
INFO: Run Behavior\BuildLiteBehavior [ RunTime:0.000012s ]
INFO: [ app_init ] --END-- [ RunTime:0.000062s ]
ERR: 无法加载模块:Public

[ 2016-09-07T09:39:10+08:00 ] ::1 /thinkphp_3.2.3/Public/Home/images/upload/1609060603302.jpg
INFO: [ app_init ] --START--
INFO: Run Behavior\BuildLiteBehavior [ RunTime:0.000014s ]
INFO: [ app_init ] --END-- [ RunTime:0.000070s ]
ERR: 无法加载模块:Public

[ 2016-09-07T09:39:10+08:00 ] ::1 /thinkphp_3.2.3/Public/Home/images/index_icon.jpg
INFO: [ app_init ] --START--
INFO: Run Behavior\BuildLiteBehavior [ RunTime:0.000014s ]
INFO: [ app_init ] --END-- [ RunTime:0.000071s ]
ERR: 无法加载模块:Public

[ 2016-09-07T09:39:11+08:00 ] ::1 /thinkphp_3.2.3/Public/Home/images/index_icon.jpg
INFO: [ app_init ] --START--
INFO: Run Behavior\BuildLiteBehavior [ RunTime:0.000016s ]
INFO: [ app_init ] --END-- [ RunTime:0.000076s ]
ERR: 无法加载模块:Public

[ 2016-09-07T09:39:18+08:00 ] ::1 /thinkphp_3.2.3/Public/Home/images/upload/1609060603302.jpg
INFO: [ app_init ] --START--
INFO: Run Behavior\BuildLiteBehavior [ RunTime:0.000019s ]
INFO: [ app_init ] --END-- [ RunTime:0.000102s ]
ERR: 无法加载模块:Public

[ 2016-09-07T09:42:59+08:00 ] ::1 /thinkphp_3.2.3/Public/Home/images/upload/1609060603302.jpg
INFO: [ app_init ] --START--
INFO: Run Behavior\BuildLiteBehavior [ RunTime:0.000013s ]
INFO: [ app_init ] --END-- [ RunTime:0.000071s ]
ERR: 无法加载模块:Public

[ 2016-09-07T09:43:03+08:00 ] ::1 /thinkphp_3.2.3/Public/Home/images/upload/1609060603302.jpg
INFO: [ app_init ] --START--
INFO: Run Behavior\BuildLiteBehavior [ RunTime:0.000013s ]
INFO: [ app_init ] --END-- [ RunTime:0.000063s ]
ERR: 无法加载模块:Public

[ 2016-09-07T09:43:08+08:00 ] ::1 /thinkphp_3.2.3/Public/Home/images/upload/1609060603302.jpg
INFO: [ app_init ] --START--
INFO: Run Behavior\BuildLiteBehavior [ RunTime:0.000013s ]
INFO: [ app_init ] --END-- [ RunTime:0.000068s ]
ERR: 无法加载模块:Public

[ 2016-09-07T09:43:08+08:00 ] ::1 /thinkphp_3.2.3/Public/Home/images/upload/1609060603302.jpg
INFO: [ app_init ] --START--
INFO: Run Behavior\BuildLiteBehavior [ RunTime:0.000023s ]
INFO: [ app_init ] --END-- [ RunTime:0.000102s ]
ERR: 无法加载模块:Public

[ 2016-09-07T09:43:08+08:00 ] ::1 /thinkphp_3.2.3/Public/Home/images/index_icon.jpg
INFO: [ app_init ] --START--
INFO: Run Behavior\BuildLiteBehavior [ RunTime:0.000015s ]
INFO: [ app_init ] --END-- [ RunTime:0.000067s ]
ERR: 无法加载模块:Public

[ 2016-09-07T09:43:24+08:00 ] ::1 /thinkphp_3.2.3/Public/Home/images/upload/1609060603302.jpg
INFO: [ app_init ] --START--
INFO: Run Behavior\BuildLiteBehavior [ RunTime:0.000011s ]
INFO: [ app_init ] --END-- [ RunTime:0.000057s ]
ERR: 无法加载模块:Public

[ 2016-09-07T09:43:39+08:00 ] ::1 /thinkphp_3.2.3/Public/Home/images/upload/1609060603302.jpg
INFO: [ app_init ] --START--
INFO: Run Behavior\BuildLiteBehavior [ RunTime:0.000012s ]
INFO: [ app_init ] --END-- [ RunTime:0.000060s ]
ERR: 无法加载模块:Public

[ 2016-09-07T09:44:10+08:00 ] ::1 /thinkphp_3.2.3/Public/Home/images/index_icon.jpg
INFO: [ app_init ] --START--
INFO: Run Behavior\BuildLiteBehavior [ RunTime:0.000021s ]
INFO: [ app_init ] --END-- [ RunTime:0.000115s ]
ERR: 无法加载模块:Public

[ 2016-09-07T09:44:52+08:00 ] ::1 /thinkphp_3.2.3/Public/Home/images/upload/1609060603302.jpg
INFO: [ app_init ] --START--
INFO: Run Behavior\BuildLiteBehavior [ RunTime:0.000025s ]
INFO: [ app_init ] --END-- [ RunTime:0.000122s ]
ERR: 无法加载模块:Public

[ 2016-09-07T09:46:39+08:00 ] ::1 /thinkphp_3.2.3/Public/Home/images/upload/1609060603302.jpg
INFO: [ app_init ] --START--
INFO: Run Behavior\BuildLiteBehavior [ RunTime:0.000012s ]
INFO: [ app_init ] --END-- [ RunTime:0.000063s ]
ERR: 无法加载模块:Public

[ 2016-09-07T09:46:50+08:00 ] ::1 /thinkphp_3.2.3/Public/Home/images/upload/1609060603302.jpg
INFO: [ app_init ] --START--
INFO: Run Behavior\BuildLiteBehavior [ RunTime:0.000021s ]
INFO: [ app_init ] --END-- [ RunTime:0.000106s ]
ERR: 无法加载模块:Public

[ 2016-09-07T09:46:59+08:00 ] ::1 /thinkphp_3.2.3/Public/Home/images/upload/1609060603302.jpg
INFO: [ app_init ] --START--
INFO: Run Behavior\BuildLiteBehavior [ RunTime:0.000012s ]
INFO: [ app_init ] --END-- [ RunTime:0.000058s ]
ERR: 无法加载模块:Public

[ 2016-09-07T09:46:59+08:00 ] ::1 /thinkphp_3.2.3/Public/Home/images/upload/1609060603302.jpg
INFO: [ app_init ] --START--
INFO: Run Behavior\BuildLiteBehavior [ RunTime:0.000026s ]
INFO: [ app_init ] --END-- [ RunTime:0.000131s ]
ERR: 无法加载模块:Public

[ 2016-09-07T09:47:02+08:00 ] ::1 /thinkphp_3.2.3/Public/Home/images/upload/1609060603302.jpg
INFO: [ app_init ] --START--
INFO: Run Behavior\BuildLiteBehavior [ RunTime:0.000022s ]
INFO: [ app_init ] --END-- [ RunTime:0.000120s ]
ERR: 无法加载模块:Public

[ 2016-09-07T09:47:44+08:00 ] ::1 /thinkphp_3.2.3/Public/Home/images/upload/1609060603302.jpg
INFO: [ app_init ] --START--
INFO: Run Behavior\BuildLiteBehavior [ RunTime:0.000014s ]
INFO: [ app_init ] --END-- [ RunTime:0.000068s ]
ERR: 无法加载模块:Public

[ 2016-09-07T09:47:47+08:00 ] ::1 /thinkphp_3.2.3/Public/Home/images/index_icon.jpg
INFO: [ app_init ] --START--
INFO: Run Behavior\BuildLiteBehavior [ RunTime:0.000016s ]
INFO: [ app_init ] --END-- [ RunTime:0.000092s ]
ERR: 无法加载模块:Public

[ 2016-09-07T09:47:49+08:00 ] ::1 /thinkphp_3.2.3/Public/Home/images/upload/1609060603302.jpg
INFO: [ app_init ] --START--
INFO: Run Behavior\BuildLiteBehavior [ RunTime:0.000016s ]
INFO: [ app_init ] --END-- [ RunTime:0.000096s ]
ERR: 无法加载模块:Public

[ 2016-09-07T09:48:30+08:00 ] ::1 /thinkphp_3.2.3/Public/Home/images/upload/1609060603302.jpg
INFO: [ app_init ] --START--
INFO: Run Behavior\BuildLiteBehavior [ RunTime:0.000023s ]
INFO: [ app_init ] --END-- [ RunTime:0.000122s ]
ERR: 无法加载模块:Public

[ 2016-09-07T09:48:37+08:00 ] ::1 /thinkphp_3.2.3/Public/Home/images/index_icon.jpg
INFO: [ app_init ] --START--
INFO: Run Behavior\BuildLiteBehavior [ RunTime:0.000019s ]
INFO: [ app_init ] --END-- [ RunTime:0.000104s ]
ERR: 无法加载模块:Public

[ 2016-09-07T09:48:38+08:00 ] ::1 /thinkphp_3.2.3/Public/Home/images/upload/1609060603302.jpg
INFO: [ app_init ] --START--
INFO: Run Behavior\BuildLiteBehavior [ RunTime:0.000016s ]
INFO: [ app_init ] --END-- [ RunTime:0.000085s ]
ERR: 无法加载模块:Public

[ 2016-09-07T09:48:38+08:00 ] ::1 /thinkphp_3.2.3/Public/Home/images/index_icon.jpg
INFO: [ app_init ] --START--
INFO: Run Behavior\BuildLiteBehavior [ RunTime:0.000019s ]
INFO: [ app_init ] --END-- [ RunTime:0.000095s ]
ERR: 无法加载模块:Public

[ 2016-09-07T09:48:45+08:00 ] ::1 /thinkphp_3.2.3/Public/Home/images/upload/1609060603302.jpg
INFO: [ app_init ] --START--
INFO: Run Behavior\BuildLiteBehavior [ RunTime:0.000014s ]
INFO: [ app_init ] --END-- [ RunTime:0.000078s ]
ERR: 无法加载模块:Public

[ 2016-09-07T09:48:45+08:00 ] ::1 /thinkphp_3.2.3/Public/Home/images/index_icon.jpg
INFO: [ app_init ] --START--
INFO: Run Behavior\BuildLiteBehavior [ RunTime:0.000045s ]
INFO: [ app_init ] --END-- [ RunTime:0.000195s ]
ERR: 无法加载模块:Public

[ 2016-09-07T09:49:41+08:00 ] ::1 /thinkphp_3.2.3/Public/Home/images/upload/1609060603302.jpg
INFO: [ app_init ] --START--
INFO: Run Behavior\BuildLiteBehavior [ RunTime:0.000020s ]
INFO: [ app_init ] --END-- [ RunTime:0.000096s ]
ERR: 无法加载模块:Public

[ 2016-09-07T09:49:41+08:00 ] ::1 /thinkphp_3.2.3/Public/Home/images/index_icon.jpg
INFO: [ app_init ] --START--
INFO: Run Behavior\BuildLiteBehavior [ RunTime:0.000019s ]
INFO: [ app_init ] --END-- [ RunTime:0.000105s ]
ERR: 无法加载模块:Public

[ 2016-09-07T09:54:17+08:00 ] ::1 /thinkphp_3.2.3/Public/Home/images/upload/1609060603302.jpg
INFO: [ app_init ] --START--
INFO: Run Behavior\BuildLiteBehavior [ RunTime:0.000013s ]
INFO: [ app_init ] --END-- [ RunTime:0.000066s ]
ERR: 无法加载模块:Public

[ 2016-09-07T09:54:18+08:00 ] ::1 /thinkphp_3.2.3/Public/Home/images/index_icon.jpg
INFO: [ app_init ] --START--
INFO: Run Behavior\BuildLiteBehavior [ RunTime:0.000028s ]
INFO: [ app_init ] --END-- [ RunTime:0.000153s ]
ERR: 无法加载模块:Public

[ 2016-09-07T09:54:20+08:00 ] ::1 /thinkphp_3.2.3/Public/Home/images/upload/1609060603302.jpg
INFO: [ app_init ] --START--
INFO: Run Behavior\BuildLiteBehavior [ RunTime:0.000025s ]
INFO: [ app_init ] --END-- [ RunTime:0.000134s ]
ERR: 无法加载模块:Public

[ 2016-09-07T09:54:20+08:00 ] ::1 /thinkphp_3.2.3/Public/Home/images/index_icon.jpg
INFO: [ app_init ] --START--
INFO: Run Behavior\BuildLiteBehavior [ RunTime:0.000041s ]
INFO: [ app_init ] --END-- [ RunTime:0.000199s ]
ERR: 无法加载模块:Public

[ 2016-09-07T09:59:54+08:00 ] ::1 /thinkphp_3.2.3/Public/Home/images/upload/1609060603302.jpg
INFO: [ app_init ] --START--
INFO: Run Behavior\BuildLiteBehavior [ RunTime:0.000012s ]
INFO: [ app_init ] --END-- [ RunTime:0.000062s ]
ERR: 无法加载模块:Public

[ 2016-09-07T09:59:54+08:00 ] ::1 /thinkphp_3.2.3/Public/Home/images/upload/1609060603302.jpg
INFO: [ app_init ] --START--
INFO: Run Behavior\BuildLiteBehavior [ RunTime:0.000020s ]
INFO: [ app_init ] --END-- [ RunTime:0.000109s ]
ERR: 无法加载模块:Public

[ 2016-09-07T09:59:54+08:00 ] ::1 /thinkphp_3.2.3/Public/Home/images/index_icon.jpg
INFO: [ app_init ] --START--
INFO: Run Behavior\BuildLiteBehavior [ RunTime:0.000013s ]
INFO: [ app_init ] --END-- [ RunTime:0.000070s ]
ERR: 无法加载模块:Public

[ 2016-09-07T10:00:56+08:00 ] ::1 /thinkphp_3.2.3/Public/Home/images/upload/1609060603302.jpg
INFO: [ app_init ] --START--
INFO: Run Behavior\BuildLiteBehavior [ RunTime:0.000015s ]
INFO: [ app_init ] --END-- [ RunTime:0.000072s ]
ERR: 无法加载模块:Public

[ 2016-09-07T10:00:56+08:00 ] ::1 /thinkphp_3.2.3/Public/Home/images/index_icon.jpg
INFO: [ app_init ] --START--
INFO: Run Behavior\BuildLiteBehavior [ RunTime:0.000033s ]
INFO: [ app_init ] --END-- [ RunTime:0.000121s ]
ERR: 无法加载模块:Public

[ 2016-09-07T10:02:59+08:00 ] ::1 /thinkphp_3.2.3/Public/Home/images/upload/1609060603302.jpg
INFO: [ app_init ] --START--
INFO: Run Behavior\BuildLiteBehavior [ RunTime:0.000014s ]
INFO: [ app_init ] --END-- [ RunTime:0.000069s ]
ERR: 无法加载模块:Public

[ 2016-09-07T10:02:59+08:00 ] ::1 /thinkphp_3.2.3/Public/Home/images/index_icon.jpg
INFO: [ app_init ] --START--
INFO: Run Behavior\BuildLiteBehavior [ RunTime:0.000013s ]
INFO: [ app_init ] --END-- [ RunTime:0.000072s ]
ERR: 无法加载模块:Public

[ 2016-09-07T10:04:37+08:00 ] ::1 /thinkphp_3.2.3/Public/Home/images/upload/1609060603302.jpg
INFO: [ app_init ] --START--
INFO: Run Behavior\BuildLiteBehavior [ RunTime:0.000013s ]
INFO: [ app_init ] --END-- [ RunTime:0.000060s ]
ERR: 无法加载模块:Public

[ 2016-09-07T10:04:37+08:00 ] ::1 /thinkphp_3.2.3/Public/Home/images/index_icon.jpg
INFO: [ app_init ] --START--
INFO: Run Behavior\BuildLiteBehavior [ RunTime:0.000016s ]
INFO: [ app_init ] --END-- [ RunTime:0.000110s ]
ERR: 无法加载模块:Public

[ 2016-09-07T10:05:44+08:00 ] ::1 /thinkphp_3.2.3/Public/Home/images/upload/1609060603302.jpg
INFO: [ app_init ] --START--
INFO: Run Behavior\BuildLiteBehavior [ RunTime:0.000015s ]
INFO: [ app_init ] --END-- [ RunTime:0.000081s ]
ERR: 无法加载模块:Public

[ 2016-09-07T10:05:44+08:00 ] ::1 /thinkphp_3.2.3/Public/Home/images/index_icon.jpg
INFO: [ app_init ] --START--
INFO: Run Behavior\BuildLiteBehavior [ RunTime:0.000013s ]
INFO: [ app_init ] --END-- [ RunTime:0.000064s ]
ERR: 无法加载模块:Public

[ 2016-09-07T10:16:44+08:00 ] ::1 /thinkphp_3.2.3/Public/Home/images/index_icon.jpg
INFO: [ app_init ] --START--
INFO: Run Behavior\BuildLiteBehavior [ RunTime:0.000019s ]
INFO: [ app_init ] --END-- [ RunTime:0.000104s ]
ERR: 无法加载模块:Public

[ 2016-09-07T16:42:29+08:00 ] ::1 /thinkphp_3.2.3/favicon.ico
INFO: [ app_init ] --START--
INFO: Run Behavior\BuildLiteBehavior [ RunTime:0.000015s ]
INFO: [ app_init ] --END-- [ RunTime:0.000079s ]
ERR: 无法加载模块:Favicon

