[ 2016-10-14T09:08:04+08:00 ] ::1 /uufenxiao/favicon.ico
INFO: [ app_init ] --START--
INFO: Run Behavior\BuildLiteBehavior [ RunTime:0.000012s ]
INFO: [ app_init ] --END-- [ RunTime:0.000080s ]
ERR: 无法加载模块:Favicon

[ 2016-10-14T09:08:32+08:00 ] ::1 /uufenxiao/pic/product/Thumb/6204.jpg
INFO: [ app_init ] --START--
INFO: Run Behavior\BuildLiteBehavior [ RunTime:0.000012s ]
INFO: [ app_init ] --END-- [ RunTime:0.000066s ]
ERR: 无法加载模块:Pic

[ 2016-10-14T09:08:32+08:00 ] ::1 /uufenxiao/Public/static/h-ui/images/gq/cn.gif
INFO: [ app_init ] --START--
INFO: Run Behavior\BuildLiteBehavior [ RunTime:0.000012s ]
INFO: [ app_init ] --END-- [ RunTime:0.000062s ]
ERR: 无法加载模块:Public

[ 2016-10-14T09:08:39+08:00 ] ::1 /uufenxiao/Public/lib/jquery/1.9.1/jquery.min.map
INFO: [ app_init ] --START--
INFO: Run Behavior\BuildLiteBehavior [ RunTime:0.000012s ]
INFO: [ app_init ] --END-- [ RunTime:0.000058s ]
ERR: 无法加载模块:Public

[ 2016-10-14T09:09:11+08:00 ] ::1 /uufenxiao/Public/static/h-ui/images/gq/cn.gif
INFO: [ app_init ] --START--
INFO: Run Behavior\BuildLiteBehavior [ RunTime:0.000018s ]
INFO: [ app_init ] --END-- [ RunTime:0.000095s ]
ERR: 无法加载模块:Public

[ 2016-10-14T09:09:11+08:00 ] ::1 /uufenxiao/pic/product/Thumb/6204.jpg
INFO: [ app_init ] --START--
INFO: Run Behavior\BuildLiteBehavior [ RunTime:0.000019s ]
INFO: [ app_init ] --END-- [ RunTime:0.000098s ]
ERR: 无法加载模块:Pic

[ 2016-10-14T09:12:23+08:00 ] ::1 /uufenxiao/pic/product/Thumb/6204.jpg
INFO: [ app_init ] --START--
INFO: Run Behavior\BuildLiteBehavior [ RunTime:0.000015s ]
INFO: [ app_init ] --END-- [ RunTime:0.000070s ]
ERR: 无法加载模块:Pic

[ 2016-10-14T09:12:23+08:00 ] ::1 /uufenxiao/Public/static/h-ui/images/gq/cn.gif
INFO: [ app_init ] --START--
INFO: Run Behavior\BuildLiteBehavior [ RunTime:0.000013s ]
INFO: [ app_init ] --END-- [ RunTime:0.000069s ]
ERR: 无法加载模块:Public

[ 2016-10-14T09:31:57+08:00 ] ::1 /uufenxiao/Public/static/h-ui/images/gq/cn.gif
INFO: [ app_init ] --START--
INFO: Run Behavior\BuildLiteBehavior [ RunTime:0.000018s ]
INFO: [ app_init ] --END-- [ RunTime:0.000097s ]
ERR: 无法加载模块:Public

[ 2016-10-14T09:31:57+08:00 ] ::1 /uufenxiao/pic/product/Thumb/6204.jpg
INFO: [ app_init ] --START--
INFO: Run Behavior\BuildLiteBehavior [ RunTime:0.000021s ]
INFO: [ app_init ] --END-- [ RunTime:0.000110s ]
ERR: 无法加载模块:Pic

[ 2016-10-14T09:31:59+08:00 ] ::1 /uufenxiao/Public/static/h-ui.admin/js/comment.js
INFO: [ app_init ] --START--
INFO: Run Behavior\BuildLiteBehavior [ RunTime:0.000020s ]
INFO: [ app_init ] --END-- [ RunTime:0.000107s ]
ERR: 无法加载模块:Public

[ 2016-10-14T09:31:59+08:00 ] ::1 /uufenxiao/Public/static/h-ui.admin/js/comment.js
INFO: [ app_init ] --START--
INFO: Run Behavior\BuildLiteBehavior [ RunTime:0.000015s ]
INFO: [ app_init ] --END-- [ RunTime:0.000073s ]
ERR: 无法加载模块:Public

[ 2016-10-14T09:32:37+08:00 ] ::1 /uufenxiao/pic/product/Thumb/6204.jpg
INFO: [ app_init ] --START--
INFO: Run Behavior\BuildLiteBehavior [ RunTime:0.000023s ]
INFO: [ app_init ] --END-- [ RunTime:0.000133s ]
ERR: 无法加载模块:Pic

[ 2016-10-14T09:32:38+08:00 ] ::1 /uufenxiao/Public/static/h-ui/images/gq/cn.gif
INFO: [ app_init ] --START--
INFO: Run Behavior\BuildLiteBehavior [ RunTime:0.000019s ]
INFO: [ app_init ] --END-- [ RunTime:0.000104s ]
ERR: 无法加载模块:Public

[ 2016-10-14T09:32:40+08:00 ] ::1 /uufenxiao/Public/static/h-ui.admin/js/comment.js
INFO: [ app_init ] --START--
INFO: Run Behavior\BuildLiteBehavior [ RunTime:0.000020s ]
INFO: [ app_init ] --END-- [ RunTime:0.000112s ]
ERR: 无法加载模块:Public

[ 2016-10-14T09:32:40+08:00 ] ::1 /uufenxiao/Public/static/h-ui.admin/js/comment.js
INFO: [ app_init ] --START--
INFO: Run Behavior\BuildLiteBehavior [ RunTime:0.000027s ]
INFO: [ app_init ] --END-- [ RunTime:0.000146s ]
ERR: 无法加载模块:Public

[ 2016-10-14T09:33:19+08:00 ] ::1 /uufenxiao/pic/product/Thumb/6204.jpg
INFO: [ app_init ] --START--
INFO: Run Behavior\BuildLiteBehavior [ RunTime:0.000050s ]
INFO: [ app_init ] --END-- [ RunTime:0.000234s ]
ERR: 无法加载模块:Pic

[ 2016-10-14T09:33:19+08:00 ] ::1 /uufenxiao/Public/static/h-ui/images/gq/cn.gif
INFO: [ app_init ] --START--
INFO: Run Behavior\BuildLiteBehavior [ RunTime:0.000021s ]
INFO: [ app_init ] --END-- [ RunTime:0.000100s ]
ERR: 无法加载模块:Public

[ 2016-10-14T09:33:21+08:00 ] ::1 /uufenxiao/Public/static/h-ui.admin/js/comment.js
INFO: [ app_init ] --START--
INFO: Run Behavior\BuildLiteBehavior [ RunTime:0.000020s ]
INFO: [ app_init ] --END-- [ RunTime:0.000108s ]
ERR: 无法加载模块:Public

[ 2016-10-14T09:33:22+08:00 ] ::1 /uufenxiao/Public/static/h-ui.admin/js/comment.js
INFO: [ app_init ] --START--
INFO: Run Behavior\BuildLiteBehavior [ RunTime:0.000025s ]
INFO: [ app_init ] --END-- [ RunTime:0.000138s ]
ERR: 无法加载模块:Public

[ 2016-10-14T09:35:13+08:00 ] ::1 /uufenxiao/pic/product/Thumb/6204.jpg
INFO: [ app_init ] --START--
INFO: Run Behavior\BuildLiteBehavior [ RunTime:0.000020s ]
INFO: [ app_init ] --END-- [ RunTime:0.000111s ]
ERR: 无法加载模块:Pic

[ 2016-10-14T09:35:13+08:00 ] ::1 /uufenxiao/Public/static/h-ui/images/gq/cn.gif
INFO: [ app_init ] --START--
INFO: Run Behavior\BuildLiteBehavior [ RunTime:0.000047s ]
INFO: [ app_init ] --END-- [ RunTime:0.000209s ]
ERR: 无法加载模块:Public

[ 2016-10-14T09:35:14+08:00 ] ::1 /uufenxiao/Public/static/h-ui.admin/js/comment.js
INFO: [ app_init ] --START--
INFO: Run Behavior\BuildLiteBehavior [ RunTime:0.000021s ]
INFO: [ app_init ] --END-- [ RunTime:0.000124s ]
ERR: 无法加载模块:Public

[ 2016-10-14T09:35:15+08:00 ] ::1 /uufenxiao/Public/static/h-ui.admin/js/comment.js
INFO: [ app_init ] --START--
INFO: Run Behavior\BuildLiteBehavior [ RunTime:0.000020s ]
INFO: [ app_init ] --END-- [ RunTime:0.000114s ]
ERR: 无法加载模块:Public

[ 2016-10-14T09:35:20+08:00 ] ::1 /uufenxiao/pic/product/Thumb/6204.jpg
INFO: [ app_init ] --START--
INFO: Run Behavior\BuildLiteBehavior [ RunTime:0.000023s ]
INFO: [ app_init ] --END-- [ RunTime:0.000122s ]
ERR: 无法加载模块:Pic

[ 2016-10-14T09:35:20+08:00 ] ::1 /uufenxiao/Public/static/h-ui/images/gq/cn.gif
INFO: [ app_init ] --START--
INFO: Run Behavior\BuildLiteBehavior [ RunTime:0.000026s ]
INFO: [ app_init ] --END-- [ RunTime:0.000109s ]
ERR: 无法加载模块:Public

[ 2016-10-14T09:35:29+08:00 ] ::1 /uufenxiao/Public/static/h-ui.admin/js/comment.js
INFO: [ app_init ] --START--
INFO: Run Behavior\BuildLiteBehavior [ RunTime:0.000021s ]
INFO: [ app_init ] --END-- [ RunTime:0.000107s ]
ERR: 无法加载模块:Public

[ 2016-10-14T09:35:29+08:00 ] ::1 /uufenxiao/Public/static/h-ui.admin/js/comment.js
INFO: [ app_init ] --START--
INFO: Run Behavior\BuildLiteBehavior [ RunTime:0.000014s ]
INFO: [ app_init ] --END-- [ RunTime:0.000065s ]
ERR: 无法加载模块:Public

[ 2016-10-14T10:11:12+08:00 ] ::1 /uufenxiao/pic/product/Thumb/6204.jpg
INFO: [ app_init ] --START--
INFO: Run Behavior\BuildLiteBehavior [ RunTime:0.000015s ]
INFO: [ app_init ] --END-- [ RunTime:0.000077s ]
ERR: 无法加载模块:Pic

[ 2016-10-14T10:11:12+08:00 ] ::1 /uufenxiao/Public/static/h-ui/images/gq/cn.gif
INFO: [ app_init ] --START--
INFO: Run Behavior\BuildLiteBehavior [ RunTime:0.000015s ]
INFO: [ app_init ] --END-- [ RunTime:0.000076s ]
ERR: 无法加载模块:Public

[ 2016-10-14T10:11:13+08:00 ] ::1 /uufenxiao/Public/static/h-ui.admin/js/comment.js
INFO: [ app_init ] --START--
INFO: Run Behavior\BuildLiteBehavior [ RunTime:0.000012s ]
INFO: [ app_init ] --END-- [ RunTime:0.000064s ]
ERR: 无法加载模块:Public

[ 2016-10-14T10:11:13+08:00 ] ::1 /uufenxiao/Public/static/h-ui.admin/js/comment.js
INFO: [ app_init ] --START--
INFO: Run Behavior\BuildLiteBehavior [ RunTime:0.000012s ]
INFO: [ app_init ] --END-- [ RunTime:0.000063s ]
ERR: 无法加载模块:Public

[ 2016-10-14T10:12:09+08:00 ] ::1 /uufenxiao/pic/product/Thumb/6204.jpg
INFO: [ app_init ] --START--
INFO: Run Behavior\BuildLiteBehavior [ RunTime:0.000014s ]
INFO: [ app_init ] --END-- [ RunTime:0.000068s ]
ERR: 无法加载模块:Pic

[ 2016-10-14T10:12:09+08:00 ] ::1 /uufenxiao/Public/static/h-ui/images/gq/cn.gif
INFO: [ app_init ] --START--
INFO: Run Behavior\BuildLiteBehavior [ RunTime:0.000018s ]
INFO: [ app_init ] --END-- [ RunTime:0.000086s ]
ERR: 无法加载模块:Public

[ 2016-10-14T10:12:13+08:00 ] ::1 /uufenxiao/Public/static/h-ui/images/gq/cn.gif
INFO: [ app_init ] --START--
INFO: Run Behavior\BuildLiteBehavior [ RunTime:0.000016s ]
INFO: [ app_init ] --END-- [ RunTime:0.000084s ]
ERR: 无法加载模块:Public

[ 2016-10-14T10:12:13+08:00 ] ::1 /uufenxiao/pic/product/Thumb/6204.jpg
INFO: [ app_init ] --START--
INFO: Run Behavior\BuildLiteBehavior [ RunTime:0.000020s ]
INFO: [ app_init ] --END-- [ RunTime:0.000099s ]
ERR: 无法加载模块:Pic

[ 2016-10-14T10:12:19+08:00 ] ::1 /uufenxiao/pic/product/Thumb/6204.jpg
INFO: [ app_init ] --START--
INFO: Run Behavior\BuildLiteBehavior [ RunTime:0.000012s ]
INFO: [ app_init ] --END-- [ RunTime:0.000058s ]
ERR: 无法加载模块:Pic

[ 2016-10-14T10:12:19+08:00 ] ::1 /uufenxiao/Public/static/h-ui/images/gq/cn.gif
INFO: [ app_init ] --START--
INFO: Run Behavior\BuildLiteBehavior [ RunTime:0.000012s ]
INFO: [ app_init ] --END-- [ RunTime:0.000058s ]
ERR: 无法加载模块:Public

[ 2016-10-14T10:12:27+08:00 ] ::1 /uufenxiao/pic/product/Thumb/6204.jpg
INFO: [ app_init ] --START--
INFO: Run Behavior\BuildLiteBehavior [ RunTime:0.000022s ]
INFO: [ app_init ] --END-- [ RunTime:0.000108s ]
ERR: 无法加载模块:Pic

[ 2016-10-14T10:12:27+08:00 ] ::1 /uufenxiao/Public/static/h-ui/images/gq/cn.gif
INFO: [ app_init ] --START--
INFO: Run Behavior\BuildLiteBehavior [ RunTime:0.000013s ]
INFO: [ app_init ] --END-- [ RunTime:0.000063s ]
ERR: 无法加载模块:Public

[ 2016-10-14T10:12:29+08:00 ] ::1 /uufenxiao/Public/static/h-ui.admin/js/comment.js
INFO: [ app_init ] --START--
INFO: Run Behavior\BuildLiteBehavior [ RunTime:0.000013s ]
INFO: [ app_init ] --END-- [ RunTime:0.000061s ]
ERR: 无法加载模块:Public

[ 2016-10-14T10:12:29+08:00 ] ::1 /uufenxiao/Public/static/h-ui.admin/js/comment.js
INFO: [ app_init ] --START--
INFO: Run Behavior\BuildLiteBehavior [ RunTime:0.000013s ]
INFO: [ app_init ] --END-- [ RunTime:0.000075s ]
ERR: 无法加载模块:Public

[ 2016-10-14T10:16:14+08:00 ] ::1 /uufenxiao/pic/product/Thumb/6204.jpg
INFO: [ app_init ] --START--
INFO: Run Behavior\BuildLiteBehavior [ RunTime:0.000022s ]
INFO: [ app_init ] --END-- [ RunTime:0.000127s ]
ERR: 无法加载模块:Pic

[ 2016-10-14T10:16:14+08:00 ] ::1 /uufenxiao/Public/static/h-ui/images/gq/cn.gif
INFO: [ app_init ] --START--
INFO: Run Behavior\BuildLiteBehavior [ RunTime:0.000013s ]
INFO: [ app_init ] --END-- [ RunTime:0.000066s ]
ERR: 无法加载模块:Public

[ 2016-10-14T10:16:17+08:00 ] ::1 /uufenxiao/Public/static/h-ui.admin/js/comment.js
INFO: [ app_init ] --START--
INFO: Run Behavior\BuildLiteBehavior [ RunTime:0.000012s ]
INFO: [ app_init ] --END-- [ RunTime:0.000064s ]
ERR: 无法加载模块:Public

[ 2016-10-14T10:16:18+08:00 ] ::1 /uufenxiao/Public/static/h-ui.admin/js/comment.js
INFO: [ app_init ] --START--
INFO: Run Behavior\BuildLiteBehavior [ RunTime:0.000018s ]
INFO: [ app_init ] --END-- [ RunTime:0.000089s ]
ERR: 无法加载模块:Public

[ 2016-10-14T10:19:28+08:00 ] ::1 /uufenxiao/pic/product/Thumb/6204.jpg
INFO: [ app_init ] --START--
INFO: Run Behavior\BuildLiteBehavior [ RunTime:0.000012s ]
INFO: [ app_init ] --END-- [ RunTime:0.000066s ]
ERR: 无法加载模块:Pic

[ 2016-10-14T10:19:28+08:00 ] ::1 /uufenxiao/Public/static/h-ui/images/gq/cn.gif
INFO: [ app_init ] --START--
INFO: Run Behavior\BuildLiteBehavior [ RunTime:0.000014s ]
INFO: [ app_init ] --END-- [ RunTime:0.000070s ]
ERR: 无法加载模块:Public

[ 2016-10-14T10:19:30+08:00 ] ::1 /uufenxiao/Public/static/h-ui.admin/js/comment.js
INFO: [ app_init ] --START--
INFO: Run Behavior\BuildLiteBehavior [ RunTime:0.000021s ]
INFO: [ app_init ] --END-- [ RunTime:0.000106s ]
ERR: 无法加载模块:Public

[ 2016-10-14T10:19:30+08:00 ] ::1 /uufenxiao/Public/static/h-ui.admin/js/comment.js
INFO: [ app_init ] --START--
INFO: Run Behavior\BuildLiteBehavior [ RunTime:0.000012s ]
INFO: [ app_init ] --END-- [ RunTime:0.000058s ]
ERR: 无法加载模块:Public

[ 2016-10-14T10:29:08+08:00 ] ::1 /uufenxiao/Public/static/h-ui/images/gq/cn.gif
INFO: [ app_init ] --START--
INFO: Run Behavior\BuildLiteBehavior [ RunTime:0.000022s ]
INFO: [ app_init ] --END-- [ RunTime:0.000098s ]
ERR: 无法加载模块:Public

[ 2016-10-14T10:29:08+08:00 ] ::1 /uufenxiao/pic/product/Thumb/6204.jpg
INFO: [ app_init ] --START--
INFO: Run Behavior\BuildLiteBehavior [ RunTime:0.000012s ]
INFO: [ app_init ] --END-- [ RunTime:0.000062s ]
ERR: 无法加载模块:Pic

[ 2016-10-14T10:29:09+08:00 ] ::1 /uufenxiao/Public/static/h-ui.admin/js/comment.js
INFO: [ app_init ] --START--
INFO: Run Behavior\BuildLiteBehavior [ RunTime:0.000020s ]
INFO: [ app_init ] --END-- [ RunTime:0.000107s ]
ERR: 无法加载模块:Public

[ 2016-10-14T10:29:09+08:00 ] ::1 /uufenxiao/Public/static/h-ui.admin/js/comment.js
INFO: [ app_init ] --START--
INFO: Run Behavior\BuildLiteBehavior [ RunTime:0.000014s ]
INFO: [ app_init ] --END-- [ RunTime:0.000067s ]
ERR: 无法加载模块:Public

[ 2016-10-14T10:30:32+08:00 ] ::1 /uufenxiao/Public/static/h-ui/images/gq/cn.gif
INFO: [ app_init ] --START--
INFO: Run Behavior\BuildLiteBehavior [ RunTime:0.000011s ]
INFO: [ app_init ] --END-- [ RunTime:0.000061s ]
ERR: 无法加载模块:Public

[ 2016-10-14T10:30:32+08:00 ] ::1 /uufenxiao/pic/product/Thumb/6204.jpg
INFO: [ app_init ] --START--
INFO: Run Behavior\BuildLiteBehavior [ RunTime:0.000018s ]
INFO: [ app_init ] --END-- [ RunTime:0.000094s ]
ERR: 无法加载模块:Pic

[ 2016-10-14T10:30:34+08:00 ] ::1 /uufenxiao/Public/static/h-ui.admin/js/comment.js
INFO: [ app_init ] --START--
INFO: Run Behavior\BuildLiteBehavior [ RunTime:0.000015s ]
INFO: [ app_init ] --END-- [ RunTime:0.000074s ]
ERR: 无法加载模块:Public

[ 2016-10-14T10:30:35+08:00 ] ::1 /uufenxiao/Public/static/h-ui.admin/js/comment.js
INFO: [ app_init ] --START--
INFO: Run Behavior\BuildLiteBehavior [ RunTime:0.000041s ]
INFO: [ app_init ] --END-- [ RunTime:0.000210s ]
ERR: 无法加载模块:Public

[ 2016-10-14T10:33:57+08:00 ] ::1 /uufenxiao/pic/product/Thumb/6204.jpg
INFO: [ app_init ] --START--
INFO: Run Behavior\BuildLiteBehavior [ RunTime:0.000021s ]
INFO: [ app_init ] --END-- [ RunTime:0.000106s ]
ERR: 无法加载模块:Pic

[ 2016-10-14T10:33:57+08:00 ] ::1 /uufenxiao/Public/static/h-ui/images/gq/cn.gif
INFO: [ app_init ] --START--
INFO: Run Behavior\BuildLiteBehavior [ RunTime:0.000059s ]
INFO: [ app_init ] --END-- [ RunTime:0.000180s ]
ERR: 无法加载模块:Public

[ 2016-10-14T10:33:59+08:00 ] ::1 /uufenxiao/Public/static/h-ui.admin/js/comment.js
INFO: [ app_init ] --START--
INFO: Run Behavior\BuildLiteBehavior [ RunTime:0.000026s ]
INFO: [ app_init ] --END-- [ RunTime:0.000136s ]
ERR: 无法加载模块:Public

[ 2016-10-14T10:34:00+08:00 ] ::1 /uufenxiao/Public/static/h-ui.admin/js/comment.js
INFO: [ app_init ] --START--
INFO: Run Behavior\BuildLiteBehavior [ RunTime:0.000018s ]
INFO: [ app_init ] --END-- [ RunTime:0.000094s ]
ERR: 无法加载模块:Public

[ 2016-10-14T10:35:16+08:00 ] ::1 /uufenxiao/Public/static/h-ui/images/gq/cn.gif
INFO: [ app_init ] --START--
INFO: Run Behavior\BuildLiteBehavior [ RunTime:0.000018s ]
INFO: [ app_init ] --END-- [ RunTime:0.000088s ]
ERR: 无法加载模块:Public

[ 2016-10-14T10:35:16+08:00 ] ::1 /uufenxiao/pic/product/Thumb/6204.jpg
INFO: [ app_init ] --START--
INFO: Run Behavior\BuildLiteBehavior [ RunTime:0.000020s ]
INFO: [ app_init ] --END-- [ RunTime:0.000116s ]
ERR: 无法加载模块:Pic

[ 2016-10-14T10:35:17+08:00 ] ::1 /uufenxiao/Public/static/h-ui.admin/js/comment.js
INFO: [ app_init ] --START--
INFO: Run Behavior\BuildLiteBehavior [ RunTime:0.000012s ]
INFO: [ app_init ] --END-- [ RunTime:0.000064s ]
ERR: 无法加载模块:Public

[ 2016-10-14T10:35:17+08:00 ] ::1 /uufenxiao/Public/static/h-ui.admin/js/comment.js
INFO: [ app_init ] --START--
INFO: Run Behavior\BuildLiteBehavior [ RunTime:0.000014s ]
INFO: [ app_init ] --END-- [ RunTime:0.000079s ]
ERR: 无法加载模块:Public

[ 2016-10-14T10:37:27+08:00 ] ::1 /uufenxiao/pic/product/Thumb/6204.jpg
INFO: [ app_init ] --START--
INFO: Run Behavior\BuildLiteBehavior [ RunTime:0.000022s ]
INFO: [ app_init ] --END-- [ RunTime:0.000113s ]
ERR: 无法加载模块:Pic

[ 2016-10-14T10:37:27+08:00 ] ::1 /uufenxiao/Public/static/h-ui/images/gq/cn.gif
INFO: [ app_init ] --START--
INFO: Run Behavior\BuildLiteBehavior [ RunTime:0.000022s ]
INFO: [ app_init ] --END-- [ RunTime:0.000111s ]
ERR: 无法加载模块:Public

[ 2016-10-14T10:37:29+08:00 ] ::1 /uufenxiao/Public/static/h-ui.admin/js/comment.js
INFO: [ app_init ] --START--
INFO: Run Behavior\BuildLiteBehavior [ RunTime:0.000020s ]
INFO: [ app_init ] --END-- [ RunTime:0.000101s ]
ERR: 无法加载模块:Public

[ 2016-10-14T10:37:30+08:00 ] ::1 /uufenxiao/Public/static/h-ui.admin/js/comment.js
INFO: [ app_init ] --START--
INFO: Run Behavior\BuildLiteBehavior [ RunTime:0.000013s ]
INFO: [ app_init ] --END-- [ RunTime:0.000063s ]
ERR: 无法加载模块:Public

[ 2016-10-14T10:40:42+08:00 ] ::1 /uufenxiao/pic/product/Thumb/6204.jpg
INFO: [ app_init ] --START--
INFO: Run Behavior\BuildLiteBehavior [ RunTime:0.000014s ]
INFO: [ app_init ] --END-- [ RunTime:0.000068s ]
ERR: 无法加载模块:Pic

[ 2016-10-14T10:40:42+08:00 ] ::1 /uufenxiao/Public/static/h-ui/images/gq/cn.gif
INFO: [ app_init ] --START--
INFO: Run Behavior\BuildLiteBehavior [ RunTime:0.000014s ]
INFO: [ app_init ] --END-- [ RunTime:0.000072s ]
ERR: 无法加载模块:Public

[ 2016-10-14T10:40:48+08:00 ] ::1 /uufenxiao/Public/static/h-ui.admin/js/comment.js
INFO: [ app_init ] --START--
INFO: Run Behavior\BuildLiteBehavior [ RunTime:0.000014s ]
INFO: [ app_init ] --END-- [ RunTime:0.000070s ]
ERR: 无法加载模块:Public

[ 2016-10-14T10:40:48+08:00 ] ::1 /uufenxiao/Public/static/h-ui.admin/js/comment.js
INFO: [ app_init ] --START--
INFO: Run Behavior\BuildLiteBehavior [ RunTime:0.000012s ]
INFO: [ app_init ] --END-- [ RunTime:0.000058s ]
ERR: 无法加载模块:Public

[ 2016-10-14T10:46:32+08:00 ] ::1 /uufenxiao/pic/product/Thumb/6204.jpg
INFO: [ app_init ] --START--
INFO: Run Behavior\BuildLiteBehavior [ RunTime:0.000020s ]
INFO: [ app_init ] --END-- [ RunTime:0.000096s ]
ERR: 无法加载模块:Pic

[ 2016-10-14T10:46:32+08:00 ] ::1 /uufenxiao/Public/static/h-ui/images/gq/cn.gif
INFO: [ app_init ] --START--
INFO: Run Behavior\BuildLiteBehavior [ RunTime:0.000020s ]
INFO: [ app_init ] --END-- [ RunTime:0.000101s ]
ERR: 无法加载模块:Public

[ 2016-10-14T10:46:33+08:00 ] ::1 /uufenxiao/Public/static/h-ui.admin/js/comment.js
INFO: [ app_init ] --START--
INFO: Run Behavior\BuildLiteBehavior [ RunTime:0.000013s ]
INFO: [ app_init ] --END-- [ RunTime:0.000064s ]
ERR: 无法加载模块:Public

[ 2016-10-14T10:46:34+08:00 ] ::1 /uufenxiao/Public/static/h-ui.admin/js/comment.js
INFO: [ app_init ] --START--
INFO: Run Behavior\BuildLiteBehavior [ RunTime:0.000014s ]
INFO: [ app_init ] --END-- [ RunTime:0.000076s ]
ERR: 无法加载模块:Public

[ 2016-10-14T10:48:58+08:00 ] ::1 /uufenxiao/pic/product/Thumb/6204.jpg
INFO: [ app_init ] --START--
INFO: Run Behavior\BuildLiteBehavior [ RunTime:0.000018s ]
INFO: [ app_init ] --END-- [ RunTime:0.000092s ]
ERR: 无法加载模块:Pic

[ 2016-10-14T10:48:58+08:00 ] ::1 /uufenxiao/Public/static/h-ui/images/gq/cn.gif
INFO: [ app_init ] --START--
INFO: Run Behavior\BuildLiteBehavior [ RunTime:0.000014s ]
INFO: [ app_init ] --END-- [ RunTime:0.000079s ]
ERR: 无法加载模块:Public

[ 2016-10-14T10:49:00+08:00 ] ::1 /uufenxiao/Public/static/h-ui.admin/js/comment.js
INFO: [ app_init ] --START--
INFO: Run Behavior\BuildLiteBehavior [ RunTime:0.000013s ]
INFO: [ app_init ] --END-- [ RunTime:0.000067s ]
ERR: 无法加载模块:Public

[ 2016-10-14T10:49:00+08:00 ] ::1 /uufenxiao/Public/static/h-ui.admin/js/comment.js
INFO: [ app_init ] --START--
INFO: Run Behavior\BuildLiteBehavior [ RunTime:0.000013s ]
INFO: [ app_init ] --END-- [ RunTime:0.000066s ]
ERR: 无法加载模块:Public

[ 2016-10-14T10:51:42+08:00 ] ::1 /uufenxiao/Public/lib/jquery/1.9.1/jquery.min.map
INFO: [ app_init ] --START--
INFO: Run Behavior\BuildLiteBehavior [ RunTime:0.000022s ]
INFO: [ app_init ] --END-- [ RunTime:0.000108s ]
ERR: 无法加载模块:Public

[ 2016-10-14T10:51:45+08:00 ] ::1 /uufenxiao/pic/product/Thumb/6204.jpg
INFO: [ app_init ] --START--
INFO: Run Behavior\BuildLiteBehavior [ RunTime:0.000020s ]
INFO: [ app_init ] --END-- [ RunTime:0.000103s ]
ERR: 无法加载模块:Pic

[ 2016-10-14T10:51:45+08:00 ] ::1 /uufenxiao/Public/static/h-ui/images/gq/cn.gif
INFO: [ app_init ] --START--
INFO: Run Behavior\BuildLiteBehavior [ RunTime:0.000019s ]
INFO: [ app_init ] --END-- [ RunTime:0.000107s ]
ERR: 无法加载模块:Public

[ 2016-10-14T10:51:46+08:00 ] ::1 /uufenxiao/Public/static/h-ui.admin/js/comment.js
INFO: [ app_init ] --START--
INFO: Run Behavior\BuildLiteBehavior [ RunTime:0.000013s ]
INFO: [ app_init ] --END-- [ RunTime:0.000070s ]
ERR: 无法加载模块:Public

[ 2016-10-14T10:51:46+08:00 ] ::1 /uufenxiao/Public/static/h-ui.admin/js/comment.js
INFO: [ app_init ] --START--
INFO: Run Behavior\BuildLiteBehavior [ RunTime:0.000019s ]
INFO: [ app_init ] --END-- [ RunTime:0.000090s ]
ERR: 无法加载模块:Public

[ 2016-10-14T11:58:59+08:00 ] ::1 /uufenxiao/pic/product/Thumb/6204.jpg
INFO: [ app_init ] --START--
INFO: Run Behavior\BuildLiteBehavior [ RunTime:0.000014s ]
INFO: [ app_init ] --END-- [ RunTime:0.000073s ]
ERR: 无法加载模块:Pic

[ 2016-10-14T11:58:59+08:00 ] ::1 /uufenxiao/Public/static/h-ui/images/gq/cn.gif
INFO: [ app_init ] --START--
INFO: Run Behavior\BuildLiteBehavior [ RunTime:0.000014s ]
INFO: [ app_init ] --END-- [ RunTime:0.000071s ]
ERR: 无法加载模块:Public

[ 2016-10-14T11:59:01+08:00 ] ::1 /uufenxiao/Public/static/h-ui.admin/js/comment.js
INFO: [ app_init ] --START--
INFO: Run Behavior\BuildLiteBehavior [ RunTime:0.000014s ]
INFO: [ app_init ] --END-- [ RunTime:0.000063s ]
ERR: 无法加载模块:Public

[ 2016-10-14T11:59:02+08:00 ] ::1 /uufenxiao/Public/static/h-ui.admin/js/comment.js
INFO: [ app_init ] --START--
INFO: Run Behavior\BuildLiteBehavior [ RunTime:0.000022s ]
INFO: [ app_init ] --END-- [ RunTime:0.000144s ]
ERR: 无法加载模块:Public

[ 2016-10-14T13:13:46+08:00 ] ::1 /uufenxiao/pic/product/Thumb/6204.jpg
INFO: [ app_init ] --START--
INFO: Run Behavior\BuildLiteBehavior [ RunTime:0.000013s ]
INFO: [ app_init ] --END-- [ RunTime:0.000064s ]
ERR: 无法加载模块:Pic

[ 2016-10-14T13:13:46+08:00 ] ::1 /uufenxiao/Public/static/h-ui/images/gq/cn.gif
INFO: [ app_init ] --START--
INFO: Run Behavior\BuildLiteBehavior [ RunTime:0.000012s ]
INFO: [ app_init ] --END-- [ RunTime:0.000067s ]
ERR: 无法加载模块:Public

[ 2016-10-14T13:13:47+08:00 ] ::1 /uufenxiao/Public/static/h-ui.admin/js/comment.js
INFO: [ app_init ] --START--
INFO: Run Behavior\BuildLiteBehavior [ RunTime:0.000012s ]
INFO: [ app_init ] --END-- [ RunTime:0.000068s ]
ERR: 无法加载模块:Public

[ 2016-10-14T13:13:48+08:00 ] ::1 /uufenxiao/Public/static/h-ui.admin/js/comment.js
INFO: [ app_init ] --START--
INFO: Run Behavior\BuildLiteBehavior [ RunTime:0.000014s ]
INFO: [ app_init ] --END-- [ RunTime:0.000067s ]
ERR: 无法加载模块:Public

[ 2016-10-14T13:25:39+08:00 ] ::1 /uufenxiao/pic/product/Thumb/6204.jpg
INFO: [ app_init ] --START--
INFO: Run Behavior\BuildLiteBehavior [ RunTime:0.000024s ]
INFO: [ app_init ] --END-- [ RunTime:0.000118s ]
ERR: 无法加载模块:Pic

[ 2016-10-14T13:25:39+08:00 ] ::1 /uufenxiao/Public/static/h-ui/images/gq/cn.gif
INFO: [ app_init ] --START--
INFO: Run Behavior\BuildLiteBehavior [ RunTime:0.000020s ]
INFO: [ app_init ] --END-- [ RunTime:0.000111s ]
ERR: 无法加载模块:Public

[ 2016-10-14T13:25:41+08:00 ] ::1 /uufenxiao/Public/static/h-ui.admin/js/comment.js
INFO: [ app_init ] --START--
INFO: Run Behavior\BuildLiteBehavior [ RunTime:0.000012s ]
INFO: [ app_init ] --END-- [ RunTime:0.000059s ]
ERR: 无法加载模块:Public

[ 2016-10-14T13:25:41+08:00 ] ::1 /uufenxiao/Public/static/h-ui.admin/js/comment.js
INFO: [ app_init ] --START--
INFO: Run Behavior\BuildLiteBehavior [ RunTime:0.000013s ]
INFO: [ app_init ] --END-- [ RunTime:0.000063s ]
ERR: 无法加载模块:Public

[ 2016-10-14T13:28:46+08:00 ] ::1 /uufenxiao/pic/product/Thumb/6204.jpg
INFO: [ app_init ] --START--
INFO: Run Behavior\BuildLiteBehavior [ RunTime:0.000022s ]
INFO: [ app_init ] --END-- [ RunTime:0.000114s ]
ERR: 无法加载模块:Pic

[ 2016-10-14T13:28:46+08:00 ] ::1 /uufenxiao/Public/static/h-ui/images/gq/cn.gif
INFO: [ app_init ] --START--
INFO: Run Behavior\BuildLiteBehavior [ RunTime:0.000014s ]
INFO: [ app_init ] --END-- [ RunTime:0.000070s ]
ERR: 无法加载模块:Public

[ 2016-10-14T13:44:23+08:00 ] ::1 /uufenxiao/pic/product/Thumb/6204.jpg
INFO: [ app_init ] --START--
INFO: Run Behavior\BuildLiteBehavior [ RunTime:0.000021s ]
INFO: [ app_init ] --END-- [ RunTime:0.000101s ]
ERR: 无法加载模块:Pic

[ 2016-10-14T13:44:23+08:00 ] ::1 /uufenxiao/Public/static/h-ui/images/gq/cn.gif
INFO: [ app_init ] --START--
INFO: Run Behavior\BuildLiteBehavior [ RunTime:0.000013s ]
INFO: [ app_init ] --END-- [ RunTime:0.000065s ]
ERR: 无法加载模块:Public

[ 2016-10-14T13:44:32+08:00 ] ::1 /uufenxiao/Public/static/h-ui/images/gq/cn.gif
INFO: [ app_init ] --START--
INFO: Run Behavior\BuildLiteBehavior [ RunTime:0.000019s ]
INFO: [ app_init ] --END-- [ RunTime:0.000101s ]
ERR: 无法加载模块:Public

[ 2016-10-14T13:44:32+08:00 ] ::1 /uufenxiao/pic/product/Thumb/6204.jpg
INFO: [ app_init ] --START--
INFO: Run Behavior\BuildLiteBehavior [ RunTime:0.000018s ]
INFO: [ app_init ] --END-- [ RunTime:0.000098s ]
ERR: 无法加载模块:Pic

[ 2016-10-14T13:56:02+08:00 ] ::1 /uufenxiao/Public/lib/jquery/1.9.1/jquery.min.map
INFO: [ app_init ] --START--
INFO: Run Behavior\BuildLiteBehavior [ RunTime:0.000012s ]
INFO: [ app_init ] --END-- [ RunTime:0.000060s ]
ERR: 无法加载模块:Public

[ 2016-10-14T13:57:21+08:00 ] ::1 /uufenxiao/Public/lib/jquery/1.9.1/jquery.min.map
INFO: [ app_init ] --START--
INFO: Run Behavior\BuildLiteBehavior [ RunTime:0.000018s ]
INFO: [ app_init ] --END-- [ RunTime:0.000087s ]
ERR: 无法加载模块:Public

[ 2016-10-14T13:58:02+08:00 ] ::1 /uufenxiao/Public/lib/jquery/1.9.1/jquery.min.map
INFO: [ app_init ] --START--
INFO: Run Behavior\BuildLiteBehavior [ RunTime:0.000013s ]
INFO: [ app_init ] --END-- [ RunTime:0.000077s ]
ERR: 无法加载模块:Public

[ 2016-10-14T13:58:52+08:00 ] ::1 /uufenxiao/Public/lib/jquery/1.9.1/jquery.min.map
INFO: [ app_init ] --START--
INFO: Run Behavior\BuildLiteBehavior [ RunTime:0.000013s ]
INFO: [ app_init ] --END-- [ RunTime:0.000064s ]
ERR: 无法加载模块:Public

[ 2016-10-14T13:59:40+08:00 ] ::1 /uufenxiao/Public/lib/jquery/1.9.1/jquery.min.map
INFO: [ app_init ] --START--
INFO: Run Behavior\BuildLiteBehavior [ RunTime:0.000013s ]
INFO: [ app_init ] --END-- [ RunTime:0.000067s ]
ERR: 无法加载模块:Public

[ 2016-10-14T14:01:30+08:00 ] ::1 /uufenxiao/pic/product/Thumb/6204.jpg
INFO: [ app_init ] --START--
INFO: Run Behavior\BuildLiteBehavior [ RunTime:0.000013s ]
INFO: [ app_init ] --END-- [ RunTime:0.000067s ]
ERR: 无法加载模块:Pic

[ 2016-10-14T14:01:30+08:00 ] ::1 /uufenxiao/Public/static/h-ui/images/gq/cn.gif
INFO: [ app_init ] --START--
INFO: Run Behavior\BuildLiteBehavior [ RunTime:0.000020s ]
INFO: [ app_init ] --END-- [ RunTime:0.000108s ]
ERR: 无法加载模块:Public

[ 2016-10-14T14:01:57+08:00 ] ::1 /uufenxiao/product-show.html
INFO: [ app_init ] --START--
INFO: Run Behavior\BuildLiteBehavior [ RunTime:0.000020s ]
INFO: [ app_init ] --END-- [ RunTime:0.000103s ]
ERR: 无法加载模块:Product-show

[ 2016-10-14T14:01:59+08:00 ] ::1 /uufenxiao/pic/product/Thumb/6204.jpg
INFO: [ app_init ] --START--
INFO: Run Behavior\BuildLiteBehavior [ RunTime:0.000021s ]
INFO: [ app_init ] --END-- [ RunTime:0.000114s ]
ERR: 无法加载模块:Pic

[ 2016-10-14T14:01:59+08:00 ] ::1 /uufenxiao/Public/static/h-ui/images/gq/cn.gif
INFO: [ app_init ] --START--
INFO: Run Behavior\BuildLiteBehavior [ RunTime:0.000019s ]
INFO: [ app_init ] --END-- [ RunTime:0.000102s ]
ERR: 无法加载模块:Public

[ 2016-10-14T14:06:03+08:00 ] ::1 /uufenxiao/pic/product/Thumb/6204.jpg
INFO: [ app_init ] --START--
INFO: Run Behavior\BuildLiteBehavior [ RunTime:0.000019s ]
INFO: [ app_init ] --END-- [ RunTime:0.000100s ]
ERR: 无法加载模块:Pic

[ 2016-10-14T14:06:03+08:00 ] ::1 /uufenxiao/Public/static/h-ui/images/gq/cn.gif
INFO: [ app_init ] --START--
INFO: Run Behavior\BuildLiteBehavior [ RunTime:0.000020s ]
INFO: [ app_init ] --END-- [ RunTime:0.000099s ]
ERR: 无法加载模块:Public

[ 2016-10-14T14:06:20+08:00 ] ::1 /uufenxiao/product-show.html
INFO: [ app_init ] --START--
INFO: Run Behavior\BuildLiteBehavior [ RunTime:0.000017s ]
INFO: [ app_init ] --END-- [ RunTime:0.000079s ]
ERR: 无法加载模块:Product-show

[ 2016-10-14T14:06:25+08:00 ] ::1 /uufenxiao/Public/lib/jquery/1.9.1/jquery.min.map
INFO: [ app_init ] --START--
INFO: Run Behavior\BuildLiteBehavior [ RunTime:0.000019s ]
INFO: [ app_init ] --END-- [ RunTime:0.000105s ]
ERR: 无法加载模块:Public

[ 2016-10-14T14:06:28+08:00 ] ::1 /uufenxiao/pic/product/Thumb/6204.jpg
INFO: [ app_init ] --START--
INFO: Run Behavior\BuildLiteBehavior [ RunTime:0.000019s ]
INFO: [ app_init ] --END-- [ RunTime:0.000103s ]
ERR: 无法加载模块:Pic

[ 2016-10-14T14:06:28+08:00 ] ::1 /uufenxiao/Public/static/h-ui/images/gq/cn.gif
INFO: [ app_init ] --START--
INFO: Run Behavior\BuildLiteBehavior [ RunTime:0.000019s ]
INFO: [ app_init ] --END-- [ RunTime:0.000108s ]
ERR: 无法加载模块:Public

[ 2016-10-14T14:10:06+08:00 ] ::1 /uufenxiao/Public/Uploads/uuce/%7B1610141159321.jpg%7D
INFO: [ app_init ] --START--
INFO: Run Behavior\BuildLiteBehavior [ RunTime:0.000013s ]
INFO: [ app_init ] --END-- [ RunTime:0.000070s ]
ERR: 无法加载模块:Public

[ 2016-10-14T14:10:06+08:00 ] ::1 /uufenxiao/Public/static/h-ui/images/gq/cn.gif
INFO: [ app_init ] --START--
INFO: Run Behavior\BuildLiteBehavior [ RunTime:0.000013s ]
INFO: [ app_init ] --END-- [ RunTime:0.000074s ]
ERR: 无法加载模块:Public

[ 2016-10-14T14:10:06+08:00 ] ::1 /uufenxiao/Public/Uploads/uuce/%7B1610140126111.jpg%7D
INFO: [ app_init ] --START--
INFO: Run Behavior\BuildLiteBehavior [ RunTime:0.000012s ]
INFO: [ app_init ] --END-- [ RunTime:0.000061s ]
ERR: 无法加载模块:Public

[ 2016-10-14T14:10:10+08:00 ] ::1 /uufenxiao/product-show.html
INFO: [ app_init ] --START--
INFO: Run Behavior\BuildLiteBehavior [ RunTime:0.000022s ]
INFO: [ app_init ] --END-- [ RunTime:0.000120s ]
ERR: 无法加载模块:Product-show

[ 2016-10-14T14:10:17+08:00 ] ::1 /uufenxiao/Public/Uploads/uuce/%7B1610140126111.jpg%7D
INFO: [ app_init ] --START--
INFO: Run Behavior\BuildLiteBehavior [ RunTime:0.000019s ]
INFO: [ app_init ] --END-- [ RunTime:0.000097s ]
ERR: 无法加载模块:Public

[ 2016-10-14T14:10:17+08:00 ] ::1 /uufenxiao/Public/static/h-ui/images/gq/cn.gif
INFO: [ app_init ] --START--
INFO: Run Behavior\BuildLiteBehavior [ RunTime:0.000030s ]
INFO: [ app_init ] --END-- [ RunTime:0.000131s ]
ERR: 无法加载模块:Public

[ 2016-10-14T14:10:17+08:00 ] ::1 /uufenxiao/Public/Uploads/uuce/%7B1610141159321.jpg%7D
INFO: [ app_init ] --START--
INFO: Run Behavior\BuildLiteBehavior [ RunTime:0.000019s ]
INFO: [ app_init ] --END-- [ RunTime:0.000099s ]
ERR: 无法加载模块:Public

[ 2016-10-14T14:10:23+08:00 ] ::1 /uufenxiao/Public/Uploads/uuce/%7B1610141159321.jpg%7D
INFO: [ app_init ] --START--
INFO: Run Behavior\BuildLiteBehavior [ RunTime:0.000013s ]
INFO: [ app_init ] --END-- [ RunTime:0.000065s ]
ERR: 无法加载模块:Public

[ 2016-10-14T14:10:46+08:00 ] ::1 /uufenxiao/Public/static/h-ui/images/gq/cn.gif
INFO: [ app_init ] --START--
INFO: Run Behavior\BuildLiteBehavior [ RunTime:0.000013s ]
INFO: [ app_init ] --END-- [ RunTime:0.000065s ]
ERR: 无法加载模块:Public

[ 2016-10-14T14:10:49+08:00 ] ::1 /uufenxiao/product-show.html
INFO: [ app_init ] --START--
INFO: Run Behavior\BuildLiteBehavior [ RunTime:0.000011s ]
INFO: [ app_init ] --END-- [ RunTime:0.000061s ]
ERR: 无法加载模块:Product-show

[ 2016-10-14T14:10:55+08:00 ] ::1 /uufenxiao/Public/static/h-ui/images/gq/cn.gif
INFO: [ app_init ] --START--
INFO: Run Behavior\BuildLiteBehavior [ RunTime:0.000011s ]
INFO: [ app_init ] --END-- [ RunTime:0.000057s ]
ERR: 无法加载模块:Public

[ 2016-10-14T14:19:20+08:00 ] ::1 /uufenxiao/Public/static/h-ui.admin/js/comment.js
INFO: [ app_init ] --START--
INFO: Run Behavior\BuildLiteBehavior [ RunTime:0.000022s ]
INFO: [ app_init ] --END-- [ RunTime:0.000111s ]
ERR: 无法加载模块:Public

[ 2016-10-14T14:19:21+08:00 ] ::1 /uufenxiao/Public/static/h-ui.admin/js/comment.js
INFO: [ app_init ] --START--
INFO: Run Behavior\BuildLiteBehavior [ RunTime:0.000026s ]
INFO: [ app_init ] --END-- [ RunTime:0.000202s ]
ERR: 无法加载模块:Public

[ 2016-10-14T14:20:12+08:00 ] ::1 /uufenxiao/product-add.html
INFO: [ app_init ] --START--
INFO: Run Behavior\BuildLiteBehavior [ RunTime:0.000017s ]
INFO: [ app_init ] --END-- [ RunTime:0.000080s ]
ERR: 无法加载模块:Product-add

[ 2016-10-14T15:19:24+08:00 ] ::1 /uufenxiao/Public/lib/jquery/1.9.1/jquery.min.map
INFO: [ app_init ] --START--
INFO: Run Behavior\BuildLiteBehavior [ RunTime:0.000018s ]
INFO: [ app_init ] --END-- [ RunTime:0.000093s ]
ERR: 无法加载模块:Public

[ 2016-10-14T15:51:23+08:00 ] ::1 /uufenxiao/Public/static/h-ui.admin/js/comment.js
INFO: [ app_init ] --START--
INFO: Run Behavior\BuildLiteBehavior [ RunTime:0.000013s ]
INFO: [ app_init ] --END-- [ RunTime:0.000062s ]
ERR: 无法加载模块:Public

[ 2016-10-14T15:51:24+08:00 ] ::1 /uufenxiao/Public/static/h-ui.admin/js/comment.js
INFO: [ app_init ] --START--
INFO: Run Behavior\BuildLiteBehavior [ RunTime:0.000012s ]
INFO: [ app_init ] --END-- [ RunTime:0.000059s ]
ERR: 无法加载模块:Public

[ 2016-10-14T15:53:36+08:00 ] ::1 /uufenxiao/Public/static/h-ui.admin/js/comment.js
INFO: [ app_init ] --START--
INFO: Run Behavior\BuildLiteBehavior [ RunTime:0.000022s ]
INFO: [ app_init ] --END-- [ RunTime:0.000215s ]
ERR: 无法加载模块:Public

[ 2016-10-14T15:53:37+08:00 ] ::1 /uufenxiao/Public/static/h-ui.admin/js/comment.js
INFO: [ app_init ] --START--
INFO: Run Behavior\BuildLiteBehavior [ RunTime:0.000019s ]
INFO: [ app_init ] --END-- [ RunTime:0.000102s ]
ERR: 无法加载模块:Public

[ 2016-10-14T15:54:42+08:00 ] ::1 /uufenxiao/Public/static/h-ui.admin/js/comment.js
INFO: [ app_init ] --START--
INFO: Run Behavior\BuildLiteBehavior [ RunTime:0.000012s ]
INFO: [ app_init ] --END-- [ RunTime:0.000064s ]
ERR: 无法加载模块:Public

[ 2016-10-14T15:54:42+08:00 ] ::1 /uufenxiao/Public/static/h-ui.admin/js/comment.js
INFO: [ app_init ] --START--
INFO: Run Behavior\BuildLiteBehavior [ RunTime:0.000025s ]
INFO: [ app_init ] --END-- [ RunTime:0.000176s ]
ERR: 无法加载模块:Public

[ 2016-10-14T15:56:01+08:00 ] ::1 /uufenxiao/Public/Uploads/uuce/1610140355041.jpg
INFO: [ app_init ] --START--
INFO: Run Behavior\BuildLiteBehavior [ RunTime:0.000014s ]
INFO: [ app_init ] --END-- [ RunTime:0.000067s ]
ERR: 无法加载模块:Public

[ 2016-10-14T15:56:05+08:00 ] ::1 /uufenxiao/Public/static/h-ui.admin/js/comment.js
INFO: [ app_init ] --START--
INFO: Run Behavior\BuildLiteBehavior [ RunTime:0.000020s ]
INFO: [ app_init ] --END-- [ RunTime:0.000114s ]
ERR: 无法加载模块:Public

[ 2016-10-14T15:56:06+08:00 ] ::1 /uufenxiao/Public/static/h-ui.admin/js/comment.js
INFO: [ app_init ] --START--
INFO: Run Behavior\BuildLiteBehavior [ RunTime:0.000018s ]
INFO: [ app_init ] --END-- [ RunTime:0.000089s ]
ERR: 无法加载模块:Public

[ 2016-10-14T16:05:44+08:00 ] ::1 /uufenxiao/Public/lib/jquery/1.9.1/jquery.min.map
INFO: [ app_init ] --START--
INFO: Run Behavior\BuildLiteBehavior [ RunTime:0.000021s ]
INFO: [ app_init ] --END-- [ RunTime:0.000103s ]
ERR: 无法加载模块:Public

[ 2016-10-14T16:05:46+08:00 ] ::1 /uufenxiao/Public/Uploads/uuce/1610140356171.jpg
INFO: [ app_init ] --START--
INFO: Run Behavior\BuildLiteBehavior [ RunTime:0.000012s ]
INFO: [ app_init ] --END-- [ RunTime:0.000058s ]
ERR: 无法加载模块:Public

[ 2016-10-14T16:05:46+08:00 ] ::1 /uufenxiao/Public/Uploads/uuce/1610140355041.jpg
INFO: [ app_init ] --START--
INFO: Run Behavior\BuildLiteBehavior [ RunTime:0.000013s ]
INFO: [ app_init ] --END-- [ RunTime:0.000065s ]
ERR: 无法加载模块:Public

[ 2016-10-14T16:05:50+08:00 ] ::1 /uufenxiao/Public/static/h-ui.admin/js/comment.js
INFO: [ app_init ] --START--
INFO: Run Behavior\BuildLiteBehavior [ RunTime:0.000013s ]
INFO: [ app_init ] --END-- [ RunTime:0.000069s ]
ERR: 无法加载模块:Public

[ 2016-10-14T16:05:50+08:00 ] ::1 /uufenxiao/Public/static/h-ui.admin/js/comment.js
INFO: [ app_init ] --START--
INFO: Run Behavior\BuildLiteBehavior [ RunTime:0.000013s ]
INFO: [ app_init ] --END-- [ RunTime:0.000069s ]
ERR: 无法加载模块:Public

[ 2016-10-14T16:06:59+08:00 ] ::1 /uufenxiao/Public/Uploads/uuce/1610140355041.jpg
INFO: [ app_init ] --START--
INFO: Run Behavior\BuildLiteBehavior [ RunTime:0.000022s ]
INFO: [ app_init ] --END-- [ RunTime:0.000112s ]
ERR: 无法加载模块:Public

[ 2016-10-14T16:06:59+08:00 ] ::1 /uufenxiao/Public/Uploads/uuce/1610140356171.jpg
INFO: [ app_init ] --START--
INFO: Run Behavior\BuildLiteBehavior [ RunTime:0.000021s ]
INFO: [ app_init ] --END-- [ RunTime:0.000110s ]
ERR: 无法加载模块:Public

[ 2016-10-14T16:06:59+08:00 ] ::1 /uufenxiao/Public/Uploads/uuce/1610140405561.jpg
INFO: [ app_init ] --START--
INFO: Run Behavior\BuildLiteBehavior [ RunTime:0.000013s ]
INFO: [ app_init ] --END-- [ RunTime:0.000064s ]
ERR: 无法加载模块:Public

[ 2016-10-14T16:07:03+08:00 ] ::1 /uufenxiao/Public/static/h-ui.admin/js/comment.js
INFO: [ app_init ] --START--
INFO: Run Behavior\BuildLiteBehavior [ RunTime:0.000014s ]
INFO: [ app_init ] --END-- [ RunTime:0.000071s ]
ERR: 无法加载模块:Public

[ 2016-10-14T16:07:03+08:00 ] ::1 /uufenxiao/Public/static/h-ui.admin/js/comment.js
INFO: [ app_init ] --START--
INFO: Run Behavior\BuildLiteBehavior [ RunTime:0.000013s ]
INFO: [ app_init ] --END-- [ RunTime:0.000068s ]
ERR: 无法加载模块:Public

[ 2016-10-14T16:08:07+08:00 ] ::1 /uufenxiao/Public/Uploads/uuce/1610140355041.jpg
INFO: [ app_init ] --START--
INFO: Run Behavior\BuildLiteBehavior [ RunTime:0.000023s ]
INFO: [ app_init ] --END-- [ RunTime:0.000122s ]
ERR: 无法加载模块:Public

[ 2016-10-14T16:08:07+08:00 ] ::1 /uufenxiao/Public/Uploads/uuce/1610140405561.jpg
INFO: [ app_init ] --START--
INFO: Run Behavior\BuildLiteBehavior [ RunTime:0.000021s ]
INFO: [ app_init ] --END-- [ RunTime:0.000101s ]
ERR: 无法加载模块:Public

[ 2016-10-14T16:08:07+08:00 ] ::1 /uufenxiao/Public/Uploads/uuce/1610140407111.jpg
INFO: [ app_init ] --START--
INFO: Run Behavior\BuildLiteBehavior [ RunTime:0.000019s ]
INFO: [ app_init ] --END-- [ RunTime:0.000098s ]
ERR: 无法加载模块:Public

[ 2016-10-14T16:08:07+08:00 ] ::1 /uufenxiao/Public/Uploads/uuce/1610140356171.jpg
INFO: [ app_init ] --START--
INFO: Run Behavior\BuildLiteBehavior [ RunTime:0.000018s ]
INFO: [ app_init ] --END-- [ RunTime:0.000097s ]
ERR: 无法加载模块:Public

[ 2016-10-14T16:08:10+08:00 ] ::1 /uufenxiao/Public/static/h-ui.admin/js/comment.js
INFO: [ app_init ] --START--
INFO: Run Behavior\BuildLiteBehavior [ RunTime:0.000015s ]
INFO: [ app_init ] --END-- [ RunTime:0.000071s ]
ERR: 无法加载模块:Public

[ 2016-10-14T16:08:10+08:00 ] ::1 /uufenxiao/Public/static/h-ui.admin/js/comment.js
INFO: [ app_init ] --START--
INFO: Run Behavior\BuildLiteBehavior [ RunTime:0.000013s ]
INFO: [ app_init ] --END-- [ RunTime:0.000069s ]
ERR: 无法加载模块:Public

[ 2016-10-14T16:08:49+08:00 ] ::1 /uufenxiao/Public/Uploads/uuce/1610140355041.jpg
INFO: [ app_init ] --START--
INFO: Run Behavior\BuildLiteBehavior [ RunTime:0.000019s ]
INFO: [ app_init ] --END-- [ RunTime:0.000096s ]
ERR: 无法加载模块:Public

[ 2016-10-14T16:08:49+08:00 ] ::1 /uufenxiao/Public/Uploads/uuce/1610140405561.jpg
INFO: [ app_init ] --START--
INFO: Run Behavior\BuildLiteBehavior [ RunTime:0.000017s ]
INFO: [ app_init ] --END-- [ RunTime:0.000090s ]
ERR: 无法加载模块:Public

[ 2016-10-14T16:08:49+08:00 ] ::1 /uufenxiao/Public/Uploads/uuce/1610140356171.jpg
INFO: [ app_init ] --START--
INFO: Run Behavior\BuildLiteBehavior [ RunTime:0.000020s ]
INFO: [ app_init ] --END-- [ RunTime:0.000098s ]
ERR: 无法加载模块:Public

[ 2016-10-14T16:08:49+08:00 ] ::1 /uufenxiao/Public/Uploads/uuce/1610140408151.jpg
INFO: [ app_init ] --START--
INFO: Run Behavior\BuildLiteBehavior [ RunTime:0.000018s ]
INFO: [ app_init ] --END-- [ RunTime:0.000093s ]
ERR: 无法加载模块:Public

[ 2016-10-14T16:08:49+08:00 ] ::1 /uufenxiao/Public/Uploads/uuce/1610140407111.jpg
INFO: [ app_init ] --START--
INFO: Run Behavior\BuildLiteBehavior [ RunTime:0.000026s ]
INFO: [ app_init ] --END-- [ RunTime:0.000147s ]
ERR: 无法加载模块:Public

[ 2016-10-14T16:08:52+08:00 ] ::1 /uufenxiao/Public/static/h-ui.admin/js/comment.js
INFO: [ app_init ] --START--
INFO: Run Behavior\BuildLiteBehavior [ RunTime:0.000023s ]
INFO: [ app_init ] --END-- [ RunTime:0.000128s ]
ERR: 无法加载模块:Public

[ 2016-10-14T16:08:53+08:00 ] ::1 /uufenxiao/Public/static/h-ui.admin/js/comment.js
INFO: [ app_init ] --START--
INFO: Run Behavior\BuildLiteBehavior [ RunTime:0.000017s ]
INFO: [ app_init ] --END-- [ RunTime:0.000107s ]
ERR: 无法加载模块:Public

[ 2016-10-14T16:09:14+08:00 ] ::1 /uufenxiao/Public/Uploads/uuce/1610140355041.jpg
INFO: [ app_init ] --START--
INFO: Run Behavior\BuildLiteBehavior [ RunTime:0.000019s ]
INFO: [ app_init ] --END-- [ RunTime:0.000132s ]
ERR: 无法加载模块:Public

[ 2016-10-14T16:09:14+08:00 ] ::1 /uufenxiao/Public/Uploads/uuce/1610140356171.jpg
INFO: [ app_init ] --START--
INFO: Run Behavior\BuildLiteBehavior [ RunTime:0.000022s ]
INFO: [ app_init ] --END-- [ RunTime:0.000144s ]
ERR: 无法加载模块:Public

[ 2016-10-14T16:09:14+08:00 ] ::1 /uufenxiao/Public/Uploads/uuce/1610140408151.jpg
INFO: [ app_init ] --START--
INFO: Run Behavior\BuildLiteBehavior [ RunTime:0.000020s ]
INFO: [ app_init ] --END-- [ RunTime:0.000102s ]
ERR: 无法加载模块:Public

[ 2016-10-14T16:09:14+08:00 ] ::1 /uufenxiao/Public/Uploads/uuce/1610140408581.jpg
INFO: [ app_init ] --START--
INFO: Run Behavior\BuildLiteBehavior [ RunTime:0.000022s ]
INFO: [ app_init ] --END-- [ RunTime:0.000128s ]
ERR: 无法加载模块:Public

[ 2016-10-14T16:09:14+08:00 ] ::1 /uufenxiao/Public/Uploads/uuce/1610140407111.jpg
INFO: [ app_init ] --START--
INFO: Run Behavior\BuildLiteBehavior [ RunTime:0.000023s ]
INFO: [ app_init ] --END-- [ RunTime:0.000138s ]
ERR: 无法加载模块:Public

[ 2016-10-14T16:09:14+08:00 ] ::1 /uufenxiao/Public/Uploads/uuce/1610140405561.jpg
INFO: [ app_init ] --START--
INFO: Run Behavior\BuildLiteBehavior [ RunTime:0.000012s ]
INFO: [ app_init ] --END-- [ RunTime:0.000060s ]
ERR: 无法加载模块:Public

[ 2016-10-14T16:09:17+08:00 ] ::1 /uufenxiao/Public/static/h-ui.admin/js/comment.js
INFO: [ app_init ] --START--
INFO: Run Behavior\BuildLiteBehavior [ RunTime:0.000014s ]
INFO: [ app_init ] --END-- [ RunTime:0.000068s ]
ERR: 无法加载模块:Public

[ 2016-10-14T16:09:18+08:00 ] ::1 /uufenxiao/Public/static/h-ui.admin/js/comment.js
INFO: [ app_init ] --START--
INFO: Run Behavior\BuildLiteBehavior [ RunTime:0.000014s ]
INFO: [ app_init ] --END-- [ RunTime:0.000066s ]
ERR: 无法加载模块:Public

[ 2016-10-14T16:10:40+08:00 ] ::1 /uufenxiao/Public/Uploads/uuce/1610140355041.jpg
INFO: [ app_init ] --START--
INFO: Run Behavior\BuildLiteBehavior [ RunTime:0.000022s ]
INFO: [ app_init ] --END-- [ RunTime:0.000114s ]
ERR: 无法加载模块:Public

[ 2016-10-14T16:10:40+08:00 ] ::1 /uufenxiao/Public/Uploads/uuce/1610140356171.jpg
INFO: [ app_init ] --START--
INFO: Run Behavior\BuildLiteBehavior [ RunTime:0.000020s ]
INFO: [ app_init ] --END-- [ RunTime:0.000099s ]
ERR: 无法加载模块:Public

[ 2016-10-14T16:10:40+08:00 ] ::1 /uufenxiao/Public/Uploads/uuce/1610140408151.jpg
INFO: [ app_init ] --START--
INFO: Run Behavior\BuildLiteBehavior [ RunTime:0.000024s ]
INFO: [ app_init ] --END-- [ RunTime:0.000112s ]
ERR: 无法加载模块:Public

[ 2016-10-14T16:10:40+08:00 ] ::1 /uufenxiao/Public/Uploads/uuce/1610140407111.jpg
INFO: [ app_init ] --START--
INFO: Run Behavior\BuildLiteBehavior [ RunTime:0.000019s ]
INFO: [ app_init ] --END-- [ RunTime:0.000101s ]
ERR: 无法加载模块:Public

[ 2016-10-14T16:10:40+08:00 ] ::1 /uufenxiao/Public/Uploads/uuce/1610140409221.jpg
INFO: [ app_init ] --START--
INFO: Run Behavior\BuildLiteBehavior [ RunTime:0.000018s ]
INFO: [ app_init ] --END-- [ RunTime:0.000088s ]
ERR: 无法加载模块:Public

[ 2016-10-14T16:10:40+08:00 ] ::1 /uufenxiao/Public/Uploads/uuce/1610140408581.jpg
INFO: [ app_init ] --START--
INFO: Run Behavior\BuildLiteBehavior [ RunTime:0.000019s ]
INFO: [ app_init ] --END-- [ RunTime:0.000098s ]
ERR: 无法加载模块:Public

[ 2016-10-14T16:10:40+08:00 ] ::1 /uufenxiao/Public/Uploads/uuce/1610140405561.jpg
INFO: [ app_init ] --START--
INFO: Run Behavior\BuildLiteBehavior [ RunTime:0.000020s ]
INFO: [ app_init ] --END-- [ RunTime:0.000098s ]
ERR: 无法加载模块:Public

[ 2016-10-14T16:10:43+08:00 ] ::1 /uufenxiao/Public/static/h-ui.admin/js/comment.js
INFO: [ app_init ] --START--
INFO: Run Behavior\BuildLiteBehavior [ RunTime:0.000012s ]
INFO: [ app_init ] --END-- [ RunTime:0.000062s ]
ERR: 无法加载模块:Public

[ 2016-10-14T16:10:44+08:00 ] ::1 /uufenxiao/Public/static/h-ui.admin/js/comment.js
INFO: [ app_init ] --START--
INFO: Run Behavior\BuildLiteBehavior [ RunTime:0.000012s ]
INFO: [ app_init ] --END-- [ RunTime:0.000062s ]
ERR: 无法加载模块:Public

[ 2016-10-14T16:27:12+08:00 ] ::1 /uufenxiao/product-show.html
INFO: [ app_init ] --START--
INFO: Run Behavior\BuildLiteBehavior [ RunTime:0.000015s ]
INFO: [ app_init ] --END-- [ RunTime:0.000084s ]
ERR: 无法加载模块:Product-show

