[ 2016-11-24T13:28:21+08:00 ] 124.207.55.90 /uufenxiao/favicon.ico
INFO: [ app_init ] --START--
INFO: Run Behavior\BuildLiteBehavior [ RunTime:0.000015s ]
INFO: [ app_init ] --END-- [ RunTime:0.000077s ]
ERR: 无法加载模块:Favicon

[ 2016-11-24T13:29:01+08:00 ] 124.207.55.90 /uufenxiao/images/dia_close.png
INFO: [ app_init ] --START--
INFO: Run Behavior\BuildLiteBehavior [ RunTime:0.000017s ]
INFO: [ app_init ] --END-- [ RunTime:0.000080s ]
ERR: 无法加载模块:Images

[ 2016-11-24T13:30:40+08:00 ] 124.207.55.90 /uufenxiao/images/dia_close.png
INFO: [ app_init ] --START--
INFO: Run Behavior\BuildLiteBehavior [ RunTime:0.000022s ]
INFO: [ app_init ] --END-- [ RunTime:0.000115s ]
ERR: 无法加载模块:Images

[ 2016-11-24T13:30:59+08:00 ] 124.207.55.90 /uufenxiao/js_city/jquery.js
INFO: [ app_init ] --START--
INFO: Run Behavior\BuildLiteBehavior [ RunTime:0.000022s ]
INFO: [ app_init ] --END-- [ RunTime:0.000113s ]
ERR: 无法加载模块:Js_city

[ 2016-11-24T13:30:59+08:00 ] 124.207.55.90 /uufenxiao/js_city/city-picker.js
INFO: [ app_init ] --START--
INFO: Run Behavior\BuildLiteBehavior [ RunTime:0.000012s ]
INFO: [ app_init ] --END-- [ RunTime:0.000058s ]
ERR: 无法加载模块:Js_city

[ 2016-11-24T13:30:59+08:00 ] 124.207.55.90 /uufenxiao/js_city/main.js
INFO: [ app_init ] --START--
INFO: Run Behavior\BuildLiteBehavior [ RunTime:0.000015s ]
INFO: [ app_init ] --END-- [ RunTime:0.000074s ]
ERR: 无法加载模块:Js_city

[ 2016-11-24T13:30:59+08:00 ] 124.207.55.90 /uufenxiao/js_city/city-picker.data.js
INFO: [ app_init ] --START--
INFO: Run Behavior\BuildLiteBehavior [ RunTime:0.000014s ]
INFO: [ app_init ] --END-- [ RunTime:0.000078s ]
ERR: 无法加载模块:Js_city

[ 2016-11-24T13:30:59+08:00 ] 124.207.55.90 /uufenxiao/js_city/bootstrap.js
INFO: [ app_init ] --START--
INFO: Run Behavior\BuildLiteBehavior [ RunTime:0.000015s ]
INFO: [ app_init ] --END-- [ RunTime:0.000073s ]
ERR: 无法加载模块:Js_city

[ 2016-11-24T13:31:51+08:00 ] 124.207.55.90 /uufenxiao/js_city/jquery.js
INFO: [ app_init ] --START--
INFO: Run Behavior\BuildLiteBehavior [ RunTime:0.000017s ]
INFO: [ app_init ] --END-- [ RunTime:0.000082s ]
ERR: 无法加载模块:Js_city

[ 2016-11-24T13:31:51+08:00 ] 124.207.55.90 /uufenxiao/js_city/bootstrap.js
INFO: [ app_init ] --START--
INFO: Run Behavior\BuildLiteBehavior [ RunTime:0.000016s ]
INFO: [ app_init ] --END-- [ RunTime:0.000079s ]
ERR: 无法加载模块:Js_city

[ 2016-11-24T13:31:51+08:00 ] 124.207.55.90 /uufenxiao/js_city/city-picker.data.js
INFO: [ app_init ] --START--
INFO: Run Behavior\BuildLiteBehavior [ RunTime:0.000015s ]
INFO: [ app_init ] --END-- [ RunTime:0.000073s ]
ERR: 无法加载模块:Js_city

[ 2016-11-24T13:31:51+08:00 ] 124.207.55.90 /uufenxiao/js_city/city-picker.js
INFO: [ app_init ] --START--
INFO: Run Behavior\BuildLiteBehavior [ RunTime:0.000015s ]
INFO: [ app_init ] --END-- [ RunTime:0.000075s ]
ERR: 无法加载模块:Js_city

[ 2016-11-24T13:31:51+08:00 ] 124.207.55.90 /uufenxiao/js_city/main.js
INFO: [ app_init ] --START--
INFO: Run Behavior\BuildLiteBehavior [ RunTime:0.000012s ]
INFO: [ app_init ] --END-- [ RunTime:0.000063s ]
ERR: 无法加载模块:Js_city

[ 2016-11-24T13:34:45+08:00 ] 124.207.55.90 /uufenxiao/images/dia_close.png
INFO: [ app_init ] --START--
INFO: Run Behavior\BuildLiteBehavior [ RunTime:0.000015s ]
INFO: [ app_init ] --END-- [ RunTime:0.000072s ]
ERR: 无法加载模块:Images

[ 2016-11-24T13:36:02+08:00 ] 124.207.55.90 /uufenxiao/images/dia_close.png
INFO: [ app_init ] --START--
INFO: Run Behavior\BuildLiteBehavior [ RunTime:0.000016s ]
INFO: [ app_init ] --END-- [ RunTime:0.000078s ]
ERR: 无法加载模块:Images

[ 2016-11-24T13:37:19+08:00 ] 124.207.55.90 /uufenxiao/js_city/jquery.js
INFO: [ app_init ] --START--
INFO: Run Behavior\BuildLiteBehavior [ RunTime:0.000014s ]
INFO: [ app_init ] --END-- [ RunTime:0.000075s ]
ERR: 无法加载模块:Js_city

[ 2016-11-24T13:37:19+08:00 ] 124.207.55.90 /uufenxiao/js_city/bootstrap.js
INFO: [ app_init ] --START--
INFO: Run Behavior\BuildLiteBehavior [ RunTime:0.000015s ]
INFO: [ app_init ] --END-- [ RunTime:0.000073s ]
ERR: 无法加载模块:Js_city

[ 2016-11-24T13:37:19+08:00 ] 124.207.55.90 /uufenxiao/js_city/city-picker.js
INFO: [ app_init ] --START--
INFO: Run Behavior\BuildLiteBehavior [ RunTime:0.000016s ]
INFO: [ app_init ] --END-- [ RunTime:0.000078s ]
ERR: 无法加载模块:Js_city

[ 2016-11-24T13:37:19+08:00 ] 124.207.55.90 /uufenxiao/js_city/main.js
INFO: [ app_init ] --START--
INFO: Run Behavior\BuildLiteBehavior [ RunTime:0.000013s ]
INFO: [ app_init ] --END-- [ RunTime:0.000065s ]
ERR: 无法加载模块:Js_city

[ 2016-11-24T13:37:19+08:00 ] 124.207.55.90 /uufenxiao/js_city/city-picker.data.js
INFO: [ app_init ] --START--
INFO: Run Behavior\BuildLiteBehavior [ RunTime:0.000012s ]
INFO: [ app_init ] --END-- [ RunTime:0.000062s ]
ERR: 无法加载模块:Js_city

[ 2016-11-24T13:43:57+08:00 ] 124.207.55.90 /uufenxiao/images/dia_close.png
INFO: [ app_init ] --START--
INFO: Run Behavior\BuildLiteBehavior [ RunTime:0.000016s ]
INFO: [ app_init ] --END-- [ RunTime:0.000076s ]
ERR: 无法加载模块:Images

[ 2016-11-24T13:44:01+08:00 ] 124.207.55.90 /uufenxiao/images/dia_close.png
INFO: [ app_init ] --START--
INFO: Run Behavior\BuildLiteBehavior [ RunTime:0.000016s ]
INFO: [ app_init ] --END-- [ RunTime:0.000075s ]
ERR: 无法加载模块:Images

[ 2016-11-24T13:44:07+08:00 ] 124.207.55.90 /uufenxiao/images/dia_close.png
INFO: [ app_init ] --START--
INFO: Run Behavior\BuildLiteBehavior [ RunTime:0.000015s ]
INFO: [ app_init ] --END-- [ RunTime:0.000075s ]
ERR: 无法加载模块:Images

[ 2016-11-24T13:44:33+08:00 ] 124.207.55.90 /uufenxiao/images/dia_close.png
INFO: [ app_init ] --START--
INFO: Run Behavior\BuildLiteBehavior [ RunTime:0.000016s ]
INFO: [ app_init ] --END-- [ RunTime:0.000077s ]
ERR: 无法加载模块:Images

[ 2016-11-24T13:44:46+08:00 ] 124.207.55.90 /uufenxiao/js_city/jquery.js
INFO: [ app_init ] --START--
INFO: Run Behavior\BuildLiteBehavior [ RunTime:0.000015s ]
INFO: [ app_init ] --END-- [ RunTime:0.000084s ]
ERR: 无法加载模块:Js_city

[ 2016-11-24T13:44:46+08:00 ] 124.207.55.90 /uufenxiao/js_city/bootstrap.js
INFO: [ app_init ] --START--
INFO: Run Behavior\BuildLiteBehavior [ RunTime:0.000015s ]
INFO: [ app_init ] --END-- [ RunTime:0.000077s ]
ERR: 无法加载模块:Js_city

[ 2016-11-24T13:44:46+08:00 ] 124.207.55.90 /uufenxiao/js_city/main.js
INFO: [ app_init ] --START--
INFO: Run Behavior\BuildLiteBehavior [ RunTime:0.000017s ]
INFO: [ app_init ] --END-- [ RunTime:0.000078s ]
ERR: 无法加载模块:Js_city

[ 2016-11-24T13:44:46+08:00 ] 124.207.55.90 /uufenxiao/js_city/city-picker.js
INFO: [ app_init ] --START--
INFO: Run Behavior\BuildLiteBehavior [ RunTime:0.000011s ]
INFO: [ app_init ] --END-- [ RunTime:0.000059s ]
ERR: 无法加载模块:Js_city

[ 2016-11-24T13:44:46+08:00 ] 124.207.55.90 /uufenxiao/js_city/city-picker.data.js
INFO: [ app_init ] --START--
INFO: Run Behavior\BuildLiteBehavior [ RunTime:0.000012s ]
INFO: [ app_init ] --END-- [ RunTime:0.000066s ]
ERR: 无法加载模块:Js_city

[ 2016-11-24T13:44:56+08:00 ] 124.207.55.90 /uufenxiao/Public/Home/images/index_icon.jpg
INFO: [ app_init ] --START--
INFO: Run Behavior\BuildLiteBehavior [ RunTime:0.000015s ]
INFO: [ app_init ] --END-- [ RunTime:0.000077s ]
ERR: 无法加载模块:Public

[ 2016-11-24T13:45:07+08:00 ] 124.207.55.90 /uufenxiao/images/dia_close.png
INFO: [ app_init ] --START--
INFO: Run Behavior\BuildLiteBehavior [ RunTime:0.000024s ]
INFO: [ app_init ] --END-- [ RunTime:0.000165s ]
ERR: 无法加载模块:Images

[ 2016-11-24T13:46:25+08:00 ] 124.207.55.90 /uufenxiao/images/dia_close.png
INFO: [ app_init ] --START--
INFO: Run Behavior\BuildLiteBehavior [ RunTime:0.000015s ]
INFO: [ app_init ] --END-- [ RunTime:0.000073s ]
ERR: 无法加载模块:Images

[ 2016-11-24T13:46:49+08:00 ] 124.207.55.90 /uufenxiao/images/dia_close.png
INFO: [ app_init ] --START--
INFO: Run Behavior\BuildLiteBehavior [ RunTime:0.000015s ]
INFO: [ app_init ] --END-- [ RunTime:0.000074s ]
ERR: 无法加载模块:Images

[ 2016-11-24T13:46:52+08:00 ] 124.207.55.90 /uufenxiao/images/dia_close.png
INFO: [ app_init ] --START--
INFO: Run Behavior\BuildLiteBehavior [ RunTime:0.000015s ]
INFO: [ app_init ] --END-- [ RunTime:0.000073s ]
ERR: 无法加载模块:Images

[ 2016-11-24T13:47:00+08:00 ] 124.207.55.90 /uufenxiao/images/dia_close.png
INFO: [ app_init ] --START--
INFO: Run Behavior\BuildLiteBehavior [ RunTime:0.000016s ]
INFO: [ app_init ] --END-- [ RunTime:0.000074s ]
ERR: 无法加载模块:Images

[ 2016-11-24T13:47:19+08:00 ] 124.207.55.90 /uufenxiao/images/dia_close.png
INFO: [ app_init ] --START--
INFO: Run Behavior\BuildLiteBehavior [ RunTime:0.000023s ]
INFO: [ app_init ] --END-- [ RunTime:0.000103s ]
ERR: 无法加载模块:Images

[ 2016-11-24T13:47:43+08:00 ] 124.207.55.90 /uufenxiao/js_city/jquery.js
INFO: [ app_init ] --START--
INFO: Run Behavior\BuildLiteBehavior [ RunTime:0.000016s ]
INFO: [ app_init ] --END-- [ RunTime:0.000075s ]
ERR: 无法加载模块:Js_city

[ 2016-11-24T13:47:43+08:00 ] 124.207.55.90 /uufenxiao/js_city/bootstrap.js
INFO: [ app_init ] --START--
INFO: Run Behavior\BuildLiteBehavior [ RunTime:0.000020s ]
INFO: [ app_init ] --END-- [ RunTime:0.000078s ]
ERR: 无法加载模块:Js_city

[ 2016-11-24T13:47:43+08:00 ] 124.207.55.90 /uufenxiao/js_city/main.js
INFO: [ app_init ] --START--
INFO: Run Behavior\BuildLiteBehavior [ RunTime:0.000013s ]
INFO: [ app_init ] --END-- [ RunTime:0.000068s ]
ERR: 无法加载模块:Js_city

[ 2016-11-24T13:47:43+08:00 ] 124.207.55.90 /uufenxiao/js_city/city-picker.js
INFO: [ app_init ] --START--
INFO: Run Behavior\BuildLiteBehavior [ RunTime:0.000012s ]
INFO: [ app_init ] --END-- [ RunTime:0.000062s ]
ERR: 无法加载模块:Js_city

[ 2016-11-24T13:47:43+08:00 ] 124.207.55.90 /uufenxiao/js_city/city-picker.data.js
INFO: [ app_init ] --START--
INFO: Run Behavior\BuildLiteBehavior [ RunTime:0.000013s ]
INFO: [ app_init ] --END-- [ RunTime:0.000060s ]
ERR: 无法加载模块:Js_city

[ 2016-11-24T13:48:07+08:00 ] 124.207.55.90 /uufenxiao/js_city/jquery.js
INFO: [ app_init ] --START--
INFO: Run Behavior\BuildLiteBehavior [ RunTime:0.000016s ]
INFO: [ app_init ] --END-- [ RunTime:0.000073s ]
ERR: 无法加载模块:Js_city

[ 2016-11-24T13:48:07+08:00 ] 124.207.55.90 /uufenxiao/js_city/bootstrap.js
INFO: [ app_init ] --START--
INFO: Run Behavior\BuildLiteBehavior [ RunTime:0.000016s ]
INFO: [ app_init ] --END-- [ RunTime:0.000074s ]
ERR: 无法加载模块:Js_city

[ 2016-11-24T13:48:07+08:00 ] 124.207.55.90 /uufenxiao/js_city/city-picker.data.js
INFO: [ app_init ] --START--
INFO: Run Behavior\BuildLiteBehavior [ RunTime:0.000011s ]
INFO: [ app_init ] --END-- [ RunTime:0.000057s ]
ERR: 无法加载模块:Js_city

[ 2016-11-24T13:48:07+08:00 ] 124.207.55.90 /uufenxiao/js_city/main.js
INFO: [ app_init ] --START--
INFO: Run Behavior\BuildLiteBehavior [ RunTime:0.000010s ]
INFO: [ app_init ] --END-- [ RunTime:0.000056s ]
ERR: 无法加载模块:Js_city

[ 2016-11-24T13:48:07+08:00 ] 124.207.55.90 /uufenxiao/js_city/city-picker.js
INFO: [ app_init ] --START--
INFO: Run Behavior\BuildLiteBehavior [ RunTime:0.000011s ]
INFO: [ app_init ] --END-- [ RunTime:0.000078s ]
ERR: 无法加载模块:Js_city

[ 2016-11-24T13:48:57+08:00 ] 124.207.55.90 /uufenxiao/js_city/city-picker.data.js
INFO: [ app_init ] --START--
INFO: Run Behavior\BuildLiteBehavior [ RunTime:0.000011s ]
INFO: [ app_init ] --END-- [ RunTime:0.000055s ]
ERR: 无法加载模块:Js_city

[ 2016-11-24T13:48:57+08:00 ] 124.207.55.90 /uufenxiao/js_city/bootstrap.js
INFO: [ app_init ] --START--
INFO: Run Behavior\BuildLiteBehavior [ RunTime:0.000011s ]
INFO: [ app_init ] --END-- [ RunTime:0.000055s ]
ERR: 无法加载模块:Js_city

[ 2016-11-24T13:48:57+08:00 ] 124.207.55.90 /uufenxiao/js_city/city-picker.js
INFO: [ app_init ] --START--
INFO: Run Behavior\BuildLiteBehavior [ RunTime:0.000011s ]
INFO: [ app_init ] --END-- [ RunTime:0.000056s ]
ERR: 无法加载模块:Js_city

[ 2016-11-24T13:48:57+08:00 ] 124.207.55.90 /uufenxiao/js_city/jquery.js
INFO: [ app_init ] --START--
INFO: Run Behavior\BuildLiteBehavior [ RunTime:0.000016s ]
INFO: [ app_init ] --END-- [ RunTime:0.000077s ]
ERR: 无法加载模块:Js_city

[ 2016-11-24T13:48:57+08:00 ] 124.207.55.90 /uufenxiao/js_city/main.js
INFO: [ app_init ] --START--
INFO: Run Behavior\BuildLiteBehavior [ RunTime:0.000011s ]
INFO: [ app_init ] --END-- [ RunTime:0.000061s ]
ERR: 无法加载模块:Js_city

[ 2016-11-24T13:57:54+08:00 ] 124.207.55.90 /uufenxiao/js_city/jquery.js
INFO: [ app_init ] --START--
INFO: Run Behavior\BuildLiteBehavior [ RunTime:0.000016s ]
INFO: [ app_init ] --END-- [ RunTime:0.000073s ]
ERR: 无法加载模块:Js_city

[ 2016-11-24T13:57:54+08:00 ] 124.207.55.90 /uufenxiao/js_city/city-picker.data.js
INFO: [ app_init ] --START--
INFO: Run Behavior\BuildLiteBehavior [ RunTime:0.000017s ]
INFO: [ app_init ] --END-- [ RunTime:0.000095s ]
ERR: 无法加载模块:Js_city

[ 2016-11-24T13:57:54+08:00 ] 124.207.55.90 /uufenxiao/js_city/bootstrap.js
INFO: [ app_init ] --START--
INFO: Run Behavior\BuildLiteBehavior [ RunTime:0.000013s ]
INFO: [ app_init ] --END-- [ RunTime:0.002135s ]
ERR: 无法加载模块:Js_city

[ 2016-11-24T13:57:54+08:00 ] 124.207.55.90 /uufenxiao/js_city/city-picker.js
INFO: [ app_init ] --START--
INFO: Run Behavior\BuildLiteBehavior [ RunTime:0.000015s ]
INFO: [ app_init ] --END-- [ RunTime:0.002056s ]
ERR: 无法加载模块:Js_city

[ 2016-11-24T13:57:54+08:00 ] 124.207.55.90 /uufenxiao/js_city/main.js
INFO: [ app_init ] --START--
INFO: Run Behavior\BuildLiteBehavior [ RunTime:0.000011s ]
INFO: [ app_init ] --END-- [ RunTime:0.000062s ]
ERR: 无法加载模块:Js_city

[ 2016-11-24T13:58:05+08:00 ] 124.207.55.90 /uufenxiao/js_city/jquery.js
INFO: [ app_init ] --START--
INFO: Run Behavior\BuildLiteBehavior [ RunTime:0.000015s ]
INFO: [ app_init ] --END-- [ RunTime:0.000074s ]
ERR: 无法加载模块:Js_city

[ 2016-11-24T13:58:05+08:00 ] 124.207.55.90 /uufenxiao/js_city/bootstrap.js
INFO: [ app_init ] --START--
INFO: Run Behavior\BuildLiteBehavior [ RunTime:0.000015s ]
INFO: [ app_init ] --END-- [ RunTime:0.000074s ]
ERR: 无法加载模块:Js_city

[ 2016-11-24T13:58:05+08:00 ] 124.207.55.90 /uufenxiao/js_city/city-picker.data.js
INFO: [ app_init ] --START--
INFO: Run Behavior\BuildLiteBehavior [ RunTime:0.000013s ]
INFO: [ app_init ] --END-- [ RunTime:0.000061s ]
ERR: 无法加载模块:Js_city

[ 2016-11-24T13:58:05+08:00 ] 124.207.55.90 /uufenxiao/js_city/main.js
INFO: [ app_init ] --START--
INFO: Run Behavior\BuildLiteBehavior [ RunTime:0.000014s ]
INFO: [ app_init ] --END-- [ RunTime:0.000081s ]
ERR: 无法加载模块:Js_city

[ 2016-11-24T13:58:05+08:00 ] 124.207.55.90 /uufenxiao/js_city/city-picker.js
INFO: [ app_init ] --START--
INFO: Run Behavior\BuildLiteBehavior [ RunTime:0.000016s ]
INFO: [ app_init ] --END-- [ RunTime:0.000085s ]
ERR: 无法加载模块:Js_city

[ 2016-11-24T13:59:35+08:00 ] 124.207.55.90 /uufenxiao/js_city/city-picker.data.js
INFO: [ app_init ] --START--
INFO: Run Behavior\BuildLiteBehavior [ RunTime:0.000019s ]
INFO: [ app_init ] --END-- [ RunTime:0.000132s ]
ERR: 无法加载模块:Js_city

[ 2016-11-24T13:59:35+08:00 ] 124.207.55.90 /uufenxiao/js_city/jquery.js
INFO: [ app_init ] --START--
INFO: Run Behavior\BuildLiteBehavior [ RunTime:0.000015s ]
INFO: [ app_init ] --END-- [ RunTime:0.000081s ]
ERR: 无法加载模块:Js_city

[ 2016-11-24T13:59:35+08:00 ] 124.207.55.90 /uufenxiao/js_city/bootstrap.js
INFO: [ app_init ] --START--
INFO: Run Behavior\BuildLiteBehavior [ RunTime:0.000012s ]
INFO: [ app_init ] --END-- [ RunTime:0.000062s ]
ERR: 无法加载模块:Js_city

[ 2016-11-24T13:59:35+08:00 ] 124.207.55.90 /uufenxiao/js_city/main.js
INFO: [ app_init ] --START--
INFO: Run Behavior\BuildLiteBehavior [ RunTime:0.000016s ]
INFO: [ app_init ] --END-- [ RunTime:0.000109s ]
ERR: 无法加载模块:Js_city

[ 2016-11-24T13:59:35+08:00 ] 124.207.55.90 /uufenxiao/js_city/city-picker.js
INFO: [ app_init ] --START--
INFO: Run Behavior\BuildLiteBehavior [ RunTime:0.000012s ]
INFO: [ app_init ] --END-- [ RunTime:0.000063s ]
ERR: 无法加载模块:Js_city

[ 2016-11-24T14:00:48+08:00 ] 124.207.55.90 /uufenxiao/js_city/jquery.js
INFO: [ app_init ] --START--
INFO: Run Behavior\BuildLiteBehavior [ RunTime:0.000016s ]
INFO: [ app_init ] --END-- [ RunTime:0.000075s ]
ERR: 无法加载模块:Js_city

[ 2016-11-24T14:00:48+08:00 ] 124.207.55.90 /uufenxiao/js_city/bootstrap.js
INFO: [ app_init ] --START--
INFO: Run Behavior\BuildLiteBehavior [ RunTime:0.000015s ]
INFO: [ app_init ] --END-- [ RunTime:0.000073s ]
ERR: 无法加载模块:Js_city

[ 2016-11-24T14:00:48+08:00 ] 124.207.55.90 /uufenxiao/js_city/city-picker.data.js
INFO: [ app_init ] --START--
INFO: Run Behavior\BuildLiteBehavior [ RunTime:0.000015s ]
INFO: [ app_init ] --END-- [ RunTime:0.000061s ]
ERR: 无法加载模块:Js_city

[ 2016-11-24T14:00:48+08:00 ] 124.207.55.90 /uufenxiao/js_city/city-picker.js
INFO: [ app_init ] --START--
INFO: Run Behavior\BuildLiteBehavior [ RunTime:0.000012s ]
INFO: [ app_init ] --END-- [ RunTime:0.000061s ]
ERR: 无法加载模块:Js_city

[ 2016-11-24T14:00:48+08:00 ] 124.207.55.90 /uufenxiao/js_city/main.js
INFO: [ app_init ] --START--
INFO: Run Behavior\BuildLiteBehavior [ RunTime:0.000011s ]
INFO: [ app_init ] --END-- [ RunTime:0.000060s ]
ERR: 无法加载模块:Js_city

[ 2016-11-24T14:01:46+08:00 ] 124.207.55.90 /uufenxiao/js_city/jquery.js
INFO: [ app_init ] --START--
INFO: Run Behavior\BuildLiteBehavior [ RunTime:0.000015s ]
INFO: [ app_init ] --END-- [ RunTime:0.000074s ]
ERR: 无法加载模块:Js_city

[ 2016-11-24T14:01:46+08:00 ] 124.207.55.90 /uufenxiao/js_city/bootstrap.js
INFO: [ app_init ] --START--
INFO: Run Behavior\BuildLiteBehavior [ RunTime:0.000015s ]
INFO: [ app_init ] --END-- [ RunTime:0.000073s ]
ERR: 无法加载模块:Js_city

[ 2016-11-24T14:01:46+08:00 ] 124.207.55.90 /uufenxiao/js_city/main.js
INFO: [ app_init ] --START--
INFO: Run Behavior\BuildLiteBehavior [ RunTime:0.000013s ]
INFO: [ app_init ] --END-- [ RunTime:0.000061s ]
ERR: 无法加载模块:Js_city

[ 2016-11-24T14:01:46+08:00 ] 124.207.55.90 /uufenxiao/js_city/city-picker.data.js
INFO: [ app_init ] --START--
INFO: Run Behavior\BuildLiteBehavior [ RunTime:0.000016s ]
INFO: [ app_init ] --END-- [ RunTime:0.000073s ]
ERR: 无法加载模块:Js_city

[ 2016-11-24T14:01:46+08:00 ] 124.207.55.90 /uufenxiao/js_city/city-picker.js
INFO: [ app_init ] --START--
INFO: Run Behavior\BuildLiteBehavior [ RunTime:0.000014s ]
INFO: [ app_init ] --END-- [ RunTime:0.000068s ]
ERR: 无法加载模块:Js_city

[ 2016-11-24T14:02:43+08:00 ] 124.207.55.90 /uufenxiao/js_city/jquery.js
INFO: [ app_init ] --START--
INFO: Run Behavior\BuildLiteBehavior [ RunTime:0.000016s ]
INFO: [ app_init ] --END-- [ RunTime:0.000075s ]
ERR: 无法加载模块:Js_city

[ 2016-11-24T14:02:43+08:00 ] 124.207.55.90 /uufenxiao/js_city/city-picker.data.js
INFO: [ app_init ] --START--
INFO: Run Behavior\BuildLiteBehavior [ RunTime:0.000012s ]
INFO: [ app_init ] --END-- [ RunTime:0.000059s ]
ERR: 无法加载模块:Js_city

[ 2016-11-24T14:02:43+08:00 ] 124.207.55.90 /uufenxiao/js_city/main.js
INFO: [ app_init ] --START--
INFO: Run Behavior\BuildLiteBehavior [ RunTime:0.000013s ]
INFO: [ app_init ] --END-- [ RunTime:0.000061s ]
ERR: 无法加载模块:Js_city

[ 2016-11-24T14:02:43+08:00 ] 124.207.55.90 /uufenxiao/js_city/bootstrap.js
INFO: [ app_init ] --START--
INFO: Run Behavior\BuildLiteBehavior [ RunTime:0.000015s ]
INFO: [ app_init ] --END-- [ RunTime:0.004150s ]
ERR: 无法加载模块:Js_city

[ 2016-11-24T14:02:43+08:00 ] 124.207.55.90 /uufenxiao/js_city/city-picker.js
INFO: [ app_init ] --START--
INFO: Run Behavior\BuildLiteBehavior [ RunTime:0.000012s ]
INFO: [ app_init ] --END-- [ RunTime:0.000059s ]
ERR: 无法加载模块:Js_city

[ 2016-11-24T14:03:25+08:00 ] 124.207.55.90 /uufenxiao/js_city/jquery.js
INFO: [ app_init ] --START--
INFO: Run Behavior\BuildLiteBehavior [ RunTime:0.000016s ]
INFO: [ app_init ] --END-- [ RunTime:0.000094s ]
ERR: 无法加载模块:Js_city

[ 2016-11-24T14:03:25+08:00 ] 124.207.55.90 /uufenxiao/js_city/bootstrap.js
INFO: [ app_init ] --START--
INFO: Run Behavior\BuildLiteBehavior [ RunTime:0.000022s ]
INFO: [ app_init ] --END-- [ RunTime:0.000134s ]
ERR: 无法加载模块:Js_city

[ 2016-11-24T14:03:25+08:00 ] 124.207.55.90 /uufenxiao/js_city/city-picker.data.js
INFO: [ app_init ] --START--
INFO: Run Behavior\BuildLiteBehavior [ RunTime:0.000015s ]
INFO: [ app_init ] --END-- [ RunTime:0.000072s ]
ERR: 无法加载模块:Js_city

[ 2016-11-24T14:03:25+08:00 ] 124.207.55.90 /uufenxiao/js_city/city-picker.js
INFO: [ app_init ] --START--
INFO: Run Behavior\BuildLiteBehavior [ RunTime:0.000014s ]
INFO: [ app_init ] --END-- [ RunTime:0.000062s ]
ERR: 无法加载模块:Js_city

[ 2016-11-24T14:03:25+08:00 ] 124.207.55.90 /uufenxiao/js_city/main.js
INFO: [ app_init ] --START--
INFO: Run Behavior\BuildLiteBehavior [ RunTime:0.000014s ]
INFO: [ app_init ] --END-- [ RunTime:0.000069s ]
ERR: 无法加载模块:Js_city

[ 2016-11-24T14:04:00+08:00 ] 124.207.55.90 /uufenxiao/js_city/jquery.js
INFO: [ app_init ] --START--
INFO: Run Behavior\BuildLiteBehavior [ RunTime:0.000017s ]
INFO: [ app_init ] --END-- [ RunTime:0.000126s ]
ERR: 无法加载模块:Js_city

[ 2016-11-24T14:04:00+08:00 ] 124.207.55.90 /uufenxiao/js_city/city-picker.data.js
INFO: [ app_init ] --START--
INFO: Run Behavior\BuildLiteBehavior [ RunTime:0.000011s ]
INFO: [ app_init ] --END-- [ RunTime:0.000059s ]
ERR: 无法加载模块:Js_city

[ 2016-11-24T14:04:00+08:00 ] 124.207.55.90 /uufenxiao/js_city/bootstrap.js
INFO: [ app_init ] --START--
INFO: Run Behavior\BuildLiteBehavior [ RunTime:0.000019s ]
INFO: [ app_init ] --END-- [ RunTime:0.000078s ]
ERR: 无法加载模块:Js_city

[ 2016-11-24T14:04:00+08:00 ] 124.207.55.90 /uufenxiao/js_city/main.js
INFO: [ app_init ] --START--
INFO: Run Behavior\BuildLiteBehavior [ RunTime:0.000012s ]
INFO: [ app_init ] --END-- [ RunTime:0.000076s ]
ERR: 无法加载模块:Js_city

[ 2016-11-24T14:04:00+08:00 ] 124.207.55.90 /uufenxiao/js_city/city-picker.js
INFO: [ app_init ] --START--
INFO: Run Behavior\BuildLiteBehavior [ RunTime:0.000011s ]
INFO: [ app_init ] --END-- [ RunTime:0.000064s ]
ERR: 无法加载模块:Js_city

[ 2016-11-24T14:05:33+08:00 ] 124.207.55.90 /uufenxiao/js_city/jquery.js
INFO: [ app_init ] --START--
INFO: Run Behavior\BuildLiteBehavior [ RunTime:0.000016s ]
INFO: [ app_init ] --END-- [ RunTime:0.000073s ]
ERR: 无法加载模块:Js_city

[ 2016-11-24T14:05:33+08:00 ] 124.207.55.90 /uufenxiao/js_city/bootstrap.js
INFO: [ app_init ] --START--
INFO: Run Behavior\BuildLiteBehavior [ RunTime:0.000012s ]
INFO: [ app_init ] --END-- [ RunTime:0.000058s ]
ERR: 无法加载模块:Js_city

[ 2016-11-24T14:05:33+08:00 ] 124.207.55.90 /uufenxiao/js_city/city-picker.js
INFO: [ app_init ] --START--
INFO: Run Behavior\BuildLiteBehavior [ RunTime:0.000011s ]
INFO: [ app_init ] --END-- [ RunTime:0.000057s ]
ERR: 无法加载模块:Js_city

[ 2016-11-24T14:05:33+08:00 ] 124.207.55.90 /uufenxiao/js_city/city-picker.data.js
INFO: [ app_init ] --START--
INFO: Run Behavior\BuildLiteBehavior [ RunTime:0.000011s ]
INFO: [ app_init ] --END-- [ RunTime:0.000056s ]
ERR: 无法加载模块:Js_city

[ 2016-11-24T14:05:33+08:00 ] 124.207.55.90 /uufenxiao/js_city/main.js
INFO: [ app_init ] --START--
INFO: Run Behavior\BuildLiteBehavior [ RunTime:0.000015s ]
INFO: [ app_init ] --END-- [ RunTime:0.000071s ]
ERR: 无法加载模块:Js_city

[ 2016-11-24T14:05:35+08:00 ] 124.207.55.90 /uufenxiao/js_city/jquery.js
INFO: [ app_init ] --START--
INFO: Run Behavior\BuildLiteBehavior [ RunTime:0.000016s ]
INFO: [ app_init ] --END-- [ RunTime:0.000072s ]
ERR: 无法加载模块:Js_city

[ 2016-11-24T14:05:35+08:00 ] 124.207.55.90 /uufenxiao/js_city/city-picker.data.js
INFO: [ app_init ] --START--
INFO: Run Behavior\BuildLiteBehavior [ RunTime:0.000014s ]
INFO: [ app_init ] --END-- [ RunTime:0.000069s ]
ERR: 无法加载模块:Js_city

[ 2016-11-24T14:05:35+08:00 ] 124.207.55.90 /uufenxiao/js_city/city-picker.js
INFO: [ app_init ] --START--
INFO: Run Behavior\BuildLiteBehavior [ RunTime:0.000010s ]
INFO: [ app_init ] --END-- [ RunTime:0.000054s ]
ERR: 无法加载模块:Js_city

[ 2016-11-24T14:05:35+08:00 ] 124.207.55.90 /uufenxiao/js_city/bootstrap.js
INFO: [ app_init ] --START--
INFO: Run Behavior\BuildLiteBehavior [ RunTime:0.000015s ]
INFO: [ app_init ] --END-- [ RunTime:0.000073s ]
ERR: 无法加载模块:Js_city

[ 2016-11-24T14:05:35+08:00 ] 124.207.55.90 /uufenxiao/js_city/main.js
INFO: [ app_init ] --START--
INFO: Run Behavior\BuildLiteBehavior [ RunTime:0.000010s ]
INFO: [ app_init ] --END-- [ RunTime:0.000055s ]
ERR: 无法加载模块:Js_city

[ 2016-11-24T14:05:52+08:00 ] 124.207.55.90 /uufenxiao/js_city/jquery.js
INFO: [ app_init ] --START--
INFO: Run Behavior\BuildLiteBehavior [ RunTime:0.000016s ]
INFO: [ app_init ] --END-- [ RunTime:0.000078s ]
ERR: 无法加载模块:Js_city

[ 2016-11-24T14:05:52+08:00 ] 124.207.55.90 /uufenxiao/js_city/city-picker.data.js
INFO: [ app_init ] --START--
INFO: Run Behavior\BuildLiteBehavior [ RunTime:0.000010s ]
INFO: [ app_init ] --END-- [ RunTime:0.000055s ]
ERR: 无法加载模块:Js_city

[ 2016-11-24T14:05:52+08:00 ] 124.207.55.90 /uufenxiao/js_city/main.js
INFO: [ app_init ] --START--
INFO: Run Behavior\BuildLiteBehavior [ RunTime:0.000012s ]
INFO: [ app_init ] --END-- [ RunTime:0.000058s ]
ERR: 无法加载模块:Js_city

[ 2016-11-24T14:05:52+08:00 ] 124.207.55.90 /uufenxiao/js_city/city-picker.js
INFO: [ app_init ] --START--
INFO: Run Behavior\BuildLiteBehavior [ RunTime:0.000014s ]
INFO: [ app_init ] --END-- [ RunTime:0.000065s ]
ERR: 无法加载模块:Js_city

[ 2016-11-24T14:05:52+08:00 ] 124.207.55.90 /uufenxiao/js_city/bootstrap.js
INFO: [ app_init ] --START--
INFO: Run Behavior\BuildLiteBehavior [ RunTime:0.000011s ]
INFO: [ app_init ] --END-- [ RunTime:0.000056s ]
ERR: 无法加载模块:Js_city

[ 2016-11-24T14:06:50+08:00 ] 124.207.55.90 /uufenxiao/__PUBLIC/Home/images/dia_close.png
INFO: [ app_init ] --START--
INFO: Run Behavior\BuildLiteBehavior [ RunTime:0.000019s ]
INFO: [ app_init ] --END-- [ RunTime:0.000102s ]
ERR: 无法加载模块:__PUBLIC

[ 2016-11-24T14:06:52+08:00 ] 124.207.55.90 /uufenxiao/open_online.html
INFO: [ app_init ] --START--
INFO: Run Behavior\BuildLiteBehavior [ RunTime:0.000015s ]
INFO: [ app_init ] --END-- [ RunTime:0.000073s ]
ERR: 无法加载模块:Open_online

[ 2016-11-24T14:06:57+08:00 ] 124.207.55.90 /uufenxiao/__PUBLIC/Home/images/dia_close.png
INFO: [ app_init ] --START--
INFO: Run Behavior\BuildLiteBehavior [ RunTime:0.000017s ]
INFO: [ app_init ] --END-- [ RunTime:0.000077s ]
ERR: 无法加载模块:__PUBLIC

[ 2016-11-24T14:06:59+08:00 ] 124.207.55.90 /uufenxiao/__PUBLIC/Home/images/dia_close.png
INFO: [ app_init ] --START--
INFO: Run Behavior\BuildLiteBehavior [ RunTime:0.000015s ]
INFO: [ app_init ] --END-- [ RunTime:0.000074s ]
ERR: 无法加载模块:__PUBLIC

[ 2016-11-24T14:06:59+08:00 ] 124.207.55.90 /uufenxiao/__PUBLIC/Home/images/dia_close.png
INFO: [ app_init ] --START--
INFO: Run Behavior\BuildLiteBehavior [ RunTime:0.000016s ]
INFO: [ app_init ] --END-- [ RunTime:0.000107s ]
ERR: 无法加载模块:__PUBLIC

[ 2016-11-24T14:07:06+08:00 ] 124.207.55.90 /uufenxiao/__PUBLIC/Home/images/dia_close.png
INFO: [ app_init ] --START--
INFO: Run Behavior\BuildLiteBehavior [ RunTime:0.000017s ]
INFO: [ app_init ] --END-- [ RunTime:0.000089s ]
ERR: 无法加载模块:__PUBLIC

[ 2016-11-24T14:07:07+08:00 ] 124.207.55.90 /uufenxiao/__PUBLIC/Home/images/dia_close.png
INFO: [ app_init ] --START--
INFO: Run Behavior\BuildLiteBehavior [ RunTime:0.000014s ]
INFO: [ app_init ] --END-- [ RunTime:0.000085s ]
ERR: 无法加载模块:__PUBLIC

[ 2016-11-24T14:07:08+08:00 ] 124.207.55.90 /uufenxiao/__PUBLIC/Home/images/dia_close.png
INFO: [ app_init ] --START--
INFO: Run Behavior\BuildLiteBehavior [ RunTime:0.000014s ]
INFO: [ app_init ] --END-- [ RunTime:0.000070s ]
ERR: 无法加载模块:__PUBLIC

[ 2016-11-24T14:07:08+08:00 ] 124.207.55.90 /uufenxiao/__PUBLIC/Home/images/dia_close.png
INFO: [ app_init ] --START--
INFO: Run Behavior\BuildLiteBehavior [ RunTime:0.000014s ]
INFO: [ app_init ] --END-- [ RunTime:0.000073s ]
ERR: 无法加载模块:__PUBLIC

[ 2016-11-24T14:07:10+08:00 ] 124.207.55.90 /uufenxiao/Public/Home/css/button.css
INFO: [ app_init ] --START--
INFO: Run Behavior\BuildLiteBehavior [ RunTime:0.000019s ]
INFO: [ app_init ] --END-- [ RunTime:0.000100s ]
ERR: 无法加载模块:Public

[ 2016-11-24T14:07:10+08:00 ] 124.207.55.90 /uufenxiao/Public/Home/treeview/red-treeview.css
INFO: [ app_init ] --START--
INFO: Run Behavior\BuildLiteBehavior [ RunTime:0.000021s ]
INFO: [ app_init ] --END-- [ RunTime:0.000081s ]
ERR: 无法加载模块:Public

[ 2016-11-24T14:07:34+08:00 ] 124.207.55.90 /uufenxiao/open_online.html
INFO: [ app_init ] --START--
INFO: Run Behavior\BuildLiteBehavior [ RunTime:0.000015s ]
INFO: [ app_init ] --END-- [ RunTime:0.000072s ]
ERR: 无法加载模块:Open_online

[ 2016-11-24T14:07:38+08:00 ] 124.207.55.90 /uufenxiao/open_offline.html
INFO: [ app_init ] --START--
INFO: Run Behavior\BuildLiteBehavior [ RunTime:0.000013s ]
INFO: [ app_init ] --END-- [ RunTime:0.000066s ]
ERR: 无法加载模块:Open_offline

[ 2016-11-24T14:07:42+08:00 ] 124.207.55.90 /uufenxiao/open_online.html
INFO: [ app_init ] --START--
INFO: Run Behavior\BuildLiteBehavior [ RunTime:0.000015s ]
INFO: [ app_init ] --END-- [ RunTime:0.000072s ]
ERR: 无法加载模块:Open_online

