[ 2016-11-11T11:17:34+08:00 ] ::1 /uufenxiao/index.php?m=U(%27Home&c=Index&a=login%27%29
INFO: [ app_init ] --START--
INFO: Run Behavior\BuildLiteBehavior [ RunTime:0.000012s ]
INFO: [ app_init ] --END-- [ RunTime:0.000061s ]
ERR: 无法加载模块:U('Home

[ 2016-11-11T11:19:03+08:00 ] ::1 /uufenxiao/index.php?m=U(%27Home&c=Index&a=login%27%29
INFO: [ app_init ] --START--
INFO: Run Behavior\BuildLiteBehavior [ RunTime:0.000013s ]
INFO: [ app_init ] --END-- [ RunTime:0.000063s ]
ERR: 无法加载模块:U('Home

[ 2016-11-11T11:19:04+08:00 ] ::1 /uufenxiao/index.php?m=U(%27Home&c=Index&a=login%27%29
INFO: [ app_init ] --START--
INFO: Run Behavior\BuildLiteBehavior [ RunTime:0.000012s ]
INFO: [ app_init ] --END-- [ RunTime:0.000061s ]
ERR: 无法加载模块:U('Home

[ 2016-11-11T11:19:04+08:00 ] ::1 /uufenxiao/index.php?m=U(%27Home&c=Index&a=login%27%29
INFO: [ app_init ] --START--
INFO: Run Behavior\BuildLiteBehavior [ RunTime:0.000012s ]
INFO: [ app_init ] --END-- [ RunTime:0.000059s ]
ERR: 无法加载模块:U('Home

[ 2016-11-11T11:19:05+08:00 ] ::1 /uufenxiao/index.php?m=U(%27Home&c=Index&a=login%27%29
INFO: [ app_init ] --START--
INFO: Run Behavior\BuildLiteBehavior [ RunTime:0.000014s ]
INFO: [ app_init ] --END-- [ RunTime:0.000073s ]
ERR: 无法加载模块:U('Home

[ 2016-11-11T11:19:05+08:00 ] ::1 /uufenxiao/index.php?m=U(%27Home&c=Index&a=login%27%29
INFO: [ app_init ] --START--
INFO: Run Behavior\BuildLiteBehavior [ RunTime:0.000016s ]
INFO: [ app_init ] --END-- [ RunTime:0.000076s ]
ERR: 无法加载模块:U('Home

[ 2016-11-11T11:19:05+08:00 ] ::1 /uufenxiao/index.php?m=U(%27Home&c=Index&a=login%27%29
INFO: [ app_init ] --START--
INFO: Run Behavior\BuildLiteBehavior [ RunTime:0.000015s ]
INFO: [ app_init ] --END-- [ RunTime:0.000079s ]
ERR: 无法加载模块:U('Home

[ 2016-11-11T11:19:05+08:00 ] ::1 /uufenxiao/index.php?m=U(%27Home&c=Index&a=login%27%29
INFO: [ app_init ] --START--
INFO: Run Behavior\BuildLiteBehavior [ RunTime:0.000013s ]
INFO: [ app_init ] --END-- [ RunTime:0.000074s ]
ERR: 无法加载模块:U('Home

[ 2016-11-11T11:19:05+08:00 ] ::1 /uufenxiao/index.php?m=U(%27Home&c=Index&a=login%27%29
INFO: [ app_init ] --START--
INFO: Run Behavior\BuildLiteBehavior [ RunTime:0.000014s ]
INFO: [ app_init ] --END-- [ RunTime:0.000070s ]
ERR: 无法加载模块:U('Home

[ 2016-11-11T11:19:05+08:00 ] ::1 /uufenxiao/index.php?m=U(%27Home&c=Index&a=login%27%29
INFO: [ app_init ] --START--
INFO: Run Behavior\BuildLiteBehavior [ RunTime:0.000012s ]
INFO: [ app_init ] --END-- [ RunTime:0.000060s ]
ERR: 无法加载模块:U('Home

[ 2016-11-11T11:19:10+08:00 ] ::1 /uufenxiao/index.php?m={:U(%27Home&c=Index&a=login%27%29%7D
INFO: [ app_init ] --START--
INFO: Run Behavior\BuildLiteBehavior [ RunTime:0.000012s ]
INFO: [ app_init ] --END-- [ RunTime:0.000061s ]
ERR: 无法加载模块:{:U('Home

[ 2016-11-11T11:19:39+08:00 ] ::1 /uufenxiao/index.php?m={:U(%27Home&c=Index&a=login%27%29%7D
INFO: [ app_init ] --START--
INFO: Run Behavior\BuildLiteBehavior [ RunTime:0.000015s ]
INFO: [ app_init ] --END-- [ RunTime:0.000073s ]
ERR: 无法加载模块:{:U('Home

[ 2016-11-11T11:19:40+08:00 ] ::1 /uufenxiao/index.php?m={:U(%27Home&c=Index&a=login%27%29%7D
INFO: [ app_init ] --START--
INFO: Run Behavior\BuildLiteBehavior [ RunTime:0.000012s ]
INFO: [ app_init ] --END-- [ RunTime:0.000061s ]
ERR: 无法加载模块:{:U('Home

[ 2016-11-11T11:19:41+08:00 ] ::1 /uufenxiao/index.php?m={:U(%27Home&c=Index&a=login%27%29%7D
INFO: [ app_init ] --START--
INFO: Run Behavior\BuildLiteBehavior [ RunTime:0.000013s ]
INFO: [ app_init ] --END-- [ RunTime:0.000062s ]
ERR: 无法加载模块:{:U('Home

[ 2016-11-11T11:19:41+08:00 ] ::1 /uufenxiao/index.php?m={:U(%27Home&c=Index&a=login%27%29%7D
INFO: [ app_init ] --START--
INFO: Run Behavior\BuildLiteBehavior [ RunTime:0.000018s ]
INFO: [ app_init ] --END-- [ RunTime:0.000082s ]
ERR: 无法加载模块:{:U('Home

[ 2016-11-11T11:19:41+08:00 ] ::1 /uufenxiao/index.php?m={:U(%27Home&c=Index&a=login%27%29%7D
INFO: [ app_init ] --START--
INFO: Run Behavior\BuildLiteBehavior [ RunTime:0.000014s ]
INFO: [ app_init ] --END-- [ RunTime:0.000069s ]
ERR: 无法加载模块:{:U('Home

[ 2016-11-11T11:19:41+08:00 ] ::1 /uufenxiao/index.php?m={:U(%27Home&c=Index&a=login%27%29%7D
INFO: [ app_init ] --START--
INFO: Run Behavior\BuildLiteBehavior [ RunTime:0.000011s ]
INFO: [ app_init ] --END-- [ RunTime:0.000060s ]
ERR: 无法加载模块:{:U('Home

[ 2016-11-11T11:19:41+08:00 ] ::1 /uufenxiao/index.php?m={:U(%27Home&c=Index&a=login%27%29%7D
INFO: [ app_init ] --START--
INFO: Run Behavior\BuildLiteBehavior [ RunTime:0.000015s ]
INFO: [ app_init ] --END-- [ RunTime:0.000075s ]
ERR: 无法加载模块:{:U('Home

[ 2016-11-11T11:19:41+08:00 ] ::1 /uufenxiao/index.php?m={:U(%27Home&c=Index&a=login%27%29%7D
INFO: [ app_init ] --START--
INFO: Run Behavior\BuildLiteBehavior [ RunTime:0.000012s ]
INFO: [ app_init ] --END-- [ RunTime:0.000059s ]
ERR: 无法加载模块:{:U('Home

[ 2016-11-11T11:19:41+08:00 ] ::1 /uufenxiao/index.php?m={:U(%27Home&c=Index&a=login%27%29%7D
INFO: [ app_init ] --START--
INFO: Run Behavior\BuildLiteBehavior [ RunTime:0.000013s ]
INFO: [ app_init ] --END-- [ RunTime:0.000066s ]
ERR: 无法加载模块:{:U('Home

[ 2016-11-11T11:19:41+08:00 ] ::1 /uufenxiao/index.php?m={:U(%27Home&c=Index&a=login%27%29%7D
INFO: [ app_init ] --START--
INFO: Run Behavior\BuildLiteBehavior [ RunTime:0.000014s ]
INFO: [ app_init ] --END-- [ RunTime:0.000067s ]
ERR: 无法加载模块:{:U('Home

[ 2016-11-11T11:19:41+08:00 ] ::1 /uufenxiao/index.php?m={:U(%27Home&c=Index&a=login%27%29%7D
INFO: [ app_init ] --START--
INFO: Run Behavior\BuildLiteBehavior [ RunTime:0.000023s ]
INFO: [ app_init ] --END-- [ RunTime:0.000159s ]
ERR: 无法加载模块:{:U('Home

[ 2016-11-11T11:19:41+08:00 ] ::1 /uufenxiao/index.php?m={:U(%27Home&c=Index&a=login%27%29%7D
INFO: [ app_init ] --START--
INFO: Run Behavior\BuildLiteBehavior [ RunTime:0.000011s ]
INFO: [ app_init ] --END-- [ RunTime:0.000059s ]
ERR: 无法加载模块:{:U('Home

[ 2016-11-11T11:19:45+08:00 ] ::1 /uufenxiao/favicon.ico
INFO: [ app_init ] --START--
INFO: Run Behavior\BuildLiteBehavior [ RunTime:0.000017s ]
INFO: [ app_init ] --END-- [ RunTime:0.000075s ]
ERR: 无法加载模块:Favicon

[ 2016-11-11T11:20:04+08:00 ] ::1 /uufenxiao/Public/Home/css/button.css
INFO: [ app_init ] --START--
INFO: Run Behavior\BuildLiteBehavior [ RunTime:0.000014s ]
INFO: [ app_init ] --END-- [ RunTime:0.000068s ]
ERR: 无法加载模块:Public

[ 2016-11-11T11:20:04+08:00 ] ::1 /uufenxiao/Public/Home/treeview/red-treeview.css
INFO: [ app_init ] --START--
INFO: Run Behavior\BuildLiteBehavior [ RunTime:0.000013s ]
INFO: [ app_init ] --END-- [ RunTime:0.000062s ]
ERR: 无法加载模块:Public

[ 2016-11-11T17:56:01+08:00 ] 124.207.55.90 /uufenxiao/favicon.ico
INFO: [ app_init ] --START--
INFO: Run Behavior\BuildLiteBehavior [ RunTime:0.000021s ]
INFO: [ app_init ] --END-- [ RunTime:0.000102s ]
ERR: 无法加载模块:Favicon

[ 2016-11-11T17:56:12+08:00 ] 124.207.55.90 /uufenxiao/images/dia_close.png
INFO: [ app_init ] --START--
INFO: Run Behavior\BuildLiteBehavior [ RunTime:0.000016s ]
INFO: [ app_init ] --END-- [ RunTime:0.000102s ]
ERR: 无法加载模块:Images

