[ 2016-09-08T18:53:20+08:00 ] ::1 /thinkphp/admin
INFO: [ app_init ] --START--
INFO: Run Behavior\BuildLiteBehavior [ RunTime:0.000013s ]
INFO: [ app_init ] --END-- [ RunTime:0.000074s ]
INFO: [ app_begin ] --START--
INFO: Run Behavior\ReadHtmlCacheBehavior [ RunTime:0.000679s ]
INFO: [ app_begin ] --END-- [ RunTime:0.000756s ]

[ 2016-09-08T18:53:20+08:00 ] ::1 /thinkphp/index.php/Admin/Index/login.html
INFO: [ app_init ] --START--
INFO: Run Behavior\BuildLiteBehavior [ RunTime:0.000024s ]
INFO: [ app_init ] --END-- [ RunTime:0.000114s ]
INFO: [ app_begin ] --START--
INFO: Run Behavior\ReadHtmlCacheBehavior [ RunTime:0.000601s ]
INFO: [ app_begin ] --END-- [ RunTime:0.000674s ]
NOTIC: [8] Undefined index: lo_submit D:\htdocs\thinkphp\Application\Admin\Controller\IndexController.class.php 第 23 行.
INFO: [ view_parse ] --START--
INFO: [ template_filter ] --START--
INFO: Run Behavior\ContentReplaceBehavior [ RunTime:0.000053s ]
INFO: [ template_filter ] --END-- [ RunTime:0.000110s ]
INFO: Run Behavior\ParseTemplateBehavior [ RunTime:0.007238s ]
INFO: [ view_parse ] --END-- [ RunTime:0.007341s ]
INFO: [ view_filter ] --START--
INFO: Run Behavior\WriteHtmlCacheBehavior [ RunTime:0.000774s ]
INFO: [ view_filter ] --END-- [ RunTime:0.000845s ]
INFO: [ app_end ] --START--
INFO: Run Behavior\ShowPageTraceBehavior [ RunTime:0.000713s ]
INFO: [ app_end ] --END-- [ RunTime:0.000785s ]

[ 2016-09-08T18:53:25+08:00 ] ::1 /thinkphp/index.php/Admin/Index/login.html
INFO: [ app_init ] --START--
INFO: Run Behavior\BuildLiteBehavior [ RunTime:0.000014s ]
INFO: [ app_init ] --END-- [ RunTime:0.000070s ]
INFO: [ app_begin ] --START--
INFO: Run Behavior\ReadHtmlCacheBehavior [ RunTime:0.000688s ]
INFO: [ app_begin ] --END-- [ RunTime:0.000778s ]
SQL: SHOW COLUMNS FROM `think_admin_user` [ RunTime:0.0358s ]
SQL: SELECT COUNT(*) AS tp_count FROM `think_admin_user` WHERE ( user_name= 'admin' AND password= '96e79218965eb72c92a549dd5a330112' ) LIMIT 1   [ RunTime:0.0352s ]
SQL: SELECT * FROM `think_admin_user` WHERE ( user_name='admin' ) LIMIT 1   [ RunTime:0.0353s ]
INFO: [ view_parse ] --START--
INFO: [ template_filter ] --START--
INFO: Run Behavior\ContentReplaceBehavior [ RunTime:0.000039s ]
INFO: [ template_filter ] --END-- [ RunTime:0.000089s ]
INFO: Run Behavior\ParseTemplateBehavior [ RunTime:0.007118s ]
INFO: [ view_parse ] --END-- [ RunTime:0.007213s ]
INFO: [ view_filter ] --START--
INFO: Run Behavior\WriteHtmlCacheBehavior [ RunTime:0.000702s ]
INFO: [ view_filter ] --END-- [ RunTime:0.000764s ]
INFO: [ app_end ] --START--
INFO: Run Behavior\ShowPageTraceBehavior [ RunTime:0.000677s ]
INFO: [ app_end ] --END-- [ RunTime:0.000722s ]

[ 2016-09-08T18:53:26+08:00 ] ::1 /thinkphp/index.php/Admin/Index/index.html
INFO: [ app_init ] --START--
INFO: Run Behavior\BuildLiteBehavior [ RunTime:0.000012s ]
INFO: [ app_init ] --END-- [ RunTime:0.000063s ]
INFO: [ app_begin ] --START--
INFO: Run Behavior\ReadHtmlCacheBehavior [ RunTime:0.000584s ]
INFO: [ app_begin ] --END-- [ RunTime:0.000637s ]
SQL: SHOW COLUMNS FROM `think_admin_user` [ RunTime:0.0352s ]
SQL: SELECT * FROM `think_admin_user` WHERE `user_id` = 1 LIMIT 1   [ RunTime:0.0347s ]
INFO: [ view_parse ] --START--
INFO: [ template_filter ] --START--
INFO: Run Behavior\ContentReplaceBehavior [ RunTime:0.000094s ]
INFO: [ template_filter ] --END-- [ RunTime:0.000156s ]
INFO: Run Behavior\ParseTemplateBehavior [ RunTime:0.010186s ]
INFO: [ view_parse ] --END-- [ RunTime:0.010251s ]
INFO: [ view_filter ] --START--
INFO: Run Behavior\WriteHtmlCacheBehavior [ RunTime:0.000443s ]
INFO: [ view_filter ] --END-- [ RunTime:0.000485s ]
INFO: [ app_end ] --START--
INFO: Run Behavior\ShowPageTraceBehavior [ RunTime:0.000754s ]
INFO: [ app_end ] --END-- [ RunTime:0.000816s ]

[ 2016-09-08T18:53:26+08:00 ] ::1 /thinkphp/index.php/Admin/Index/welcome.html
INFO: [ app_init ] --START--
INFO: Run Behavior\BuildLiteBehavior [ RunTime:0.000021s ]
INFO: [ app_init ] --END-- [ RunTime:0.000121s ]
INFO: [ app_begin ] --START--
INFO: Run Behavior\ReadHtmlCacheBehavior [ RunTime:0.000731s ]
INFO: [ app_begin ] --END-- [ RunTime:0.000816s ]
INFO: [ view_parse ] --START--
INFO: [ template_filter ] --START--
INFO: Run Behavior\ContentReplaceBehavior [ RunTime:0.000065s ]
INFO: [ template_filter ] --END-- [ RunTime:0.000147s ]
INFO: Run Behavior\ParseTemplateBehavior [ RunTime:0.011594s ]
INFO: [ view_parse ] --END-- [ RunTime:0.011683s ]
INFO: [ view_filter ] --START--
INFO: Run Behavior\WriteHtmlCacheBehavior [ RunTime:0.000440s ]
INFO: [ view_filter ] --END-- [ RunTime:0.000487s ]
INFO: [ app_end ] --START--
INFO: Run Behavior\ShowPageTraceBehavior [ RunTime:0.000593s ]
INFO: [ app_end ] --END-- [ RunTime:0.000643s ]

[ 2016-09-08T18:53:31+08:00 ] ::1 /thinkphp/index.php/Admin/Mem/member_list.html
INFO: [ app_init ] --START--
INFO: Run Behavior\BuildLiteBehavior [ RunTime:0.000013s ]
INFO: [ app_init ] --END-- [ RunTime:0.000063s ]
INFO: [ app_begin ] --START--
INFO: Run Behavior\ReadHtmlCacheBehavior [ RunTime:0.000579s ]
INFO: [ app_begin ] --END-- [ RunTime:0.000640s ]
SQL: SHOW COLUMNS FROM `think_member` [ RunTime:0.0437s ]
SQL: SELECT * FROM `think_member` INNER JOIN think_ulevel ON think_ulevel.ulevel = think_member.ulevel  WHERE ( id>0 ) ORDER BY id asc  [ RunTime:0.1244s ]
INFO: [ view_parse ] --START--
INFO: [ template_filter ] --START--
INFO: Run Behavior\ContentReplaceBehavior [ RunTime:0.000074s ]
INFO: [ template_filter ] --END-- [ RunTime:0.000132s ]
NOTIC: [8] Undefined variable: D D:\htdocs\thinkphp\Application\Runtime\Cache\Admin\87eefa145d23ccebe4f833c29d29b778.php 第 30 行.
NOTIC: [8] Undefined variable: dp D:\htdocs\thinkphp\Application\Runtime\Cache\Admin\87eefa145d23ccebe4f833c29d29b778.php 第 30 行.
NOTIC: [8] Undefined variable: D D:\htdocs\thinkphp\Application\Runtime\Cache\Admin\87eefa145d23ccebe4f833c29d29b778.php 第 32 行.
NOTIC: [8] Undefined variable: dp D:\htdocs\thinkphp\Application\Runtime\Cache\Admin\87eefa145d23ccebe4f833c29d29b778.php 第 32 行.
INFO: Run Behavior\ParseTemplateBehavior [ RunTime:0.011882s ]
INFO: [ view_parse ] --END-- [ RunTime:0.011946s ]
INFO: [ view_filter ] --START--
INFO: Run Behavior\WriteHtmlCacheBehavior [ RunTime:0.000511s ]
INFO: [ view_filter ] --END-- [ RunTime:0.000557s ]
INFO: [ app_end ] --START--
INFO: Run Behavior\ShowPageTraceBehavior [ RunTime:0.000689s ]
INFO: [ app_end ] --END-- [ RunTime:0.000753s ]

[ 2016-09-08T18:53:36+08:00 ] ::1 /thinkphp/index.php/Admin/Mem/member_edit
INFO: [ app_init ] --START--
INFO: Run Behavior\BuildLiteBehavior [ RunTime:0.000011s ]
INFO: [ app_init ] --END-- [ RunTime:0.000058s ]
INFO: [ app_begin ] --START--
INFO: Run Behavior\ReadHtmlCacheBehavior [ RunTime:0.000562s ]
INFO: [ app_begin ] --END-- [ RunTime:0.000614s ]
SQL: SHOW COLUMNS FROM `think_member` [ RunTime:0.0403s ]
SQL: SELECT * FROM `think_member` INNER JOIN think_ulevel ON think_ulevel.ulevel = think_member.ulevel  WHERE ( id=53 ) ORDER BY id asc LIMIT 1   [ RunTime:0.0390s ]
INFO: [ view_parse ] --START--
INFO: [ template_filter ] --START--
INFO: Run Behavior\ContentReplaceBehavior [ RunTime:0.000062s ]
INFO: [ template_filter ] --END-- [ RunTime:0.000119s ]
NOTIC: [8] Undefined index: beizhu D:\htdocs\thinkphp\Application\Runtime\Cache\Admin\255bf900531d11d7947194e3480e29ef.php 第 94 行.
INFO: Run Behavior\ParseTemplateBehavior [ RunTime:0.008270s ]
INFO: [ view_parse ] --END-- [ RunTime:0.008336s ]
INFO: [ view_filter ] --START--
INFO: Run Behavior\WriteHtmlCacheBehavior [ RunTime:0.000614s ]
INFO: [ view_filter ] --END-- [ RunTime:0.000718s ]
INFO: [ app_end ] --START--
INFO: Run Behavior\ShowPageTraceBehavior [ RunTime:0.000833s ]
INFO: [ app_end ] --END-- [ RunTime:0.000910s ]

[ 2016-09-08T18:53:42+08:00 ] ::1 /thinkphp/index.php/Admin/Mem/member_list.html
INFO: [ app_init ] --START--
INFO: Run Behavior\BuildLiteBehavior [ RunTime:0.000014s ]
INFO: [ app_init ] --END-- [ RunTime:0.000083s ]
INFO: [ app_begin ] --START--
INFO: Run Behavior\ReadHtmlCacheBehavior [ RunTime:0.000597s ]
INFO: [ app_begin ] --END-- [ RunTime:0.000670s ]
SQL: SHOW COLUMNS FROM `think_member` [ RunTime:0.0382s ]
SQL: SELECT * FROM `think_member` INNER JOIN think_ulevel ON think_ulevel.ulevel = think_member.ulevel  WHERE ( id>0 ) ORDER BY id asc  [ RunTime:0.1191s ]
INFO: [ view_parse ] --START--
INFO: [ template_filter ] --START--
INFO: Run Behavior\ContentReplaceBehavior [ RunTime:0.000073s ]
INFO: [ template_filter ] --END-- [ RunTime:0.000125s ]
NOTIC: [8] Undefined variable: D D:\htdocs\thinkphp\Application\Runtime\Cache\Admin\87eefa145d23ccebe4f833c29d29b778.php 第 30 行.
NOTIC: [8] Undefined variable: dp D:\htdocs\thinkphp\Application\Runtime\Cache\Admin\87eefa145d23ccebe4f833c29d29b778.php 第 30 行.
NOTIC: [8] Undefined variable: D D:\htdocs\thinkphp\Application\Runtime\Cache\Admin\87eefa145d23ccebe4f833c29d29b778.php 第 32 行.
NOTIC: [8] Undefined variable: dp D:\htdocs\thinkphp\Application\Runtime\Cache\Admin\87eefa145d23ccebe4f833c29d29b778.php 第 32 行.
INFO: Run Behavior\ParseTemplateBehavior [ RunTime:0.009633s ]
INFO: [ view_parse ] --END-- [ RunTime:0.009711s ]
INFO: [ view_filter ] --START--
INFO: Run Behavior\WriteHtmlCacheBehavior [ RunTime:0.000458s ]
INFO: [ view_filter ] --END-- [ RunTime:0.000501s ]
INFO: [ app_end ] --START--
INFO: Run Behavior\ShowPageTraceBehavior [ RunTime:0.000964s ]
INFO: [ app_end ] --END-- [ RunTime:0.001065s ]

[ 2016-09-08T18:53:50+08:00 ] ::1 /thinkphp/index.php/Admin/Mem/member_list.html
INFO: [ app_init ] --START--
INFO: Run Behavior\BuildLiteBehavior [ RunTime:0.000013s ]
INFO: [ app_init ] --END-- [ RunTime:0.000061s ]
INFO: [ app_begin ] --START--
INFO: Run Behavior\ReadHtmlCacheBehavior [ RunTime:0.000590s ]
INFO: [ app_begin ] --END-- [ RunTime:0.000641s ]
SQL: SHOW COLUMNS FROM `think_member` [ RunTime:0.0424s ]
SQL: SELECT * FROM `think_member` INNER JOIN think_ulevel ON think_ulevel.ulevel = think_member.ulevel  WHERE ( id>0 ) ORDER BY id asc  [ RunTime:0.1204s ]
INFO: [ view_parse ] --START--
INFO: [ template_filter ] --START--
INFO: Run Behavior\ContentReplaceBehavior [ RunTime:0.000073s ]
INFO: [ template_filter ] --END-- [ RunTime:0.000126s ]
NOTIC: [8] Undefined variable: D D:\htdocs\thinkphp\Application\Runtime\Cache\Admin\87eefa145d23ccebe4f833c29d29b778.php 第 30 行.
NOTIC: [8] Undefined variable: dp D:\htdocs\thinkphp\Application\Runtime\Cache\Admin\87eefa145d23ccebe4f833c29d29b778.php 第 30 行.
NOTIC: [8] Undefined variable: D D:\htdocs\thinkphp\Application\Runtime\Cache\Admin\87eefa145d23ccebe4f833c29d29b778.php 第 32 行.
NOTIC: [8] Undefined variable: dp D:\htdocs\thinkphp\Application\Runtime\Cache\Admin\87eefa145d23ccebe4f833c29d29b778.php 第 32 行.
INFO: Run Behavior\ParseTemplateBehavior [ RunTime:0.009755s ]
INFO: [ view_parse ] --END-- [ RunTime:0.009819s ]
INFO: [ view_filter ] --START--
INFO: Run Behavior\WriteHtmlCacheBehavior [ RunTime:0.000444s ]
INFO: [ view_filter ] --END-- [ RunTime:0.000486s ]
INFO: [ app_end ] --START--
INFO: Run Behavior\ShowPageTraceBehavior [ RunTime:0.000917s ]
INFO: [ app_end ] --END-- [ RunTime:0.001023s ]

[ 2016-09-08T18:53:51+08:00 ] ::1 /thinkphp/index.php/Admin/Mem/member_list.html
INFO: [ app_init ] --START--
INFO: Run Behavior\BuildLiteBehavior [ RunTime:0.000013s ]
INFO: [ app_init ] --END-- [ RunTime:0.000063s ]
INFO: [ app_begin ] --START--
INFO: Run Behavior\ReadHtmlCacheBehavior [ RunTime:0.000548s ]
INFO: [ app_begin ] --END-- [ RunTime:0.000611s ]
SQL: SHOW COLUMNS FROM `think_member` [ RunTime:0.0398s ]
SQL: SELECT * FROM `think_member` INNER JOIN think_ulevel ON think_ulevel.ulevel = think_member.ulevel  WHERE ( id>0 ) ORDER BY id asc  [ RunTime:0.1124s ]
INFO: [ view_parse ] --START--
INFO: [ template_filter ] --START--
INFO: Run Behavior\ContentReplaceBehavior [ RunTime:0.000073s ]
INFO: [ template_filter ] --END-- [ RunTime:0.000130s ]
NOTIC: [8] Undefined variable: D D:\htdocs\thinkphp\Application\Runtime\Cache\Admin\87eefa145d23ccebe4f833c29d29b778.php 第 30 行.
NOTIC: [8] Undefined variable: dp D:\htdocs\thinkphp\Application\Runtime\Cache\Admin\87eefa145d23ccebe4f833c29d29b778.php 第 30 行.
NOTIC: [8] Undefined variable: D D:\htdocs\thinkphp\Application\Runtime\Cache\Admin\87eefa145d23ccebe4f833c29d29b778.php 第 32 行.
NOTIC: [8] Undefined variable: dp D:\htdocs\thinkphp\Application\Runtime\Cache\Admin\87eefa145d23ccebe4f833c29d29b778.php 第 32 行.
INFO: Run Behavior\ParseTemplateBehavior [ RunTime:0.009901s ]
INFO: [ view_parse ] --END-- [ RunTime:0.009959s ]
INFO: [ view_filter ] --START--
INFO: Run Behavior\WriteHtmlCacheBehavior [ RunTime:0.000495s ]
INFO: [ view_filter ] --END-- [ RunTime:0.000542s ]
INFO: [ app_end ] --START--
INFO: Run Behavior\ShowPageTraceBehavior [ RunTime:0.000850s ]
INFO: [ app_end ] --END-- [ RunTime:0.000936s ]

[ 2016-09-08T18:56:37+08:00 ] ::1 /thinkphp/index.php/Admin/Mem/member_edit
INFO: [ app_init ] --START--
INFO: Run Behavior\BuildLiteBehavior [ RunTime:0.000012s ]
INFO: [ app_init ] --END-- [ RunTime:0.000062s ]
INFO: [ app_begin ] --START--
INFO: Run Behavior\ReadHtmlCacheBehavior [ RunTime:0.000541s ]
INFO: [ app_begin ] --END-- [ RunTime:0.000594s ]
SQL: SHOW COLUMNS FROM `think_member` [ RunTime:0.0413s ]
SQL: SELECT * FROM `think_member` INNER JOIN think_ulevel ON think_ulevel.ulevel = think_member.ulevel  WHERE ( id=53 ) ORDER BY id asc LIMIT 1   [ RunTime:0.0392s ]
INFO: [ view_parse ] --START--
INFO: [ template_filter ] --START--
INFO: Run Behavior\ContentReplaceBehavior [ RunTime:0.000063s ]
INFO: [ template_filter ] --END-- [ RunTime:0.000120s ]
NOTIC: [8] Undefined index: beizhu D:\htdocs\thinkphp\Application\Runtime\Cache\Admin\255bf900531d11d7947194e3480e29ef.php 第 94 行.
INFO: Run Behavior\ParseTemplateBehavior [ RunTime:0.008741s ]
INFO: [ view_parse ] --END-- [ RunTime:0.008796s ]
INFO: [ view_filter ] --START--
INFO: Run Behavior\WriteHtmlCacheBehavior [ RunTime:0.000434s ]
INFO: [ view_filter ] --END-- [ RunTime:0.000485s ]
INFO: [ app_end ] --START--
INFO: Run Behavior\ShowPageTraceBehavior [ RunTime:0.000583s ]
INFO: [ app_end ] --END-- [ RunTime:0.000627s ]

[ 2016-09-08T18:56:39+08:00 ] ::1 /thinkphp/index.php/Admin/Mem/member_list.html
INFO: [ app_init ] --START--
INFO: Run Behavior\BuildLiteBehavior [ RunTime:0.000012s ]
INFO: [ app_init ] --END-- [ RunTime:0.000059s ]
INFO: [ app_begin ] --START--
INFO: Run Behavior\ReadHtmlCacheBehavior [ RunTime:0.000568s ]
INFO: [ app_begin ] --END-- [ RunTime:0.000620s ]
SQL: SHOW COLUMNS FROM `think_member` [ RunTime:0.0417s ]
SQL: SELECT * FROM `think_member` INNER JOIN think_ulevel ON think_ulevel.ulevel = think_member.ulevel  WHERE ( id>0 ) ORDER BY id asc  [ RunTime:0.1125s ]
INFO: [ view_parse ] --START--
INFO: [ template_filter ] --START--
INFO: Run Behavior\ContentReplaceBehavior [ RunTime:0.000072s ]
INFO: [ template_filter ] --END-- [ RunTime:0.000121s ]
NOTIC: [8] Undefined variable: D D:\htdocs\thinkphp\Application\Runtime\Cache\Admin\87eefa145d23ccebe4f833c29d29b778.php 第 30 行.
NOTIC: [8] Undefined variable: dp D:\htdocs\thinkphp\Application\Runtime\Cache\Admin\87eefa145d23ccebe4f833c29d29b778.php 第 30 行.
NOTIC: [8] Undefined variable: D D:\htdocs\thinkphp\Application\Runtime\Cache\Admin\87eefa145d23ccebe4f833c29d29b778.php 第 32 行.
NOTIC: [8] Undefined variable: dp D:\htdocs\thinkphp\Application\Runtime\Cache\Admin\87eefa145d23ccebe4f833c29d29b778.php 第 32 行.
INFO: Run Behavior\ParseTemplateBehavior [ RunTime:0.009585s ]
INFO: [ view_parse ] --END-- [ RunTime:0.009645s ]
INFO: [ view_filter ] --START--
INFO: Run Behavior\WriteHtmlCacheBehavior [ RunTime:0.000451s ]
INFO: [ view_filter ] --END-- [ RunTime:0.000493s ]
INFO: [ app_end ] --START--
INFO: Run Behavior\ShowPageTraceBehavior [ RunTime:0.000953s ]
INFO: [ app_end ] --END-- [ RunTime:0.001060s ]

[ 2016-09-08T18:56:57+08:00 ] ::1 /thinkphp/index.php/Admin/Mem/member_edit
INFO: [ app_init ] --START--
INFO: Run Behavior\BuildLiteBehavior [ RunTime:0.000012s ]
INFO: [ app_init ] --END-- [ RunTime:0.000062s ]
INFO: [ app_begin ] --START--
INFO: Run Behavior\ReadHtmlCacheBehavior [ RunTime:0.000569s ]
INFO: [ app_begin ] --END-- [ RunTime:0.000621s ]
SQL: SHOW COLUMNS FROM `think_member` [ RunTime:0.0413s ]
SQL: SELECT * FROM `think_member` INNER JOIN think_ulevel ON think_ulevel.ulevel = think_member.ulevel  WHERE ( id=53 ) ORDER BY id asc LIMIT 1   [ RunTime:0.0391s ]
INFO: [ view_parse ] --START--
INFO: [ template_filter ] --START--
INFO: Run Behavior\ContentReplaceBehavior [ RunTime:0.000063s ]
INFO: [ template_filter ] --END-- [ RunTime:0.000119s ]
NOTIC: [8] Undefined index: beizhu D:\htdocs\thinkphp\Application\Runtime\Cache\Admin\255bf900531d11d7947194e3480e29ef.php 第 94 行.
INFO: Run Behavior\ParseTemplateBehavior [ RunTime:0.007861s ]
INFO: [ view_parse ] --END-- [ RunTime:0.007916s ]
INFO: [ view_filter ] --START--
INFO: Run Behavior\WriteHtmlCacheBehavior [ RunTime:0.000468s ]
INFO: [ view_filter ] --END-- [ RunTime:0.000515s ]
INFO: [ app_end ] --START--
INFO: Run Behavior\ShowPageTraceBehavior [ RunTime:0.000607s ]
INFO: [ app_end ] --END-- [ RunTime:0.000652s ]

[ 2016-09-08T18:58:20+08:00 ] ::1 /thinkphp/index.php/Admin/Mem/member_list.html
INFO: [ app_init ] --START--
INFO: Run Behavior\BuildLiteBehavior [ RunTime:0.000011s ]
INFO: [ app_init ] --END-- [ RunTime:0.000061s ]
INFO: [ app_begin ] --START--
INFO: Run Behavior\ReadHtmlCacheBehavior [ RunTime:0.000597s ]
INFO: [ app_begin ] --END-- [ RunTime:0.000650s ]
SQL: SHOW COLUMNS FROM `think_member` [ RunTime:0.0410s ]
SQL: SELECT * FROM `think_member` INNER JOIN think_ulevel ON think_ulevel.ulevel = think_member.ulevel  WHERE ( id>0 ) ORDER BY id asc  [ RunTime:0.1196s ]
INFO: [ view_parse ] --START--
INFO: [ template_filter ] --START--
INFO: Run Behavior\ContentReplaceBehavior [ RunTime:0.000111s ]
INFO: [ template_filter ] --END-- [ RunTime:0.000179s ]
NOTIC: [8] Undefined variable: D D:\htdocs\thinkphp\Application\Runtime\Cache\Admin\87eefa145d23ccebe4f833c29d29b778.php 第 30 行.
NOTIC: [8] Undefined variable: dp D:\htdocs\thinkphp\Application\Runtime\Cache\Admin\87eefa145d23ccebe4f833c29d29b778.php 第 30 行.
NOTIC: [8] Undefined variable: D D:\htdocs\thinkphp\Application\Runtime\Cache\Admin\87eefa145d23ccebe4f833c29d29b778.php 第 32 行.
NOTIC: [8] Undefined variable: dp D:\htdocs\thinkphp\Application\Runtime\Cache\Admin\87eefa145d23ccebe4f833c29d29b778.php 第 32 行.
INFO: Run Behavior\ParseTemplateBehavior [ RunTime:0.011473s ]
INFO: [ view_parse ] --END-- [ RunTime:0.011531s ]
INFO: [ view_filter ] --START--
INFO: Run Behavior\WriteHtmlCacheBehavior [ RunTime:0.000448s ]
INFO: [ view_filter ] --END-- [ RunTime:0.000498s ]
INFO: [ app_end ] --START--
INFO: Run Behavior\ShowPageTraceBehavior [ RunTime:0.000966s ]
INFO: [ app_end ] --END-- [ RunTime:0.001072s ]

[ 2016-09-08T18:58:22+08:00 ] ::1 /thinkphp/index.php/Admin/Mem/member_edit
INFO: [ app_init ] --START--
INFO: Run Behavior\BuildLiteBehavior [ RunTime:0.000012s ]
INFO: [ app_init ] --END-- [ RunTime:0.000059s ]
INFO: [ app_begin ] --START--
INFO: Run Behavior\ReadHtmlCacheBehavior [ RunTime:0.000590s ]
INFO: [ app_begin ] --END-- [ RunTime:0.000667s ]
SQL: SHOW COLUMNS FROM `think_member` [ RunTime:0.0378s ]
SQL: SELECT * FROM `think_member` INNER JOIN think_ulevel ON think_ulevel.ulevel = think_member.ulevel  WHERE ( id=53 ) ORDER BY id asc LIMIT 1   [ RunTime:0.0395s ]
INFO: [ view_parse ] --START--
INFO: [ template_filter ] --START--
INFO: Run Behavior\ContentReplaceBehavior [ RunTime:0.000065s ]
INFO: [ template_filter ] --END-- [ RunTime:0.000130s ]
NOTIC: [8] Undefined index: beizhu D:\htdocs\thinkphp\Application\Runtime\Cache\Admin\255bf900531d11d7947194e3480e29ef.php 第 100 行.
INFO: Run Behavior\ParseTemplateBehavior [ RunTime:0.008104s ]
INFO: [ view_parse ] --END-- [ RunTime:0.008160s ]
INFO: [ view_filter ] --START--
INFO: Run Behavior\WriteHtmlCacheBehavior [ RunTime:0.000431s ]
INFO: [ view_filter ] --END-- [ RunTime:0.000474s ]
INFO: [ app_end ] --START--
INFO: Run Behavior\ShowPageTraceBehavior [ RunTime:0.000591s ]
INFO: [ app_end ] --END-- [ RunTime:0.000633s ]

[ 2016-09-08T18:58:54+08:00 ] ::1 /thinkphp/index.php/Admin/Mem/member_list.html
INFO: [ app_init ] --START--
INFO: Run Behavior\BuildLiteBehavior [ RunTime:0.000011s ]
INFO: [ app_init ] --END-- [ RunTime:0.000059s ]
INFO: [ app_begin ] --START--
INFO: Run Behavior\ReadHtmlCacheBehavior [ RunTime:0.004065s ]
INFO: [ app_begin ] --END-- [ RunTime:0.004245s ]
SQL: SHOW COLUMNS FROM `think_member` [ RunTime:0.0413s ]
SQL: SELECT * FROM `think_member` INNER JOIN think_ulevel ON think_ulevel.ulevel = think_member.ulevel  WHERE ( id>0 ) ORDER BY id asc  [ RunTime:0.1146s ]
INFO: [ view_parse ] --START--
INFO: [ template_filter ] --START--
INFO: Run Behavior\ContentReplaceBehavior [ RunTime:0.000073s ]
INFO: [ template_filter ] --END-- [ RunTime:0.000128s ]
NOTIC: [8] Undefined variable: D D:\htdocs\thinkphp\Application\Runtime\Cache\Admin\87eefa145d23ccebe4f833c29d29b778.php 第 30 行.
NOTIC: [8] Undefined variable: dp D:\htdocs\thinkphp\Application\Runtime\Cache\Admin\87eefa145d23ccebe4f833c29d29b778.php 第 30 行.
NOTIC: [8] Undefined variable: D D:\htdocs\thinkphp\Application\Runtime\Cache\Admin\87eefa145d23ccebe4f833c29d29b778.php 第 32 行.
NOTIC: [8] Undefined variable: dp D:\htdocs\thinkphp\Application\Runtime\Cache\Admin\87eefa145d23ccebe4f833c29d29b778.php 第 32 行.
INFO: Run Behavior\ParseTemplateBehavior [ RunTime:0.010890s ]
INFO: [ view_parse ] --END-- [ RunTime:0.010948s ]
INFO: [ view_filter ] --START--
INFO: Run Behavior\WriteHtmlCacheBehavior [ RunTime:0.000448s ]
INFO: [ view_filter ] --END-- [ RunTime:0.000493s ]
INFO: [ app_end ] --START--
INFO: Run Behavior\ShowPageTraceBehavior [ RunTime:0.000966s ]
INFO: [ app_end ] --END-- [ RunTime:0.001082s ]

[ 2016-09-08T18:58:57+08:00 ] ::1 /thinkphp/index.php/Admin/Mem/member_edit
INFO: [ app_init ] --START--
INFO: Run Behavior\BuildLiteBehavior [ RunTime:0.000012s ]
INFO: [ app_init ] --END-- [ RunTime:0.000065s ]
INFO: [ app_begin ] --START--
INFO: Run Behavior\ReadHtmlCacheBehavior [ RunTime:0.000560s ]
INFO: [ app_begin ] --END-- [ RunTime:0.000613s ]
SQL: SHOW COLUMNS FROM `think_member` [ RunTime:0.0387s ]
SQL: SELECT * FROM `think_member` INNER JOIN think_ulevel ON think_ulevel.ulevel = think_member.ulevel  WHERE ( id=52 ) ORDER BY id asc LIMIT 1   [ RunTime:0.0388s ]
INFO: [ view_parse ] --START--
INFO: [ template_filter ] --START--
INFO: Run Behavior\ContentReplaceBehavior [ RunTime:0.000063s ]
INFO: [ template_filter ] --END-- [ RunTime:0.000128s ]
NOTIC: [8] Undefined index: beizhu D:\htdocs\thinkphp\Application\Runtime\Cache\Admin\255bf900531d11d7947194e3480e29ef.php 第 100 行.
INFO: Run Behavior\ParseTemplateBehavior [ RunTime:0.007838s ]
INFO: [ view_parse ] --END-- [ RunTime:0.007901s ]
INFO: [ view_filter ] --START--
INFO: Run Behavior\WriteHtmlCacheBehavior [ RunTime:0.000461s ]
INFO: [ view_filter ] --END-- [ RunTime:0.000512s ]
INFO: [ app_end ] --START--
INFO: Run Behavior\ShowPageTraceBehavior [ RunTime:0.000623s ]
INFO: [ app_end ] --END-- [ RunTime:0.000667s ]

[ 2016-09-08T18:59:02+08:00 ] ::1 /thinkphp/index.php/Admin/Mem/member_edit
INFO: [ app_init ] --START--
INFO: Run Behavior\BuildLiteBehavior [ RunTime:0.000020s ]
INFO: [ app_init ] --END-- [ RunTime:0.000097s ]
INFO: [ app_begin ] --START--
INFO: Run Behavior\ReadHtmlCacheBehavior [ RunTime:0.000603s ]
INFO: [ app_begin ] --END-- [ RunTime:0.000676s ]
NOTIC: [8] Undefined index: member_edit D:\htdocs\thinkphp\Application\Admin\Controller\MemController.class.php 第 16 行.
SQL: SHOW COLUMNS FROM `think_member` [ RunTime:0.0378s ]
SQL: UPDATE `think_member` SET `username`='杨应兄',`usertel`='18168271388',`postcode`='225899',`bankname`='中国农业银行123' WHERE ( id=52 ) [ RunTime:0.0347s ]
INFO: [ view_parse ] --START--
INFO: [ template_filter ] --START--
INFO: Run Behavior\ContentReplaceBehavior [ RunTime:0.000067s ]
INFO: [ template_filter ] --END-- [ RunTime:0.000129s ]
NOTIC: [8] Undefined variable: res D:\htdocs\thinkphp\Application\Runtime\Cache\Admin\255bf900531d11d7947194e3480e29ef.php 第 36 行.
NOTIC: [8] Undefined variable: res D:\htdocs\thinkphp\Application\Runtime\Cache\Admin\255bf900531d11d7947194e3480e29ef.php 第 40 行.
NOTIC: [8] Undefined variable: res D:\htdocs\thinkphp\Application\Runtime\Cache\Admin\255bf900531d11d7947194e3480e29ef.php 第 63 行.
NOTIC: [8] Undefined variable: res D:\htdocs\thinkphp\Application\Runtime\Cache\Admin\255bf900531d11d7947194e3480e29ef.php 第 69 行.
NOTIC: [8] Undefined variable: res D:\htdocs\thinkphp\Application\Runtime\Cache\Admin\255bf900531d11d7947194e3480e29ef.php 第 75 行.
NOTIC: [8] Undefined variable: res D:\htdocs\thinkphp\Application\Runtime\Cache\Admin\255bf900531d11d7947194e3480e29ef.php 第 100 行.
INFO: Run Behavior\ParseTemplateBehavior [ RunTime:0.008140s ]
INFO: [ view_parse ] --END-- [ RunTime:0.008212s ]
INFO: [ view_filter ] --START--
INFO: Run Behavior\WriteHtmlCacheBehavior [ RunTime:0.000449s ]
INFO: [ view_filter ] --END-- [ RunTime:0.000490s ]
INFO: [ app_end ] --START--
INFO: Run Behavior\ShowPageTraceBehavior [ RunTime:0.000599s ]
INFO: [ app_end ] --END-- [ RunTime:0.000642s ]

[ 2016-09-08T18:59:07+08:00 ] ::1 /thinkphp/index.php/Admin/Mem/member_list.html
INFO: [ app_init ] --START--
INFO: Run Behavior\BuildLiteBehavior [ RunTime:0.000012s ]
INFO: [ app_init ] --END-- [ RunTime:0.000061s ]
INFO: [ app_begin ] --START--
INFO: Run Behavior\ReadHtmlCacheBehavior [ RunTime:0.000565s ]
INFO: [ app_begin ] --END-- [ RunTime:0.000617s ]
SQL: SHOW COLUMNS FROM `think_member` [ RunTime:0.0414s ]
SQL: SELECT * FROM `think_member` INNER JOIN think_ulevel ON think_ulevel.ulevel = think_member.ulevel  WHERE ( id>0 ) ORDER BY id asc  [ RunTime:0.1195s ]
INFO: [ view_parse ] --START--
INFO: [ template_filter ] --START--
INFO: Run Behavior\ContentReplaceBehavior [ RunTime:0.000073s ]
INFO: [ template_filter ] --END-- [ RunTime:0.000125s ]
NOTIC: [8] Undefined variable: D D:\htdocs\thinkphp\Application\Runtime\Cache\Admin\87eefa145d23ccebe4f833c29d29b778.php 第 30 行.
NOTIC: [8] Undefined variable: dp D:\htdocs\thinkphp\Application\Runtime\Cache\Admin\87eefa145d23ccebe4f833c29d29b778.php 第 30 行.
NOTIC: [8] Undefined variable: D D:\htdocs\thinkphp\Application\Runtime\Cache\Admin\87eefa145d23ccebe4f833c29d29b778.php 第 32 行.
NOTIC: [8] Undefined variable: dp D:\htdocs\thinkphp\Application\Runtime\Cache\Admin\87eefa145d23ccebe4f833c29d29b778.php 第 32 行.
INFO: Run Behavior\ParseTemplateBehavior [ RunTime:0.010722s ]
INFO: [ view_parse ] --END-- [ RunTime:0.010781s ]
INFO: [ view_filter ] --START--
INFO: Run Behavior\WriteHtmlCacheBehavior [ RunTime:0.000611s ]
INFO: [ view_filter ] --END-- [ RunTime:0.000674s ]
INFO: [ app_end ] --START--
INFO: Run Behavior\ShowPageTraceBehavior [ RunTime:0.000931s ]
INFO: [ app_end ] --END-- [ RunTime:0.001046s ]

[ 2016-09-08T18:59:11+08:00 ] ::1 /thinkphp/index.php/Admin/Mem/member_edit
INFO: [ app_init ] --START--
INFO: Run Behavior\BuildLiteBehavior [ RunTime:0.000012s ]
INFO: [ app_init ] --END-- [ RunTime:0.000058s ]
INFO: [ app_begin ] --START--
INFO: Run Behavior\ReadHtmlCacheBehavior [ RunTime:0.000561s ]
INFO: [ app_begin ] --END-- [ RunTime:0.000625s ]
SQL: SHOW COLUMNS FROM `think_member` [ RunTime:0.0405s ]
SQL: SELECT * FROM `think_member` INNER JOIN think_ulevel ON think_ulevel.ulevel = think_member.ulevel  WHERE ( id=52 ) ORDER BY id asc LIMIT 1   [ RunTime:0.0392s ]
INFO: [ view_parse ] --START--
INFO: [ template_filter ] --START--
INFO: Run Behavior\ContentReplaceBehavior [ RunTime:0.000064s ]
INFO: [ template_filter ] --END-- [ RunTime:0.000132s ]
NOTIC: [8] Undefined index: beizhu D:\htdocs\thinkphp\Application\Runtime\Cache\Admin\255bf900531d11d7947194e3480e29ef.php 第 100 行.
INFO: Run Behavior\ParseTemplateBehavior [ RunTime:0.008044s ]
INFO: [ view_parse ] --END-- [ RunTime:0.008104s ]
INFO: [ view_filter ] --START--
INFO: Run Behavior\WriteHtmlCacheBehavior [ RunTime:0.000489s ]
INFO: [ view_filter ] --END-- [ RunTime:0.000545s ]
INFO: [ app_end ] --START--
INFO: Run Behavior\ShowPageTraceBehavior [ RunTime:0.000675s ]
INFO: [ app_end ] --END-- [ RunTime:0.000721s ]

[ 2016-09-08T18:59:56+08:00 ] ::1 /thinkphp/index.php/Admin/Mem/member_list.html
INFO: [ app_init ] --START--
INFO: Run Behavior\BuildLiteBehavior [ RunTime:0.000012s ]
INFO: [ app_init ] --END-- [ RunTime:0.000058s ]
INFO: [ app_begin ] --START--
INFO: Run Behavior\ReadHtmlCacheBehavior [ RunTime:0.000554s ]
INFO: [ app_begin ] --END-- [ RunTime:0.000605s ]
SQL: SHOW COLUMNS FROM `think_member` [ RunTime:0.0454s ]
SQL: SELECT * FROM `think_member` INNER JOIN think_ulevel ON think_ulevel.ulevel = think_member.ulevel  WHERE ( id>0 ) ORDER BY id asc  [ RunTime:0.1120s ]
INFO: [ view_parse ] --START--
INFO: [ template_filter ] --START--
INFO: Run Behavior\ContentReplaceBehavior [ RunTime:0.000118s ]
INFO: [ template_filter ] --END-- [ RunTime:0.000213s ]
NOTIC: [8] Undefined variable: D D:\htdocs\thinkphp\Application\Runtime\Cache\Admin\87eefa145d23ccebe4f833c29d29b778.php 第 30 行.
NOTIC: [8] Undefined variable: dp D:\htdocs\thinkphp\Application\Runtime\Cache\Admin\87eefa145d23ccebe4f833c29d29b778.php 第 30 行.
NOTIC: [8] Undefined variable: D D:\htdocs\thinkphp\Application\Runtime\Cache\Admin\87eefa145d23ccebe4f833c29d29b778.php 第 32 行.
NOTIC: [8] Undefined variable: dp D:\htdocs\thinkphp\Application\Runtime\Cache\Admin\87eefa145d23ccebe4f833c29d29b778.php 第 32 行.
INFO: Run Behavior\ParseTemplateBehavior [ RunTime:0.010505s ]
INFO: [ view_parse ] --END-- [ RunTime:0.010568s ]
INFO: [ view_filter ] --START--
INFO: Run Behavior\WriteHtmlCacheBehavior [ RunTime:0.000468s ]
INFO: [ view_filter ] --END-- [ RunTime:0.000510s ]
INFO: [ app_end ] --START--
INFO: Run Behavior\ShowPageTraceBehavior [ RunTime:0.000930s ]
INFO: [ app_end ] --END-- [ RunTime:0.001035s ]

[ 2016-09-08T18:59:57+08:00 ] ::1 /thinkphp/index.php/Admin/Mem/member_edit
INFO: [ app_init ] --START--
INFO: Run Behavior\BuildLiteBehavior [ RunTime:0.000012s ]
INFO: [ app_init ] --END-- [ RunTime:0.000058s ]
INFO: [ app_begin ] --START--
INFO: Run Behavior\ReadHtmlCacheBehavior [ RunTime:0.000563s ]
INFO: [ app_begin ] --END-- [ RunTime:0.000617s ]
SQL: SHOW COLUMNS FROM `think_member` [ RunTime:0.0385s ]
SQL: SELECT * FROM `think_member` INNER JOIN think_ulevel ON think_ulevel.ulevel = think_member.ulevel  WHERE ( id=53 ) ORDER BY id asc LIMIT 1   [ RunTime:0.0391s ]
INFO: [ view_parse ] --START--
INFO: [ template_filter ] --START--
INFO: Run Behavior\ContentReplaceBehavior [ RunTime:0.000066s ]
INFO: [ template_filter ] --END-- [ RunTime:0.000125s ]
NOTIC: [8] Undefined index: beizhu D:\htdocs\thinkphp\Application\Runtime\Cache\Admin\255bf900531d11d7947194e3480e29ef.php 第 100 行.
INFO: Run Behavior\ParseTemplateBehavior [ RunTime:0.008352s ]
INFO: [ view_parse ] --END-- [ RunTime:0.008408s ]
INFO: [ view_filter ] --START--
INFO: Run Behavior\WriteHtmlCacheBehavior [ RunTime:0.000435s ]
INFO: [ view_filter ] --END-- [ RunTime:0.000477s ]
INFO: [ app_end ] --START--
INFO: Run Behavior\ShowPageTraceBehavior [ RunTime:0.000613s ]
INFO: [ app_end ] --END-- [ RunTime:0.000656s ]

[ 2016-09-08T19:00:01+08:00 ] ::1 /thinkphp/index.php/Admin/Mem/member_edit
INFO: [ app_init ] --START--
INFO: Run Behavior\BuildLiteBehavior [ RunTime:0.000055s ]
INFO: [ app_init ] --END-- [ RunTime:0.000291s ]
INFO: [ app_begin ] --START--
INFO: Run Behavior\ReadHtmlCacheBehavior [ RunTime:0.000688s ]
INFO: [ app_begin ] --END-- [ RunTime:0.000767s ]
NOTIC: [8] Undefined index: member_edit D:\htdocs\thinkphp\Application\Admin\Controller\MemController.class.php 第 16 行.
SQL: SHOW COLUMNS FROM `think_member` [ RunTime:0.0411s ]
SQL: UPDATE `think_member` SET `username`='123213',`usertel`='13111111111',`postcode`='100000',`bankname`='中国建设银行1' WHERE ( id=53 ) [ RunTime:0.0357s ]
INFO: [ view_parse ] --START--
INFO: [ template_filter ] --START--
INFO: Run Behavior\ContentReplaceBehavior [ RunTime:0.000047s ]
INFO: [ template_filter ] --END-- [ RunTime:0.000096s ]
INFO: Run Behavior\ParseTemplateBehavior [ RunTime:0.006850s ]
INFO: [ view_parse ] --END-- [ RunTime:0.006917s ]
INFO: [ view_filter ] --START--
INFO: Run Behavior\WriteHtmlCacheBehavior [ RunTime:0.000436s ]
INFO: [ view_filter ] --END-- [ RunTime:0.000480s ]
INFO: [ view_parse ] --START--
INFO: [ template_filter ] --START--
INFO: Run Behavior\ContentReplaceBehavior [ RunTime:0.000063s ]
INFO: [ template_filter ] --END-- [ RunTime:-0.005179s ]
NOTIC: [8] Undefined variable: res D:\htdocs\thinkphp\Application\Runtime\Cache\Admin\255bf900531d11d7947194e3480e29ef.php 第 36 行.
NOTIC: [8] Undefined variable: res D:\htdocs\thinkphp\Application\Runtime\Cache\Admin\255bf900531d11d7947194e3480e29ef.php 第 40 行.
NOTIC: [8] Undefined variable: res D:\htdocs\thinkphp\Application\Runtime\Cache\Admin\255bf900531d11d7947194e3480e29ef.php 第 63 行.
NOTIC: [8] Undefined variable: res D:\htdocs\thinkphp\Application\Runtime\Cache\Admin\255bf900531d11d7947194e3480e29ef.php 第 69 行.
NOTIC: [8] Undefined variable: res D:\htdocs\thinkphp\Application\Runtime\Cache\Admin\255bf900531d11d7947194e3480e29ef.php 第 75 行.
NOTIC: [8] Undefined variable: res D:\htdocs\thinkphp\Application\Runtime\Cache\Admin\255bf900531d11d7947194e3480e29ef.php 第 100 行.
INFO: Run Behavior\ParseTemplateBehavior [ RunTime:0.004917s ]
INFO: [ view_parse ] --END-- [ RunTime:-0.000706s ]
INFO: [ view_filter ] --START--
INFO: Run Behavior\WriteHtmlCacheBehavior [ RunTime:0.000012s ]
INFO: [ view_filter ] --END-- [ RunTime:-0.005188s ]
INFO: [ app_end ] --START--
INFO: Run Behavior\ShowPageTraceBehavior [ RunTime:0.000700s ]
INFO: [ app_end ] --END-- [ RunTime:0.000757s ]

[ 2016-09-08T19:00:02+08:00 ] ::1 /thinkphp/index.php/Admin/Mem/member_edit
INFO: [ app_init ] --START--
INFO: Run Behavior\BuildLiteBehavior [ RunTime:0.000011s ]
INFO: [ app_init ] --END-- [ RunTime:0.000058s ]
INFO: [ app_begin ] --START--
INFO: Run Behavior\ReadHtmlCacheBehavior [ RunTime:0.000720s ]
INFO: [ app_begin ] --END-- [ RunTime:0.000800s ]
NOTIC: [8] Undefined index: member_edit D:\htdocs\thinkphp\Application\Admin\Controller\MemController.class.php 第 16 行.
NOTIC: [8] Undefined index: submit_edit D:\htdocs\thinkphp\Application\Admin\Controller\MemController.class.php 第 20 行.
INFO: [ view_parse ] --START--
INFO: [ template_filter ] --START--
INFO: Run Behavior\ContentReplaceBehavior [ RunTime:0.000150s ]
INFO: [ template_filter ] --END-- [ RunTime:0.000359s ]
NOTIC: [8] Undefined variable: res D:\htdocs\thinkphp\Application\Runtime\Cache\Admin\255bf900531d11d7947194e3480e29ef.php 第 36 行.
NOTIC: [8] Undefined variable: res D:\htdocs\thinkphp\Application\Runtime\Cache\Admin\255bf900531d11d7947194e3480e29ef.php 第 40 行.
NOTIC: [8] Undefined variable: res D:\htdocs\thinkphp\Application\Runtime\Cache\Admin\255bf900531d11d7947194e3480e29ef.php 第 63 行.
NOTIC: [8] Undefined variable: res D:\htdocs\thinkphp\Application\Runtime\Cache\Admin\255bf900531d11d7947194e3480e29ef.php 第 69 行.
NOTIC: [8] Undefined variable: res D:\htdocs\thinkphp\Application\Runtime\Cache\Admin\255bf900531d11d7947194e3480e29ef.php 第 75 行.
NOTIC: [8] Undefined variable: res D:\htdocs\thinkphp\Application\Runtime\Cache\Admin\255bf900531d11d7947194e3480e29ef.php 第 100 行.
INFO: Run Behavior\ParseTemplateBehavior [ RunTime:0.010390s ]
INFO: [ view_parse ] --END-- [ RunTime:0.010441s ]
INFO: [ view_filter ] --START--
INFO: Run Behavior\WriteHtmlCacheBehavior [ RunTime:0.000479s ]
INFO: [ view_filter ] --END-- [ RunTime:0.000520s ]
INFO: [ app_end ] --START--
INFO: Run Behavior\ShowPageTraceBehavior [ RunTime:0.000640s ]
INFO: [ app_end ] --END-- [ RunTime:0.000684s ]

[ 2016-09-08T19:01:02+08:00 ] ::1 /thinkphp/index.php/Admin/Mem/member_list.html
INFO: [ app_init ] --START--
INFO: Run Behavior\BuildLiteBehavior [ RunTime:0.000012s ]
INFO: [ app_init ] --END-- [ RunTime:0.000064s ]
INFO: [ app_begin ] --START--
INFO: Run Behavior\ReadHtmlCacheBehavior [ RunTime:0.001805s ]
INFO: [ app_begin ] --END-- [ RunTime:0.002001s ]
SQL: SHOW COLUMNS FROM `think_member` [ RunTime:0.0770s ]
SQL: SELECT * FROM `think_member` INNER JOIN think_ulevel ON think_ulevel.ulevel = think_member.ulevel  WHERE ( id>0 ) ORDER BY id asc  [ RunTime:0.1892s ]
INFO: [ view_parse ] --START--
INFO: [ template_filter ] --START--
INFO: Run Behavior\ContentReplaceBehavior [ RunTime:0.000142s ]
INFO: [ template_filter ] --END-- [ RunTime:0.000222s ]
NOTIC: [8] Undefined variable: D D:\htdocs\thinkphp\Application\Runtime\Cache\Admin\87eefa145d23ccebe4f833c29d29b778.php 第 30 行.
NOTIC: [8] Undefined variable: dp D:\htdocs\thinkphp\Application\Runtime\Cache\Admin\87eefa145d23ccebe4f833c29d29b778.php 第 30 行.
NOTIC: [8] Undefined variable: D D:\htdocs\thinkphp\Application\Runtime\Cache\Admin\87eefa145d23ccebe4f833c29d29b778.php 第 32 行.
NOTIC: [8] Undefined variable: dp D:\htdocs\thinkphp\Application\Runtime\Cache\Admin\87eefa145d23ccebe4f833c29d29b778.php 第 32 行.
INFO: Run Behavior\ParseTemplateBehavior [ RunTime:0.009951s ]
INFO: [ view_parse ] --END-- [ RunTime:0.010018s ]
INFO: [ view_filter ] --START--
INFO: Run Behavior\WriteHtmlCacheBehavior [ RunTime:0.000465s ]
INFO: [ view_filter ] --END-- [ RunTime:0.000510s ]
INFO: [ app_end ] --START--
INFO: Run Behavior\ShowPageTraceBehavior [ RunTime:0.000638s ]
INFO: [ app_end ] --END-- [ RunTime:0.000695s ]

[ 2016-09-08T19:01:03+08:00 ] ::1 /thinkphp/index.php/Admin/Mem/member_list.html
INFO: [ app_init ] --START--
INFO: Run Behavior\BuildLiteBehavior [ RunTime:0.000012s ]
INFO: [ app_init ] --END-- [ RunTime:0.000060s ]
INFO: [ app_begin ] --START--
INFO: Run Behavior\ReadHtmlCacheBehavior [ RunTime:0.000671s ]
INFO: [ app_begin ] --END-- [ RunTime:0.000764s ]
SQL: SHOW COLUMNS FROM `think_member` [ RunTime:0.0405s ]
SQL: SELECT * FROM `think_member` INNER JOIN think_ulevel ON think_ulevel.ulevel = think_member.ulevel  WHERE ( id>0 ) ORDER BY id asc  [ RunTime:0.1198s ]
INFO: [ view_parse ] --START--
INFO: [ template_filter ] --START--
INFO: Run Behavior\ContentReplaceBehavior [ RunTime:0.000077s ]
INFO: [ template_filter ] --END-- [ RunTime:0.000133s ]
NOTIC: [8] Undefined variable: D D:\htdocs\thinkphp\Application\Runtime\Cache\Admin\87eefa145d23ccebe4f833c29d29b778.php 第 30 行.
NOTIC: [8] Undefined variable: dp D:\htdocs\thinkphp\Application\Runtime\Cache\Admin\87eefa145d23ccebe4f833c29d29b778.php 第 30 行.
NOTIC: [8] Undefined variable: D D:\htdocs\thinkphp\Application\Runtime\Cache\Admin\87eefa145d23ccebe4f833c29d29b778.php 第 32 行.
NOTIC: [8] Undefined variable: dp D:\htdocs\thinkphp\Application\Runtime\Cache\Admin\87eefa145d23ccebe4f833c29d29b778.php 第 32 行.
INFO: Run Behavior\ParseTemplateBehavior [ RunTime:0.010363s ]
INFO: [ view_parse ] --END-- [ RunTime:0.010435s ]
INFO: [ view_filter ] --START--
INFO: Run Behavior\WriteHtmlCacheBehavior [ RunTime:0.000531s ]
INFO: [ view_filter ] --END-- [ RunTime:0.000578s ]
INFO: [ app_end ] --START--
INFO: Run Behavior\ShowPageTraceBehavior [ RunTime:0.000653s ]
INFO: [ app_end ] --END-- [ RunTime:0.000709s ]

[ 2016-09-08T19:01:03+08:00 ] ::1 /thinkphp/index.php/Admin/Mem/member_list.html
INFO: [ app_init ] --START--
INFO: Run Behavior\BuildLiteBehavior [ RunTime:0.000011s ]
INFO: [ app_init ] --END-- [ RunTime:0.000059s ]
INFO: [ app_begin ] --START--
INFO: Run Behavior\ReadHtmlCacheBehavior [ RunTime:0.000902s ]
INFO: [ app_begin ] --END-- [ RunTime:0.001000s ]
SQL: SHOW COLUMNS FROM `think_member` [ RunTime:0.0417s ]
SQL: SELECT * FROM `think_member` INNER JOIN think_ulevel ON think_ulevel.ulevel = think_member.ulevel  WHERE ( id>0 ) ORDER BY id asc  [ RunTime:0.1165s ]
INFO: [ view_parse ] --START--
INFO: [ template_filter ] --START--
INFO: Run Behavior\ContentReplaceBehavior [ RunTime:0.000074s ]
INFO: [ template_filter ] --END-- [ RunTime:0.000130s ]
NOTIC: [8] Undefined variable: D D:\htdocs\thinkphp\Application\Runtime\Cache\Admin\87eefa145d23ccebe4f833c29d29b778.php 第 30 行.
NOTIC: [8] Undefined variable: dp D:\htdocs\thinkphp\Application\Runtime\Cache\Admin\87eefa145d23ccebe4f833c29d29b778.php 第 30 行.
NOTIC: [8] Undefined variable: D D:\htdocs\thinkphp\Application\Runtime\Cache\Admin\87eefa145d23ccebe4f833c29d29b778.php 第 32 行.
NOTIC: [8] Undefined variable: dp D:\htdocs\thinkphp\Application\Runtime\Cache\Admin\87eefa145d23ccebe4f833c29d29b778.php 第 32 行.
INFO: Run Behavior\ParseTemplateBehavior [ RunTime:0.010178s ]
INFO: [ view_parse ] --END-- [ RunTime:0.010236s ]
INFO: [ view_filter ] --START--
INFO: Run Behavior\WriteHtmlCacheBehavior [ RunTime:0.000604s ]
INFO: [ view_filter ] --END-- [ RunTime:0.000648s ]
INFO: [ app_end ] --START--
INFO: Run Behavior\ShowPageTraceBehavior [ RunTime:0.000712s ]
INFO: [ app_end ] --END-- [ RunTime:0.000762s ]

[ 2016-09-08T19:01:03+08:00 ] ::1 /thinkphp/index.php/Admin/Mem/member_list.html
INFO: [ app_init ] --START--
INFO: Run Behavior\BuildLiteBehavior [ RunTime:0.000012s ]
INFO: [ app_init ] --END-- [ RunTime:0.000066s ]
INFO: [ app_begin ] --START--
INFO: Run Behavior\ReadHtmlCacheBehavior [ RunTime:0.000601s ]
INFO: [ app_begin ] --END-- [ RunTime:0.000666s ]
SQL: SHOW COLUMNS FROM `think_member` [ RunTime:0.0399s ]
SQL: SELECT * FROM `think_member` INNER JOIN think_ulevel ON think_ulevel.ulevel = think_member.ulevel  WHERE ( id>0 ) ORDER BY id asc  [ RunTime:0.1194s ]
INFO: [ view_parse ] --START--
INFO: [ template_filter ] --START--
INFO: Run Behavior\ContentReplaceBehavior [ RunTime:0.000074s ]
INFO: [ template_filter ] --END-- [ RunTime:0.000128s ]
NOTIC: [8] Undefined variable: D D:\htdocs\thinkphp\Application\Runtime\Cache\Admin\87eefa145d23ccebe4f833c29d29b778.php 第 30 行.
NOTIC: [8] Undefined variable: dp D:\htdocs\thinkphp\Application\Runtime\Cache\Admin\87eefa145d23ccebe4f833c29d29b778.php 第 30 行.
NOTIC: [8] Undefined variable: D D:\htdocs\thinkphp\Application\Runtime\Cache\Admin\87eefa145d23ccebe4f833c29d29b778.php 第 32 行.
NOTIC: [8] Undefined variable: dp D:\htdocs\thinkphp\Application\Runtime\Cache\Admin\87eefa145d23ccebe4f833c29d29b778.php 第 32 行.
INFO: Run Behavior\ParseTemplateBehavior [ RunTime:0.009735s ]
INFO: [ view_parse ] --END-- [ RunTime:0.009810s ]
INFO: [ view_filter ] --START--
INFO: Run Behavior\WriteHtmlCacheBehavior [ RunTime:0.000615s ]
INFO: [ view_filter ] --END-- [ RunTime:0.000662s ]
INFO: [ app_end ] --START--
INFO: Run Behavior\ShowPageTraceBehavior [ RunTime:0.000619s ]
INFO: [ app_end ] --END-- [ RunTime:0.000669s ]

[ 2016-09-08T19:01:04+08:00 ] ::1 /thinkphp/index.php/Admin/Mem/member_list.html
INFO: [ app_init ] --START--
INFO: Run Behavior\BuildLiteBehavior [ RunTime:0.000017s ]
INFO: [ app_init ] --END-- [ RunTime:0.000094s ]
INFO: [ app_begin ] --START--
INFO: Run Behavior\ReadHtmlCacheBehavior [ RunTime:0.000607s ]
INFO: [ app_begin ] --END-- [ RunTime:0.000676s ]
SQL: SHOW COLUMNS FROM `think_member` [ RunTime:0.0409s ]
SQL: SELECT * FROM `think_member` INNER JOIN think_ulevel ON think_ulevel.ulevel = think_member.ulevel  WHERE ( id>0 ) ORDER BY id asc  [ RunTime:0.1195s ]
INFO: [ view_parse ] --START--
INFO: [ template_filter ] --START--
INFO: Run Behavior\ContentReplaceBehavior [ RunTime:0.000073s ]
INFO: [ template_filter ] --END-- [ RunTime:0.000130s ]
NOTIC: [8] Undefined variable: D D:\htdocs\thinkphp\Application\Runtime\Cache\Admin\87eefa145d23ccebe4f833c29d29b778.php 第 30 行.
NOTIC: [8] Undefined variable: dp D:\htdocs\thinkphp\Application\Runtime\Cache\Admin\87eefa145d23ccebe4f833c29d29b778.php 第 30 行.
NOTIC: [8] Undefined variable: D D:\htdocs\thinkphp\Application\Runtime\Cache\Admin\87eefa145d23ccebe4f833c29d29b778.php 第 32 行.
NOTIC: [8] Undefined variable: dp D:\htdocs\thinkphp\Application\Runtime\Cache\Admin\87eefa145d23ccebe4f833c29d29b778.php 第 32 行.
INFO: Run Behavior\ParseTemplateBehavior [ RunTime:0.009462s ]
INFO: [ view_parse ] --END-- [ RunTime:0.009522s ]
INFO: [ view_filter ] --START--
INFO: Run Behavior\WriteHtmlCacheBehavior [ RunTime:0.000418s ]
INFO: [ view_filter ] --END-- [ RunTime:0.000462s ]
INFO: [ app_end ] --START--
INFO: Run Behavior\ShowPageTraceBehavior [ RunTime:0.000597s ]
INFO: [ app_end ] --END-- [ RunTime:0.000653s ]

[ 2016-09-08T19:01:04+08:00 ] ::1 /thinkphp/index.php/Admin/Mem/member_list.html
INFO: [ app_init ] --START--
INFO: Run Behavior\BuildLiteBehavior [ RunTime:0.000011s ]
INFO: [ app_init ] --END-- [ RunTime:0.000059s ]
INFO: [ app_begin ] --START--
INFO: Run Behavior\ReadHtmlCacheBehavior [ RunTime:0.000728s ]
INFO: [ app_begin ] --END-- [ RunTime:0.000787s ]
SQL: SHOW COLUMNS FROM `think_member` [ RunTime:0.0386s ]
SQL: SELECT * FROM `think_member` INNER JOIN think_ulevel ON think_ulevel.ulevel = think_member.ulevel  WHERE ( id>0 ) ORDER BY id asc  [ RunTime:0.1158s ]
INFO: [ view_parse ] --START--
INFO: [ template_filter ] --START--
INFO: Run Behavior\ContentReplaceBehavior [ RunTime:0.000073s ]
INFO: [ template_filter ] --END-- [ RunTime:0.000126s ]
NOTIC: [8] Undefined variable: D D:\htdocs\thinkphp\Application\Runtime\Cache\Admin\87eefa145d23ccebe4f833c29d29b778.php 第 30 行.
NOTIC: [8] Undefined variable: dp D:\htdocs\thinkphp\Application\Runtime\Cache\Admin\87eefa145d23ccebe4f833c29d29b778.php 第 30 行.
NOTIC: [8] Undefined variable: D D:\htdocs\thinkphp\Application\Runtime\Cache\Admin\87eefa145d23ccebe4f833c29d29b778.php 第 32 行.
NOTIC: [8] Undefined variable: dp D:\htdocs\thinkphp\Application\Runtime\Cache\Admin\87eefa145d23ccebe4f833c29d29b778.php 第 32 行.
INFO: Run Behavior\ParseTemplateBehavior [ RunTime:0.009772s ]
INFO: [ view_parse ] --END-- [ RunTime:0.009828s ]
INFO: [ view_filter ] --START--
INFO: Run Behavior\WriteHtmlCacheBehavior [ RunTime:0.000530s ]
INFO: [ view_filter ] --END-- [ RunTime:0.000573s ]
INFO: [ app_end ] --START--
INFO: Run Behavior\ShowPageTraceBehavior [ RunTime:0.000825s ]
INFO: [ app_end ] --END-- [ RunTime:0.000905s ]

[ 2016-09-08T19:01:04+08:00 ] ::1 /thinkphp/index.php/Admin/Mem/member_list.html
INFO: [ app_init ] --START--
INFO: Run Behavior\BuildLiteBehavior [ RunTime:0.000013s ]
INFO: [ app_init ] --END-- [ RunTime:0.000064s ]
INFO: [ app_begin ] --START--
INFO: Run Behavior\ReadHtmlCacheBehavior [ RunTime:0.000743s ]
INFO: [ app_begin ] --END-- [ RunTime:0.000814s ]
SQL: SHOW COLUMNS FROM `think_member` [ RunTime:0.0386s ]
SQL: SELECT * FROM `think_member` INNER JOIN think_ulevel ON think_ulevel.ulevel = think_member.ulevel  WHERE ( id>0 ) ORDER BY id asc  [ RunTime:0.1195s ]
INFO: [ view_parse ] --START--
INFO: [ template_filter ] --START--
INFO: Run Behavior\ContentReplaceBehavior [ RunTime:0.000077s ]
INFO: [ template_filter ] --END-- [ RunTime:0.000139s ]
NOTIC: [8] Undefined variable: D D:\htdocs\thinkphp\Application\Runtime\Cache\Admin\87eefa145d23ccebe4f833c29d29b778.php 第 30 行.
NOTIC: [8] Undefined variable: dp D:\htdocs\thinkphp\Application\Runtime\Cache\Admin\87eefa145d23ccebe4f833c29d29b778.php 第 30 行.
NOTIC: [8] Undefined variable: D D:\htdocs\thinkphp\Application\Runtime\Cache\Admin\87eefa145d23ccebe4f833c29d29b778.php 第 32 行.
NOTIC: [8] Undefined variable: dp D:\htdocs\thinkphp\Application\Runtime\Cache\Admin\87eefa145d23ccebe4f833c29d29b778.php 第 32 行.
INFO: Run Behavior\ParseTemplateBehavior [ RunTime:0.011028s ]
INFO: [ view_parse ] --END-- [ RunTime:0.011093s ]
INFO: [ view_filter ] --START--
INFO: Run Behavior\WriteHtmlCacheBehavior [ RunTime:0.000756s ]
INFO: [ view_filter ] --END-- [ RunTime:0.000824s ]
INFO: [ app_end ] --START--
INFO: Run Behavior\ShowPageTraceBehavior [ RunTime:0.000849s ]
INFO: [ app_end ] --END-- [ RunTime:0.000939s ]

[ 2016-09-08T19:01:05+08:00 ] ::1 /thinkphp/index.php/Admin/Mem/member_list.html
INFO: [ app_init ] --START--
INFO: Run Behavior\BuildLiteBehavior [ RunTime:0.000012s ]
INFO: [ app_init ] --END-- [ RunTime:0.000060s ]
INFO: [ app_begin ] --START--
INFO: Run Behavior\ReadHtmlCacheBehavior [ RunTime:0.000628s ]
INFO: [ app_begin ] --END-- [ RunTime:0.000679s ]
SQL: SHOW COLUMNS FROM `think_member` [ RunTime:0.0396s ]
SQL: SELECT * FROM `think_member` INNER JOIN think_ulevel ON think_ulevel.ulevel = think_member.ulevel  WHERE ( id>0 ) ORDER BY id asc  [ RunTime:0.1157s ]
INFO: [ view_parse ] --START--
INFO: [ template_filter ] --START--
INFO: Run Behavior\ContentReplaceBehavior [ RunTime:0.000074s ]
INFO: [ template_filter ] --END-- [ RunTime:0.000132s ]
NOTIC: [8] Undefined variable: D D:\htdocs\thinkphp\Application\Runtime\Cache\Admin\87eefa145d23ccebe4f833c29d29b778.php 第 30 行.
NOTIC: [8] Undefined variable: dp D:\htdocs\thinkphp\Application\Runtime\Cache\Admin\87eefa145d23ccebe4f833c29d29b778.php 第 30 行.
NOTIC: [8] Undefined variable: D D:\htdocs\thinkphp\Application\Runtime\Cache\Admin\87eefa145d23ccebe4f833c29d29b778.php 第 32 行.
NOTIC: [8] Undefined variable: dp D:\htdocs\thinkphp\Application\Runtime\Cache\Admin\87eefa145d23ccebe4f833c29d29b778.php 第 32 行.
INFO: Run Behavior\ParseTemplateBehavior [ RunTime:0.009978s ]
INFO: [ view_parse ] --END-- [ RunTime:0.010052s ]
INFO: [ view_filter ] --START--
INFO: Run Behavior\WriteHtmlCacheBehavior [ RunTime:0.000564s ]
INFO: [ view_filter ] --END-- [ RunTime:0.000607s ]
INFO: [ app_end ] --START--
INFO: Run Behavior\ShowPageTraceBehavior [ RunTime:0.000765s ]
INFO: [ app_end ] --END-- [ RunTime:0.000814s ]

[ 2016-09-08T19:01:05+08:00 ] ::1 /thinkphp/index.php/Admin/Mem/member_list.html
INFO: [ app_init ] --START--
INFO: Run Behavior\BuildLiteBehavior [ RunTime:0.000012s ]
INFO: [ app_init ] --END-- [ RunTime:0.000062s ]
INFO: [ app_begin ] --START--
INFO: Run Behavior\ReadHtmlCacheBehavior [ RunTime:0.000656s ]
INFO: [ app_begin ] --END-- [ RunTime:0.000710s ]
SQL: SHOW COLUMNS FROM `think_member` [ RunTime:0.0417s ]
SQL: SELECT * FROM `think_member` INNER JOIN think_ulevel ON think_ulevel.ulevel = think_member.ulevel  WHERE ( id>0 ) ORDER BY id asc  [ RunTime:0.1191s ]
INFO: [ view_parse ] --START--
INFO: [ template_filter ] --START--
INFO: Run Behavior\ContentReplaceBehavior [ RunTime:0.000073s ]
INFO: [ template_filter ] --END-- [ RunTime:0.000127s ]
NOTIC: [8] Undefined variable: D D:\htdocs\thinkphp\Application\Runtime\Cache\Admin\87eefa145d23ccebe4f833c29d29b778.php 第 30 行.
NOTIC: [8] Undefined variable: dp D:\htdocs\thinkphp\Application\Runtime\Cache\Admin\87eefa145d23ccebe4f833c29d29b778.php 第 30 行.
NOTIC: [8] Undefined variable: D D:\htdocs\thinkphp\Application\Runtime\Cache\Admin\87eefa145d23ccebe4f833c29d29b778.php 第 32 行.
NOTIC: [8] Undefined variable: dp D:\htdocs\thinkphp\Application\Runtime\Cache\Admin\87eefa145d23ccebe4f833c29d29b778.php 第 32 行.
INFO: Run Behavior\ParseTemplateBehavior [ RunTime:0.010148s ]
INFO: [ view_parse ] --END-- [ RunTime:0.010208s ]
INFO: [ view_filter ] --START--
INFO: Run Behavior\WriteHtmlCacheBehavior [ RunTime:0.000646s ]
INFO: [ view_filter ] --END-- [ RunTime:0.000690s ]
INFO: [ app_end ] --START--
INFO: Run Behavior\ShowPageTraceBehavior [ RunTime:0.000765s ]
INFO: [ app_end ] --END-- [ RunTime:0.000819s ]

[ 2016-09-08T19:01:05+08:00 ] ::1 /thinkphp/index.php/Admin/Mem/member_list.html
INFO: [ app_init ] --START--
INFO: Run Behavior\BuildLiteBehavior [ RunTime:0.000012s ]
INFO: [ app_init ] --END-- [ RunTime:0.000061s ]
INFO: [ app_begin ] --START--
INFO: Run Behavior\ReadHtmlCacheBehavior [ RunTime:0.000635s ]
INFO: [ app_begin ] --END-- [ RunTime:0.000688s ]
SQL: SHOW COLUMNS FROM `think_member` [ RunTime:0.0397s ]
SQL: SELECT * FROM `think_member` INNER JOIN think_ulevel ON think_ulevel.ulevel = think_member.ulevel  WHERE ( id>0 ) ORDER BY id asc  [ RunTime:0.1196s ]
INFO: [ view_parse ] --START--
INFO: [ template_filter ] --START--
INFO: Run Behavior\ContentReplaceBehavior [ RunTime:0.000072s ]
INFO: [ template_filter ] --END-- [ RunTime:0.000126s ]
NOTIC: [8] Undefined variable: D D:\htdocs\thinkphp\Application\Runtime\Cache\Admin\87eefa145d23ccebe4f833c29d29b778.php 第 30 行.
NOTIC: [8] Undefined variable: dp D:\htdocs\thinkphp\Application\Runtime\Cache\Admin\87eefa145d23ccebe4f833c29d29b778.php 第 30 行.
NOTIC: [8] Undefined variable: D D:\htdocs\thinkphp\Application\Runtime\Cache\Admin\87eefa145d23ccebe4f833c29d29b778.php 第 32 行.
NOTIC: [8] Undefined variable: dp D:\htdocs\thinkphp\Application\Runtime\Cache\Admin\87eefa145d23ccebe4f833c29d29b778.php 第 32 行.
INFO: Run Behavior\ParseTemplateBehavior [ RunTime:0.010564s ]
INFO: [ view_parse ] --END-- [ RunTime:0.010620s ]
INFO: [ view_filter ] --START--
INFO: Run Behavior\WriteHtmlCacheBehavior [ RunTime:0.000593s ]
INFO: [ view_filter ] --END-- [ RunTime:0.000635s ]
INFO: [ app_end ] --START--
INFO: Run Behavior\ShowPageTraceBehavior [ RunTime:0.001093s ]
INFO: [ app_end ] --END-- [ RunTime:0.001200s ]

[ 2016-09-08T19:01:07+08:00 ] ::1 /thinkphp/index.php/Admin/Mem/member_list.html
INFO: [ app_init ] --START--
INFO: Run Behavior\BuildLiteBehavior [ RunTime:0.000014s ]
INFO: [ app_init ] --END-- [ RunTime:0.000069s ]
INFO: [ app_begin ] --START--
INFO: Run Behavior\ReadHtmlCacheBehavior [ RunTime:0.000667s ]
INFO: [ app_begin ] --END-- [ RunTime:0.000744s ]
SQL: SHOW COLUMNS FROM `think_member` [ RunTime:0.0441s ]
SQL: SELECT * FROM `think_member` INNER JOIN think_ulevel ON think_ulevel.ulevel = think_member.ulevel  WHERE ( id>0 ) ORDER BY id asc  [ RunTime:0.1237s ]
INFO: [ view_parse ] --START--
INFO: [ template_filter ] --START--
INFO: Run Behavior\ContentReplaceBehavior [ RunTime:0.000075s ]
INFO: [ template_filter ] --END-- [ RunTime:0.000130s ]
NOTIC: [8] Undefined variable: D D:\htdocs\thinkphp\Application\Runtime\Cache\Admin\87eefa145d23ccebe4f833c29d29b778.php 第 30 行.
NOTIC: [8] Undefined variable: dp D:\htdocs\thinkphp\Application\Runtime\Cache\Admin\87eefa145d23ccebe4f833c29d29b778.php 第 30 行.
NOTIC: [8] Undefined variable: D D:\htdocs\thinkphp\Application\Runtime\Cache\Admin\87eefa145d23ccebe4f833c29d29b778.php 第 32 行.
NOTIC: [8] Undefined variable: dp D:\htdocs\thinkphp\Application\Runtime\Cache\Admin\87eefa145d23ccebe4f833c29d29b778.php 第 32 行.
INFO: Run Behavior\ParseTemplateBehavior [ RunTime:0.009634s ]
INFO: [ view_parse ] --END-- [ RunTime:0.009692s ]
INFO: [ view_filter ] --START--
INFO: Run Behavior\WriteHtmlCacheBehavior [ RunTime:0.000511s ]
INFO: [ view_filter ] --END-- [ RunTime:0.000555s ]
INFO: [ app_end ] --START--
INFO: Run Behavior\ShowPageTraceBehavior [ RunTime:0.000774s ]
INFO: [ app_end ] --END-- [ RunTime:0.000843s ]

[ 2016-09-08T19:01:09+08:00 ] ::1 /thinkphp/index.php/Admin/Mem/member_edit
INFO: [ app_init ] --START--
INFO: Run Behavior\BuildLiteBehavior [ RunTime:0.000011s ]
INFO: [ app_init ] --END-- [ RunTime:0.000058s ]
INFO: [ app_begin ] --START--
INFO: Run Behavior\ReadHtmlCacheBehavior [ RunTime:0.000643s ]
INFO: [ app_begin ] --END-- [ RunTime:0.000698s ]
SQL: SHOW COLUMNS FROM `think_member` [ RunTime:0.0414s ]
SQL: SELECT * FROM `think_member` INNER JOIN think_ulevel ON think_ulevel.ulevel = think_member.ulevel  WHERE ( id=53 ) ORDER BY id asc LIMIT 1   [ RunTime:0.0391s ]
INFO: [ view_parse ] --START--
INFO: [ template_filter ] --START--
INFO: Run Behavior\ContentReplaceBehavior [ RunTime:0.000065s ]
INFO: [ template_filter ] --END-- [ RunTime:0.000124s ]
NOTIC: [8] Undefined index: beizhu D:\htdocs\thinkphp\Application\Runtime\Cache\Admin\255bf900531d11d7947194e3480e29ef.php 第 100 行.
INFO: Run Behavior\ParseTemplateBehavior [ RunTime:0.008347s ]
INFO: [ view_parse ] --END-- [ RunTime:0.008401s ]
INFO: [ view_filter ] --START--
INFO: Run Behavior\WriteHtmlCacheBehavior [ RunTime:0.000513s ]
INFO: [ view_filter ] --END-- [ RunTime:0.000558s ]
INFO: [ app_end ] --START--
INFO: Run Behavior\ShowPageTraceBehavior [ RunTime:0.000653s ]
INFO: [ app_end ] --END-- [ RunTime:0.000697s ]

[ 2016-09-08T19:01:11+08:00 ] ::1 /thinkphp/index.php/Admin/Mem/member_edit
INFO: [ app_init ] --START--
INFO: Run Behavior\BuildLiteBehavior [ RunTime:0.000011s ]
INFO: [ app_init ] --END-- [ RunTime:0.000058s ]
INFO: [ app_begin ] --START--
INFO: Run Behavior\ReadHtmlCacheBehavior [ RunTime:0.000716s ]
INFO: [ app_begin ] --END-- [ RunTime:0.000782s ]
NOTIC: [8] Undefined index: member_edit D:\htdocs\thinkphp\Application\Admin\Controller\MemController.class.php 第 16 行.
SQL: SHOW COLUMNS FROM `think_member` [ RunTime:0.0386s ]
SQL: UPDATE `think_member` SET `username`='123213',`usertel`='13111111111',`postcode`='100000',`bankname`='中国建设银行1' WHERE ( id=53 ) [ RunTime:0.0351s ]
INFO: [ view_parse ] --START--
INFO: [ template_filter ] --START--
INFO: Run Behavior\ContentReplaceBehavior [ RunTime:0.000041s ]
INFO: [ template_filter ] --END-- [ RunTime:0.000095s ]
INFO: Run Behavior\ParseTemplateBehavior [ RunTime:0.007172s ]
INFO: [ view_parse ] --END-- [ RunTime:0.007237s ]
INFO: [ view_filter ] --START--
INFO: Run Behavior\WriteHtmlCacheBehavior [ RunTime:0.000513s ]
INFO: [ view_filter ] --END-- [ RunTime:0.000556s ]
INFO: [ app_end ] --START--
INFO: Run Behavior\ShowPageTraceBehavior [ RunTime:0.000658s ]
INFO: [ app_end ] --END-- [ RunTime:0.000702s ]

[ 2016-09-08T19:01:12+08:00 ] ::1 /thinkphp/index.php/Admin/Mem/member_edit
INFO: [ app_init ] --START--
INFO: Run Behavior\BuildLiteBehavior [ RunTime:0.000014s ]
INFO: [ app_init ] --END-- [ RunTime:0.000072s ]
INFO: [ app_begin ] --START--
INFO: Run Behavior\ReadHtmlCacheBehavior [ RunTime:0.000756s ]
INFO: [ app_begin ] --END-- [ RunTime:0.000822s ]
NOTIC: [8] Undefined index: member_edit D:\htdocs\thinkphp\Application\Admin\Controller\MemController.class.php 第 16 行.
NOTIC: [8] Undefined index: submit_edit D:\htdocs\thinkphp\Application\Admin\Controller\MemController.class.php 第 21 行.
INFO: [ app_end ] --START--
INFO: Run Behavior\ShowPageTraceBehavior [ RunTime:0.000696s ]
INFO: [ app_end ] --END-- [ RunTime:0.000749s ]

[ 2016-09-08T19:01:15+08:00 ] ::1 /thinkphp/index.php/Admin/Mem/member_list.html
INFO: [ app_init ] --START--
INFO: Run Behavior\BuildLiteBehavior [ RunTime:0.000012s ]
INFO: [ app_init ] --END-- [ RunTime:0.000059s ]
INFO: [ app_begin ] --START--
INFO: Run Behavior\ReadHtmlCacheBehavior [ RunTime:0.000628s ]
INFO: [ app_begin ] --END-- [ RunTime:0.000678s ]
SQL: SHOW COLUMNS FROM `think_member` [ RunTime:0.0414s ]
SQL: SELECT * FROM `think_member` INNER JOIN think_ulevel ON think_ulevel.ulevel = think_member.ulevel  WHERE ( id>0 ) ORDER BY id asc  [ RunTime:0.1154s ]
INFO: [ view_parse ] --START--
INFO: [ template_filter ] --START--
INFO: Run Behavior\ContentReplaceBehavior [ RunTime:0.000073s ]
INFO: [ template_filter ] --END-- [ RunTime:0.000128s ]
NOTIC: [8] Undefined variable: D D:\htdocs\thinkphp\Application\Runtime\Cache\Admin\87eefa145d23ccebe4f833c29d29b778.php 第 30 行.
NOTIC: [8] Undefined variable: dp D:\htdocs\thinkphp\Application\Runtime\Cache\Admin\87eefa145d23ccebe4f833c29d29b778.php 第 30 行.
NOTIC: [8] Undefined variable: D D:\htdocs\thinkphp\Application\Runtime\Cache\Admin\87eefa145d23ccebe4f833c29d29b778.php 第 32 行.
NOTIC: [8] Undefined variable: dp D:\htdocs\thinkphp\Application\Runtime\Cache\Admin\87eefa145d23ccebe4f833c29d29b778.php 第 32 行.
INFO: Run Behavior\ParseTemplateBehavior [ RunTime:0.009766s ]
INFO: [ view_parse ] --END-- [ RunTime:0.009831s ]
INFO: [ view_filter ] --START--
INFO: Run Behavior\WriteHtmlCacheBehavior [ RunTime:0.000526s ]
INFO: [ view_filter ] --END-- [ RunTime:0.000571s ]
INFO: [ app_end ] --START--
INFO: Run Behavior\ShowPageTraceBehavior [ RunTime:0.001154s ]
INFO: [ app_end ] --END-- [ RunTime:0.001258s ]

[ 2016-09-08T19:02:20+08:00 ] ::1 /thinkphp/index.php/Admin/Mem/member_list.html
INFO: [ app_init ] --START--
INFO: Run Behavior\BuildLiteBehavior [ RunTime:0.000011s ]
INFO: [ app_init ] --END-- [ RunTime:0.000061s ]
INFO: [ app_begin ] --START--
INFO: Run Behavior\ReadHtmlCacheBehavior [ RunTime:0.000635s ]
INFO: [ app_begin ] --END-- [ RunTime:0.000687s ]
SQL: SHOW COLUMNS FROM `think_member` [ RunTime:0.0417s ]
SQL: SELECT * FROM `think_member` INNER JOIN think_ulevel ON think_ulevel.ulevel = think_member.ulevel  WHERE ( id>0 ) ORDER BY id asc  [ RunTime:0.1196s ]
INFO: [ view_parse ] --START--
INFO: [ template_filter ] --START--
INFO: Run Behavior\ContentReplaceBehavior [ RunTime:0.000074s ]
INFO: [ template_filter ] --END-- [ RunTime:0.000132s ]
NOTIC: [8] Undefined variable: D D:\htdocs\thinkphp\Application\Runtime\Cache\Admin\87eefa145d23ccebe4f833c29d29b778.php 第 30 行.
NOTIC: [8] Undefined variable: dp D:\htdocs\thinkphp\Application\Runtime\Cache\Admin\87eefa145d23ccebe4f833c29d29b778.php 第 30 行.
NOTIC: [8] Undefined variable: D D:\htdocs\thinkphp\Application\Runtime\Cache\Admin\87eefa145d23ccebe4f833c29d29b778.php 第 32 行.
NOTIC: [8] Undefined variable: dp D:\htdocs\thinkphp\Application\Runtime\Cache\Admin\87eefa145d23ccebe4f833c29d29b778.php 第 32 行.
INFO: Run Behavior\ParseTemplateBehavior [ RunTime:0.011108s ]
INFO: [ view_parse ] --END-- [ RunTime:0.011171s ]
INFO: [ view_filter ] --START--
INFO: Run Behavior\WriteHtmlCacheBehavior [ RunTime:0.000535s ]
INFO: [ view_filter ] --END-- [ RunTime:0.000579s ]
INFO: [ app_end ] --START--
INFO: Run Behavior\ShowPageTraceBehavior [ RunTime:0.000923s ]
INFO: [ app_end ] --END-- [ RunTime:0.001010s ]

[ 2016-09-08T19:02:22+08:00 ] ::1 /thinkphp/index.php/Admin/Mem/member_edit
INFO: [ app_init ] --START--
INFO: Run Behavior\BuildLiteBehavior [ RunTime:0.000012s ]
INFO: [ app_init ] --END-- [ RunTime:0.000061s ]
INFO: [ app_begin ] --START--
INFO: Run Behavior\ReadHtmlCacheBehavior [ RunTime:0.000644s ]
INFO: [ app_begin ] --END-- [ RunTime:0.000697s ]
SQL: SHOW COLUMNS FROM `think_member` [ RunTime:0.0383s ]
SQL: SELECT * FROM `think_member` INNER JOIN think_ulevel ON think_ulevel.ulevel = think_member.ulevel  WHERE ( id=53 ) ORDER BY id asc LIMIT 1   [ RunTime:0.0396s ]
INFO: [ view_parse ] --START--
INFO: [ template_filter ] --START--
INFO: Run Behavior\ContentReplaceBehavior [ RunTime:0.000066s ]
INFO: [ template_filter ] --END-- [ RunTime:0.000140s ]
NOTIC: [8] Undefined index: beizhu D:\htdocs\thinkphp\Application\Runtime\Cache\Admin\255bf900531d11d7947194e3480e29ef.php 第 100 行.
INFO: Run Behavior\ParseTemplateBehavior [ RunTime:0.008369s ]
INFO: [ view_parse ] --END-- [ RunTime:0.008424s ]
INFO: [ view_filter ] --START--
INFO: Run Behavior\WriteHtmlCacheBehavior [ RunTime:0.000486s ]
INFO: [ view_filter ] --END-- [ RunTime:0.000535s ]
INFO: [ app_end ] --START--
INFO: Run Behavior\ShowPageTraceBehavior [ RunTime:0.000801s ]
INFO: [ app_end ] --END-- [ RunTime:0.000865s ]

[ 2016-09-08T19:02:25+08:00 ] ::1 /thinkphp/index.php/Admin/Mem/member_edit
INFO: [ app_init ] --START--
INFO: Run Behavior\BuildLiteBehavior [ RunTime:0.000012s ]
INFO: [ app_init ] --END-- [ RunTime:0.000058s ]
INFO: [ app_begin ] --START--
INFO: Run Behavior\ReadHtmlCacheBehavior [ RunTime:0.000628s ]
INFO: [ app_begin ] --END-- [ RunTime:0.000681s ]
NOTIC: [8] Undefined index: member_edit D:\htdocs\thinkphp\Application\Admin\Controller\MemController.class.php 第 16 行.
SQL: SHOW COLUMNS FROM `think_member` [ RunTime:0.0376s ]
SQL: UPDATE `think_member` SET `username`='123213',`usertel`='13111111111',`postcode`='100000',`bankname`='中国建设银行2' WHERE ( id=53 ) [ RunTime:0.0343s ]
INFO: [ view_parse ] --START--
INFO: [ template_filter ] --START--
INFO: Run Behavior\ContentReplaceBehavior [ RunTime:0.000047s ]
INFO: [ template_filter ] --END-- [ RunTime:0.000101s ]
INFO: Run Behavior\ParseTemplateBehavior [ RunTime:0.007117s ]
INFO: [ view_parse ] --END-- [ RunTime:0.007189s ]
INFO: [ view_filter ] --START--
INFO: Run Behavior\WriteHtmlCacheBehavior [ RunTime:0.000536s ]
INFO: [ view_filter ] --END-- [ RunTime:0.000590s ]
INFO: [ app_end ] --START--
INFO: Run Behavior\ShowPageTraceBehavior [ RunTime:0.000668s ]
INFO: [ app_end ] --END-- [ RunTime:0.000716s ]

[ 2016-09-08T19:02:26+08:00 ] ::1 /thinkphp/index.php/Admin/Mem/member_list.html
INFO: [ app_init ] --START--
INFO: Run Behavior\BuildLiteBehavior [ RunTime:0.000013s ]
INFO: [ app_init ] --END-- [ RunTime:0.000064s ]
INFO: [ app_begin ] --START--
INFO: Run Behavior\ReadHtmlCacheBehavior [ RunTime:0.000625s ]
INFO: [ app_begin ] --END-- [ RunTime:0.000687s ]
SQL: SHOW COLUMNS FROM `think_member` [ RunTime:0.0413s ]
SQL: SELECT * FROM `think_member` INNER JOIN think_ulevel ON think_ulevel.ulevel = think_member.ulevel  WHERE ( id>0 ) ORDER BY id asc  [ RunTime:0.1245s ]
INFO: [ view_parse ] --START--
INFO: [ template_filter ] --START--
INFO: Run Behavior\ContentReplaceBehavior [ RunTime:0.000080s ]
INFO: [ template_filter ] --END-- [ RunTime:0.000139s ]
NOTIC: [8] Undefined variable: D D:\htdocs\thinkphp\Application\Runtime\Cache\Admin\87eefa145d23ccebe4f833c29d29b778.php 第 30 行.
NOTIC: [8] Undefined variable: dp D:\htdocs\thinkphp\Application\Runtime\Cache\Admin\87eefa145d23ccebe4f833c29d29b778.php 第 30 行.
NOTIC: [8] Undefined variable: D D:\htdocs\thinkphp\Application\Runtime\Cache\Admin\87eefa145d23ccebe4f833c29d29b778.php 第 32 行.
NOTIC: [8] Undefined variable: dp D:\htdocs\thinkphp\Application\Runtime\Cache\Admin\87eefa145d23ccebe4f833c29d29b778.php 第 32 行.
INFO: Run Behavior\ParseTemplateBehavior [ RunTime:0.010301s ]
INFO: [ view_parse ] --END-- [ RunTime:0.010362s ]
INFO: [ view_filter ] --START--
INFO: Run Behavior\WriteHtmlCacheBehavior [ RunTime:0.000551s ]
INFO: [ view_filter ] --END-- [ RunTime:0.000600s ]
INFO: [ app_end ] --START--
INFO: Run Behavior\ShowPageTraceBehavior [ RunTime:0.000959s ]
INFO: [ app_end ] --END-- [ RunTime:0.001045s ]

[ 2016-09-08T19:02:28+08:00 ] ::1 /thinkphp/index.php/Admin/Mem/member_edit
INFO: [ app_init ] --START--
INFO: Run Behavior\BuildLiteBehavior [ RunTime:0.000012s ]
INFO: [ app_init ] --END-- [ RunTime:0.000059s ]
INFO: [ app_begin ] --START--
INFO: Run Behavior\ReadHtmlCacheBehavior [ RunTime:0.000638s ]
INFO: [ app_begin ] --END-- [ RunTime:0.000690s ]
SQL: SHOW COLUMNS FROM `think_member` [ RunTime:0.0384s ]
SQL: SELECT * FROM `think_member` INNER JOIN think_ulevel ON think_ulevel.ulevel = think_member.ulevel  WHERE ( id=53 ) ORDER BY id asc LIMIT 1   [ RunTime:0.0396s ]
INFO: [ view_parse ] --START--
INFO: [ template_filter ] --START--
INFO: Run Behavior\ContentReplaceBehavior [ RunTime:0.000065s ]
INFO: [ template_filter ] --END-- [ RunTime:0.000129s ]
NOTIC: [8] Undefined index: beizhu D:\htdocs\thinkphp\Application\Runtime\Cache\Admin\255bf900531d11d7947194e3480e29ef.php 第 100 行.
INFO: Run Behavior\ParseTemplateBehavior [ RunTime:0.008141s ]
INFO: [ view_parse ] --END-- [ RunTime:0.008204s ]
INFO: [ view_filter ] --START--
INFO: Run Behavior\WriteHtmlCacheBehavior [ RunTime:0.000606s ]
INFO: [ view_filter ] --END-- [ RunTime:0.000696s ]
INFO: [ app_end ] --START--
INFO: Run Behavior\ShowPageTraceBehavior [ RunTime:0.000652s ]
INFO: [ app_end ] --END-- [ RunTime:0.000699s ]

