[ 2016-10-18T09:28:35+08:00 ] ::1 /uufenxiao/index.php?m=admin&c=Uuce&a=uu_info&goods_id=1
INFO: [ app_init ] --START--
INFO: Run Behavior\BuildLiteBehavior [ RunTime:0.000013s ]
INFO: [ app_init ] --END-- [ RunTime:0.000061s ]
INFO: [ app_begin ] --START--
INFO: Run Behavior\ReadHtmlCacheBehavior [ RunTime:0.000454s ]
INFO: [ app_begin ] --END-- [ RunTime:0.000538s ]
ERR: 无法加载控制器:Uuce

[ 2016-10-18T09:28:40+08:00 ] ::1 /uufenxiao/index.php?m=admin
INFO: [ app_init ] --START--
INFO: Run Behavior\BuildLiteBehavior [ RunTime:0.000024s ]
INFO: [ app_init ] --END-- [ RunTime:0.000160s ]
INFO: [ app_begin ] --START--
INFO: Run Behavior\ReadHtmlCacheBehavior [ RunTime:0.000418s ]
INFO: [ app_begin ] --END-- [ RunTime:0.000480s ]

[ 2016-10-18T09:28:40+08:00 ] ::1 /uufenxiao/index.php?m=Admin&c=Index&a=login
INFO: [ app_init ] --START--
INFO: Run Behavior\BuildLiteBehavior [ RunTime:0.000013s ]
INFO: [ app_init ] --END-- [ RunTime:0.000063s ]
INFO: [ app_begin ] --START--
INFO: Run Behavior\ReadHtmlCacheBehavior [ RunTime:0.000497s ]
INFO: [ app_begin ] --END-- [ RunTime:0.000559s ]
NOTIC: [8] Undefined index: lo_submit D:\htdocs\uufenxiao\Application\Admin\Controller\IndexController.class.php 第 24 行.
INFO: [ view_parse ] --START--
INFO: [ template_filter ] --START--
INFO: Run Behavior\ContentReplaceBehavior [ RunTime:0.000055s ]
INFO: [ template_filter ] --END-- [ RunTime:0.000113s ]
INFO: Run Behavior\ParseTemplateBehavior [ RunTime:0.005715s ]
INFO: [ view_parse ] --END-- [ RunTime:0.005777s ]
INFO: [ view_filter ] --START--
INFO: Run Behavior\WriteHtmlCacheBehavior [ RunTime:0.000229s ]
INFO: [ view_filter ] --END-- [ RunTime:0.000268s ]
INFO: [ app_end ] --START--
INFO: Run Behavior\ShowPageTraceBehavior [ RunTime:0.000424s ]
INFO: [ app_end ] --END-- [ RunTime:0.000465s ]

[ 2016-10-18T09:28:48+08:00 ] ::1 /uufenxiao/index.php?m=Admin&c=Index&a=login
INFO: [ app_init ] --START--
INFO: Run Behavior\BuildLiteBehavior [ RunTime:0.000023s ]
INFO: [ app_init ] --END-- [ RunTime:0.000103s ]
INFO: [ app_begin ] --START--
INFO: Run Behavior\ReadHtmlCacheBehavior [ RunTime:0.000438s ]
INFO: [ app_begin ] --END-- [ RunTime:0.000508s ]
SQL: SHOW COLUMNS FROM `think_admin_user` [ RunTime:0.0101s ]
SQL: SELECT COUNT(*) AS tp_count FROM `think_admin_user` WHERE ( user_name= 'admin' AND password= '7fa8282ad93047a4d6fe6111c93b308a' ) LIMIT 1   [ RunTime:0.0003s ]
INFO: [ view_parse ] --START--
INFO: [ template_filter ] --START--
INFO: Run Behavior\ContentReplaceBehavior [ RunTime:0.000042s ]
INFO: [ template_filter ] --END-- [ RunTime:0.000101s ]
INFO: Run Behavior\ParseTemplateBehavior [ RunTime:0.005342s ]
INFO: [ view_parse ] --END-- [ RunTime:0.005412s ]
INFO: [ view_filter ] --START--
INFO: Run Behavior\WriteHtmlCacheBehavior [ RunTime:0.000227s ]
INFO: [ view_filter ] --END-- [ RunTime:0.000265s ]
INFO: [ app_end ] --START--
INFO: Run Behavior\ShowPageTraceBehavior [ RunTime:0.000403s ]
INFO: [ app_end ] --END-- [ RunTime:0.000451s ]

[ 2016-10-18T09:28:49+08:00 ] ::1 /uufenxiao/index.php?m=Admin&c=Index&a=login
INFO: [ app_init ] --START--
INFO: Run Behavior\BuildLiteBehavior [ RunTime:0.000012s ]
INFO: [ app_init ] --END-- [ RunTime:0.000062s ]
INFO: [ app_begin ] --START--
INFO: Run Behavior\ReadHtmlCacheBehavior [ RunTime:0.000449s ]
INFO: [ app_begin ] --END-- [ RunTime:0.000511s ]
NOTIC: [8] Undefined index: lo_submit D:\htdocs\uufenxiao\Application\Admin\Controller\IndexController.class.php 第 24 行.
INFO: [ view_parse ] --START--
INFO: [ template_filter ] --START--
INFO: Run Behavior\ContentReplaceBehavior [ RunTime:0.000066s ]
INFO: [ template_filter ] --END-- [ RunTime:0.000127s ]
INFO: Run Behavior\ParseTemplateBehavior [ RunTime:0.007734s ]
INFO: [ view_parse ] --END-- [ RunTime:0.007812s ]
INFO: [ view_filter ] --START--
INFO: Run Behavior\WriteHtmlCacheBehavior [ RunTime:0.000276s ]
INFO: [ view_filter ] --END-- [ RunTime:0.000323s ]
INFO: [ app_end ] --START--
INFO: Run Behavior\ShowPageTraceBehavior [ RunTime:0.000458s ]
INFO: [ app_end ] --END-- [ RunTime:0.000501s ]

[ 2016-10-18T09:28:55+08:00 ] ::1 /uufenxiao/index.php?m=Admin&c=Index&a=login
INFO: [ app_init ] --START--
INFO: Run Behavior\BuildLiteBehavior [ RunTime:0.000012s ]
INFO: [ app_init ] --END-- [ RunTime:0.000054s ]
INFO: [ app_begin ] --START--
INFO: Run Behavior\ReadHtmlCacheBehavior [ RunTime:0.000411s ]
INFO: [ app_begin ] --END-- [ RunTime:0.000461s ]
SQL: SHOW COLUMNS FROM `think_admin_user` [ RunTime:0.0064s ]
SQL: SELECT COUNT(*) AS tp_count FROM `think_admin_user` WHERE ( user_name= 'admin' AND password= '96e79218965eb72c92a549dd5a330112' ) LIMIT 1   [ RunTime:0.0002s ]
SQL: SELECT * FROM `think_admin_user` WHERE ( user_name='admin' ) LIMIT 1   [ RunTime:0.0002s ]
INFO: [ view_parse ] --START--
INFO: [ template_filter ] --START--
INFO: Run Behavior\ContentReplaceBehavior [ RunTime:0.000037s ]
INFO: [ template_filter ] --END-- [ RunTime:0.000089s ]
INFO: Run Behavior\ParseTemplateBehavior [ RunTime:0.005147s ]
INFO: [ view_parse ] --END-- [ RunTime:0.005198s ]
INFO: [ view_filter ] --START--
INFO: Run Behavior\WriteHtmlCacheBehavior [ RunTime:0.000276s ]
INFO: [ view_filter ] --END-- [ RunTime:0.000315s ]
INFO: [ app_end ] --START--
INFO: Run Behavior\ShowPageTraceBehavior [ RunTime:0.000421s ]
INFO: [ app_end ] --END-- [ RunTime:0.000464s ]

[ 2016-10-18T09:28:56+08:00 ] ::1 /uufenxiao/index.php?m=Admin&c=Index&a=index
INFO: [ app_init ] --START--
INFO: Run Behavior\BuildLiteBehavior [ RunTime:0.000011s ]
INFO: [ app_init ] --END-- [ RunTime:0.000058s ]
INFO: [ app_begin ] --START--
INFO: Run Behavior\ReadHtmlCacheBehavior [ RunTime:0.000426s ]
INFO: [ app_begin ] --END-- [ RunTime:0.000475s ]
SQL: SHOW COLUMNS FROM `think_admin_user` [ RunTime:0.0077s ]
SQL: SELECT * FROM `think_admin_user` WHERE `user_id` = 1 LIMIT 1   [ RunTime:0.0003s ]
INFO: [ view_parse ] --START--
INFO: [ template_filter ] --START--
INFO: Run Behavior\ContentReplaceBehavior [ RunTime:0.000081s ]
INFO: [ template_filter ] --END-- [ RunTime:0.000131s ]
INFO: Run Behavior\ParseTemplateBehavior [ RunTime:0.008787s ]
INFO: [ view_parse ] --END-- [ RunTime:0.008855s ]
INFO: [ view_filter ] --START--
INFO: Run Behavior\WriteHtmlCacheBehavior [ RunTime:0.000282s ]
INFO: [ view_filter ] --END-- [ RunTime:0.000322s ]
INFO: [ app_end ] --START--
INFO: Run Behavior\ShowPageTraceBehavior [ RunTime:0.000553s ]
INFO: [ app_end ] --END-- [ RunTime:0.000706s ]

[ 2016-10-18T09:28:56+08:00 ] ::1 /uufenxiao/index.php?m=Admin&c=Index&a=welcome
INFO: [ app_init ] --START--
INFO: Run Behavior\BuildLiteBehavior [ RunTime:0.000026s ]
INFO: [ app_init ] --END-- [ RunTime:0.000134s ]
INFO: [ app_begin ] --START--
INFO: Run Behavior\ReadHtmlCacheBehavior [ RunTime:0.000616s ]
INFO: [ app_begin ] --END-- [ RunTime:0.000764s ]
INFO: [ view_parse ] --START--
INFO: [ template_filter ] --START--
INFO: Run Behavior\ContentReplaceBehavior [ RunTime:0.000069s ]
INFO: [ template_filter ] --END-- [ RunTime:0.000153s ]
INFO: Run Behavior\ParseTemplateBehavior [ RunTime:0.008863s ]
INFO: [ view_parse ] --END-- [ RunTime:0.008979s ]
INFO: [ view_filter ] --START--
INFO: Run Behavior\WriteHtmlCacheBehavior [ RunTime:0.000415s ]
INFO: [ view_filter ] --END-- [ RunTime:0.000496s ]
INFO: [ app_end ] --START--
INFO: Run Behavior\ShowPageTraceBehavior [ RunTime:0.000612s ]
INFO: [ app_end ] --END-- [ RunTime:0.000674s ]

[ 2016-10-18T09:28:59+08:00 ] ::1 /uufenxiao/index.php?m=Admin&c=Mem&a=member_list
INFO: [ app_init ] --START--
INFO: Run Behavior\BuildLiteBehavior [ RunTime:0.000020s ]
INFO: [ app_init ] --END-- [ RunTime:0.000103s ]
INFO: [ app_begin ] --START--
INFO: Run Behavior\ReadHtmlCacheBehavior [ RunTime:0.000403s ]
INFO: [ app_begin ] --END-- [ RunTime:0.000460s ]
SQL: SHOW COLUMNS FROM `think_member` [ RunTime:0.0064s ]
SQL: SELECT * FROM `think_member` INNER JOIN think_ulevel ON think_ulevel.ulevel = think_member.ulevel  WHERE ( id>0 and ispay=1 ) ORDER BY id asc  [ RunTime:0.0097s ]
INFO: [ view_parse ] --START--
INFO: [ template_filter ] --START--
INFO: Run Behavior\ContentReplaceBehavior [ RunTime:0.000085s ]
INFO: [ template_filter ] --END-- [ RunTime:0.000150s ]
NOTIC: [8] Undefined variable: D D:\htdocs\uufenxiao\Application\Runtime\Cache\Admin\87eefa145d23ccebe4f833c29d29b778.php 第 34 行.
NOTIC: [8] Undefined variable: dp D:\htdocs\uufenxiao\Application\Runtime\Cache\Admin\87eefa145d23ccebe4f833c29d29b778.php 第 34 行.
NOTIC: [8] Undefined variable: D D:\htdocs\uufenxiao\Application\Runtime\Cache\Admin\87eefa145d23ccebe4f833c29d29b778.php 第 36 行.
NOTIC: [8] Undefined variable: dp D:\htdocs\uufenxiao\Application\Runtime\Cache\Admin\87eefa145d23ccebe4f833c29d29b778.php 第 36 行.
INFO: Run Behavior\ParseTemplateBehavior [ RunTime:0.011141s ]
INFO: [ view_parse ] --END-- [ RunTime:0.011200s ]
INFO: [ view_filter ] --START--
INFO: Run Behavior\WriteHtmlCacheBehavior [ RunTime:0.000255s ]
INFO: [ view_filter ] --END-- [ RunTime:0.000294s ]
INFO: [ app_end ] --START--
INFO: Run Behavior\ShowPageTraceBehavior [ RunTime:0.001584s ]
INFO: [ app_end ] --END-- [ RunTime:0.001908s ]

[ 2016-10-18T09:29:01+08:00 ] ::1 /uufenxiao/index.php?m=Admin&c=Goods&a=product_list
INFO: [ app_init ] --START--
INFO: Run Behavior\BuildLiteBehavior [ RunTime:0.000017s ]
INFO: [ app_init ] --END-- [ RunTime:0.000082s ]
INFO: [ app_begin ] --START--
INFO: Run Behavior\ReadHtmlCacheBehavior [ RunTime:0.001066s ]
INFO: [ app_begin ] --END-- [ RunTime:0.001213s ]
SQL: SHOW COLUMNS FROM `think_goods` [ RunTime:0.0091s ]
SQL: SELECT * FROM `think_goods` WHERE ( goods_id>0 )  [ RunTime:0.0004s ]
INFO: [ view_parse ] --START--
INFO: [ template_filter ] --START--
INFO: Run Behavior\ContentReplaceBehavior [ RunTime:0.000077s ]
INFO: [ template_filter ] --END-- [ RunTime:0.000130s ]
NOTIC: [8] Undefined variable: D D:\htdocs\uufenxiao\Application\Runtime\Cache\Admin\b46525eb4e38372ca1f74409f5bd52aa.php 第 32 行.
NOTIC: [8] Undefined variable: dp D:\htdocs\uufenxiao\Application\Runtime\Cache\Admin\b46525eb4e38372ca1f74409f5bd52aa.php 第 32 行.
NOTIC: [8] Undefined variable: D D:\htdocs\uufenxiao\Application\Runtime\Cache\Admin\b46525eb4e38372ca1f74409f5bd52aa.php 第 34 行.
NOTIC: [8] Undefined variable: dp D:\htdocs\uufenxiao\Application\Runtime\Cache\Admin\b46525eb4e38372ca1f74409f5bd52aa.php 第 34 行.
INFO: Run Behavior\ParseTemplateBehavior [ RunTime:0.008430s ]
INFO: [ view_parse ] --END-- [ RunTime:0.008499s ]
INFO: [ view_filter ] --START--
INFO: Run Behavior\WriteHtmlCacheBehavior [ RunTime:0.000331s ]
INFO: [ view_filter ] --END-- [ RunTime:0.000377s ]
INFO: [ app_end ] --START--
INFO: Run Behavior\ShowPageTraceBehavior [ RunTime:0.000603s ]
INFO: [ app_end ] --END-- [ RunTime:0.000677s ]

[ 2016-10-18T09:29:04+08:00 ] ::1 /uufenxiao/index.php?m=Admin&c=Goods&a=product_add
INFO: [ app_init ] --START--
INFO: Run Behavior\BuildLiteBehavior [ RunTime:0.000012s ]
INFO: [ app_init ] --END-- [ RunTime:0.000061s ]
INFO: [ app_begin ] --START--
INFO: Run Behavior\ReadHtmlCacheBehavior [ RunTime:0.000485s ]
INFO: [ app_begin ] --END-- [ RunTime:0.000566s ]
INFO: [ view_parse ] --START--
INFO: [ template_filter ] --START--
INFO: Run Behavior\ContentReplaceBehavior [ RunTime:0.000118s ]
INFO: [ template_filter ] --END-- [ RunTime:0.000178s ]
INFO: Run Behavior\ParseTemplateBehavior [ RunTime:0.010582s ]
INFO: [ view_parse ] --END-- [ RunTime:0.010692s ]
INFO: [ view_filter ] --START--
INFO: Run Behavior\WriteHtmlCacheBehavior [ RunTime:0.000574s ]
INFO: [ view_filter ] --END-- [ RunTime:0.000683s ]
INFO: [ app_end ] --START--
INFO: Run Behavior\ShowPageTraceBehavior [ RunTime:0.001032s ]
INFO: [ app_end ] --END-- [ RunTime:0.001243s ]

[ 2016-10-18T09:29:15+08:00 ] ::1 /uufenxiao/index.php?m=Admin&c=Goods&a=product_list
INFO: [ app_init ] --START--
INFO: Run Behavior\BuildLiteBehavior [ RunTime:0.000011s ]
INFO: [ app_init ] --END-- [ RunTime:0.000059s ]
INFO: [ app_begin ] --START--
INFO: Run Behavior\ReadHtmlCacheBehavior [ RunTime:0.000468s ]
INFO: [ app_begin ] --END-- [ RunTime:0.000517s ]
SQL: SHOW COLUMNS FROM `think_goods` [ RunTime:0.0053s ]
SQL: SELECT * FROM `think_goods` WHERE ( goods_id>0 )  [ RunTime:0.0004s ]
INFO: [ view_parse ] --START--
INFO: [ template_filter ] --START--
INFO: Run Behavior\ContentReplaceBehavior [ RunTime:0.000099s ]
INFO: [ template_filter ] --END-- [ RunTime:0.000163s ]
NOTIC: [8] Undefined variable: D D:\htdocs\uufenxiao\Application\Runtime\Cache\Admin\b46525eb4e38372ca1f74409f5bd52aa.php 第 32 行.
NOTIC: [8] Undefined variable: dp D:\htdocs\uufenxiao\Application\Runtime\Cache\Admin\b46525eb4e38372ca1f74409f5bd52aa.php 第 32 行.
NOTIC: [8] Undefined variable: D D:\htdocs\uufenxiao\Application\Runtime\Cache\Admin\b46525eb4e38372ca1f74409f5bd52aa.php 第 34 行.
NOTIC: [8] Undefined variable: dp D:\htdocs\uufenxiao\Application\Runtime\Cache\Admin\b46525eb4e38372ca1f74409f5bd52aa.php 第 34 行.
INFO: Run Behavior\ParseTemplateBehavior [ RunTime:0.007733s ]
INFO: [ view_parse ] --END-- [ RunTime:0.007814s ]
INFO: [ view_filter ] --START--
INFO: Run Behavior\WriteHtmlCacheBehavior [ RunTime:0.000289s ]
INFO: [ view_filter ] --END-- [ RunTime:0.000326s ]
INFO: [ app_end ] --START--
INFO: Run Behavior\ShowPageTraceBehavior [ RunTime:0.000447s ]
INFO: [ app_end ] --END-- [ RunTime:0.000498s ]

[ 2016-10-18T09:29:19+08:00 ] ::1 /uufenxiao/index.php/Admin/Goods/product_edit
INFO: [ app_init ] --START--
INFO: Run Behavior\BuildLiteBehavior [ RunTime:0.000012s ]
INFO: [ app_init ] --END-- [ RunTime:0.000061s ]
INFO: [ app_begin ] --START--
INFO: Run Behavior\ReadHtmlCacheBehavior [ RunTime:0.000468s ]
INFO: [ app_begin ] --END-- [ RunTime:0.000528s ]
SQL: SHOW COLUMNS FROM `think_goods` [ RunTime:0.0052s ]
SQL: SELECT * FROM `think_goods` WHERE ( goods_id=1 ) LIMIT 1   [ RunTime:0.0003s ]
INFO: [ view_parse ] --START--
INFO: [ template_filter ] --START--
INFO: Run Behavior\ContentReplaceBehavior [ RunTime:0.000145s ]
INFO: [ template_filter ] --END-- [ RunTime:0.000199s ]
NOTIC: [8] Undefined variable: img D:\htdocs\uufenxiao\Application\Runtime\Cache\Admin\2244a57a4c30ff628d3b1a81dc0a3aff.php 第 106 行.
INFO: Run Behavior\ParseTemplateBehavior [ RunTime:0.010033s ]
INFO: [ view_parse ] --END-- [ RunTime:0.010094s ]
INFO: [ view_filter ] --START--
INFO: Run Behavior\WriteHtmlCacheBehavior [ RunTime:0.000298s ]
INFO: [ view_filter ] --END-- [ RunTime:0.000340s ]
INFO: [ app_end ] --START--
INFO: Run Behavior\ShowPageTraceBehavior [ RunTime:0.000456s ]
INFO: [ app_end ] --END-- [ RunTime:0.000514s ]

[ 2016-10-18T09:29:23+08:00 ] ::1 /uufenxiao/index.php?m=Admin&c=Goods&a=product_list
INFO: [ app_init ] --START--
INFO: Run Behavior\BuildLiteBehavior [ RunTime:0.000011s ]
INFO: [ app_init ] --END-- [ RunTime:0.000058s ]
INFO: [ app_begin ] --START--
INFO: Run Behavior\ReadHtmlCacheBehavior [ RunTime:0.000425s ]
INFO: [ app_begin ] --END-- [ RunTime:0.000473s ]
SQL: SHOW COLUMNS FROM `think_goods` [ RunTime:0.0051s ]
SQL: SELECT * FROM `think_goods` WHERE ( goods_id>0 )  [ RunTime:0.0003s ]
INFO: [ view_parse ] --START--
INFO: [ template_filter ] --START--
INFO: Run Behavior\ContentReplaceBehavior [ RunTime:0.000079s ]
INFO: [ template_filter ] --END-- [ RunTime:0.000129s ]
NOTIC: [8] Undefined variable: D D:\htdocs\uufenxiao\Application\Runtime\Cache\Admin\b46525eb4e38372ca1f74409f5bd52aa.php 第 32 行.
NOTIC: [8] Undefined variable: dp D:\htdocs\uufenxiao\Application\Runtime\Cache\Admin\b46525eb4e38372ca1f74409f5bd52aa.php 第 32 行.
NOTIC: [8] Undefined variable: D D:\htdocs\uufenxiao\Application\Runtime\Cache\Admin\b46525eb4e38372ca1f74409f5bd52aa.php 第 34 行.
NOTIC: [8] Undefined variable: dp D:\htdocs\uufenxiao\Application\Runtime\Cache\Admin\b46525eb4e38372ca1f74409f5bd52aa.php 第 34 行.
INFO: Run Behavior\ParseTemplateBehavior [ RunTime:0.008078s ]
INFO: [ view_parse ] --END-- [ RunTime:0.008143s ]
INFO: [ view_filter ] --START--
INFO: Run Behavior\WriteHtmlCacheBehavior [ RunTime:0.000332s ]
INFO: [ view_filter ] --END-- [ RunTime:0.000371s ]
INFO: [ app_end ] --START--
INFO: Run Behavior\ShowPageTraceBehavior [ RunTime:0.000459s ]
INFO: [ app_end ] --END-- [ RunTime:0.000517s ]

[ 2016-10-18T09:29:26+08:00 ] ::1 /uufenxiao/index.php/Admin/Goods/product_edit
INFO: [ app_init ] --START--
INFO: Run Behavior\BuildLiteBehavior [ RunTime:0.000012s ]
INFO: [ app_init ] --END-- [ RunTime:0.000055s ]
INFO: [ app_begin ] --START--
INFO: Run Behavior\ReadHtmlCacheBehavior [ RunTime:0.000477s ]
INFO: [ app_begin ] --END-- [ RunTime:0.000536s ]
SQL: SHOW COLUMNS FROM `think_goods` [ RunTime:0.0051s ]
SQL: SELECT * FROM `think_goods` WHERE ( goods_id=6 ) LIMIT 1   [ RunTime:0.0003s ]
INFO: [ view_parse ] --START--
INFO: [ template_filter ] --START--
INFO: Run Behavior\ContentReplaceBehavior [ RunTime:0.000125s ]
INFO: [ template_filter ] --END-- [ RunTime:0.000185s ]
NOTIC: [8] Undefined variable: img D:\htdocs\uufenxiao\Application\Runtime\Cache\Admin\2244a57a4c30ff628d3b1a81dc0a3aff.php 第 106 行.
INFO: Run Behavior\ParseTemplateBehavior [ RunTime:0.010051s ]
INFO: [ view_parse ] --END-- [ RunTime:0.010119s ]
INFO: [ view_filter ] --START--
INFO: Run Behavior\WriteHtmlCacheBehavior [ RunTime:0.000284s ]
INFO: [ view_filter ] --END-- [ RunTime:0.000323s ]
INFO: [ app_end ] --START--
INFO: Run Behavior\ShowPageTraceBehavior [ RunTime:0.000454s ]
INFO: [ app_end ] --END-- [ RunTime:0.000504s ]

[ 2016-10-18T09:29:29+08:00 ] ::1 /uufenxiao/index.php?m=Admin&c=Goods&a=product_list
INFO: [ app_init ] --START--
INFO: Run Behavior\BuildLiteBehavior [ RunTime:0.000012s ]
INFO: [ app_init ] --END-- [ RunTime:0.000059s ]
INFO: [ app_begin ] --START--
INFO: Run Behavior\ReadHtmlCacheBehavior [ RunTime:0.000393s ]
INFO: [ app_begin ] --END-- [ RunTime:0.000451s ]
SQL: SHOW COLUMNS FROM `think_goods` [ RunTime:0.0071s ]
SQL: SELECT * FROM `think_goods` WHERE ( goods_id>0 )  [ RunTime:0.0003s ]
INFO: [ view_parse ] --START--
INFO: [ template_filter ] --START--
INFO: Run Behavior\ContentReplaceBehavior [ RunTime:0.000096s ]
INFO: [ template_filter ] --END-- [ RunTime:0.000161s ]
NOTIC: [8] Undefined variable: D D:\htdocs\uufenxiao\Application\Runtime\Cache\Admin\b46525eb4e38372ca1f74409f5bd52aa.php 第 32 行.
NOTIC: [8] Undefined variable: dp D:\htdocs\uufenxiao\Application\Runtime\Cache\Admin\b46525eb4e38372ca1f74409f5bd52aa.php 第 32 行.
NOTIC: [8] Undefined variable: D D:\htdocs\uufenxiao\Application\Runtime\Cache\Admin\b46525eb4e38372ca1f74409f5bd52aa.php 第 34 行.
NOTIC: [8] Undefined variable: dp D:\htdocs\uufenxiao\Application\Runtime\Cache\Admin\b46525eb4e38372ca1f74409f5bd52aa.php 第 34 行.
INFO: Run Behavior\ParseTemplateBehavior [ RunTime:0.008213s ]
INFO: [ view_parse ] --END-- [ RunTime:0.008283s ]
INFO: [ view_filter ] --START--
INFO: Run Behavior\WriteHtmlCacheBehavior [ RunTime:0.000328s ]
INFO: [ view_filter ] --END-- [ RunTime:0.000374s ]
INFO: [ app_end ] --START--
INFO: Run Behavior\ShowPageTraceBehavior [ RunTime:0.000578s ]
INFO: [ app_end ] --END-- [ RunTime:0.000670s ]

[ 2016-10-18T09:29:32+08:00 ] ::1 /uufenxiao/index.php/Admin/Goods/product_edit
INFO: [ app_init ] --START--
INFO: Run Behavior\BuildLiteBehavior [ RunTime:0.000011s ]
INFO: [ app_init ] --END-- [ RunTime:0.000055s ]
INFO: [ app_begin ] --START--
INFO: Run Behavior\ReadHtmlCacheBehavior [ RunTime:0.000420s ]
INFO: [ app_begin ] --END-- [ RunTime:0.000470s ]
SQL: SHOW COLUMNS FROM `think_goods` [ RunTime:0.0050s ]
SQL: SELECT * FROM `think_goods` WHERE ( goods_id=7 ) LIMIT 1   [ RunTime:0.0002s ]
INFO: [ view_parse ] --START--
INFO: [ template_filter ] --START--
INFO: Run Behavior\ContentReplaceBehavior [ RunTime:0.000125s ]
INFO: [ template_filter ] --END-- [ RunTime:0.000185s ]
NOTIC: [8] Undefined variable: img D:\htdocs\uufenxiao\Application\Runtime\Cache\Admin\2244a57a4c30ff628d3b1a81dc0a3aff.php 第 106 行.
INFO: Run Behavior\ParseTemplateBehavior [ RunTime:0.010255s ]
INFO: [ view_parse ] --END-- [ RunTime:0.010312s ]
INFO: [ view_filter ] --START--
INFO: Run Behavior\WriteHtmlCacheBehavior [ RunTime:0.000342s ]
INFO: [ view_filter ] --END-- [ RunTime:0.000386s ]
INFO: [ app_end ] --START--
INFO: Run Behavior\ShowPageTraceBehavior [ RunTime:0.000445s ]
INFO: [ app_end ] --END-- [ RunTime:0.000498s ]

[ 2016-10-18T09:29:38+08:00 ] ::1 /uufenxiao/index.php?m=Admin&c=Goods&a=product_edit_post
INFO: [ app_init ] --START--
INFO: Run Behavior\BuildLiteBehavior [ RunTime:0.000011s ]
INFO: [ app_init ] --END-- [ RunTime:0.000055s ]
INFO: [ app_begin ] --START--
INFO: Run Behavior\ReadHtmlCacheBehavior [ RunTime:0.000420s ]
INFO: [ app_begin ] --END-- [ RunTime:0.000468s ]
NOTIC: [8] Undefined index: 1 D:\htdocs\uufenxiao\Application\Admin\Controller\GoodsController.class.php 第 57 行.
SQL: SHOW COLUMNS FROM `think_goods` [ RunTime:0.0049s ]
SQL: UPDATE `think_goods` SET `goods_name`='asdfds',`goods_description`='撒地方',`goods_keywords`='',`goods_price`='123.00',`goods_content`='&lt;p&gt;&amp;amp;lt;p style=&amp;amp;quot;text-align: center;&amp;amp;quot;&amp;amp;gt;分开来撒会克劳福德&amp;amp;lt;/p&amp;amp;gt;&amp;amp;lt;p&amp;amp;gt;附近的斯科拉&amp;amp;lt;/p&amp;amp;gt;&amp;amp;lt;p style=&amp;amp;quot;text-align: center;&amp;amp;quot;&amp;amp;gt;&amp;amp;lt;br/&amp;amp;gt;&amp;amp;lt;/p&amp;amp;gt;&amp;amp;lt;p&amp;amp;gt;结果发动机&amp;amp;lt;br/&amp;amp;gt;&amp;amp;lt;/p&amp;amp;gt;&lt;/p&gt;',`is_on_sale`='0',`sort`='1',`goods_sn`='1,2,3,4,5,6,7,8,9,10,11,12,13,14,15,16,17,18,19,20,21,22,23,24,25,26,27,28,29,30,31,32,33,34,35,36,37,38,39,40,41,42,43,44,45,46,47,48,49,50,51,52,53,54,55,56,57,58,59,60,61,62,63,64,65,66,67,68,69,70,71,72,73,74,75,76,77,78,79,80,81,82,83,84,85,86,87,88' WHERE ( goods_id=7 ) [ RunTime:0.0024s ]
INFO: [ view_parse ] --START--
INFO: [ template_filter ] --START--
INFO: Run Behavior\ContentReplaceBehavior [ RunTime:0.000042s ]
INFO: [ template_filter ] --END-- [ RunTime:0.000097s ]
INFO: Run Behavior\ParseTemplateBehavior [ RunTime:0.006558s ]
INFO: [ view_parse ] --END-- [ RunTime:0.006624s ]
INFO: [ view_filter ] --START--
INFO: Run Behavior\WriteHtmlCacheBehavior [ RunTime:0.000286s ]
INFO: [ view_filter ] --END-- [ RunTime:0.000325s ]
INFO: [ app_end ] --START--
INFO: Run Behavior\ShowPageTraceBehavior [ RunTime:0.000447s ]
INFO: [ app_end ] --END-- [ RunTime:0.000488s ]

[ 2016-10-18T09:29:39+08:00 ] ::1 /uufenxiao/index.php?m=Admin&c=Goods&a=product_list
INFO: [ app_init ] --START--
INFO: Run Behavior\BuildLiteBehavior [ RunTime:0.000012s ]
INFO: [ app_init ] --END-- [ RunTime:0.000061s ]
INFO: [ app_begin ] --START--
INFO: Run Behavior\ReadHtmlCacheBehavior [ RunTime:0.000421s ]
INFO: [ app_begin ] --END-- [ RunTime:0.000471s ]
SQL: SHOW COLUMNS FROM `think_goods` [ RunTime:0.0082s ]
SQL: SELECT * FROM `think_goods` WHERE ( goods_id>0 )  [ RunTime:0.0003s ]
INFO: [ view_parse ] --START--
INFO: [ template_filter ] --START--
INFO: Run Behavior\ContentReplaceBehavior [ RunTime:0.000077s ]
INFO: [ template_filter ] --END-- [ RunTime:0.000125s ]
NOTIC: [8] Undefined variable: D D:\htdocs\uufenxiao\Application\Runtime\Cache\Admin\b46525eb4e38372ca1f74409f5bd52aa.php 第 32 行.
NOTIC: [8] Undefined variable: dp D:\htdocs\uufenxiao\Application\Runtime\Cache\Admin\b46525eb4e38372ca1f74409f5bd52aa.php 第 32 行.
NOTIC: [8] Undefined variable: D D:\htdocs\uufenxiao\Application\Runtime\Cache\Admin\b46525eb4e38372ca1f74409f5bd52aa.php 第 34 行.
NOTIC: [8] Undefined variable: dp D:\htdocs\uufenxiao\Application\Runtime\Cache\Admin\b46525eb4e38372ca1f74409f5bd52aa.php 第 34 行.
INFO: Run Behavior\ParseTemplateBehavior [ RunTime:0.008032s ]
INFO: [ view_parse ] --END-- [ RunTime:0.008094s ]
INFO: [ view_filter ] --START--
INFO: Run Behavior\WriteHtmlCacheBehavior [ RunTime:0.000346s ]
INFO: [ view_filter ] --END-- [ RunTime:0.000386s ]
INFO: [ app_end ] --START--
INFO: Run Behavior\ShowPageTraceBehavior [ RunTime:0.000445s ]
INFO: [ app_end ] --END-- [ RunTime:0.000498s ]

[ 2016-10-18T09:29:40+08:00 ] ::1 /uufenxiao/index.php?m=Admin&c=Goods&a=product_list
INFO: [ app_init ] --START--
INFO: Run Behavior\BuildLiteBehavior [ RunTime:0.000011s ]
INFO: [ app_init ] --END-- [ RunTime:0.000057s ]
INFO: [ app_begin ] --START--
INFO: Run Behavior\ReadHtmlCacheBehavior [ RunTime:0.000413s ]
INFO: [ app_begin ] --END-- [ RunTime:0.000464s ]
SQL: SHOW COLUMNS FROM `think_goods` [ RunTime:0.0057s ]
SQL: SELECT * FROM `think_goods` WHERE ( goods_id>0 )  [ RunTime:0.0003s ]
INFO: [ view_parse ] --START--
INFO: [ template_filter ] --START--
INFO: Run Behavior\ContentReplaceBehavior [ RunTime:0.000076s ]
INFO: [ template_filter ] --END-- [ RunTime:0.000126s ]
NOTIC: [8] Undefined variable: D D:\htdocs\uufenxiao\Application\Runtime\Cache\Admin\b46525eb4e38372ca1f74409f5bd52aa.php 第 32 行.
NOTIC: [8] Undefined variable: dp D:\htdocs\uufenxiao\Application\Runtime\Cache\Admin\b46525eb4e38372ca1f74409f5bd52aa.php 第 32 行.
NOTIC: [8] Undefined variable: D D:\htdocs\uufenxiao\Application\Runtime\Cache\Admin\b46525eb4e38372ca1f74409f5bd52aa.php 第 34 行.
NOTIC: [8] Undefined variable: dp D:\htdocs\uufenxiao\Application\Runtime\Cache\Admin\b46525eb4e38372ca1f74409f5bd52aa.php 第 34 行.
INFO: Run Behavior\ParseTemplateBehavior [ RunTime:0.007368s ]
INFO: [ view_parse ] --END-- [ RunTime:0.007429s ]
INFO: [ view_filter ] --START--
INFO: Run Behavior\WriteHtmlCacheBehavior [ RunTime:0.000293s ]
INFO: [ view_filter ] --END-- [ RunTime:0.000331s ]
INFO: [ app_end ] --START--
INFO: Run Behavior\ShowPageTraceBehavior [ RunTime:0.000471s ]
INFO: [ app_end ] --END-- [ RunTime:0.000543s ]

[ 2016-10-18T09:29:41+08:00 ] ::1 /uufenxiao/index.php?m=Admin&c=Goods&a=product_add
INFO: [ app_init ] --START--
INFO: Run Behavior\BuildLiteBehavior [ RunTime:0.000027s ]
INFO: [ app_init ] --END-- [ RunTime:0.000135s ]
INFO: [ app_begin ] --START--
INFO: Run Behavior\ReadHtmlCacheBehavior [ RunTime:0.000539s ]
INFO: [ app_begin ] --END-- [ RunTime:0.000628s ]
INFO: [ view_parse ] --START--
INFO: [ template_filter ] --START--
INFO: Run Behavior\ContentReplaceBehavior [ RunTime:0.000164s ]
INFO: [ template_filter ] --END-- [ RunTime:0.000295s ]
INFO: Run Behavior\ParseTemplateBehavior [ RunTime:0.011276s ]
INFO: [ view_parse ] --END-- [ RunTime:0.011369s ]
INFO: [ view_filter ] --START--
INFO: Run Behavior\WriteHtmlCacheBehavior [ RunTime:0.000400s ]
INFO: [ view_filter ] --END-- [ RunTime:0.000462s ]
INFO: [ app_end ] --START--
INFO: Run Behavior\ShowPageTraceBehavior [ RunTime:0.000580s ]
INFO: [ app_end ] --END-- [ RunTime:0.000673s ]

[ 2016-10-18T09:30:42+08:00 ] ::1 /uufenxiao/index.php?m=Admin&c=Goods&a=webup
INFO: [ app_init ] --START--
INFO: Run Behavior\BuildLiteBehavior [ RunTime:0.000012s ]
INFO: [ app_init ] --END-- [ RunTime:0.000065s ]
INFO: [ app_begin ] --START--
INFO: Run Behavior\ReadHtmlCacheBehavior [ RunTime:0.000457s ]
INFO: [ app_begin ] --END-- [ RunTime:0.000512s ]
NOTIC: [2] call_user_func() expects parameter 1 to be a valid callback, no array or string given D:\htdocs\uufenxiao\ThinkPHP\Library\Think\Upload.class.php 第 170 行.
NOTIC: [8] Undefined variable: lunbotu D:\htdocs\uufenxiao\Application\Admin\Controller\GoodsController.class.php 第 113 行.
INFO: [ app_end ] --START--
INFO: Run Behavior\ShowPageTraceBehavior [ RunTime:0.000979s ]
INFO: [ app_end ] --END-- [ RunTime:0.001089s ]

[ 2016-10-18T09:30:43+08:00 ] ::1 /uufenxiao/index.php?m=Admin&c=Goods&a=webup
INFO: [ app_init ] --START--
INFO: Run Behavior\BuildLiteBehavior [ RunTime:0.000012s ]
INFO: [ app_init ] --END-- [ RunTime:0.000060s ]
INFO: [ app_begin ] --START--
INFO: Run Behavior\ReadHtmlCacheBehavior [ RunTime:0.000474s ]
INFO: [ app_begin ] --END-- [ RunTime:0.000534s ]
NOTIC: [2] call_user_func() expects parameter 1 to be a valid callback, no array or string given D:\htdocs\uufenxiao\ThinkPHP\Library\Think\Upload.class.php 第 170 行.
NOTIC: [8] Undefined variable: lunbotu D:\htdocs\uufenxiao\Application\Admin\Controller\GoodsController.class.php 第 113 行.
INFO: [ app_end ] --START--
INFO: Run Behavior\ShowPageTraceBehavior [ RunTime:0.001569s ]
INFO: [ app_end ] --END-- [ RunTime:0.001651s ]

[ 2016-10-18T09:30:43+08:00 ] ::1 /uufenxiao/index.php?m=Admin&c=Goods&a=webup
INFO: [ app_init ] --START--
INFO: Run Behavior\BuildLiteBehavior [ RunTime:0.000020s ]
INFO: [ app_init ] --END-- [ RunTime:0.000110s ]
INFO: [ app_begin ] --START--
INFO: Run Behavior\ReadHtmlCacheBehavior [ RunTime:0.000546s ]
INFO: [ app_begin ] --END-- [ RunTime:0.000620s ]
NOTIC: [2] call_user_func() expects parameter 1 to be a valid callback, no array or string given D:\htdocs\uufenxiao\ThinkPHP\Library\Think\Upload.class.php 第 170 行.
NOTIC: [8] Undefined variable: lunbotu D:\htdocs\uufenxiao\Application\Admin\Controller\GoodsController.class.php 第 113 行.
INFO: [ app_end ] --START--
INFO: Run Behavior\ShowPageTraceBehavior [ RunTime:0.000553s ]
INFO: [ app_end ] --END-- [ RunTime:0.000626s ]

[ 2016-10-18T09:30:43+08:00 ] ::1 /uufenxiao/index.php?m=Admin&c=Goods&a=webup
INFO: [ app_init ] --START--
INFO: Run Behavior\BuildLiteBehavior [ RunTime:0.000016s ]
INFO: [ app_init ] --END-- [ RunTime:0.000082s ]
INFO: [ app_begin ] --START--
INFO: Run Behavior\ReadHtmlCacheBehavior [ RunTime:0.000665s ]
INFO: [ app_begin ] --END-- [ RunTime:0.000738s ]
NOTIC: [2] call_user_func() expects parameter 1 to be a valid callback, no array or string given D:\htdocs\uufenxiao\ThinkPHP\Library\Think\Upload.class.php 第 170 行.
NOTIC: [8] Undefined variable: lunbotu D:\htdocs\uufenxiao\Application\Admin\Controller\GoodsController.class.php 第 113 行.
INFO: [ app_end ] --START--
INFO: Run Behavior\ShowPageTraceBehavior [ RunTime:0.000844s ]
INFO: [ app_end ] --END-- [ RunTime:0.000918s ]

[ 2016-10-18T09:30:49+08:00 ] ::1 /uufenxiao/index.php?m=Admin&c=Goods&a=product_add_post
INFO: [ app_init ] --START--
INFO: Run Behavior\BuildLiteBehavior [ RunTime:0.000012s ]
INFO: [ app_init ] --END-- [ RunTime:0.000057s ]
INFO: [ app_begin ] --START--
INFO: Run Behavior\ReadHtmlCacheBehavior [ RunTime:0.000603s ]
INFO: [ app_begin ] --END-- [ RunTime:0.000657s ]
SQL: SHOW COLUMNS FROM `think_goods` [ RunTime:0.0051s ]
SQL: INSERT INTO `think_goods` (`src`,`goods_name`,`goods_description`,`goods_keywords`,`goods_price`,`goods_content`,`is_on_sale`,`sort`,`goods_sn`,`thumb`) VALUES ('[\"2016-10-18\\/58057b42ea714.jpg\",\"2016-10-18\\/58057b42f3244.jpg\",\"2016-10-18\\/58057b430d637.jpg\",\"2016-10-18\\/58057b4315948.jpg\"]','&lt;北京迪士尼Disney-华1五市双飞6日游&gt;','这样吧','关键字1，关键字2，','99998','&lt;p&gt;少时诵诗书&lt;br/&gt;&lt;/p&gt;','0','2','1,2,3,4,5','1610180930491.jpg') [ RunTime:0.0019s ]
INFO: [ view_parse ] --START--
INFO: [ template_filter ] --START--
INFO: Run Behavior\ContentReplaceBehavior [ RunTime:0.000040s ]
INFO: [ template_filter ] --END-- [ RunTime:0.000092s ]
INFO: Run Behavior\ParseTemplateBehavior [ RunTime:0.005883s ]
INFO: [ view_parse ] --END-- [ RunTime:0.005945s ]
INFO: [ view_filter ] --START--
INFO: Run Behavior\WriteHtmlCacheBehavior [ RunTime:0.000442s ]
INFO: [ view_filter ] --END-- [ RunTime:0.000486s ]
INFO: [ app_end ] --START--
INFO: Run Behavior\ShowPageTraceBehavior [ RunTime:0.000731s ]
INFO: [ app_end ] --END-- [ RunTime:0.000832s ]

[ 2016-10-18T09:30:51+08:00 ] ::1 /uufenxiao/index.php?m=Admin&c=Goods&a=product_list
INFO: [ app_init ] --START--
INFO: Run Behavior\BuildLiteBehavior [ RunTime:0.000013s ]
INFO: [ app_init ] --END-- [ RunTime:0.000068s ]
INFO: [ app_begin ] --START--
INFO: Run Behavior\ReadHtmlCacheBehavior [ RunTime:0.000613s ]
INFO: [ app_begin ] --END-- [ RunTime:0.000676s ]
SQL: SHOW COLUMNS FROM `think_goods` [ RunTime:0.0061s ]
SQL: SELECT * FROM `think_goods` WHERE ( goods_id>0 )  [ RunTime:0.0009s ]
INFO: [ view_parse ] --START--
INFO: [ template_filter ] --START--
INFO: Run Behavior\ContentReplaceBehavior [ RunTime:0.000081s ]
INFO: [ template_filter ] --END-- [ RunTime:0.000142s ]
NOTIC: [8] Undefined variable: D D:\htdocs\uufenxiao\Application\Runtime\Cache\Admin\b46525eb4e38372ca1f74409f5bd52aa.php 第 32 行.
NOTIC: [8] Undefined variable: dp D:\htdocs\uufenxiao\Application\Runtime\Cache\Admin\b46525eb4e38372ca1f74409f5bd52aa.php 第 32 行.
NOTIC: [8] Undefined variable: D D:\htdocs\uufenxiao\Application\Runtime\Cache\Admin\b46525eb4e38372ca1f74409f5bd52aa.php 第 34 行.
NOTIC: [8] Undefined variable: dp D:\htdocs\uufenxiao\Application\Runtime\Cache\Admin\b46525eb4e38372ca1f74409f5bd52aa.php 第 34 行.
INFO: Run Behavior\ParseTemplateBehavior [ RunTime:0.009082s ]
INFO: [ view_parse ] --END-- [ RunTime:0.009169s ]
INFO: [ view_filter ] --START--
INFO: Run Behavior\WriteHtmlCacheBehavior [ RunTime:0.000470s ]
INFO: [ view_filter ] --END-- [ RunTime:0.000509s ]
INFO: [ app_end ] --START--
INFO: Run Behavior\ShowPageTraceBehavior [ RunTime:0.000791s ]
INFO: [ app_end ] --END-- [ RunTime:0.000850s ]

[ 2016-10-18T09:31:03+08:00 ] ::1 /uufenxiao/index.php/Admin/Goods/product_edit
INFO: [ app_init ] --START--
INFO: Run Behavior\BuildLiteBehavior [ RunTime:0.000011s ]
INFO: [ app_init ] --END-- [ RunTime:0.000054s ]
INFO: [ app_begin ] --START--
INFO: Run Behavior\ReadHtmlCacheBehavior [ RunTime:0.000692s ]
INFO: [ app_begin ] --END-- [ RunTime:0.000849s ]
SQL: SHOW COLUMNS FROM `think_goods` [ RunTime:0.0052s ]
SQL: SELECT * FROM `think_goods` WHERE ( goods_id=8 ) LIMIT 1   [ RunTime:0.0003s ]
INFO: [ view_parse ] --START--
INFO: [ template_filter ] --START--
INFO: Run Behavior\ContentReplaceBehavior [ RunTime:0.000118s ]
INFO: [ template_filter ] --END-- [ RunTime:0.000172s ]
NOTIC: [8] Undefined variable: img D:\htdocs\uufenxiao\Application\Runtime\Cache\Admin\2244a57a4c30ff628d3b1a81dc0a3aff.php 第 106 行.
INFO: Run Behavior\ParseTemplateBehavior [ RunTime:0.010177s ]
INFO: [ view_parse ] --END-- [ RunTime:0.010233s ]
INFO: [ view_filter ] --START--
INFO: Run Behavior\WriteHtmlCacheBehavior [ RunTime:0.000461s ]
INFO: [ view_filter ] --END-- [ RunTime:0.000502s ]
INFO: [ app_end ] --START--
INFO: Run Behavior\ShowPageTraceBehavior [ RunTime:0.000621s ]
INFO: [ app_end ] --END-- [ RunTime:0.000681s ]

[ 2016-10-18T09:31:06+08:00 ] ::1 /uufenxiao/index.php?m=Admin&c=Goods&a=product_list
INFO: [ app_init ] --START--
INFO: Run Behavior\BuildLiteBehavior [ RunTime:0.000012s ]
INFO: [ app_init ] --END-- [ RunTime:0.000057s ]
INFO: [ app_begin ] --START--
INFO: Run Behavior\ReadHtmlCacheBehavior [ RunTime:0.000738s ]
INFO: [ app_begin ] --END-- [ RunTime:0.000834s ]
SQL: SHOW COLUMNS FROM `think_goods` [ RunTime:0.0051s ]
SQL: SELECT * FROM `think_goods` WHERE ( goods_id>0 )  [ RunTime:0.0004s ]
INFO: [ view_parse ] --START--
INFO: [ template_filter ] --START--
INFO: Run Behavior\ContentReplaceBehavior [ RunTime:0.000080s ]
INFO: [ template_filter ] --END-- [ RunTime:0.000136s ]
NOTIC: [8] Undefined variable: D D:\htdocs\uufenxiao\Application\Runtime\Cache\Admin\b46525eb4e38372ca1f74409f5bd52aa.php 第 32 行.
NOTIC: [8] Undefined variable: dp D:\htdocs\uufenxiao\Application\Runtime\Cache\Admin\b46525eb4e38372ca1f74409f5bd52aa.php 第 32 行.
NOTIC: [8] Undefined variable: D D:\htdocs\uufenxiao\Application\Runtime\Cache\Admin\b46525eb4e38372ca1f74409f5bd52aa.php 第 34 行.
NOTIC: [8] Undefined variable: dp D:\htdocs\uufenxiao\Application\Runtime\Cache\Admin\b46525eb4e38372ca1f74409f5bd52aa.php 第 34 行.
INFO: Run Behavior\ParseTemplateBehavior [ RunTime:0.008816s ]
INFO: [ view_parse ] --END-- [ RunTime:0.008944s ]
INFO: [ view_filter ] --START--
INFO: Run Behavior\WriteHtmlCacheBehavior [ RunTime:0.000400s ]
INFO: [ view_filter ] --END-- [ RunTime:0.000442s ]
INFO: [ app_end ] --START--
INFO: Run Behavior\ShowPageTraceBehavior [ RunTime:0.000612s ]
INFO: [ app_end ] --END-- [ RunTime:0.000668s ]

