[ 2016-10-11T09:23:24+08:00 ] ::1 /uufenxiao/admin.php?m=Home&c=Index&a=login
INFO: [ app_init ] --START--
INFO: Run Behavior\BuildLiteBehavior [ RunTime:0.000013s ]
INFO: [ app_init ] --END-- [ RunTime:0.000062s ]
INFO: [ app_begin ] --START--
INFO: Run Behavior\ReadHtmlCacheBehavior [ RunTime:0.000577s ]
INFO: [ app_begin ] --END-- [ RunTime:0.000640s ]
NOTIC: [8] Undefined index: lo_submit D:\htdocs\uufenxiao\Application\Admin\Controller\IndexController.class.php 第 24 行.
INFO: [ view_parse ] --START--
INFO: [ template_filter ] --START--
INFO: Run Behavior\ContentReplaceBehavior [ RunTime:0.000062s ]
INFO: [ template_filter ] --END-- [ RunTime:0.000141s ]
INFO: Run Behavior\ParseTemplateBehavior [ RunTime:0.006150s ]
INFO: [ view_parse ] --END-- [ RunTime:0.006233s ]
INFO: [ view_filter ] --START--
INFO: Run Behavior\WriteHtmlCacheBehavior [ RunTime:0.000436s ]
INFO: [ view_filter ] --END-- [ RunTime:0.000478s ]
INFO: [ app_end ] --START--
INFO: Run Behavior\ShowPageTraceBehavior [ RunTime:0.000566s ]
INFO: [ app_end ] --END-- [ RunTime:0.000610s ]

[ 2016-10-11T09:23:33+08:00 ] ::1 /uufenxiao/admin.php?m=Home&c=Index&a=login
INFO: [ app_init ] --START--
INFO: Run Behavior\BuildLiteBehavior [ RunTime:0.000012s ]
INFO: [ app_init ] --END-- [ RunTime:0.000064s ]
INFO: [ app_begin ] --START--
INFO: Run Behavior\ReadHtmlCacheBehavior [ RunTime:0.000552s ]
INFO: [ app_begin ] --END-- [ RunTime:0.000608s ]
SQL: SHOW COLUMNS FROM `think_admin_user` [ RunTime:0.0065s ]
SQL: SELECT COUNT(*) AS tp_count FROM `think_admin_user` WHERE ( user_name= 'admin' AND password= '96e79218965eb72c92a549dd5a330112' ) LIMIT 1   [ RunTime:0.0002s ]
SQL: SELECT * FROM `think_admin_user` WHERE ( user_name='admin' ) LIMIT 1   [ RunTime:0.0001s ]
INFO: [ view_parse ] --START--
INFO: [ template_filter ] --START--
INFO: Run Behavior\ContentReplaceBehavior [ RunTime:0.000097s ]
INFO: [ template_filter ] --END-- [ RunTime:0.000277s ]
INFO: Run Behavior\ParseTemplateBehavior [ RunTime:0.007163s ]
INFO: [ view_parse ] --END-- [ RunTime:0.007246s ]
INFO: [ view_filter ] --START--
INFO: Run Behavior\WriteHtmlCacheBehavior [ RunTime:0.000679s ]
INFO: [ view_filter ] --END-- [ RunTime:0.000753s ]
INFO: [ app_end ] --START--
INFO: Run Behavior\ShowPageTraceBehavior [ RunTime:0.000864s ]
INFO: [ app_end ] --END-- [ RunTime:0.000952s ]

[ 2016-10-11T09:23:34+08:00 ] ::1 /uufenxiao/index.php?m=Admin&c=Index&a=index
INFO: [ app_init ] --START--
INFO: Run Behavior\BuildLiteBehavior [ RunTime:0.000011s ]
INFO: [ app_init ] --END-- [ RunTime:0.000057s ]
INFO: [ app_begin ] --START--
INFO: Run Behavior\ReadHtmlCacheBehavior [ RunTime:0.000567s ]
INFO: [ app_begin ] --END-- [ RunTime:0.000616s ]
SQL: SHOW COLUMNS FROM `think_admin_user` [ RunTime:0.0029s ]
SQL: SELECT * FROM `think_admin_user` WHERE `user_id` = 1 LIMIT 1   [ RunTime:0.0002s ]
INFO: [ view_parse ] --START--
INFO: [ template_filter ] --START--
INFO: Run Behavior\ContentReplaceBehavior [ RunTime:0.000146s ]
INFO: [ template_filter ] --END-- [ RunTime:0.000255s ]
INFO: Run Behavior\ParseTemplateBehavior [ RunTime:0.011262s ]
INFO: [ view_parse ] --END-- [ RunTime:0.011336s ]
INFO: [ view_filter ] --START--
INFO: Run Behavior\WriteHtmlCacheBehavior [ RunTime:0.000512s ]
INFO: [ view_filter ] --END-- [ RunTime:0.000553s ]
INFO: [ app_end ] --START--
INFO: Run Behavior\ShowPageTraceBehavior [ RunTime:0.000659s ]
INFO: [ app_end ] --END-- [ RunTime:0.000713s ]

[ 2016-10-11T09:23:34+08:00 ] ::1 /uufenxiao/index.php?m=Admin&c=Index&a=welcome
INFO: [ app_init ] --START--
INFO: Run Behavior\BuildLiteBehavior [ RunTime:0.000133s ]
INFO: [ app_init ] --END-- [ RunTime:0.000355s ]
INFO: [ app_begin ] --START--
INFO: Run Behavior\ReadHtmlCacheBehavior [ RunTime:0.001608s ]
INFO: [ app_begin ] --END-- [ RunTime:0.001720s ]
INFO: [ view_parse ] --START--
INFO: [ template_filter ] --START--
INFO: Run Behavior\ContentReplaceBehavior [ RunTime:0.000061s ]
INFO: [ template_filter ] --END-- [ RunTime:0.000129s ]
INFO: Run Behavior\ParseTemplateBehavior [ RunTime:0.007063s ]
INFO: [ view_parse ] --END-- [ RunTime:0.007151s ]
INFO: [ view_filter ] --START--
INFO: Run Behavior\WriteHtmlCacheBehavior [ RunTime:0.000524s ]
INFO: [ view_filter ] --END-- [ RunTime:0.000576s ]
INFO: [ app_end ] --START--
INFO: Run Behavior\ShowPageTraceBehavior [ RunTime:0.000820s ]
INFO: [ app_end ] --END-- [ RunTime:0.000895s ]

[ 2016-10-11T09:23:38+08:00 ] ::1 /uufenxiao/index.php?m=Admin&c=Mem&a=member_list
INFO: [ app_init ] --START--
INFO: Run Behavior\BuildLiteBehavior [ RunTime:0.000015s ]
INFO: [ app_init ] --END-- [ RunTime:0.000076s ]
INFO: [ app_begin ] --START--
INFO: Run Behavior\ReadHtmlCacheBehavior [ RunTime:0.002332s ]
INFO: [ app_begin ] --END-- [ RunTime:0.002442s ]
SQL: SHOW COLUMNS FROM `think_member` [ RunTime:0.0039s ]
SQL: SELECT * FROM `think_member` INNER JOIN think_ulevel ON think_ulevel.ulevel = think_member.ulevel  WHERE ( id>0 and ispay=1 ) ORDER BY id asc  [ RunTime:0.0085s ]
INFO: [ view_parse ] --START--
INFO: [ template_filter ] --START--
INFO: Run Behavior\ContentReplaceBehavior [ RunTime:0.000156s ]
INFO: [ template_filter ] --END-- [ RunTime:0.000247s ]
NOTIC: [8] Undefined variable: D D:\htdocs\uufenxiao\Application\Runtime\Cache\Admin\87eefa145d23ccebe4f833c29d29b778.php 第 34 行.
NOTIC: [8] Undefined variable: dp D:\htdocs\uufenxiao\Application\Runtime\Cache\Admin\87eefa145d23ccebe4f833c29d29b778.php 第 34 行.
NOTIC: [8] Undefined variable: D D:\htdocs\uufenxiao\Application\Runtime\Cache\Admin\87eefa145d23ccebe4f833c29d29b778.php 第 36 行.
NOTIC: [8] Undefined variable: dp D:\htdocs\uufenxiao\Application\Runtime\Cache\Admin\87eefa145d23ccebe4f833c29d29b778.php 第 36 行.
INFO: Run Behavior\ParseTemplateBehavior [ RunTime:0.010391s ]
INFO: [ view_parse ] --END-- [ RunTime:0.010452s ]
INFO: [ view_filter ] --START--
INFO: Run Behavior\WriteHtmlCacheBehavior [ RunTime:0.000430s ]
INFO: [ view_filter ] --END-- [ RunTime:0.000472s ]
INFO: [ app_end ] --START--
INFO: Run Behavior\ShowPageTraceBehavior [ RunTime:0.000687s ]
INFO: [ app_end ] --END-- [ RunTime:0.000750s ]

[ 2016-10-11T09:23:41+08:00 ] ::1 /uufenxiao/index.php?m=Admin&c=Store&a=store_update
INFO: [ app_init ] --START--
INFO: Run Behavior\BuildLiteBehavior [ RunTime:0.000018s ]
INFO: [ app_init ] --END-- [ RunTime:0.000100s ]
INFO: [ app_begin ] --START--
INFO: Run Behavior\ReadHtmlCacheBehavior [ RunTime:0.000622s ]
INFO: [ app_begin ] --END-- [ RunTime:0.000680s ]
SQL: SHOW COLUMNS FROM `think_store` [ RunTime:0.0098s ]
SQL: SHOW COLUMNS FROM `think_storeup_record` [ RunTime:0.0074s ]
SQL: SELECT S.*,L.*,U.*,M.username,M.nickname FROM think_storeup_record U INNER JOIN think_member M on U.user_id=M.id INNER JOIN think_store S on M.id=S.user_id INNER JOIN think_store_level L on S.st_level=L.slevel  WHERE ( U.pay_status=0 )  [ RunTime:0.0048s ]
NOTIC: [8] Undefined variable: data D:\htdocs\uufenxiao\Application\Admin\Controller\StoreController.class.php 第 20 行.
INFO: [ view_parse ] --START--
INFO: [ template_filter ] --START--
INFO: Run Behavior\ContentReplaceBehavior [ RunTime:0.000078s ]
INFO: [ template_filter ] --END-- [ RunTime:0.000130s ]
NOTIC: [8] Undefined variable: D D:\htdocs\uufenxiao\Application\Runtime\Cache\Admin\5a36d5bfd8d3d5576e845a1f199dff49.php 第 34 行.
NOTIC: [8] Undefined variable: dp D:\htdocs\uufenxiao\Application\Runtime\Cache\Admin\5a36d5bfd8d3d5576e845a1f199dff49.php 第 34 行.
NOTIC: [8] Undefined variable: D D:\htdocs\uufenxiao\Application\Runtime\Cache\Admin\5a36d5bfd8d3d5576e845a1f199dff49.php 第 36 行.
NOTIC: [8] Undefined variable: dp D:\htdocs\uufenxiao\Application\Runtime\Cache\Admin\5a36d5bfd8d3d5576e845a1f199dff49.php 第 36 行.
INFO: Run Behavior\ParseTemplateBehavior [ RunTime:0.007369s ]
INFO: [ view_parse ] --END-- [ RunTime:0.007420s ]
INFO: [ view_filter ] --START--
INFO: Run Behavior\WriteHtmlCacheBehavior [ RunTime:0.000451s ]
INFO: [ view_filter ] --END-- [ RunTime:0.000491s ]
INFO: [ app_end ] --START--
INFO: Run Behavior\ShowPageTraceBehavior [ RunTime:0.000596s ]
INFO: [ app_end ] --END-- [ RunTime:0.000638s ]

[ 2016-10-11T09:23:43+08:00 ] ::1 /uufenxiao/index.php?m=Admin&c=Goods&a=product_list
INFO: [ app_init ] --START--
INFO: Run Behavior\BuildLiteBehavior [ RunTime:0.000088s ]
INFO: [ app_init ] --END-- [ RunTime:0.000473s ]
INFO: [ app_begin ] --START--
INFO: Run Behavior\ReadHtmlCacheBehavior [ RunTime:0.001462s ]
INFO: [ app_begin ] --END-- [ RunTime:0.001541s ]
INFO: [ view_parse ] --START--
INFO: [ template_filter ] --START--
INFO: Run Behavior\ContentReplaceBehavior [ RunTime:0.000069s ]
INFO: [ template_filter ] --END-- [ RunTime:0.000118s ]
NOTIC: [8] Undefined variable: D D:\htdocs\uufenxiao\Application\Runtime\Cache\Admin\b46525eb4e38372ca1f74409f5bd52aa.php 第 32 行.
NOTIC: [8] Undefined variable: dp D:\htdocs\uufenxiao\Application\Runtime\Cache\Admin\b46525eb4e38372ca1f74409f5bd52aa.php 第 32 行.
NOTIC: [8] Undefined variable: D D:\htdocs\uufenxiao\Application\Runtime\Cache\Admin\b46525eb4e38372ca1f74409f5bd52aa.php 第 34 行.
NOTIC: [8] Undefined variable: dp D:\htdocs\uufenxiao\Application\Runtime\Cache\Admin\b46525eb4e38372ca1f74409f5bd52aa.php 第 34 行.
INFO: Run Behavior\ParseTemplateBehavior [ RunTime:0.005987s ]
INFO: [ view_parse ] --END-- [ RunTime:0.006035s ]
INFO: [ view_filter ] --START--
INFO: Run Behavior\WriteHtmlCacheBehavior [ RunTime:0.000440s ]
INFO: [ view_filter ] --END-- [ RunTime:0.000479s ]
INFO: [ app_end ] --START--
INFO: Run Behavior\ShowPageTraceBehavior [ RunTime:0.000635s ]
INFO: [ app_end ] --END-- [ RunTime:0.000688s ]

[ 2016-10-11T10:02:04+08:00 ] ::1 /uufenxiao/index.php?m=Admin&c=Goods&a=product_list
INFO: [ app_init ] --START--
INFO: Run Behavior\BuildLiteBehavior [ RunTime:0.000011s ]
INFO: [ app_init ] --END-- [ RunTime:0.000055s ]
INFO: [ app_begin ] --START--
INFO: Run Behavior\ReadHtmlCacheBehavior [ RunTime:0.000590s ]
INFO: [ app_begin ] --END-- [ RunTime:0.000639s ]
INFO: [ view_parse ] --START--
INFO: [ template_filter ] --START--
INFO: Run Behavior\ContentReplaceBehavior [ RunTime:0.000072s ]
INFO: [ template_filter ] --END-- [ RunTime:0.000132s ]
NOTIC: [8] Undefined variable: D D:\htdocs\uufenxiao\Application\Runtime\Cache\Admin\b46525eb4e38372ca1f74409f5bd52aa.php 第 32 行.
NOTIC: [8] Undefined variable: dp D:\htdocs\uufenxiao\Application\Runtime\Cache\Admin\b46525eb4e38372ca1f74409f5bd52aa.php 第 32 行.
NOTIC: [8] Undefined variable: D D:\htdocs\uufenxiao\Application\Runtime\Cache\Admin\b46525eb4e38372ca1f74409f5bd52aa.php 第 34 行.
NOTIC: [8] Undefined variable: dp D:\htdocs\uufenxiao\Application\Runtime\Cache\Admin\b46525eb4e38372ca1f74409f5bd52aa.php 第 34 行.
INFO: Run Behavior\ParseTemplateBehavior [ RunTime:0.006028s ]
INFO: [ view_parse ] --END-- [ RunTime:0.006075s ]
INFO: [ view_filter ] --START--
INFO: Run Behavior\WriteHtmlCacheBehavior [ RunTime:0.000492s ]
INFO: [ view_filter ] --END-- [ RunTime:0.000539s ]
INFO: [ app_end ] --START--
INFO: Run Behavior\ShowPageTraceBehavior [ RunTime:0.000629s ]
INFO: [ app_end ] --END-- [ RunTime:0.000684s ]

[ 2016-10-11T10:02:08+08:00 ] ::1 /uufenxiao/index.php?m=Admin&c=Goods&a=product_list
INFO: [ app_init ] --START--
INFO: Run Behavior\BuildLiteBehavior [ RunTime:0.000011s ]
INFO: [ app_init ] --END-- [ RunTime:0.000061s ]
INFO: [ app_begin ] --START--
INFO: Run Behavior\ReadHtmlCacheBehavior [ RunTime:0.000583s ]
INFO: [ app_begin ] --END-- [ RunTime:0.000634s ]
INFO: [ view_parse ] --START--
INFO: [ template_filter ] --START--
INFO: Run Behavior\ContentReplaceBehavior [ RunTime:0.000109s ]
INFO: [ template_filter ] --END-- [ RunTime:0.000205s ]
NOTIC: [8] Undefined variable: D D:\htdocs\uufenxiao\Application\Runtime\Cache\Admin\b46525eb4e38372ca1f74409f5bd52aa.php 第 32 行.
NOTIC: [8] Undefined variable: dp D:\htdocs\uufenxiao\Application\Runtime\Cache\Admin\b46525eb4e38372ca1f74409f5bd52aa.php 第 32 行.
NOTIC: [8] Undefined variable: D D:\htdocs\uufenxiao\Application\Runtime\Cache\Admin\b46525eb4e38372ca1f74409f5bd52aa.php 第 34 行.
NOTIC: [8] Undefined variable: dp D:\htdocs\uufenxiao\Application\Runtime\Cache\Admin\b46525eb4e38372ca1f74409f5bd52aa.php 第 34 行.
INFO: Run Behavior\ParseTemplateBehavior [ RunTime:0.006226s ]
INFO: [ view_parse ] --END-- [ RunTime:0.006272s ]
INFO: [ view_filter ] --START--
INFO: Run Behavior\WriteHtmlCacheBehavior [ RunTime:0.000450s ]
INFO: [ view_filter ] --END-- [ RunTime:0.000492s ]
INFO: [ app_end ] --START--
INFO: Run Behavior\ShowPageTraceBehavior [ RunTime:0.000826s ]
INFO: [ app_end ] --END-- [ RunTime:0.000888s ]

[ 2016-10-11T10:02:10+08:00 ] ::1 /uufenxiao/index.php?m=Admin&c=Goods&a=product_list
INFO: [ app_init ] --START--
INFO: Run Behavior\BuildLiteBehavior [ RunTime:0.000012s ]
INFO: [ app_init ] --END-- [ RunTime:0.000061s ]
INFO: [ app_begin ] --START--
INFO: Run Behavior\ReadHtmlCacheBehavior [ RunTime:0.000585s ]
INFO: [ app_begin ] --END-- [ RunTime:0.000636s ]
INFO: [ view_parse ] --START--
INFO: [ template_filter ] --START--
INFO: Run Behavior\ContentReplaceBehavior [ RunTime:0.000088s ]
INFO: [ template_filter ] --END-- [ RunTime:0.000155s ]
NOTIC: [8] Undefined variable: D D:\htdocs\uufenxiao\Application\Runtime\Cache\Admin\b46525eb4e38372ca1f74409f5bd52aa.php 第 32 行.
NOTIC: [8] Undefined variable: dp D:\htdocs\uufenxiao\Application\Runtime\Cache\Admin\b46525eb4e38372ca1f74409f5bd52aa.php 第 32 行.
NOTIC: [8] Undefined variable: D D:\htdocs\uufenxiao\Application\Runtime\Cache\Admin\b46525eb4e38372ca1f74409f5bd52aa.php 第 34 行.
NOTIC: [8] Undefined variable: dp D:\htdocs\uufenxiao\Application\Runtime\Cache\Admin\b46525eb4e38372ca1f74409f5bd52aa.php 第 34 行.
INFO: Run Behavior\ParseTemplateBehavior [ RunTime:0.006211s ]
INFO: [ view_parse ] --END-- [ RunTime:0.006260s ]
INFO: [ view_filter ] --START--
INFO: Run Behavior\WriteHtmlCacheBehavior [ RunTime:0.000476s ]
INFO: [ view_filter ] --END-- [ RunTime:0.000519s ]
INFO: [ app_end ] --START--
INFO: Run Behavior\ShowPageTraceBehavior [ RunTime:0.000634s ]
INFO: [ app_end ] --END-- [ RunTime:0.000714s ]

[ 2016-10-11T10:02:15+08:00 ] ::1 /uufenxiao/index.php?m=Admin&c=Goods&a=product_list
INFO: [ app_init ] --START--
INFO: Run Behavior\BuildLiteBehavior [ RunTime:0.000011s ]
INFO: [ app_init ] --END-- [ RunTime:0.000059s ]
INFO: [ app_begin ] --START--
INFO: Run Behavior\ReadHtmlCacheBehavior [ RunTime:0.000586s ]
INFO: [ app_begin ] --END-- [ RunTime:0.000638s ]
INFO: [ view_parse ] --START--
INFO: [ template_filter ] --START--
INFO: Run Behavior\ContentReplaceBehavior [ RunTime:0.000070s ]
INFO: [ template_filter ] --END-- [ RunTime:0.000116s ]
NOTIC: [8] Undefined variable: D D:\htdocs\uufenxiao\Application\Runtime\Cache\Admin\b46525eb4e38372ca1f74409f5bd52aa.php 第 32 行.
NOTIC: [8] Undefined variable: dp D:\htdocs\uufenxiao\Application\Runtime\Cache\Admin\b46525eb4e38372ca1f74409f5bd52aa.php 第 32 行.
NOTIC: [8] Undefined variable: D D:\htdocs\uufenxiao\Application\Runtime\Cache\Admin\b46525eb4e38372ca1f74409f5bd52aa.php 第 34 行.
NOTIC: [8] Undefined variable: dp D:\htdocs\uufenxiao\Application\Runtime\Cache\Admin\b46525eb4e38372ca1f74409f5bd52aa.php 第 34 行.
INFO: Run Behavior\ParseTemplateBehavior [ RunTime:0.005444s ]
INFO: [ view_parse ] --END-- [ RunTime:0.005503s ]
INFO: [ view_filter ] --START--
INFO: Run Behavior\WriteHtmlCacheBehavior [ RunTime:0.000748s ]
INFO: [ view_filter ] --END-- [ RunTime:0.000880s ]
INFO: [ app_end ] --START--
INFO: Run Behavior\ShowPageTraceBehavior [ RunTime:0.000834s ]
INFO: [ app_end ] --END-- [ RunTime:0.000910s ]

[ 2016-10-11T10:02:16+08:00 ] ::1 /uufenxiao/index.php?m=Admin&c=Goods&a=product_list
INFO: [ app_init ] --START--
INFO: Run Behavior\BuildLiteBehavior [ RunTime:0.000012s ]
INFO: [ app_init ] --END-- [ RunTime:0.000058s ]
INFO: [ app_begin ] --START--
INFO: Run Behavior\ReadHtmlCacheBehavior [ RunTime:0.000590s ]
INFO: [ app_begin ] --END-- [ RunTime:0.000639s ]
INFO: [ view_parse ] --START--
INFO: [ template_filter ] --START--
INFO: Run Behavior\ContentReplaceBehavior [ RunTime:0.000069s ]
INFO: [ template_filter ] --END-- [ RunTime:0.000115s ]
NOTIC: [8] Undefined variable: D D:\htdocs\uufenxiao\Application\Runtime\Cache\Admin\b46525eb4e38372ca1f74409f5bd52aa.php 第 32 行.
NOTIC: [8] Undefined variable: dp D:\htdocs\uufenxiao\Application\Runtime\Cache\Admin\b46525eb4e38372ca1f74409f5bd52aa.php 第 32 行.
NOTIC: [8] Undefined variable: D D:\htdocs\uufenxiao\Application\Runtime\Cache\Admin\b46525eb4e38372ca1f74409f5bd52aa.php 第 34 行.
NOTIC: [8] Undefined variable: dp D:\htdocs\uufenxiao\Application\Runtime\Cache\Admin\b46525eb4e38372ca1f74409f5bd52aa.php 第 34 行.
INFO: Run Behavior\ParseTemplateBehavior [ RunTime:0.005356s ]
INFO: [ view_parse ] --END-- [ RunTime:0.005401s ]
INFO: [ view_filter ] --START--
INFO: Run Behavior\WriteHtmlCacheBehavior [ RunTime:0.000441s ]
INFO: [ view_filter ] --END-- [ RunTime:0.000480s ]
INFO: [ app_end ] --START--
INFO: Run Behavior\ShowPageTraceBehavior [ RunTime:0.000731s ]
INFO: [ app_end ] --END-- [ RunTime:0.000803s ]

[ 2016-10-11T10:04:46+08:00 ] ::1 /uufenxiao/index.php?m=Admin&c=Goods&a=product_list
INFO: [ app_init ] --START--
INFO: Run Behavior\BuildLiteBehavior [ RunTime:0.000012s ]
INFO: [ app_init ] --END-- [ RunTime:0.000060s ]
INFO: [ app_begin ] --START--
INFO: Run Behavior\ReadHtmlCacheBehavior [ RunTime:0.000525s ]
INFO: [ app_begin ] --END-- [ RunTime:0.000576s ]
INFO: [ view_parse ] --START--
INFO: [ template_filter ] --START--
INFO: Run Behavior\ContentReplaceBehavior [ RunTime:0.000070s ]
INFO: [ template_filter ] --END-- [ RunTime:0.000121s ]
NOTIC: [8] Undefined variable: D D:\htdocs\uufenxiao\Application\Runtime\Cache\Admin\b46525eb4e38372ca1f74409f5bd52aa.php 第 32 行.
NOTIC: [8] Undefined variable: dp D:\htdocs\uufenxiao\Application\Runtime\Cache\Admin\b46525eb4e38372ca1f74409f5bd52aa.php 第 32 行.
NOTIC: [8] Undefined variable: D D:\htdocs\uufenxiao\Application\Runtime\Cache\Admin\b46525eb4e38372ca1f74409f5bd52aa.php 第 34 行.
NOTIC: [8] Undefined variable: dp D:\htdocs\uufenxiao\Application\Runtime\Cache\Admin\b46525eb4e38372ca1f74409f5bd52aa.php 第 34 行.
INFO: Run Behavior\ParseTemplateBehavior [ RunTime:0.005775s ]
INFO: [ view_parse ] --END-- [ RunTime:0.005835s ]
INFO: [ view_filter ] --START--
INFO: Run Behavior\WriteHtmlCacheBehavior [ RunTime:0.000399s ]
INFO: [ view_filter ] --END-- [ RunTime:0.000440s ]
INFO: [ app_end ] --START--
INFO: Run Behavior\ShowPageTraceBehavior [ RunTime:0.000749s ]
INFO: [ app_end ] --END-- [ RunTime:0.000832s ]

[ 2016-10-11T10:05:13+08:00 ] ::1 /uufenxiao/index.php?m=Admin&c=Goods&a=product_list
INFO: [ app_init ] --START--
INFO: Run Behavior\BuildLiteBehavior [ RunTime:0.000010s ]
INFO: [ app_init ] --END-- [ RunTime:0.000056s ]
INFO: [ app_begin ] --START--
INFO: Run Behavior\ReadHtmlCacheBehavior [ RunTime:0.000475s ]
INFO: [ app_begin ] --END-- [ RunTime:0.000536s ]
INFO: [ view_parse ] --START--
INFO: [ template_filter ] --START--
INFO: Run Behavior\ContentReplaceBehavior [ RunTime:0.000070s ]
INFO: [ template_filter ] --END-- [ RunTime:0.000127s ]
NOTIC: [8] Undefined variable: D D:\htdocs\uufenxiao\Application\Runtime\Cache\Admin\b46525eb4e38372ca1f74409f5bd52aa.php 第 32 行.
NOTIC: [8] Undefined variable: dp D:\htdocs\uufenxiao\Application\Runtime\Cache\Admin\b46525eb4e38372ca1f74409f5bd52aa.php 第 32 行.
NOTIC: [8] Undefined variable: D D:\htdocs\uufenxiao\Application\Runtime\Cache\Admin\b46525eb4e38372ca1f74409f5bd52aa.php 第 34 行.
NOTIC: [8] Undefined variable: dp D:\htdocs\uufenxiao\Application\Runtime\Cache\Admin\b46525eb4e38372ca1f74409f5bd52aa.php 第 34 行.
INFO: Run Behavior\ParseTemplateBehavior [ RunTime:0.005838s ]
INFO: [ view_parse ] --END-- [ RunTime:0.005903s ]
INFO: [ view_filter ] --START--
INFO: Run Behavior\WriteHtmlCacheBehavior [ RunTime:0.000339s ]
INFO: [ view_filter ] --END-- [ RunTime:0.000378s ]
INFO: [ app_end ] --START--
INFO: Run Behavior\ShowPageTraceBehavior [ RunTime:0.000521s ]
INFO: [ app_end ] --END-- [ RunTime:0.000571s ]

[ 2016-10-11T10:05:14+08:00 ] ::1 /uufenxiao/index.php?m=Admin&c=Goods&a=product_list
INFO: [ app_init ] --START--
INFO: Run Behavior\BuildLiteBehavior [ RunTime:0.000011s ]
INFO: [ app_init ] --END-- [ RunTime:0.000058s ]
INFO: [ app_begin ] --START--
INFO: Run Behavior\ReadHtmlCacheBehavior [ RunTime:0.000440s ]
INFO: [ app_begin ] --END-- [ RunTime:0.000492s ]
INFO: [ view_parse ] --START--
INFO: [ template_filter ] --START--
INFO: Run Behavior\ContentReplaceBehavior [ RunTime:0.000067s ]
INFO: [ template_filter ] --END-- [ RunTime:0.000117s ]
NOTIC: [8] Undefined variable: D D:\htdocs\uufenxiao\Application\Runtime\Cache\Admin\b46525eb4e38372ca1f74409f5bd52aa.php 第 32 行.
NOTIC: [8] Undefined variable: dp D:\htdocs\uufenxiao\Application\Runtime\Cache\Admin\b46525eb4e38372ca1f74409f5bd52aa.php 第 32 行.
NOTIC: [8] Undefined variable: D D:\htdocs\uufenxiao\Application\Runtime\Cache\Admin\b46525eb4e38372ca1f74409f5bd52aa.php 第 34 行.
NOTIC: [8] Undefined variable: dp D:\htdocs\uufenxiao\Application\Runtime\Cache\Admin\b46525eb4e38372ca1f74409f5bd52aa.php 第 34 行.
INFO: Run Behavior\ParseTemplateBehavior [ RunTime:0.005000s ]
INFO: [ view_parse ] --END-- [ RunTime:0.005043s ]
INFO: [ view_filter ] --START--
INFO: Run Behavior\WriteHtmlCacheBehavior [ RunTime:0.000281s ]
INFO: [ view_filter ] --END-- [ RunTime:0.000319s ]
INFO: [ app_end ] --START--
INFO: Run Behavior\ShowPageTraceBehavior [ RunTime:0.000482s ]
INFO: [ app_end ] --END-- [ RunTime:0.000549s ]

[ 2016-10-11T10:05:17+08:00 ] ::1 /uufenxiao/index.php?m=Admin&c=Goods&a=product_list
INFO: [ app_init ] --START--
INFO: Run Behavior\BuildLiteBehavior [ RunTime:0.000012s ]
INFO: [ app_init ] --END-- [ RunTime:0.000060s ]
INFO: [ app_begin ] --START--
INFO: Run Behavior\ReadHtmlCacheBehavior [ RunTime:0.000396s ]
INFO: [ app_begin ] --END-- [ RunTime:0.000446s ]
INFO: [ view_parse ] --START--
INFO: [ template_filter ] --START--
INFO: Run Behavior\ContentReplaceBehavior [ RunTime:0.000069s ]
INFO: [ template_filter ] --END-- [ RunTime:0.000120s ]
NOTIC: [8] Undefined variable: D D:\htdocs\uufenxiao\Application\Runtime\Cache\Admin\b46525eb4e38372ca1f74409f5bd52aa.php 第 32 行.
NOTIC: [8] Undefined variable: dp D:\htdocs\uufenxiao\Application\Runtime\Cache\Admin\b46525eb4e38372ca1f74409f5bd52aa.php 第 32 行.
NOTIC: [8] Undefined variable: D D:\htdocs\uufenxiao\Application\Runtime\Cache\Admin\b46525eb4e38372ca1f74409f5bd52aa.php 第 34 行.
NOTIC: [8] Undefined variable: dp D:\htdocs\uufenxiao\Application\Runtime\Cache\Admin\b46525eb4e38372ca1f74409f5bd52aa.php 第 34 行.
INFO: Run Behavior\ParseTemplateBehavior [ RunTime:0.005090s ]
INFO: [ view_parse ] --END-- [ RunTime:0.005135s ]
INFO: [ view_filter ] --START--
INFO: Run Behavior\WriteHtmlCacheBehavior [ RunTime:0.000313s ]
INFO: [ view_filter ] --END-- [ RunTime:0.000361s ]
INFO: [ app_end ] --START--
INFO: Run Behavior\ShowPageTraceBehavior [ RunTime:0.001600s ]
INFO: [ app_end ] --END-- [ RunTime:0.001984s ]

[ 2016-10-11T10:09:02+08:00 ] ::1 /uufenxiao/index.php?m=Admin&c=Goods&a=product_list
INFO: [ app_init ] --START--
INFO: Run Behavior\BuildLiteBehavior [ RunTime:0.000012s ]
INFO: [ app_init ] --END-- [ RunTime:0.000062s ]
INFO: [ app_begin ] --START--
INFO: Run Behavior\ReadHtmlCacheBehavior [ RunTime:0.000571s ]
INFO: [ app_begin ] --END-- [ RunTime:0.000622s ]
INFO: [ view_parse ] --START--
INFO: [ template_filter ] --START--
INFO: Run Behavior\ContentReplaceBehavior [ RunTime:0.000089s ]
INFO: [ template_filter ] --END-- [ RunTime:0.000177s ]
NOTIC: [8] Undefined variable: D D:\htdocs\uufenxiao\Application\Runtime\Cache\Admin\b46525eb4e38372ca1f74409f5bd52aa.php 第 32 行.
NOTIC: [8] Undefined variable: dp D:\htdocs\uufenxiao\Application\Runtime\Cache\Admin\b46525eb4e38372ca1f74409f5bd52aa.php 第 32 行.
NOTIC: [8] Undefined variable: D D:\htdocs\uufenxiao\Application\Runtime\Cache\Admin\b46525eb4e38372ca1f74409f5bd52aa.php 第 34 行.
NOTIC: [8] Undefined variable: dp D:\htdocs\uufenxiao\Application\Runtime\Cache\Admin\b46525eb4e38372ca1f74409f5bd52aa.php 第 34 行.
INFO: Run Behavior\ParseTemplateBehavior [ RunTime:0.007800s ]
INFO: [ view_parse ] --END-- [ RunTime:0.007852s ]
INFO: [ view_filter ] --START--
INFO: Run Behavior\WriteHtmlCacheBehavior [ RunTime:0.000466s ]
INFO: [ view_filter ] --END-- [ RunTime:0.000508s ]
INFO: [ app_end ] --START--
INFO: Run Behavior\ShowPageTraceBehavior [ RunTime:0.000889s ]
INFO: [ app_end ] --END-- [ RunTime:0.000965s ]

[ 2016-10-11T10:09:08+08:00 ] ::1 /uufenxiao/index.php?m=Admin&c=Goods&a=product_list
INFO: [ app_init ] --START--
INFO: Run Behavior\BuildLiteBehavior [ RunTime:0.000011s ]
INFO: [ app_init ] --END-- [ RunTime:0.000058s ]
INFO: [ app_begin ] --START--
INFO: Run Behavior\ReadHtmlCacheBehavior [ RunTime:0.000585s ]
INFO: [ app_begin ] --END-- [ RunTime:0.000634s ]
INFO: [ view_parse ] --START--
INFO: [ template_filter ] --START--
INFO: Run Behavior\ContentReplaceBehavior [ RunTime:0.000068s ]
INFO: [ template_filter ] --END-- [ RunTime:0.000117s ]
NOTIC: [8] Undefined variable: D D:\htdocs\uufenxiao\Application\Runtime\Cache\Admin\b46525eb4e38372ca1f74409f5bd52aa.php 第 32 行.
NOTIC: [8] Undefined variable: dp D:\htdocs\uufenxiao\Application\Runtime\Cache\Admin\b46525eb4e38372ca1f74409f5bd52aa.php 第 32 行.
NOTIC: [8] Undefined variable: D D:\htdocs\uufenxiao\Application\Runtime\Cache\Admin\b46525eb4e38372ca1f74409f5bd52aa.php 第 34 行.
NOTIC: [8] Undefined variable: dp D:\htdocs\uufenxiao\Application\Runtime\Cache\Admin\b46525eb4e38372ca1f74409f5bd52aa.php 第 34 行.
INFO: Run Behavior\ParseTemplateBehavior [ RunTime:0.005600s ]
INFO: [ view_parse ] --END-- [ RunTime:0.005664s ]
INFO: [ view_filter ] --START--
INFO: Run Behavior\WriteHtmlCacheBehavior [ RunTime:0.000932s ]
INFO: [ view_filter ] --END-- [ RunTime:0.001102s ]
INFO: [ app_end ] --START--
INFO: Run Behavior\ShowPageTraceBehavior [ RunTime:0.001078s ]
INFO: [ app_end ] --END-- [ RunTime:0.001186s ]

[ 2016-10-11T10:10:48+08:00 ] ::1 /uufenxiao/index.php?m=Admin&c=Index&a=index
INFO: [ app_init ] --START--
INFO: Run Behavior\BuildLiteBehavior [ RunTime:0.000011s ]
INFO: [ app_init ] --END-- [ RunTime:0.000056s ]
INFO: [ app_begin ] --START--
INFO: Run Behavior\ReadHtmlCacheBehavior [ RunTime:0.000539s ]
INFO: [ app_begin ] --END-- [ RunTime:0.000588s ]
SQL: SHOW COLUMNS FROM `think_admin_user` [ RunTime:0.0031s ]
SQL: SELECT * FROM `think_admin_user` WHERE `user_id` = 1 LIMIT 1   [ RunTime:0.0003s ]
INFO: [ view_parse ] --START--
INFO: [ template_filter ] --START--
INFO: Run Behavior\ContentReplaceBehavior [ RunTime:0.000092s ]
INFO: [ template_filter ] --END-- [ RunTime:0.000145s ]
INFO: Run Behavior\ParseTemplateBehavior [ RunTime:0.007552s ]
INFO: [ view_parse ] --END-- [ RunTime:0.007603s ]
INFO: [ view_filter ] --START--
INFO: Run Behavior\WriteHtmlCacheBehavior [ RunTime:0.000409s ]
INFO: [ view_filter ] --END-- [ RunTime:0.000449s ]
INFO: [ app_end ] --START--
INFO: Run Behavior\ShowPageTraceBehavior [ RunTime:0.000716s ]
INFO: [ app_end ] --END-- [ RunTime:0.000794s ]

[ 2016-10-11T10:10:48+08:00 ] ::1 /uufenxiao/index.php?m=Admin&c=Index&a=welcome
INFO: [ app_init ] --START--
INFO: Run Behavior\BuildLiteBehavior [ RunTime:0.000014s ]
INFO: [ app_init ] --END-- [ RunTime:0.000086s ]
INFO: [ app_begin ] --START--
INFO: Run Behavior\ReadHtmlCacheBehavior [ RunTime:0.000670s ]
INFO: [ app_begin ] --END-- [ RunTime:0.000754s ]
INFO: [ view_parse ] --START--
INFO: [ template_filter ] --START--
INFO: Run Behavior\ContentReplaceBehavior [ RunTime:0.000060s ]
INFO: [ template_filter ] --END-- [ RunTime:0.000125s ]
INFO: Run Behavior\ParseTemplateBehavior [ RunTime:0.005848s ]
INFO: [ view_parse ] --END-- [ RunTime:0.005915s ]
INFO: [ view_filter ] --START--
INFO: Run Behavior\WriteHtmlCacheBehavior [ RunTime:0.000465s ]
INFO: [ view_filter ] --END-- [ RunTime:0.000530s ]
INFO: [ app_end ] --START--
INFO: Run Behavior\ShowPageTraceBehavior [ RunTime:0.001356s ]
INFO: [ app_end ] --END-- [ RunTime:0.001444s ]

[ 2016-10-11T10:10:49+08:00 ] ::1 /uufenxiao/index.php?m=Admin&c=Goods&a=product_list
INFO: [ app_init ] --START--
INFO: Run Behavior\BuildLiteBehavior [ RunTime:0.000023s ]
INFO: [ app_init ] --END-- [ RunTime:0.000122s ]
INFO: [ app_begin ] --START--
INFO: Run Behavior\ReadHtmlCacheBehavior [ RunTime:0.000534s ]
INFO: [ app_begin ] --END-- [ RunTime:0.000595s ]
INFO: [ view_parse ] --START--
INFO: [ template_filter ] --START--
INFO: Run Behavior\ContentReplaceBehavior [ RunTime:0.000074s ]
INFO: [ template_filter ] --END-- [ RunTime:0.000136s ]
NOTIC: [8] Undefined variable: D D:\htdocs\uufenxiao\Application\Runtime\Cache\Admin\b46525eb4e38372ca1f74409f5bd52aa.php 第 32 行.
NOTIC: [8] Undefined variable: dp D:\htdocs\uufenxiao\Application\Runtime\Cache\Admin\b46525eb4e38372ca1f74409f5bd52aa.php 第 32 行.
NOTIC: [8] Undefined variable: D D:\htdocs\uufenxiao\Application\Runtime\Cache\Admin\b46525eb4e38372ca1f74409f5bd52aa.php 第 34 行.
NOTIC: [8] Undefined variable: dp D:\htdocs\uufenxiao\Application\Runtime\Cache\Admin\b46525eb4e38372ca1f74409f5bd52aa.php 第 34 行.
INFO: Run Behavior\ParseTemplateBehavior [ RunTime:0.007313s ]
INFO: [ view_parse ] --END-- [ RunTime:0.007450s ]
INFO: [ view_filter ] --START--
INFO: Run Behavior\WriteHtmlCacheBehavior [ RunTime:0.001492s ]
INFO: [ view_filter ] --END-- [ RunTime:0.001575s ]
INFO: [ app_end ] --START--
INFO: Run Behavior\ShowPageTraceBehavior [ RunTime:0.000706s ]
INFO: [ app_end ] --END-- [ RunTime:0.000787s ]

[ 2016-10-11T10:10:51+08:00 ] ::1 /uufenxiao/index.php?m=Admin&c=Goods&a=product_add
INFO: [ app_init ] --START--
INFO: Run Behavior\BuildLiteBehavior [ RunTime:0.000013s ]
INFO: [ app_init ] --END-- [ RunTime:0.000063s ]
INFO: [ app_begin ] --START--
INFO: Run Behavior\ReadHtmlCacheBehavior [ RunTime:0.000524s ]
INFO: [ app_begin ] --END-- [ RunTime:0.000584s ]
INFO: [ view_parse ] --START--
INFO: [ template_filter ] --START--
INFO: Run Behavior\ContentReplaceBehavior [ RunTime:0.000873s ]
INFO: [ template_filter ] --END-- [ RunTime:0.001275s ]

[ 2016-10-11T10:12:08+08:00 ] ::1 /uufenxiao/index.php?m=Admin&c=Goods&a=product_list
INFO: [ app_init ] --START--
INFO: Run Behavior\BuildLiteBehavior [ RunTime:0.000011s ]
INFO: [ app_init ] --END-- [ RunTime:0.000060s ]
INFO: [ app_begin ] --START--
INFO: Run Behavior\ReadHtmlCacheBehavior [ RunTime:0.000556s ]
INFO: [ app_begin ] --END-- [ RunTime:0.000616s ]
INFO: [ view_parse ] --START--
INFO: [ template_filter ] --START--
INFO: Run Behavior\ContentReplaceBehavior [ RunTime:0.000113s ]
INFO: [ template_filter ] --END-- [ RunTime:0.000212s ]
NOTIC: [8] Undefined variable: D D:\htdocs\uufenxiao\Application\Runtime\Cache\Admin\b46525eb4e38372ca1f74409f5bd52aa.php 第 32 行.
NOTIC: [8] Undefined variable: dp D:\htdocs\uufenxiao\Application\Runtime\Cache\Admin\b46525eb4e38372ca1f74409f5bd52aa.php 第 32 行.
NOTIC: [8] Undefined variable: D D:\htdocs\uufenxiao\Application\Runtime\Cache\Admin\b46525eb4e38372ca1f74409f5bd52aa.php 第 34 行.
NOTIC: [8] Undefined variable: dp D:\htdocs\uufenxiao\Application\Runtime\Cache\Admin\b46525eb4e38372ca1f74409f5bd52aa.php 第 34 行.
INFO: Run Behavior\ParseTemplateBehavior [ RunTime:0.006877s ]
INFO: [ view_parse ] --END-- [ RunTime:0.006930s ]
INFO: [ view_filter ] --START--
INFO: Run Behavior\WriteHtmlCacheBehavior [ RunTime:0.000423s ]
INFO: [ view_filter ] --END-- [ RunTime:0.000465s ]
INFO: [ app_end ] --START--
INFO: Run Behavior\ShowPageTraceBehavior [ RunTime:0.000724s ]
INFO: [ app_end ] --END-- [ RunTime:0.000801s ]

[ 2016-10-11T10:12:09+08:00 ] ::1 /uufenxiao/index.php?m=Admin&c=Goods&a=product_add
INFO: [ app_init ] --START--
INFO: Run Behavior\BuildLiteBehavior [ RunTime:0.000031s ]
INFO: [ app_init ] --END-- [ RunTime:0.000173s ]
INFO: [ app_begin ] --START--
INFO: Run Behavior\ReadHtmlCacheBehavior [ RunTime:0.000562s ]
INFO: [ app_begin ] --END-- [ RunTime:0.000645s ]
INFO: [ view_parse ] --START--
INFO: [ template_filter ] --START--
INFO: Run Behavior\ContentReplaceBehavior [ RunTime:0.000115s ]
INFO: [ template_filter ] --END-- [ RunTime:0.000165s ]
NOTIC: [8] Undefined variable: D D:\htdocs\uufenxiao\Application\Runtime\Cache\Admin\3a5d25b0cc7241f11df1914436fdc500.php 第 147 行.
NOTIC: [8] Undefined variable: dp D:\htdocs\uufenxiao\Application\Runtime\Cache\Admin\3a5d25b0cc7241f11df1914436fdc500.php 第 147 行.
NOTIC: [8] Undefined variable: D D:\htdocs\uufenxiao\Application\Runtime\Cache\Admin\3a5d25b0cc7241f11df1914436fdc500.php 第 153 行.
NOTIC: [8] Undefined variable: dp D:\htdocs\uufenxiao\Application\Runtime\Cache\Admin\3a5d25b0cc7241f11df1914436fdc500.php 第 153 行.
INFO: Run Behavior\ParseTemplateBehavior [ RunTime:0.007750s ]
INFO: [ view_parse ] --END-- [ RunTime:0.007801s ]
INFO: [ view_filter ] --START--
INFO: Run Behavior\WriteHtmlCacheBehavior [ RunTime:0.000427s ]
INFO: [ view_filter ] --END-- [ RunTime:0.000507s ]
INFO: [ app_end ] --START--
INFO: Run Behavior\ShowPageTraceBehavior [ RunTime:0.003208s ]
INFO: [ app_end ] --END-- [ RunTime:0.003688s ]

[ 2016-10-11T10:13:05+08:00 ] ::1 /uufenxiao/index.php?m=Admin&c=Goods&a=product_list
INFO: [ app_init ] --START--
INFO: Run Behavior\BuildLiteBehavior [ RunTime:0.000011s ]
INFO: [ app_init ] --END-- [ RunTime:0.000057s ]
INFO: [ app_begin ] --START--
INFO: Run Behavior\ReadHtmlCacheBehavior [ RunTime:0.001718s ]
INFO: [ app_begin ] --END-- [ RunTime:0.001875s ]
INFO: [ view_parse ] --START--
INFO: [ template_filter ] --START--
INFO: Run Behavior\ContentReplaceBehavior [ RunTime:0.000069s ]
INFO: [ template_filter ] --END-- [ RunTime:0.000122s ]
NOTIC: [8] Undefined variable: D D:\htdocs\uufenxiao\Application\Runtime\Cache\Admin\b46525eb4e38372ca1f74409f5bd52aa.php 第 32 行.
NOTIC: [8] Undefined variable: dp D:\htdocs\uufenxiao\Application\Runtime\Cache\Admin\b46525eb4e38372ca1f74409f5bd52aa.php 第 32 行.
NOTIC: [8] Undefined variable: D D:\htdocs\uufenxiao\Application\Runtime\Cache\Admin\b46525eb4e38372ca1f74409f5bd52aa.php 第 34 行.
NOTIC: [8] Undefined variable: dp D:\htdocs\uufenxiao\Application\Runtime\Cache\Admin\b46525eb4e38372ca1f74409f5bd52aa.php 第 34 行.
INFO: Run Behavior\ParseTemplateBehavior [ RunTime:0.005772s ]
INFO: [ view_parse ] --END-- [ RunTime:0.005829s ]
INFO: [ view_filter ] --START--
INFO: Run Behavior\WriteHtmlCacheBehavior [ RunTime:0.000440s ]
INFO: [ view_filter ] --END-- [ RunTime:0.000480s ]
INFO: [ app_end ] --START--
INFO: Run Behavior\ShowPageTraceBehavior [ RunTime:0.000812s ]
INFO: [ app_end ] --END-- [ RunTime:0.000879s ]

[ 2016-10-11T10:13:06+08:00 ] ::1 /uufenxiao/index.php?m=Admin&c=Goods&a=product_add
INFO: [ app_init ] --START--
INFO: Run Behavior\BuildLiteBehavior [ RunTime:0.000014s ]
INFO: [ app_init ] --END-- [ RunTime:0.000071s ]
INFO: [ app_begin ] --START--
INFO: Run Behavior\ReadHtmlCacheBehavior [ RunTime:0.001296s ]
INFO: [ app_begin ] --END-- [ RunTime:0.001517s ]
INFO: [ view_parse ] --START--
INFO: [ template_filter ] --START--
INFO: Run Behavior\ContentReplaceBehavior [ RunTime:0.000137s ]
INFO: [ template_filter ] --END-- [ RunTime:0.000258s ]
NOTIC: [8] Undefined variable: D D:\htdocs\uufenxiao\Application\Runtime\Cache\Admin\3a5d25b0cc7241f11df1914436fdc500.php 第 136 行.
NOTIC: [8] Undefined variable: dp D:\htdocs\uufenxiao\Application\Runtime\Cache\Admin\3a5d25b0cc7241f11df1914436fdc500.php 第 136 行.
NOTIC: [8] Undefined variable: D D:\htdocs\uufenxiao\Application\Runtime\Cache\Admin\3a5d25b0cc7241f11df1914436fdc500.php 第 142 行.
NOTIC: [8] Undefined variable: dp D:\htdocs\uufenxiao\Application\Runtime\Cache\Admin\3a5d25b0cc7241f11df1914436fdc500.php 第 142 行.
INFO: Run Behavior\ParseTemplateBehavior [ RunTime:0.009479s ]
INFO: [ view_parse ] --END-- [ RunTime:0.009556s ]
INFO: [ view_filter ] --START--
INFO: Run Behavior\WriteHtmlCacheBehavior [ RunTime:0.000443s ]
INFO: [ view_filter ] --END-- [ RunTime:0.000486s ]
INFO: [ app_end ] --START--
INFO: Run Behavior\ShowPageTraceBehavior [ RunTime:0.000634s ]
INFO: [ app_end ] --END-- [ RunTime:0.000689s ]

[ 2016-10-11T10:54:38+08:00 ] ::1 /uufenxiao/admin
INFO: [ app_init ] --START--
INFO: Run Behavior\BuildLiteBehavior [ RunTime:0.000012s ]
INFO: [ app_init ] --END-- [ RunTime:0.000061s ]
INFO: [ app_begin ] --START--
INFO: Run Behavior\ReadHtmlCacheBehavior [ RunTime:0.000548s ]
INFO: [ app_begin ] --END-- [ RunTime:0.000599s ]
SQL: SHOW COLUMNS FROM `think_admin_user` [ RunTime:0.0057s ]
SQL: SELECT * FROM `think_admin_user` WHERE `user_id` = 1 LIMIT 1   [ RunTime:0.0003s ]
INFO: [ view_parse ] --START--
INFO: [ template_filter ] --START--
INFO: Run Behavior\ContentReplaceBehavior [ RunTime:0.000090s ]
INFO: [ template_filter ] --END-- [ RunTime:0.000154s ]
INFO: Run Behavior\ParseTemplateBehavior [ RunTime:0.008790s ]
INFO: [ view_parse ] --END-- [ RunTime:0.008849s ]
INFO: [ view_filter ] --START--
INFO: Run Behavior\WriteHtmlCacheBehavior [ RunTime:0.000409s ]
INFO: [ view_filter ] --END-- [ RunTime:0.000456s ]
INFO: [ app_end ] --START--
INFO: Run Behavior\ShowPageTraceBehavior [ RunTime:0.000808s ]
INFO: [ app_end ] --END-- [ RunTime:0.000883s ]

[ 2016-10-11T10:54:38+08:00 ] ::1 /uufenxiao/index.php?m=Admin&c=Index&a=welcome
INFO: [ app_init ] --START--
INFO: Run Behavior\BuildLiteBehavior [ RunTime:0.000019s ]
INFO: [ app_init ] --END-- [ RunTime:0.000102s ]
INFO: [ app_begin ] --START--
INFO: Run Behavior\ReadHtmlCacheBehavior [ RunTime:0.000557s ]
INFO: [ app_begin ] --END-- [ RunTime:0.000633s ]
INFO: [ view_parse ] --START--
INFO: [ template_filter ] --START--
INFO: Run Behavior\ContentReplaceBehavior [ RunTime:0.000109s ]
INFO: [ template_filter ] --END-- [ RunTime:0.000253s ]
INFO: Run Behavior\ParseTemplateBehavior [ RunTime:0.007569s ]
INFO: [ view_parse ] --END-- [ RunTime:0.007645s ]
INFO: [ view_filter ] --START--
INFO: Run Behavior\WriteHtmlCacheBehavior [ RunTime:0.000406s ]
INFO: [ view_filter ] --END-- [ RunTime:0.000457s ]
INFO: [ app_end ] --START--
INFO: Run Behavior\ShowPageTraceBehavior [ RunTime:0.000560s ]
INFO: [ app_end ] --END-- [ RunTime:0.000611s ]

[ 2016-10-11T10:55:55+08:00 ] ::1 /uufenxiao/index.php?m=Admin&c=Goods&a=product_list
INFO: [ app_init ] --START--
INFO: Run Behavior\BuildLiteBehavior [ RunTime:0.000012s ]
INFO: [ app_init ] --END-- [ RunTime:0.000062s ]
INFO: [ app_begin ] --START--
INFO: Run Behavior\ReadHtmlCacheBehavior [ RunTime:0.000458s ]
INFO: [ app_begin ] --END-- [ RunTime:0.000510s ]
INFO: [ view_parse ] --START--
INFO: [ template_filter ] --START--
INFO: Run Behavior\ContentReplaceBehavior [ RunTime:0.000113s ]
INFO: [ template_filter ] --END-- [ RunTime:0.000215s ]
NOTIC: [8] Undefined variable: D D:\htdocs\uufenxiao\Application\Runtime\Cache\Admin\b46525eb4e38372ca1f74409f5bd52aa.php 第 32 行.
NOTIC: [8] Undefined variable: dp D:\htdocs\uufenxiao\Application\Runtime\Cache\Admin\b46525eb4e38372ca1f74409f5bd52aa.php 第 32 行.
NOTIC: [8] Undefined variable: D D:\htdocs\uufenxiao\Application\Runtime\Cache\Admin\b46525eb4e38372ca1f74409f5bd52aa.php 第 34 行.
NOTIC: [8] Undefined variable: dp D:\htdocs\uufenxiao\Application\Runtime\Cache\Admin\b46525eb4e38372ca1f74409f5bd52aa.php 第 34 行.
INFO: Run Behavior\ParseTemplateBehavior [ RunTime:0.010394s ]
INFO: [ view_parse ] --END-- [ RunTime:0.010455s ]
INFO: [ view_filter ] --START--
INFO: Run Behavior\WriteHtmlCacheBehavior [ RunTime:0.000415s ]
INFO: [ view_filter ] --END-- [ RunTime:0.000469s ]
INFO: [ app_end ] --START--
INFO: Run Behavior\ShowPageTraceBehavior [ RunTime:0.000599s ]
INFO: [ app_end ] --END-- [ RunTime:0.000660s ]

[ 2016-10-11T10:55:57+08:00 ] ::1 /uufenxiao/index.php?m=Admin&c=Goods&a=product_add
INFO: [ app_init ] --START--
INFO: Run Behavior\BuildLiteBehavior [ RunTime:0.000013s ]
INFO: [ app_init ] --END-- [ RunTime:0.000070s ]
INFO: [ app_begin ] --START--
INFO: Run Behavior\ReadHtmlCacheBehavior [ RunTime:0.000434s ]
INFO: [ app_begin ] --END-- [ RunTime:0.000501s ]
INFO: [ view_parse ] --START--
INFO: [ template_filter ] --START--
INFO: Run Behavior\ContentReplaceBehavior [ RunTime:0.000238s ]
INFO: [ template_filter ] --END-- [ RunTime:0.000370s ]
NOTIC: [8] Undefined variable: D D:\htdocs\uufenxiao\Application\Runtime\Cache\Admin\3a5d25b0cc7241f11df1914436fdc500.php 第 136 行.
NOTIC: [8] Undefined variable: dp D:\htdocs\uufenxiao\Application\Runtime\Cache\Admin\3a5d25b0cc7241f11df1914436fdc500.php 第 136 行.
NOTIC: [8] Undefined variable: D D:\htdocs\uufenxiao\Application\Runtime\Cache\Admin\3a5d25b0cc7241f11df1914436fdc500.php 第 142 行.
NOTIC: [8] Undefined variable: dp D:\htdocs\uufenxiao\Application\Runtime\Cache\Admin\3a5d25b0cc7241f11df1914436fdc500.php 第 142 行.
INFO: Run Behavior\ParseTemplateBehavior [ RunTime:0.011544s ]
INFO: [ view_parse ] --END-- [ RunTime:0.011746s ]
INFO: [ view_filter ] --START--
INFO: Run Behavior\WriteHtmlCacheBehavior [ RunTime:0.001418s ]
INFO: [ view_filter ] --END-- [ RunTime:0.001585s ]
INFO: [ app_end ] --START--
INFO: Run Behavior\ShowPageTraceBehavior [ RunTime:0.001820s ]
INFO: [ app_end ] --END-- [ RunTime:0.001989s ]

[ 2016-10-11T11:01:40+08:00 ] ::1 /uufenxiao/index.php?m=Admin&c=Goods&a=product_list
INFO: [ app_init ] --START--
INFO: Run Behavior\BuildLiteBehavior [ RunTime:0.000011s ]
INFO: [ app_init ] --END-- [ RunTime:0.000060s ]
INFO: [ app_begin ] --START--
INFO: Run Behavior\ReadHtmlCacheBehavior [ RunTime:0.000527s ]
INFO: [ app_begin ] --END-- [ RunTime:0.000579s ]
INFO: [ view_parse ] --START--
INFO: [ template_filter ] --START--
INFO: Run Behavior\ContentReplaceBehavior [ RunTime:0.000077s ]
INFO: [ template_filter ] --END-- [ RunTime:0.000140s ]
NOTIC: [8] Undefined variable: D D:\htdocs\uufenxiao\Application\Runtime\Cache\Admin\b46525eb4e38372ca1f74409f5bd52aa.php 第 32 行.
NOTIC: [8] Undefined variable: dp D:\htdocs\uufenxiao\Application\Runtime\Cache\Admin\b46525eb4e38372ca1f74409f5bd52aa.php 第 32 行.
NOTIC: [8] Undefined variable: D D:\htdocs\uufenxiao\Application\Runtime\Cache\Admin\b46525eb4e38372ca1f74409f5bd52aa.php 第 34 行.
NOTIC: [8] Undefined variable: dp D:\htdocs\uufenxiao\Application\Runtime\Cache\Admin\b46525eb4e38372ca1f74409f5bd52aa.php 第 34 行.
INFO: Run Behavior\ParseTemplateBehavior [ RunTime:0.007988s ]
INFO: [ view_parse ] --END-- [ RunTime:0.008177s ]
INFO: [ view_filter ] --START--
INFO: Run Behavior\WriteHtmlCacheBehavior [ RunTime:0.000438s ]
INFO: [ view_filter ] --END-- [ RunTime:0.000481s ]
INFO: [ app_end ] --START--
INFO: Run Behavior\ShowPageTraceBehavior [ RunTime:0.000628s ]
INFO: [ app_end ] --END-- [ RunTime:0.000682s ]

[ 2016-10-11T11:01:41+08:00 ] ::1 /uufenxiao/index.php?m=Admin&c=Goods&a=product_add
INFO: [ app_init ] --START--
INFO: Run Behavior\BuildLiteBehavior [ RunTime:0.000013s ]
INFO: [ app_init ] --END-- [ RunTime:0.000070s ]
INFO: [ app_begin ] --START--
INFO: Run Behavior\ReadHtmlCacheBehavior [ RunTime:0.000734s ]
INFO: [ app_begin ] --END-- [ RunTime:0.000831s ]
INFO: [ view_parse ] --START--
INFO: [ template_filter ] --START--
INFO: Run Behavior\ContentReplaceBehavior [ RunTime:0.000127s ]
INFO: [ template_filter ] --END-- [ RunTime:0.000193s ]
INFO: Run Behavior\ParseTemplateBehavior [ RunTime:0.013262s ]
INFO: [ view_parse ] --END-- [ RunTime:0.013369s ]
INFO: [ view_filter ] --START--
INFO: Run Behavior\WriteHtmlCacheBehavior [ RunTime:0.000417s ]
INFO: [ view_filter ] --END-- [ RunTime:0.000460s ]
INFO: [ app_end ] --START--
INFO: Run Behavior\ShowPageTraceBehavior [ RunTime:0.000615s ]
INFO: [ app_end ] --END-- [ RunTime:0.000675s ]

[ 2016-10-11T11:07:03+08:00 ] ::1 /uufenxiao/index.php?m=Admin&c=Goods&a=product_list
INFO: [ app_init ] --START--
INFO: Run Behavior\BuildLiteBehavior [ RunTime:0.000018s ]
INFO: [ app_init ] --END-- [ RunTime:0.000097s ]
INFO: [ app_begin ] --START--
INFO: Run Behavior\ReadHtmlCacheBehavior [ RunTime:0.000606s ]
INFO: [ app_begin ] --END-- [ RunTime:0.000665s ]
INFO: [ view_parse ] --START--
INFO: [ template_filter ] --START--
INFO: Run Behavior\ContentReplaceBehavior [ RunTime:0.000070s ]
INFO: [ template_filter ] --END-- [ RunTime:0.000117s ]
NOTIC: [8] Undefined variable: D D:\htdocs\uufenxiao\Application\Runtime\Cache\Admin\b46525eb4e38372ca1f74409f5bd52aa.php 第 32 行.
NOTIC: [8] Undefined variable: dp D:\htdocs\uufenxiao\Application\Runtime\Cache\Admin\b46525eb4e38372ca1f74409f5bd52aa.php 第 32 行.
NOTIC: [8] Undefined variable: D D:\htdocs\uufenxiao\Application\Runtime\Cache\Admin\b46525eb4e38372ca1f74409f5bd52aa.php 第 34 行.
NOTIC: [8] Undefined variable: dp D:\htdocs\uufenxiao\Application\Runtime\Cache\Admin\b46525eb4e38372ca1f74409f5bd52aa.php 第 34 行.
INFO: Run Behavior\ParseTemplateBehavior [ RunTime:0.005584s ]
INFO: [ view_parse ] --END-- [ RunTime:0.005629s ]
INFO: [ view_filter ] --START--
INFO: Run Behavior\WriteHtmlCacheBehavior [ RunTime:0.000446s ]
INFO: [ view_filter ] --END-- [ RunTime:0.000486s ]
INFO: [ app_end ] --START--
INFO: Run Behavior\ShowPageTraceBehavior [ RunTime:0.000751s ]
INFO: [ app_end ] --END-- [ RunTime:0.000804s ]

[ 2016-10-11T11:07:04+08:00 ] ::1 /uufenxiao/index.php?m=Admin&c=Goods&a=product_add
INFO: [ app_init ] --START--
INFO: Run Behavior\BuildLiteBehavior [ RunTime:0.000012s ]
INFO: [ app_init ] --END-- [ RunTime:0.000065s ]
INFO: [ app_begin ] --START--
INFO: Run Behavior\ReadHtmlCacheBehavior [ RunTime:0.000745s ]
INFO: [ app_begin ] --END-- [ RunTime:0.000833s ]
INFO: [ view_parse ] --START--
INFO: [ template_filter ] --START--
INFO: Run Behavior\ContentReplaceBehavior [ RunTime:0.000134s ]
INFO: [ template_filter ] --END-- [ RunTime:0.000201s ]
INFO: Run Behavior\ParseTemplateBehavior [ RunTime:0.009181s ]
INFO: [ view_parse ] --END-- [ RunTime:0.009248s ]
INFO: [ view_filter ] --START--
INFO: Run Behavior\WriteHtmlCacheBehavior [ RunTime:0.000438s ]
INFO: [ view_filter ] --END-- [ RunTime:0.000484s ]
INFO: [ app_end ] --START--
INFO: Run Behavior\ShowPageTraceBehavior [ RunTime:0.000833s ]
INFO: [ app_end ] --END-- [ RunTime:0.000920s ]

[ 2016-10-11T11:46:44+08:00 ] ::1 /uufenxiao/index.php?m=Admin&c=Goods&a=product_list
INFO: [ app_init ] --START--
INFO: Run Behavior\BuildLiteBehavior [ RunTime:0.000056s ]
INFO: [ app_init ] --END-- [ RunTime:0.000289s ]
INFO: [ app_begin ] --START--
INFO: Run Behavior\ReadHtmlCacheBehavior [ RunTime:0.000862s ]
INFO: [ app_begin ] --END-- [ RunTime:0.000976s ]
INFO: [ view_parse ] --START--
INFO: [ template_filter ] --START--
INFO: Run Behavior\ContentReplaceBehavior [ RunTime:0.000074s ]
INFO: [ template_filter ] --END-- [ RunTime:0.000133s ]
NOTIC: [8] Undefined variable: D D:\htdocs\uufenxiao\Application\Runtime\Cache\Admin\b46525eb4e38372ca1f74409f5bd52aa.php 第 32 行.
NOTIC: [8] Undefined variable: dp D:\htdocs\uufenxiao\Application\Runtime\Cache\Admin\b46525eb4e38372ca1f74409f5bd52aa.php 第 32 行.
NOTIC: [8] Undefined variable: D D:\htdocs\uufenxiao\Application\Runtime\Cache\Admin\b46525eb4e38372ca1f74409f5bd52aa.php 第 34 行.
NOTIC: [8] Undefined variable: dp D:\htdocs\uufenxiao\Application\Runtime\Cache\Admin\b46525eb4e38372ca1f74409f5bd52aa.php 第 34 行.
INFO: Run Behavior\ParseTemplateBehavior [ RunTime:0.006626s ]
INFO: [ view_parse ] --END-- [ RunTime:0.006691s ]
INFO: [ view_filter ] --START--
INFO: Run Behavior\WriteHtmlCacheBehavior [ RunTime:0.000431s ]
INFO: [ view_filter ] --END-- [ RunTime:0.000475s ]
INFO: [ app_end ] --START--
INFO: Run Behavior\ShowPageTraceBehavior [ RunTime:0.001011s ]
INFO: [ app_end ] --END-- [ RunTime:0.001095s ]

[ 2016-10-11T11:46:45+08:00 ] ::1 /uufenxiao/index.php?m=Admin&c=Goods&a=product_add
INFO: [ app_init ] --START--
INFO: Run Behavior\BuildLiteBehavior [ RunTime:0.000012s ]
INFO: [ app_init ] --END-- [ RunTime:0.000058s ]
INFO: [ app_begin ] --START--
INFO: Run Behavior\ReadHtmlCacheBehavior [ RunTime:0.000502s ]
INFO: [ app_begin ] --END-- [ RunTime:0.000557s ]
INFO: [ view_parse ] --START--
INFO: [ template_filter ] --START--
INFO: Run Behavior\ContentReplaceBehavior [ RunTime:0.000223s ]
INFO: [ template_filter ] --END-- [ RunTime:0.000391s ]
INFO: Run Behavior\ParseTemplateBehavior [ RunTime:0.010491s ]
INFO: [ view_parse ] --END-- [ RunTime:0.010581s ]
INFO: [ view_filter ] --START--
INFO: Run Behavior\WriteHtmlCacheBehavior [ RunTime:0.000544s ]
INFO: [ view_filter ] --END-- [ RunTime:0.000601s ]
INFO: [ app_end ] --START--
INFO: Run Behavior\ShowPageTraceBehavior [ RunTime:0.000606s ]
INFO: [ app_end ] --END-- [ RunTime:0.000667s ]

