[ 2017-01-03T13:30:35+08:00 ] 127.0.0.1 /index.php/admin
INFO: [ app_init ] --START--
INFO: Run Behavior\BuildLiteBehavior [ RunTime:0.000010s ]
INFO: [ app_init ] --END-- [ RunTime:0.000058s ]
INFO: [ app_begin ] --START--
INFO: Run Behavior\ReadHtmlCacheBehavior [ RunTime:0.000534s ]
INFO: [ app_begin ] --END-- [ RunTime:0.000578s ]
INFO: [ view_parse ] --START--
INFO: [ template_filter ] --START--
INFO: Run Behavior\ContentReplaceBehavior [ RunTime:0.000028s ]
INFO: [ template_filter ] --END-- [ RunTime:0.000063s ]
INFO: Run Behavior\ParseTemplateBehavior [ RunTime:0.004679s ]
INFO: [ view_parse ] --END-- [ RunTime:0.004722s ]
INFO: [ view_filter ] --START--
INFO: Run Behavior\WriteHtmlCacheBehavior [ RunTime:0.000327s ]
INFO: [ view_filter ] --END-- [ RunTime:0.000353s ]

[ 2017-01-03T13:30:37+08:00 ] 127.0.0.1 /index.php?m=Admin&c=Index&a=login
INFO: [ app_init ] --START--
INFO: Run Behavior\BuildLiteBehavior [ RunTime:0.000008s ]
INFO: [ app_init ] --END-- [ RunTime:0.000041s ]
INFO: [ app_begin ] --START--
INFO: Run Behavior\ReadHtmlCacheBehavior [ RunTime:0.000415s ]
INFO: [ app_begin ] --END-- [ RunTime:0.000466s ]
NOTIC: [8] Undefined index: lo_submit D:\htdocs\uufx\Application\Admin\Controller\IndexController.class.php 第 25 行.
INFO: [ view_parse ] --START--
INFO: [ template_filter ] --START--
INFO: Run Behavior\ContentReplaceBehavior [ RunTime:0.000040s ]
INFO: [ template_filter ] --END-- [ RunTime:0.000081s ]
INFO: Run Behavior\ParseTemplateBehavior [ RunTime:0.006970s ]
INFO: [ view_parse ] --END-- [ RunTime:0.007012s ]
INFO: [ view_filter ] --START--
INFO: Run Behavior\WriteHtmlCacheBehavior [ RunTime:0.000262s ]
INFO: [ view_filter ] --END-- [ RunTime:0.000287s ]
INFO: [ app_end ] --START--
INFO: Run Behavior\ShowPageTraceBehavior [ RunTime:0.000512s ]
INFO: [ app_end ] --END-- [ RunTime:0.000542s ]

[ 2017-01-03T13:30:38+08:00 ] 127.0.0.1 /index.php?m=Admin&c=Index&a=login
INFO: [ app_init ] --START--
INFO: Run Behavior\BuildLiteBehavior [ RunTime:0.000010s ]
INFO: [ app_init ] --END-- [ RunTime:0.000050s ]
INFO: [ app_begin ] --START--
INFO: Run Behavior\ReadHtmlCacheBehavior [ RunTime:0.000376s ]
INFO: [ app_begin ] --END-- [ RunTime:0.000423s ]
SQL: SHOW COLUMNS FROM `think_admin_user` [ RunTime:0.0069s ]
SQL: SELECT COUNT(*) AS tp_count FROM `think_admin_user` WHERE ( user_name= 'admin' AND password= '48423bc87389799ac425be92530cfb5b' ) LIMIT 1   [ RunTime:0.0003s ]
SQL: SELECT * FROM `think_admin_user` WHERE ( user_name='admin' ) LIMIT 1   [ RunTime:0.0001s ]
SQL: SELECT * FROM `think_admin_user` INNER JOIN think_admin_role ON think_admin_user.role_id=think_admin_role.role_id  WHERE `user_name` = 'admin' LIMIT 1   [ RunTime:0.0032s ]
INFO: [ view_parse ] --START--
INFO: [ template_filter ] --START--
INFO: Run Behavior\ContentReplaceBehavior [ RunTime:0.000075s ]
INFO: [ template_filter ] --END-- [ RunTime:0.000179s ]
INFO: Run Behavior\ParseTemplateBehavior [ RunTime:0.005991s ]
INFO: [ view_parse ] --END-- [ RunTime:0.006044s ]
INFO: [ view_filter ] --START--
INFO: Run Behavior\WriteHtmlCacheBehavior [ RunTime:0.000279s ]
INFO: [ view_filter ] --END-- [ RunTime:0.000308s ]
INFO: [ app_end ] --START--
INFO: Run Behavior\ShowPageTraceBehavior [ RunTime:0.000488s ]
INFO: [ app_end ] --END-- [ RunTime:0.000519s ]

[ 2017-01-03T13:30:40+08:00 ] 127.0.0.1 /index.php?m=Admin&c=Index&a=index
INFO: [ app_init ] --START--
INFO: Run Behavior\BuildLiteBehavior [ RunTime:0.000011s ]
INFO: [ app_init ] --END-- [ RunTime:0.000050s ]
INFO: [ app_begin ] --START--
INFO: Run Behavior\ReadHtmlCacheBehavior [ RunTime:0.000432s ]
INFO: [ app_begin ] --END-- [ RunTime:0.000477s ]
SQL: SHOW COLUMNS FROM `think_admin_user` [ RunTime:0.0029s ]
SQL: SELECT * FROM `think_admin_user` WHERE `user_id` = 1 LIMIT 1   [ RunTime:0.0002s ]
INFO: [ view_parse ] --START--
INFO: [ template_filter ] --START--
INFO: Run Behavior\ContentReplaceBehavior [ RunTime:0.000079s ]
INFO: [ template_filter ] --END-- [ RunTime:0.000120s ]
INFO: Run Behavior\ParseTemplateBehavior [ RunTime:0.012748s ]
INFO: [ view_parse ] --END-- [ RunTime:0.012785s ]
INFO: [ view_filter ] --START--
INFO: Run Behavior\WriteHtmlCacheBehavior [ RunTime:0.000278s ]
INFO: [ view_filter ] --END-- [ RunTime:0.000304s ]
INFO: [ app_end ] --START--
INFO: Run Behavior\ShowPageTraceBehavior [ RunTime:0.000684s ]
INFO: [ app_end ] --END-- [ RunTime:0.000731s ]

[ 2017-01-03T13:30:40+08:00 ] 127.0.0.1 /index.php?m=Admin&c=Index&a=welcome
INFO: [ app_init ] --START--
INFO: Run Behavior\BuildLiteBehavior [ RunTime:0.000015s ]
INFO: [ app_init ] --END-- [ RunTime:0.000084s ]
INFO: [ app_begin ] --START--
INFO: Run Behavior\ReadHtmlCacheBehavior [ RunTime:0.000409s ]
INFO: [ app_begin ] --END-- [ RunTime:0.000460s ]
INFO: [ view_parse ] --START--
INFO: [ template_filter ] --START--
INFO: Run Behavior\ContentReplaceBehavior [ RunTime:0.000071s ]
INFO: [ template_filter ] --END-- [ RunTime:0.000129s ]
INFO: Run Behavior\ParseTemplateBehavior [ RunTime:0.007072s ]
INFO: [ view_parse ] --END-- [ RunTime:0.007140s ]
INFO: [ view_filter ] --START--
INFO: Run Behavior\WriteHtmlCacheBehavior [ RunTime:0.000262s ]
INFO: [ view_filter ] --END-- [ RunTime:0.000290s ]
INFO: [ app_end ] --START--
INFO: Run Behavior\ShowPageTraceBehavior [ RunTime:0.000530s ]
INFO: [ app_end ] --END-- [ RunTime:0.000566s ]

[ 2017-01-03T13:30:43+08:00 ] 127.0.0.1 /index.php?m=Admin&c=Goods&a=product_list
INFO: [ app_init ] --START--
INFO: Run Behavior\BuildLiteBehavior [ RunTime:0.000009s ]
INFO: [ app_init ] --END-- [ RunTime:0.000047s ]
INFO: [ app_begin ] --START--
INFO: Run Behavior\ReadHtmlCacheBehavior [ RunTime:0.000381s ]
INFO: [ app_begin ] --END-- [ RunTime:0.000427s ]
SQL: SHOW COLUMNS FROM `think_goods` [ RunTime:0.0043s ]
SQL: SELECT * FROM `think_goods` WHERE ( goods_id>0 )  [ RunTime:0.0003s ]
INFO: [ view_parse ] --START--
INFO: [ template_filter ] --START--
INFO: Run Behavior\ContentReplaceBehavior [ RunTime:0.000138s ]
INFO: [ template_filter ] --END-- [ RunTime:0.000315s ]
NOTIC: [8] Undefined variable: D D:\htdocs\uufx\Application\Runtime\Cache\Admin\b46525eb4e38372ca1f74409f5bd52aa.php 第 36 行.
NOTIC: [8] Undefined variable: dp D:\htdocs\uufx\Application\Runtime\Cache\Admin\b46525eb4e38372ca1f74409f5bd52aa.php 第 36 行.
NOTIC: [8] Undefined variable: D D:\htdocs\uufx\Application\Runtime\Cache\Admin\b46525eb4e38372ca1f74409f5bd52aa.php 第 38 行.
NOTIC: [8] Undefined variable: dp D:\htdocs\uufx\Application\Runtime\Cache\Admin\b46525eb4e38372ca1f74409f5bd52aa.php 第 38 行.
INFO: Run Behavior\ParseTemplateBehavior [ RunTime:0.008922s ]
INFO: [ view_parse ] --END-- [ RunTime:0.008963s ]
INFO: [ view_filter ] --START--
INFO: Run Behavior\WriteHtmlCacheBehavior [ RunTime:0.000237s ]
INFO: [ view_filter ] --END-- [ RunTime:0.000264s ]
INFO: [ app_end ] --START--
INFO: Run Behavior\ShowPageTraceBehavior [ RunTime:0.000546s ]
INFO: [ app_end ] --END-- [ RunTime:0.000588s ]

[ 2017-01-03T13:30:48+08:00 ] 127.0.0.1 /index.php/Admin/Goods/product_edit
INFO: [ app_init ] --START--
INFO: Run Behavior\BuildLiteBehavior [ RunTime:0.000008s ]
INFO: [ app_init ] --END-- [ RunTime:0.000042s ]
INFO: [ app_begin ] --START--
INFO: Run Behavior\ReadHtmlCacheBehavior [ RunTime:0.000454s ]
INFO: [ app_begin ] --END-- [ RunTime:0.000498s ]
SQL: SHOW COLUMNS FROM `think_goods` [ RunTime:0.0031s ]
SQL: SELECT * FROM `think_goods` WHERE ( goods_id=28 ) LIMIT 1   [ RunTime:0.0002s ]
INFO: [ view_parse ] --START--
INFO: [ template_filter ] --START--
INFO: Run Behavior\ContentReplaceBehavior [ RunTime:0.000112s ]
INFO: [ template_filter ] --END-- [ RunTime:0.000174s ]
NOTIC: [8] Undefined variable: img D:\htdocs\uufx\Application\Runtime\Cache\Admin\2244a57a4c30ff628d3b1a81dc0a3aff.php 第 106 行.
INFO: Run Behavior\ParseTemplateBehavior [ RunTime:0.010062s ]
INFO: [ view_parse ] --END-- [ RunTime:0.010100s ]
INFO: [ view_filter ] --START--
INFO: Run Behavior\WriteHtmlCacheBehavior [ RunTime:0.000380s ]
INFO: [ view_filter ] --END-- [ RunTime:0.000406s ]
INFO: [ app_end ] --START--
INFO: Run Behavior\ShowPageTraceBehavior [ RunTime:0.000679s ]
INFO: [ app_end ] --END-- [ RunTime:0.000729s ]

[ 2017-01-03T13:30:49+08:00 ] 127.0.0.1 /index.php?m=Admin&c=Ueditor&a=index&action=config&&noCache=1483421449165
INFO: [ app_init ] --START--
INFO: Run Behavior\BuildLiteBehavior [ RunTime:0.000013s ]
INFO: [ app_init ] --END-- [ RunTime:0.000069s ]
INFO: [ app_begin ] --START--
INFO: Run Behavior\ReadHtmlCacheBehavior [ RunTime:0.000460s ]
INFO: [ app_begin ] --END-- [ RunTime:0.000509s ]

[ 2017-01-03T13:31:37+08:00 ] 127.0.0.1 /index.php?m=Admin&c=Goods&a=product_list
INFO: [ app_init ] --START--
INFO: Run Behavior\BuildLiteBehavior [ RunTime:0.000009s ]
INFO: [ app_init ] --END-- [ RunTime:0.000045s ]
INFO: [ app_begin ] --START--
INFO: Run Behavior\ReadHtmlCacheBehavior [ RunTime:0.000571s ]
INFO: [ app_begin ] --END-- [ RunTime:0.000637s ]
SQL: SHOW COLUMNS FROM `think_goods` [ RunTime:0.0031s ]
SQL: SELECT * FROM `think_goods` WHERE ( goods_id>0 )  [ RunTime:0.0003s ]
INFO: [ view_parse ] --START--
INFO: [ template_filter ] --START--
INFO: Run Behavior\ContentReplaceBehavior [ RunTime:0.000073s ]
INFO: [ template_filter ] --END-- [ RunTime:0.000119s ]
NOTIC: [8] Undefined variable: D D:\htdocs\uufx\Application\Runtime\Cache\Admin\b46525eb4e38372ca1f74409f5bd52aa.php 第 36 行.
NOTIC: [8] Undefined variable: dp D:\htdocs\uufx\Application\Runtime\Cache\Admin\b46525eb4e38372ca1f74409f5bd52aa.php 第 36 行.
NOTIC: [8] Undefined variable: D D:\htdocs\uufx\Application\Runtime\Cache\Admin\b46525eb4e38372ca1f74409f5bd52aa.php 第 38 行.
NOTIC: [8] Undefined variable: dp D:\htdocs\uufx\Application\Runtime\Cache\Admin\b46525eb4e38372ca1f74409f5bd52aa.php 第 38 行.
INFO: Run Behavior\ParseTemplateBehavior [ RunTime:0.007567s ]
INFO: [ view_parse ] --END-- [ RunTime:0.007605s ]
INFO: [ view_filter ] --START--
INFO: Run Behavior\WriteHtmlCacheBehavior [ RunTime:0.000355s ]
INFO: [ view_filter ] --END-- [ RunTime:0.000384s ]
INFO: [ app_end ] --START--
INFO: Run Behavior\ShowPageTraceBehavior [ RunTime:0.000585s ]
INFO: [ app_end ] --END-- [ RunTime:0.000638s ]

[ 2017-01-03T13:31:44+08:00 ] 127.0.0.1 /index.php/Admin/Goods/product_delete
INFO: [ app_init ] --START--
INFO: Run Behavior\BuildLiteBehavior [ RunTime:0.000007s ]
INFO: [ app_init ] --END-- [ RunTime:0.000040s ]
INFO: [ app_begin ] --START--
INFO: Run Behavior\ReadHtmlCacheBehavior [ RunTime:0.000461s ]
INFO: [ app_begin ] --END-- [ RunTime:0.000502s ]
SQL: SHOW COLUMNS FROM `think_goods` [ RunTime:0.0029s ]
SQL: DELETE FROM `think_goods` WHERE ( goods_id=27 ) [ RunTime:0.0041s ]
INFO: [ app_end ] --START--
INFO: Run Behavior\ShowPageTraceBehavior [ RunTime:0.000645s ]
INFO: [ app_end ] --END-- [ RunTime:0.000684s ]

[ 2017-01-03T13:31:46+08:00 ] 127.0.0.1 /index.php?m=Admin&c=Goods&a=product_list
INFO: [ app_init ] --START--
INFO: Run Behavior\BuildLiteBehavior [ RunTime:0.000014s ]
INFO: [ app_init ] --END-- [ RunTime:0.000078s ]
INFO: [ app_begin ] --START--
INFO: Run Behavior\ReadHtmlCacheBehavior [ RunTime:0.000456s ]
INFO: [ app_begin ] --END-- [ RunTime:0.000500s ]
SQL: SHOW COLUMNS FROM `think_goods` [ RunTime:0.0030s ]
SQL: SELECT * FROM `think_goods` WHERE ( goods_id>0 )  [ RunTime:0.0003s ]
INFO: [ view_parse ] --START--
INFO: [ template_filter ] --START--
INFO: Run Behavior\ContentReplaceBehavior [ RunTime:0.000070s ]
INFO: [ template_filter ] --END-- [ RunTime:0.000109s ]
NOTIC: [8] Undefined variable: D D:\htdocs\uufx\Application\Runtime\Cache\Admin\b46525eb4e38372ca1f74409f5bd52aa.php 第 36 行.
NOTIC: [8] Undefined variable: dp D:\htdocs\uufx\Application\Runtime\Cache\Admin\b46525eb4e38372ca1f74409f5bd52aa.php 第 36 行.
NOTIC: [8] Undefined variable: D D:\htdocs\uufx\Application\Runtime\Cache\Admin\b46525eb4e38372ca1f74409f5bd52aa.php 第 38 行.
NOTIC: [8] Undefined variable: dp D:\htdocs\uufx\Application\Runtime\Cache\Admin\b46525eb4e38372ca1f74409f5bd52aa.php 第 38 行.
INFO: Run Behavior\ParseTemplateBehavior [ RunTime:0.007046s ]
INFO: [ view_parse ] --END-- [ RunTime:0.007082s ]
INFO: [ view_filter ] --START--
INFO: Run Behavior\WriteHtmlCacheBehavior [ RunTime:0.000283s ]
INFO: [ view_filter ] --END-- [ RunTime:0.000310s ]
INFO: [ app_end ] --START--
INFO: Run Behavior\ShowPageTraceBehavior [ RunTime:0.000645s ]
INFO: [ app_end ] --END-- [ RunTime:0.000694s ]

[ 2017-01-03T13:31:50+08:00 ] 127.0.0.1 /index.php/Admin/Goods/product_delete
INFO: [ app_init ] --START--
INFO: Run Behavior\BuildLiteBehavior [ RunTime:0.000010s ]
INFO: [ app_init ] --END-- [ RunTime:0.000050s ]
INFO: [ app_begin ] --START--
INFO: Run Behavior\ReadHtmlCacheBehavior [ RunTime:0.000390s ]
INFO: [ app_begin ] --END-- [ RunTime:0.000433s ]
SQL: SHOW COLUMNS FROM `think_goods` [ RunTime:0.0032s ]
SQL: DELETE FROM `think_goods` WHERE ( goods_id=26 ) [ RunTime:0.0056s ]
INFO: [ app_end ] --START--
INFO: Run Behavior\ShowPageTraceBehavior [ RunTime:0.000651s ]
INFO: [ app_end ] --END-- [ RunTime:0.000683s ]

[ 2017-01-03T13:31:52+08:00 ] 127.0.0.1 /index.php/Admin/Goods/product_delete
INFO: [ app_init ] --START--
INFO: Run Behavior\BuildLiteBehavior [ RunTime:0.000009s ]
INFO: [ app_init ] --END-- [ RunTime:0.000045s ]
INFO: [ app_begin ] --START--
INFO: Run Behavior\ReadHtmlCacheBehavior [ RunTime:0.000340s ]
INFO: [ app_begin ] --END-- [ RunTime:0.000374s ]
SQL: SHOW COLUMNS FROM `think_goods` [ RunTime:0.0029s ]
SQL: DELETE FROM `think_goods` WHERE ( goods_id=25 ) [ RunTime:0.0038s ]
INFO: [ app_end ] --START--
INFO: Run Behavior\ShowPageTraceBehavior [ RunTime:0.000575s ]
INFO: [ app_end ] --END-- [ RunTime:0.000610s ]

[ 2017-01-03T13:32:03+08:00 ] 127.0.0.1 /index.php/Admin/Goods/product_delete
INFO: [ app_init ] --START--
INFO: Run Behavior\BuildLiteBehavior [ RunTime:0.000009s ]
INFO: [ app_init ] --END-- [ RunTime:0.000048s ]
INFO: [ app_begin ] --START--
INFO: Run Behavior\ReadHtmlCacheBehavior [ RunTime:0.000395s ]
INFO: [ app_begin ] --END-- [ RunTime:0.000436s ]
SQL: SHOW COLUMNS FROM `think_goods` [ RunTime:0.0042s ]
SQL: DELETE FROM `think_goods` WHERE ( goods_id=24 ) [ RunTime:0.0021s ]
INFO: [ app_end ] --START--
INFO: Run Behavior\ShowPageTraceBehavior [ RunTime:0.000643s ]
INFO: [ app_end ] --END-- [ RunTime:0.000676s ]

[ 2017-01-03T13:32:07+08:00 ] 127.0.0.1 /index.php/Admin/Goods/product_delete
INFO: [ app_init ] --START--
INFO: Run Behavior\BuildLiteBehavior [ RunTime:0.000011s ]
INFO: [ app_init ] --END-- [ RunTime:0.000053s ]
INFO: [ app_begin ] --START--
INFO: Run Behavior\ReadHtmlCacheBehavior [ RunTime:0.000386s ]
INFO: [ app_begin ] --END-- [ RunTime:0.000430s ]
SQL: SHOW COLUMNS FROM `think_goods` [ RunTime:0.0065s ]
SQL: DELETE FROM `think_goods` WHERE ( goods_id=23 ) [ RunTime:0.0038s ]
INFO: [ app_end ] --START--
INFO: Run Behavior\ShowPageTraceBehavior [ RunTime:0.000563s ]
INFO: [ app_end ] --END-- [ RunTime:0.000594s ]

[ 2017-01-03T13:32:11+08:00 ] 127.0.0.1 /index.php/Admin/Goods/product_edit
INFO: [ app_init ] --START--
INFO: Run Behavior\BuildLiteBehavior [ RunTime:0.000023s ]
INFO: [ app_init ] --END-- [ RunTime:0.000160s ]
INFO: [ app_begin ] --START--
INFO: Run Behavior\ReadHtmlCacheBehavior [ RunTime:0.000372s ]
INFO: [ app_begin ] --END-- [ RunTime:0.000417s ]
SQL: SHOW COLUMNS FROM `think_goods` [ RunTime:0.0030s ]
SQL: SELECT * FROM `think_goods` WHERE ( goods_id=28 ) LIMIT 1   [ RunTime:0.0002s ]
INFO: [ view_parse ] --START--
INFO: [ template_filter ] --START--
INFO: Run Behavior\ContentReplaceBehavior [ RunTime:0.000106s ]
INFO: [ template_filter ] --END-- [ RunTime:0.000145s ]
NOTIC: [8] Undefined variable: img D:\htdocs\uufx\Application\Runtime\Cache\Admin\2244a57a4c30ff628d3b1a81dc0a3aff.php 第 106 行.
INFO: Run Behavior\ParseTemplateBehavior [ RunTime:0.008216s ]
INFO: [ view_parse ] --END-- [ RunTime:0.008253s ]
INFO: [ view_filter ] --START--
INFO: Run Behavior\WriteHtmlCacheBehavior [ RunTime:0.000247s ]
INFO: [ view_filter ] --END-- [ RunTime:0.000273s ]
INFO: [ app_end ] --START--
INFO: Run Behavior\ShowPageTraceBehavior [ RunTime:0.000642s ]
INFO: [ app_end ] --END-- [ RunTime:0.000691s ]

[ 2017-01-03T13:32:12+08:00 ] 127.0.0.1 /index.php?m=Admin&c=Ueditor&a=index&action=config&&noCache=1483421532018
INFO: [ app_init ] --START--
INFO: Run Behavior\BuildLiteBehavior [ RunTime:0.000017s ]
INFO: [ app_init ] --END-- [ RunTime:0.000079s ]
INFO: [ app_begin ] --START--
INFO: Run Behavior\ReadHtmlCacheBehavior [ RunTime:0.000467s ]
INFO: [ app_begin ] --END-- [ RunTime:0.000514s ]

[ 2017-01-03T15:53:31+08:00 ] 127.0.0.1 /index.php/admin
INFO: [ app_init ] --START--
INFO: Run Behavior\BuildLiteBehavior [ RunTime:0.000011s ]
INFO: [ app_init ] --END-- [ RunTime:0.000058s ]
INFO: [ app_begin ] --START--
INFO: Run Behavior\ReadHtmlCacheBehavior [ RunTime:0.000529s ]
INFO: [ app_begin ] --END-- [ RunTime:0.000571s ]
SQL: SHOW COLUMNS FROM `think_admin_user` [ RunTime:0.0070s ]
SQL: SELECT * FROM `think_admin_user` WHERE `user_id` = 1 LIMIT 1   [ RunTime:0.0003s ]
INFO: [ view_parse ] --START--
INFO: [ template_filter ] --START--
INFO: Run Behavior\ContentReplaceBehavior [ RunTime:0.000083s ]
INFO: [ template_filter ] --END-- [ RunTime:0.000125s ]
INFO: Run Behavior\ParseTemplateBehavior [ RunTime:0.007721s ]
INFO: [ view_parse ] --END-- [ RunTime:0.007769s ]
INFO: [ view_filter ] --START--
INFO: Run Behavior\WriteHtmlCacheBehavior [ RunTime:0.000276s ]
INFO: [ view_filter ] --END-- [ RunTime:0.000304s ]
INFO: [ app_end ] --START--
INFO: Run Behavior\ShowPageTraceBehavior [ RunTime:0.000642s ]
INFO: [ app_end ] --END-- [ RunTime:0.000692s ]

[ 2017-01-03T15:53:31+08:00 ] 127.0.0.1 /index.php?m=Admin&c=Index&a=welcome
INFO: [ app_init ] --START--
INFO: Run Behavior\BuildLiteBehavior [ RunTime:0.000010s ]
INFO: [ app_init ] --END-- [ RunTime:0.000050s ]
INFO: [ app_begin ] --START--
INFO: Run Behavior\ReadHtmlCacheBehavior [ RunTime:0.000389s ]
INFO: [ app_begin ] --END-- [ RunTime:0.000435s ]
INFO: [ view_parse ] --START--
INFO: [ template_filter ] --START--
INFO: Run Behavior\ContentReplaceBehavior [ RunTime:0.000046s ]
INFO: [ template_filter ] --END-- [ RunTime:0.000089s ]
INFO: Run Behavior\ParseTemplateBehavior [ RunTime:0.006089s ]
INFO: [ view_parse ] --END-- [ RunTime:0.006149s ]
INFO: [ view_filter ] --START--
INFO: Run Behavior\WriteHtmlCacheBehavior [ RunTime:0.000255s ]
INFO: [ view_filter ] --END-- [ RunTime:0.000301s ]
INFO: [ app_end ] --START--
INFO: Run Behavior\ShowPageTraceBehavior [ RunTime:0.000554s ]
INFO: [ app_end ] --END-- [ RunTime:0.000593s ]

[ 2017-01-03T15:53:33+08:00 ] 127.0.0.1 /index.php?m=Admin&c=Goods&a=product_list
INFO: [ app_init ] --START--
INFO: Run Behavior\BuildLiteBehavior [ RunTime:0.000009s ]
INFO: [ app_init ] --END-- [ RunTime:0.000047s ]
INFO: [ app_begin ] --START--
INFO: Run Behavior\ReadHtmlCacheBehavior [ RunTime:0.000449s ]
INFO: [ app_begin ] --END-- [ RunTime:0.000513s ]
SQL: SHOW COLUMNS FROM `think_goods` [ RunTime:0.0077s ]
SQL: SELECT * FROM `think_goods` WHERE ( goods_id>0 )  [ RunTime:0.0004s ]
INFO: [ view_parse ] --START--
INFO: [ template_filter ] --START--
INFO: Run Behavior\ContentReplaceBehavior [ RunTime:0.000071s ]
INFO: [ template_filter ] --END-- [ RunTime:0.000111s ]
NOTIC: [8] Undefined variable: D D:\htdocs\uufx\Application\Runtime\Cache\Admin\b46525eb4e38372ca1f74409f5bd52aa.php 第 36 行.
NOTIC: [8] Undefined variable: dp D:\htdocs\uufx\Application\Runtime\Cache\Admin\b46525eb4e38372ca1f74409f5bd52aa.php 第 36 行.
NOTIC: [8] Undefined variable: D D:\htdocs\uufx\Application\Runtime\Cache\Admin\b46525eb4e38372ca1f74409f5bd52aa.php 第 38 行.
NOTIC: [8] Undefined variable: dp D:\htdocs\uufx\Application\Runtime\Cache\Admin\b46525eb4e38372ca1f74409f5bd52aa.php 第 38 行.
INFO: Run Behavior\ParseTemplateBehavior [ RunTime:0.008017s ]
INFO: [ view_parse ] --END-- [ RunTime:0.008102s ]
INFO: [ view_filter ] --START--
INFO: Run Behavior\WriteHtmlCacheBehavior [ RunTime:0.000228s ]
INFO: [ view_filter ] --END-- [ RunTime:0.000254s ]
INFO: [ app_end ] --START--
INFO: Run Behavior\ShowPageTraceBehavior [ RunTime:0.000723s ]
INFO: [ app_end ] --END-- [ RunTime:0.000827s ]

[ 2017-01-03T15:54:24+08:00 ] 127.0.0.1 /index.php?m=Admin&c=Goods&a=product_list
INFO: [ app_init ] --START--
INFO: Run Behavior\BuildLiteBehavior [ RunTime:0.000009s ]
INFO: [ app_init ] --END-- [ RunTime:0.000050s ]
INFO: [ app_begin ] --START--
INFO: Run Behavior\ReadHtmlCacheBehavior [ RunTime:0.000467s ]
INFO: [ app_begin ] --END-- [ RunTime:0.000504s ]
SQL: SHOW COLUMNS FROM `think_goods` [ RunTime:0.0055s ]
SQL: SELECT * FROM `think_goods` WHERE ( goods_id>0 )  [ RunTime:0.0003s ]
INFO: [ view_parse ] --START--
INFO: [ template_filter ] --START--
INFO: Run Behavior\ContentReplaceBehavior [ RunTime:0.000068s ]
INFO: [ template_filter ] --END-- [ RunTime:0.000103s ]
NOTIC: [8] Undefined variable: D D:\htdocs\uufx\Application\Runtime\Cache\Admin\b46525eb4e38372ca1f74409f5bd52aa.php 第 36 行.
NOTIC: [8] Undefined variable: dp D:\htdocs\uufx\Application\Runtime\Cache\Admin\b46525eb4e38372ca1f74409f5bd52aa.php 第 36 行.
NOTIC: [8] Undefined variable: D D:\htdocs\uufx\Application\Runtime\Cache\Admin\b46525eb4e38372ca1f74409f5bd52aa.php 第 38 行.
NOTIC: [8] Undefined variable: dp D:\htdocs\uufx\Application\Runtime\Cache\Admin\b46525eb4e38372ca1f74409f5bd52aa.php 第 38 行.
INFO: Run Behavior\ParseTemplateBehavior [ RunTime:0.007292s ]
INFO: [ view_parse ] --END-- [ RunTime:0.007329s ]
INFO: [ view_filter ] --START--
INFO: Run Behavior\WriteHtmlCacheBehavior [ RunTime:0.000322s ]
INFO: [ view_filter ] --END-- [ RunTime:0.000351s ]
INFO: [ app_end ] --START--
INFO: Run Behavior\ShowPageTraceBehavior [ RunTime:0.000719s ]
INFO: [ app_end ] --END-- [ RunTime:0.000769s ]

[ 2017-01-03T15:54:25+08:00 ] 127.0.0.1 /index.php?m=Admin&c=Goods&a=product_list
INFO: [ app_init ] --START--
INFO: Run Behavior\BuildLiteBehavior [ RunTime:0.000009s ]
INFO: [ app_init ] --END-- [ RunTime:0.000043s ]
INFO: [ app_begin ] --START--
INFO: Run Behavior\ReadHtmlCacheBehavior [ RunTime:0.000395s ]
INFO: [ app_begin ] --END-- [ RunTime:0.000430s ]
SQL: SHOW COLUMNS FROM `think_goods` [ RunTime:0.0047s ]
SQL: SELECT * FROM `think_goods` WHERE ( goods_id>0 )  [ RunTime:0.0003s ]
INFO: [ view_parse ] --START--
INFO: [ template_filter ] --START--
INFO: Run Behavior\ContentReplaceBehavior [ RunTime:0.000069s ]
INFO: [ template_filter ] --END-- [ RunTime:0.000102s ]
NOTIC: [8] Undefined variable: D D:\htdocs\uufx\Application\Runtime\Cache\Admin\b46525eb4e38372ca1f74409f5bd52aa.php 第 36 行.
NOTIC: [8] Undefined variable: dp D:\htdocs\uufx\Application\Runtime\Cache\Admin\b46525eb4e38372ca1f74409f5bd52aa.php 第 36 行.
NOTIC: [8] Undefined variable: D D:\htdocs\uufx\Application\Runtime\Cache\Admin\b46525eb4e38372ca1f74409f5bd52aa.php 第 38 行.
NOTIC: [8] Undefined variable: dp D:\htdocs\uufx\Application\Runtime\Cache\Admin\b46525eb4e38372ca1f74409f5bd52aa.php 第 38 行.
INFO: Run Behavior\ParseTemplateBehavior [ RunTime:0.006891s ]
INFO: [ view_parse ] --END-- [ RunTime:0.006927s ]
INFO: [ view_filter ] --START--
INFO: Run Behavior\WriteHtmlCacheBehavior [ RunTime:0.000266s ]
INFO: [ view_filter ] --END-- [ RunTime:0.000291s ]
INFO: [ app_end ] --START--
INFO: Run Behavior\ShowPageTraceBehavior [ RunTime:0.000624s ]
INFO: [ app_end ] --END-- [ RunTime:0.000670s ]

[ 2017-01-03T15:54:26+08:00 ] 127.0.0.1 /index.php?m=Admin&c=Goods&a=product_add
INFO: [ app_init ] --START--
INFO: Run Behavior\BuildLiteBehavior [ RunTime:0.000025s ]
INFO: [ app_init ] --END-- [ RunTime:0.000071s ]
INFO: [ app_begin ] --START--
INFO: Run Behavior\ReadHtmlCacheBehavior [ RunTime:0.000393s ]
INFO: [ app_begin ] --END-- [ RunTime:0.000445s ]
INFO: [ view_parse ] --START--
INFO: [ template_filter ] --START--
INFO: Run Behavior\ContentReplaceBehavior [ RunTime:0.000098s ]
INFO: [ template_filter ] --END-- [ RunTime:0.000140s ]
INFO: Run Behavior\ParseTemplateBehavior [ RunTime:0.011405s ]
INFO: [ view_parse ] --END-- [ RunTime:0.011446s ]
INFO: [ view_filter ] --START--
INFO: Run Behavior\WriteHtmlCacheBehavior [ RunTime:0.000279s ]
INFO: [ view_filter ] --END-- [ RunTime:0.000305s ]
INFO: [ app_end ] --START--
INFO: Run Behavior\ShowPageTraceBehavior [ RunTime:0.000534s ]
INFO: [ app_end ] --END-- [ RunTime:0.000577s ]

[ 2017-01-03T15:54:26+08:00 ] 127.0.0.1 /index.php?m=Admin&c=Ueditor&a=index&action=config&&noCache=1483430066670
INFO: [ app_init ] --START--
INFO: Run Behavior\BuildLiteBehavior [ RunTime:0.000014s ]
INFO: [ app_init ] --END-- [ RunTime:0.000077s ]
INFO: [ app_begin ] --START--
INFO: Run Behavior\ReadHtmlCacheBehavior [ RunTime:0.000368s ]
INFO: [ app_begin ] --END-- [ RunTime:0.000412s ]

[ 2017-01-03T15:55:09+08:00 ] 127.0.0.1 /index.php?m=Admin&c=Goods&a=webup
INFO: [ app_init ] --START--
INFO: Run Behavior\BuildLiteBehavior [ RunTime:0.000009s ]
INFO: [ app_init ] --END-- [ RunTime:0.000045s ]
INFO: [ app_begin ] --START--
INFO: Run Behavior\ReadHtmlCacheBehavior [ RunTime:0.000363s ]
INFO: [ app_begin ] --END-- [ RunTime:0.000409s ]
NOTIC: [2] call_user_func() expects parameter 1 to be a valid callback, no array or string given D:\htdocs\uufx\ThinkPHP\Library\Think\Upload.class.php 第 171 行.
NOTIC: [8] Undefined variable: lunbotu D:\htdocs\uufx\Application\Admin\Controller\GoodsController.class.php 第 114 行.
INFO: [ app_end ] --START--
INFO: Run Behavior\ShowPageTraceBehavior [ RunTime:0.001142s ]
INFO: [ app_end ] --END-- [ RunTime:0.001207s ]

[ 2017-01-03T15:55:13+08:00 ] 127.0.0.1 /index.php?m=Admin&c=Goods&a=product_add_post
INFO: [ app_init ] --START--
INFO: Run Behavior\BuildLiteBehavior [ RunTime:0.000019s ]
INFO: [ app_init ] --END-- [ RunTime:0.000076s ]
INFO: [ app_begin ] --START--
INFO: Run Behavior\ReadHtmlCacheBehavior [ RunTime:0.000724s ]
INFO: [ app_begin ] --END-- [ RunTime:0.000768s ]
SQL: SHOW COLUMNS FROM `think_goods` [ RunTime:0.0031s ]
SQL: INSERT INTO `think_goods` (`src`,`goods_name`,`goods_description`,`goods_keywords`,`goods_price`,`goods_content`,`goods_num`,`is_on_sale`,`sort`,`goods_sn`,`thumb`) VALUES ('[\"2017-01-03\\/586b58dd90253.jpg\"]','agasdfasd','1','12','12','<p>1<br/></p>','3','0','0','D236,D635,H532','1701030355131.jpg') [ RunTime:0.0021s ]
ERR: 1054:Unknown column 'agasdfasd' in 'where clause'
 [ SQL语句 ] : SELECT * FROM `think_goods` WHERE ( goods_name=agasdfasd ) LIMIT 1  
ERR: 1054:Unknown column 'agasdfasd' in 'where clause'
 [ SQL语句 ] : SELECT * FROM `think_goods` WHERE ( goods_name=agasdfasd ) LIMIT 1  

[ 2017-01-03T15:57:17+08:00 ] 127.0.0.1 /index.php/admin
INFO: [ app_init ] --START--
INFO: Run Behavior\BuildLiteBehavior [ RunTime:0.000009s ]
INFO: [ app_init ] --END-- [ RunTime:0.000046s ]
INFO: [ app_begin ] --START--
INFO: Run Behavior\ReadHtmlCacheBehavior [ RunTime:0.000508s ]
INFO: [ app_begin ] --END-- [ RunTime:0.000545s ]
SQL: SHOW COLUMNS FROM `think_admin_user` [ RunTime:0.0028s ]
SQL: SELECT * FROM `think_admin_user` WHERE `user_id` = 1 LIMIT 1   [ RunTime:0.0003s ]
INFO: [ view_parse ] --START--
INFO: [ template_filter ] --START--
INFO: Run Behavior\ContentReplaceBehavior [ RunTime:0.000099s ]
INFO: [ template_filter ] --END-- [ RunTime:0.000157s ]
INFO: Run Behavior\ParseTemplateBehavior [ RunTime:0.008474s ]
INFO: [ view_parse ] --END-- [ RunTime:0.008516s ]
INFO: [ view_filter ] --START--
INFO: Run Behavior\WriteHtmlCacheBehavior [ RunTime:0.000295s ]
INFO: [ view_filter ] --END-- [ RunTime:0.000322s ]
INFO: [ app_end ] --START--
INFO: Run Behavior\ShowPageTraceBehavior [ RunTime:0.000525s ]
INFO: [ app_end ] --END-- [ RunTime:0.000567s ]

[ 2017-01-03T15:57:18+08:00 ] 127.0.0.1 /index.php?m=Admin&c=Index&a=welcome
INFO: [ app_init ] --START--
INFO: Run Behavior\BuildLiteBehavior [ RunTime:0.000009s ]
INFO: [ app_init ] --END-- [ RunTime:0.000048s ]
INFO: [ app_begin ] --START--
INFO: Run Behavior\ReadHtmlCacheBehavior [ RunTime:0.000555s ]
INFO: [ app_begin ] --END-- [ RunTime:0.000615s ]
INFO: [ view_parse ] --START--
INFO: [ template_filter ] --START--
INFO: Run Behavior\ContentReplaceBehavior [ RunTime:0.000045s ]
INFO: [ template_filter ] --END-- [ RunTime:0.000086s ]
INFO: Run Behavior\ParseTemplateBehavior [ RunTime:0.005421s ]
INFO: [ view_parse ] --END-- [ RunTime:0.005470s ]
INFO: [ view_filter ] --START--
INFO: Run Behavior\WriteHtmlCacheBehavior [ RunTime:0.000252s ]
INFO: [ view_filter ] --END-- [ RunTime:0.000281s ]
INFO: [ app_end ] --START--
INFO: Run Behavior\ShowPageTraceBehavior [ RunTime:0.000674s ]
INFO: [ app_end ] --END-- [ RunTime:0.000725s ]

[ 2017-01-03T15:57:20+08:00 ] 127.0.0.1 /index.php?m=Admin&c=Goods&a=product_list
INFO: [ app_init ] --START--
INFO: Run Behavior\BuildLiteBehavior [ RunTime:0.000011s ]
INFO: [ app_init ] --END-- [ RunTime:0.000050s ]
INFO: [ app_begin ] --START--
INFO: Run Behavior\ReadHtmlCacheBehavior [ RunTime:0.000556s ]
INFO: [ app_begin ] --END-- [ RunTime:0.000620s ]
SQL: SHOW COLUMNS FROM `think_goods` [ RunTime:0.0040s ]
SQL: SELECT * FROM `think_goods` WHERE ( goods_id>0 )  [ RunTime:0.0005s ]
INFO: [ view_parse ] --START--
INFO: [ template_filter ] --START--
INFO: Run Behavior\ContentReplaceBehavior [ RunTime:0.000325s ]
INFO: [ template_filter ] --END-- [ RunTime:0.000673s ]
NOTIC: [8] Undefined variable: D D:\htdocs\uufx\Application\Runtime\Cache\Admin\b46525eb4e38372ca1f74409f5bd52aa.php 第 36 行.
NOTIC: [8] Undefined variable: dp D:\htdocs\uufx\Application\Runtime\Cache\Admin\b46525eb4e38372ca1f74409f5bd52aa.php 第 36 行.
NOTIC: [8] Undefined variable: D D:\htdocs\uufx\Application\Runtime\Cache\Admin\b46525eb4e38372ca1f74409f5bd52aa.php 第 38 行.
NOTIC: [8] Undefined variable: dp D:\htdocs\uufx\Application\Runtime\Cache\Admin\b46525eb4e38372ca1f74409f5bd52aa.php 第 38 行.
INFO: Run Behavior\ParseTemplateBehavior [ RunTime:0.012297s ]
INFO: [ view_parse ] --END-- [ RunTime:0.012350s ]
INFO: [ view_filter ] --START--
INFO: Run Behavior\WriteHtmlCacheBehavior [ RunTime:0.000275s ]
INFO: [ view_filter ] --END-- [ RunTime:0.000308s ]
INFO: [ app_end ] --START--
INFO: Run Behavior\ShowPageTraceBehavior [ RunTime:0.000581s ]
INFO: [ app_end ] --END-- [ RunTime:0.000644s ]

[ 2017-01-03T15:57:22+08:00 ] 127.0.0.1 /index.php?m=Admin&c=Goods&a=product_add
INFO: [ app_init ] --START--
INFO: Run Behavior\BuildLiteBehavior [ RunTime:0.000012s ]
INFO: [ app_init ] --END-- [ RunTime:0.000058s ]
INFO: [ app_begin ] --START--
INFO: Run Behavior\ReadHtmlCacheBehavior [ RunTime:0.000924s ]
INFO: [ app_begin ] --END-- [ RunTime:0.001040s ]
INFO: [ view_parse ] --START--
INFO: [ template_filter ] --START--
INFO: Run Behavior\ContentReplaceBehavior [ RunTime:0.000097s ]
INFO: [ template_filter ] --END-- [ RunTime:0.000136s ]
INFO: Run Behavior\ParseTemplateBehavior [ RunTime:0.007439s ]
INFO: [ view_parse ] --END-- [ RunTime:0.007508s ]
INFO: [ view_filter ] --START--
INFO: Run Behavior\WriteHtmlCacheBehavior [ RunTime:0.000605s ]
INFO: [ view_filter ] --END-- [ RunTime:0.000741s ]
INFO: [ app_end ] --START--
INFO: Run Behavior\ShowPageTraceBehavior [ RunTime:0.001877s ]
INFO: [ app_end ] --END-- [ RunTime:0.001993s ]

[ 2017-01-03T15:57:23+08:00 ] 127.0.0.1 /index.php?m=Admin&c=Ueditor&a=index&action=config&&noCache=1483430242976
INFO: [ app_init ] --START--
INFO: Run Behavior\BuildLiteBehavior [ RunTime:0.000010s ]
INFO: [ app_init ] --END-- [ RunTime:0.000049s ]
INFO: [ app_begin ] --START--
INFO: Run Behavior\ReadHtmlCacheBehavior [ RunTime:0.000527s ]
INFO: [ app_begin ] --END-- [ RunTime:0.000579s ]

[ 2017-01-03T15:58:16+08:00 ] 127.0.0.1 /index.php?m=Admin&c=Goods&a=product_add_post
INFO: [ app_init ] --START--
INFO: Run Behavior\BuildLiteBehavior [ RunTime:0.000010s ]
INFO: [ app_init ] --END-- [ RunTime:0.000048s ]
INFO: [ app_begin ] --START--
INFO: Run Behavior\ReadHtmlCacheBehavior [ RunTime:0.000533s ]
INFO: [ app_begin ] --END-- [ RunTime:0.000582s ]
SQL: SHOW COLUMNS FROM `think_goods` [ RunTime:0.0029s ]
SQL: INSERT INTO `think_goods` (`src`,`goods_name`,`goods_description`,`goods_keywords`,`goods_price`,`goods_content`,`goods_num`,`is_on_sale`,`sort`,`goods_sn`,`thumb`) VALUES ('null','撒地方','D','','123','','3','0','0','D523,DJKL1,H222','1701030358161.jpg') [ RunTime:0.0035s ]
SQL: SELECT * FROM `think_goods` WHERE `goods_name` = '撒地方' LIMIT 1   [ RunTime:0.0003s ]
NOTIC: [2] explode() expects parameter 2 to be string, array given D:\htdocs\uufx\Application\Admin\Controller\GoodsController.class.php 第 39 行.
NOTIC: [2] Invalid argument supplied for foreach() D:\htdocs\uufx\Application\Admin\Controller\GoodsController.class.php 第 39 行.

[ 2017-01-03T16:04:03+08:00 ] 127.0.0.1 /index.php?m=Admin&c=Goods&a=product_list
INFO: [ app_init ] --START--
INFO: Run Behavior\BuildLiteBehavior [ RunTime:0.000010s ]
INFO: [ app_init ] --END-- [ RunTime:0.000046s ]
INFO: [ app_begin ] --START--
INFO: Run Behavior\ReadHtmlCacheBehavior [ RunTime:0.000473s ]
INFO: [ app_begin ] --END-- [ RunTime:0.000512s ]
SQL: SHOW COLUMNS FROM `think_goods` [ RunTime:0.0029s ]
SQL: SELECT * FROM `think_goods` WHERE ( goods_id>0 )  [ RunTime:0.0003s ]
INFO: [ view_parse ] --START--
INFO: [ template_filter ] --START--
INFO: Run Behavior\ContentReplaceBehavior [ RunTime:0.000087s ]
INFO: [ template_filter ] --END-- [ RunTime:0.000125s ]
NOTIC: [8] Undefined variable: D D:\htdocs\uufx\Application\Runtime\Cache\Admin\b46525eb4e38372ca1f74409f5bd52aa.php 第 36 行.
NOTIC: [8] Undefined variable: dp D:\htdocs\uufx\Application\Runtime\Cache\Admin\b46525eb4e38372ca1f74409f5bd52aa.php 第 36 行.
NOTIC: [8] Undefined variable: D D:\htdocs\uufx\Application\Runtime\Cache\Admin\b46525eb4e38372ca1f74409f5bd52aa.php 第 38 行.
NOTIC: [8] Undefined variable: dp D:\htdocs\uufx\Application\Runtime\Cache\Admin\b46525eb4e38372ca1f74409f5bd52aa.php 第 38 行.
INFO: Run Behavior\ParseTemplateBehavior [ RunTime:0.007456s ]
INFO: [ view_parse ] --END-- [ RunTime:0.007492s ]
INFO: [ view_filter ] --START--
INFO: Run Behavior\WriteHtmlCacheBehavior [ RunTime:0.000321s ]
INFO: [ view_filter ] --END-- [ RunTime:0.000347s ]
INFO: [ app_end ] --START--
INFO: Run Behavior\ShowPageTraceBehavior [ RunTime:0.000655s ]
INFO: [ app_end ] --END-- [ RunTime:0.000706s ]

[ 2017-01-03T16:04:04+08:00 ] 127.0.0.1 /index.php?m=Admin&c=Goods&a=product_add
INFO: [ app_init ] --START--
INFO: Run Behavior\BuildLiteBehavior [ RunTime:0.000009s ]
INFO: [ app_init ] --END-- [ RunTime:0.000044s ]
INFO: [ app_begin ] --START--
INFO: Run Behavior\ReadHtmlCacheBehavior [ RunTime:0.000608s ]
INFO: [ app_begin ] --END-- [ RunTime:0.000782s ]
INFO: [ view_parse ] --START--
INFO: [ template_filter ] --START--
INFO: Run Behavior\ContentReplaceBehavior [ RunTime:0.000097s ]
INFO: [ template_filter ] --END-- [ RunTime:0.000142s ]
INFO: Run Behavior\ParseTemplateBehavior [ RunTime:0.006519s ]
INFO: [ view_parse ] --END-- [ RunTime:0.006565s ]
INFO: [ view_filter ] --START--
INFO: Run Behavior\WriteHtmlCacheBehavior [ RunTime:0.000239s ]
INFO: [ view_filter ] --END-- [ RunTime:0.000268s ]
INFO: [ app_end ] --START--
INFO: Run Behavior\ShowPageTraceBehavior [ RunTime:0.000546s ]
INFO: [ app_end ] --END-- [ RunTime:0.000593s ]

[ 2017-01-03T16:04:05+08:00 ] 127.0.0.1 /index.php?m=Admin&c=Ueditor&a=index&action=config&&noCache=1483430645497
INFO: [ app_init ] --START--
INFO: Run Behavior\BuildLiteBehavior [ RunTime:0.000011s ]
INFO: [ app_init ] --END-- [ RunTime:0.000050s ]
INFO: [ app_begin ] --START--
INFO: Run Behavior\ReadHtmlCacheBehavior [ RunTime:0.000599s ]
INFO: [ app_begin ] --END-- [ RunTime:0.000660s ]

[ 2017-01-03T16:07:08+08:00 ] 127.0.0.1 /index.php?m=Admin&c=Goods&a=webup
INFO: [ app_init ] --START--
INFO: Run Behavior\BuildLiteBehavior [ RunTime:0.000009s ]
INFO: [ app_init ] --END-- [ RunTime:0.000047s ]
INFO: [ app_begin ] --START--
INFO: Run Behavior\ReadHtmlCacheBehavior [ RunTime:0.000570s ]
INFO: [ app_begin ] --END-- [ RunTime:0.000628s ]
NOTIC: [2] call_user_func() expects parameter 1 to be a valid callback, no array or string given D:\htdocs\uufx\ThinkPHP\Library\Think\Upload.class.php 第 171 行.
NOTIC: [8] Undefined variable: lunbotu D:\htdocs\uufx\Application\Admin\Controller\GoodsController.class.php 第 113 行.
INFO: [ app_end ] --START--
INFO: Run Behavior\ShowPageTraceBehavior [ RunTime:0.000834s ]
INFO: [ app_end ] --END-- [ RunTime:0.000905s ]

[ 2017-01-03T16:07:11+08:00 ] 127.0.0.1 /index.php?m=Admin&c=Goods&a=product_add_post
INFO: [ app_init ] --START--
INFO: Run Behavior\BuildLiteBehavior [ RunTime:0.000009s ]
INFO: [ app_init ] --END-- [ RunTime:0.000048s ]
INFO: [ app_begin ] --START--
INFO: Run Behavior\ReadHtmlCacheBehavior [ RunTime:0.000766s ]
INFO: [ app_begin ] --END-- [ RunTime:0.000813s ]
SQL: SHOW COLUMNS FROM `think_goods` [ RunTime:0.0031s ]
SQL: INSERT INTO `think_goods` (`src`,`goods_name`,`goods_description`,`goods_keywords`,`goods_price`,`goods_content`,`goods_num`,`is_on_sale`,`sort`,`goods_sn`,`thumb`) VALUES ('[\"2017-01-03\\/586b5bac2cd3e.jpg\"]','代发三个地方大幅度123，。、','','1','111','','3','0','0','JJ899,JL9978,K8908','1701030407111.jpg') [ RunTime:0.0020s ]
SQL: SELECT * FROM `think_goods` WHERE `goods_name` = '代发三个地方大幅度123，。、' LIMIT 1   [ RunTime:0.0006s ]
SQL: SHOW COLUMNS FROM `think_out_uu` [ RunTime:0.0027s ]
SQL: INSERT INTO `think_out_uu` (`goods_id`,`uuce`) VALUES ('0','JJ899') [ RunTime:0.0015s ]
SQL: INSERT INTO `think_out_uu` (`goods_id`,`uuce`) VALUES ('0','JL9978') [ RunTime:0.0016s ]
SQL: INSERT INTO `think_out_uu` (`goods_id`,`uuce`) VALUES ('0','K8908') [ RunTime:0.0019s ]
INFO: [ view_parse ] --START--
INFO: [ template_filter ] --START--
INFO: Run Behavior\ContentReplaceBehavior [ RunTime:0.000029s ]
INFO: [ template_filter ] --END-- [ RunTime:0.000066s ]
INFO: Run Behavior\ParseTemplateBehavior [ RunTime:0.004898s ]
INFO: [ view_parse ] --END-- [ RunTime:0.004940s ]
INFO: [ view_filter ] --START--
INFO: Run Behavior\WriteHtmlCacheBehavior [ RunTime:0.000367s ]
INFO: [ view_filter ] --END-- [ RunTime:0.000394s ]
INFO: [ app_end ] --START--
INFO: Run Behavior\ShowPageTraceBehavior [ RunTime:0.000494s ]
INFO: [ app_end ] --END-- [ RunTime:0.000524s ]

[ 2017-01-03T16:07:13+08:00 ] 127.0.0.1 /index.php?m=Admin&c=Goods&a=product_list
INFO: [ app_init ] --START--
INFO: Run Behavior\BuildLiteBehavior [ RunTime:0.000040s ]
INFO: [ app_init ] --END-- [ RunTime:0.000174s ]
INFO: [ app_begin ] --START--
INFO: Run Behavior\ReadHtmlCacheBehavior [ RunTime:0.000681s ]
INFO: [ app_begin ] --END-- [ RunTime:0.000740s ]
SQL: SHOW COLUMNS FROM `think_goods` [ RunTime:0.0028s ]
SQL: SELECT * FROM `think_goods` WHERE ( goods_id>0 )  [ RunTime:0.0003s ]
INFO: [ view_parse ] --START--
INFO: [ template_filter ] --START--
INFO: Run Behavior\ContentReplaceBehavior [ RunTime:0.000071s ]
INFO: [ template_filter ] --END-- [ RunTime:0.000112s ]
NOTIC: [8] Undefined variable: D D:\htdocs\uufx\Application\Runtime\Cache\Admin\b46525eb4e38372ca1f74409f5bd52aa.php 第 36 行.
NOTIC: [8] Undefined variable: dp D:\htdocs\uufx\Application\Runtime\Cache\Admin\b46525eb4e38372ca1f74409f5bd52aa.php 第 36 行.
NOTIC: [8] Undefined variable: D D:\htdocs\uufx\Application\Runtime\Cache\Admin\b46525eb4e38372ca1f74409f5bd52aa.php 第 38 行.
NOTIC: [8] Undefined variable: dp D:\htdocs\uufx\Application\Runtime\Cache\Admin\b46525eb4e38372ca1f74409f5bd52aa.php 第 38 行.
INFO: Run Behavior\ParseTemplateBehavior [ RunTime:0.010265s ]
INFO: [ view_parse ] --END-- [ RunTime:0.010301s ]
INFO: [ view_filter ] --START--
INFO: Run Behavior\WriteHtmlCacheBehavior [ RunTime:0.000423s ]
INFO: [ view_filter ] --END-- [ RunTime:0.000449s ]
INFO: [ app_end ] --START--
INFO: Run Behavior\ShowPageTraceBehavior [ RunTime:0.000648s ]
INFO: [ app_end ] --END-- [ RunTime:0.000702s ]

[ 2017-01-03T16:08:13+08:00 ] 127.0.0.1 /index.php?m=Admin&c=Goods&a=product_add
INFO: [ app_init ] --START--
INFO: Run Behavior\BuildLiteBehavior [ RunTime:0.000009s ]
INFO: [ app_init ] --END-- [ RunTime:0.000047s ]
INFO: [ app_begin ] --START--
INFO: Run Behavior\ReadHtmlCacheBehavior [ RunTime:0.000425s ]
INFO: [ app_begin ] --END-- [ RunTime:0.000468s ]
INFO: [ view_parse ] --START--
INFO: [ template_filter ] --START--
INFO: Run Behavior\ContentReplaceBehavior [ RunTime:0.000144s ]
INFO: [ template_filter ] --END-- [ RunTime:0.000199s ]
INFO: Run Behavior\ParseTemplateBehavior [ RunTime:0.008837s ]
INFO: [ view_parse ] --END-- [ RunTime:0.008889s ]
INFO: [ view_filter ] --START--
INFO: Run Behavior\WriteHtmlCacheBehavior [ RunTime:0.000458s ]
INFO: [ view_filter ] --END-- [ RunTime:0.000502s ]
INFO: [ app_end ] --START--
INFO: Run Behavior\ShowPageTraceBehavior [ RunTime:0.000569s ]
INFO: [ app_end ] --END-- [ RunTime:0.000626s ]

[ 2017-01-03T16:08:14+08:00 ] 127.0.0.1 /index.php?m=Admin&c=Ueditor&a=index&action=config&&noCache=1483430894395
INFO: [ app_init ] --START--
INFO: Run Behavior\BuildLiteBehavior [ RunTime:0.000010s ]
INFO: [ app_init ] --END-- [ RunTime:0.000047s ]
INFO: [ app_begin ] --START--
INFO: Run Behavior\ReadHtmlCacheBehavior [ RunTime:0.000428s ]
INFO: [ app_begin ] --END-- [ RunTime:0.000477s ]

[ 2017-01-03T16:08:58+08:00 ] 127.0.0.1 /index.php?m=Admin&c=Goods&a=product_add_post
INFO: [ app_init ] --START--
INFO: Run Behavior\BuildLiteBehavior [ RunTime:0.000009s ]
INFO: [ app_init ] --END-- [ RunTime:0.000048s ]
INFO: [ app_begin ] --START--
INFO: Run Behavior\ReadHtmlCacheBehavior [ RunTime:0.000394s ]
INFO: [ app_begin ] --END-- [ RunTime:0.000444s ]
SQL: SHOW COLUMNS FROM `think_goods` [ RunTime:0.0051s ]
SQL: INSERT INTO `think_goods` (`src`,`goods_name`,`goods_description`,`goods_keywords`,`goods_price`,`goods_content`,`goods_num`,`is_on_sale`,`sort`,`goods_sn`,`thumb`) VALUES ('null','代发三个地方大幅度123，。、','asdf','123','1','','3','0','0','JK9809,JK0089,KJ78','1701030408581.jpg') [ RunTime:0.0020s ]
SQL: SELECT * FROM `think_goods` WHERE `goods_name` = '代发三个地方大幅度123，。、' LIMIT 1   [ RunTime:0.0002s ]
SQL: SHOW COLUMNS FROM `think_out_uu` [ RunTime:0.0029s ]
SQL: INSERT INTO `think_out_uu` (`goods_id`,`uuce`) VALUES ('31','JJ899') [ RunTime:0.0017s ]
SQL: INSERT INTO `think_out_uu` (`goods_id`,`uuce`) VALUES ('31','JL9978') [ RunTime:0.0016s ]
SQL: INSERT INTO `think_out_uu` (`goods_id`,`uuce`) VALUES ('31','K8908') [ RunTime:0.0016s ]
INFO: [ view_parse ] --START--
INFO: [ template_filter ] --START--
INFO: Run Behavior\ContentReplaceBehavior [ RunTime:0.000032s ]
INFO: [ template_filter ] --END-- [ RunTime:0.000077s ]
INFO: Run Behavior\ParseTemplateBehavior [ RunTime:0.005770s ]
INFO: [ view_parse ] --END-- [ RunTime:0.005812s ]
INFO: [ view_filter ] --START--
INFO: Run Behavior\WriteHtmlCacheBehavior [ RunTime:0.000280s ]
INFO: [ view_filter ] --END-- [ RunTime:0.000307s ]
INFO: [ app_end ] --START--
INFO: Run Behavior\ShowPageTraceBehavior [ RunTime:0.000435s ]
INFO: [ app_end ] --END-- [ RunTime:0.000462s ]

[ 2017-01-03T16:08:59+08:00 ] 127.0.0.1 /index.php?m=Admin&c=Goods&a=product_list
INFO: [ app_init ] --START--
INFO: Run Behavior\BuildLiteBehavior [ RunTime:0.000010s ]
INFO: [ app_init ] --END-- [ RunTime:0.000044s ]
INFO: [ app_begin ] --START--
INFO: Run Behavior\ReadHtmlCacheBehavior [ RunTime:0.000419s ]
INFO: [ app_begin ] --END-- [ RunTime:0.000462s ]
SQL: SHOW COLUMNS FROM `think_goods` [ RunTime:0.0050s ]
SQL: SELECT * FROM `think_goods` WHERE ( goods_id>0 )  [ RunTime:0.0003s ]
INFO: [ view_parse ] --START--
INFO: [ template_filter ] --START--
INFO: Run Behavior\ContentReplaceBehavior [ RunTime:0.000072s ]
INFO: [ template_filter ] --END-- [ RunTime:0.000112s ]
NOTIC: [8] Undefined variable: D D:\htdocs\uufx\Application\Runtime\Cache\Admin\b46525eb4e38372ca1f74409f5bd52aa.php 第 36 行.
NOTIC: [8] Undefined variable: dp D:\htdocs\uufx\Application\Runtime\Cache\Admin\b46525eb4e38372ca1f74409f5bd52aa.php 第 36 行.
NOTIC: [8] Undefined variable: D D:\htdocs\uufx\Application\Runtime\Cache\Admin\b46525eb4e38372ca1f74409f5bd52aa.php 第 38 行.
NOTIC: [8] Undefined variable: dp D:\htdocs\uufx\Application\Runtime\Cache\Admin\b46525eb4e38372ca1f74409f5bd52aa.php 第 38 行.
INFO: Run Behavior\ParseTemplateBehavior [ RunTime:0.010650s ]
INFO: [ view_parse ] --END-- [ RunTime:0.010689s ]
INFO: [ view_filter ] --START--
INFO: Run Behavior\WriteHtmlCacheBehavior [ RunTime:0.000279s ]
INFO: [ view_filter ] --END-- [ RunTime:0.000305s ]
INFO: [ app_end ] --START--
INFO: Run Behavior\ShowPageTraceBehavior [ RunTime:0.000675s ]
INFO: [ app_end ] --END-- [ RunTime:0.000725s ]

[ 2017-01-03T16:09:13+08:00 ] 127.0.0.1 /index.php?m=Admin&c=Goods&a=product_list
INFO: [ app_init ] --START--
INFO: Run Behavior\BuildLiteBehavior [ RunTime:0.000008s ]
INFO: [ app_init ] --END-- [ RunTime:0.000041s ]
INFO: [ app_begin ] --START--
INFO: Run Behavior\ReadHtmlCacheBehavior [ RunTime:0.000390s ]
INFO: [ app_begin ] --END-- [ RunTime:0.000425s ]
SQL: SHOW COLUMNS FROM `think_goods` [ RunTime:0.0030s ]
SQL: SELECT * FROM `think_goods` WHERE ( goods_id>0 )  [ RunTime:0.0003s ]
INFO: [ view_parse ] --START--
INFO: [ template_filter ] --START--
INFO: Run Behavior\ContentReplaceBehavior [ RunTime:0.000069s ]
INFO: [ template_filter ] --END-- [ RunTime:0.000101s ]
NOTIC: [8] Undefined variable: D D:\htdocs\uufx\Application\Runtime\Cache\Admin\b46525eb4e38372ca1f74409f5bd52aa.php 第 36 行.
NOTIC: [8] Undefined variable: dp D:\htdocs\uufx\Application\Runtime\Cache\Admin\b46525eb4e38372ca1f74409f5bd52aa.php 第 36 行.
NOTIC: [8] Undefined variable: D D:\htdocs\uufx\Application\Runtime\Cache\Admin\b46525eb4e38372ca1f74409f5bd52aa.php 第 38 行.
NOTIC: [8] Undefined variable: dp D:\htdocs\uufx\Application\Runtime\Cache\Admin\b46525eb4e38372ca1f74409f5bd52aa.php 第 38 行.
INFO: Run Behavior\ParseTemplateBehavior [ RunTime:0.006487s ]
INFO: [ view_parse ] --END-- [ RunTime:0.006522s ]
INFO: [ view_filter ] --START--
INFO: Run Behavior\WriteHtmlCacheBehavior [ RunTime:0.000267s ]
INFO: [ view_filter ] --END-- [ RunTime:0.000292s ]
INFO: [ app_end ] --START--
INFO: Run Behavior\ShowPageTraceBehavior [ RunTime:0.001179s ]
INFO: [ app_end ] --END-- [ RunTime:0.001245s ]

[ 2017-01-03T16:09:15+08:00 ] 127.0.0.1 /index.php?m=Admin&c=Goods&a=product_list
INFO: [ app_init ] --START--
INFO: Run Behavior\BuildLiteBehavior [ RunTime:0.000014s ]
INFO: [ app_init ] --END-- [ RunTime:0.000074s ]
INFO: [ app_begin ] --START--
INFO: Run Behavior\ReadHtmlCacheBehavior [ RunTime:0.000434s ]
INFO: [ app_begin ] --END-- [ RunTime:0.000483s ]
SQL: SHOW COLUMNS FROM `think_goods` [ RunTime:0.0031s ]
SQL: SELECT * FROM `think_goods` WHERE ( goods_id>0 )  [ RunTime:0.0006s ]
INFO: [ view_parse ] --START--
INFO: [ template_filter ] --START--
INFO: Run Behavior\ContentReplaceBehavior [ RunTime:0.000071s ]
INFO: [ template_filter ] --END-- [ RunTime:0.000109s ]
NOTIC: [8] Undefined variable: D D:\htdocs\uufx\Application\Runtime\Cache\Admin\b46525eb4e38372ca1f74409f5bd52aa.php 第 36 行.
NOTIC: [8] Undefined variable: dp D:\htdocs\uufx\Application\Runtime\Cache\Admin\b46525eb4e38372ca1f74409f5bd52aa.php 第 36 行.
NOTIC: [8] Undefined variable: D D:\htdocs\uufx\Application\Runtime\Cache\Admin\b46525eb4e38372ca1f74409f5bd52aa.php 第 38 行.
NOTIC: [8] Undefined variable: dp D:\htdocs\uufx\Application\Runtime\Cache\Admin\b46525eb4e38372ca1f74409f5bd52aa.php 第 38 行.
INFO: Run Behavior\ParseTemplateBehavior [ RunTime:0.006663s ]
INFO: [ view_parse ] --END-- [ RunTime:0.006700s ]
INFO: [ view_filter ] --START--
INFO: Run Behavior\WriteHtmlCacheBehavior [ RunTime:0.000266s ]
INFO: [ view_filter ] --END-- [ RunTime:0.000293s ]
INFO: [ app_end ] --START--
INFO: Run Behavior\ShowPageTraceBehavior [ RunTime:0.000535s ]
INFO: [ app_end ] --END-- [ RunTime:0.000578s ]

[ 2017-01-03T16:09:16+08:00 ] 127.0.0.1 /index.php?m=Admin&c=Goods&a=product_list
INFO: [ app_init ] --START--
INFO: Run Behavior\BuildLiteBehavior [ RunTime:0.000008s ]
INFO: [ app_init ] --END-- [ RunTime:0.000043s ]
INFO: [ app_begin ] --START--
INFO: Run Behavior\ReadHtmlCacheBehavior [ RunTime:0.000363s ]
INFO: [ app_begin ] --END-- [ RunTime:0.000397s ]
SQL: SHOW COLUMNS FROM `think_goods` [ RunTime:0.0029s ]
SQL: SELECT * FROM `think_goods` WHERE ( goods_id>0 )  [ RunTime:0.0003s ]
INFO: [ view_parse ] --START--
INFO: [ template_filter ] --START--
INFO: Run Behavior\ContentReplaceBehavior [ RunTime:0.000071s ]
INFO: [ template_filter ] --END-- [ RunTime:0.000111s ]
NOTIC: [8] Undefined variable: D D:\htdocs\uufx\Application\Runtime\Cache\Admin\b46525eb4e38372ca1f74409f5bd52aa.php 第 36 行.
NOTIC: [8] Undefined variable: dp D:\htdocs\uufx\Application\Runtime\Cache\Admin\b46525eb4e38372ca1f74409f5bd52aa.php 第 36 行.
NOTIC: [8] Undefined variable: D D:\htdocs\uufx\Application\Runtime\Cache\Admin\b46525eb4e38372ca1f74409f5bd52aa.php 第 38 行.
NOTIC: [8] Undefined variable: dp D:\htdocs\uufx\Application\Runtime\Cache\Admin\b46525eb4e38372ca1f74409f5bd52aa.php 第 38 行.
INFO: Run Behavior\ParseTemplateBehavior [ RunTime:0.007113s ]
INFO: [ view_parse ] --END-- [ RunTime:0.007148s ]
INFO: [ view_filter ] --START--
INFO: Run Behavior\WriteHtmlCacheBehavior [ RunTime:0.000326s ]
INFO: [ view_filter ] --END-- [ RunTime:0.000352s ]
INFO: [ app_end ] --START--
INFO: Run Behavior\ShowPageTraceBehavior [ RunTime:0.000669s ]
INFO: [ app_end ] --END-- [ RunTime:0.000720s ]

[ 2017-01-03T16:09:17+08:00 ] 127.0.0.1 /index.php?m=Admin&c=Goods&a=product_list
INFO: [ app_init ] --START--
INFO: Run Behavior\BuildLiteBehavior [ RunTime:0.000008s ]
INFO: [ app_init ] --END-- [ RunTime:0.000042s ]
INFO: [ app_begin ] --START--
INFO: Run Behavior\ReadHtmlCacheBehavior [ RunTime:0.000385s ]
INFO: [ app_begin ] --END-- [ RunTime:0.000420s ]
SQL: SHOW COLUMNS FROM `think_goods` [ RunTime:0.0030s ]
SQL: SELECT * FROM `think_goods` WHERE ( goods_id>0 )  [ RunTime:0.0004s ]
INFO: [ view_parse ] --START--
INFO: [ template_filter ] --START--
INFO: Run Behavior\ContentReplaceBehavior [ RunTime:0.000073s ]
INFO: [ template_filter ] --END-- [ RunTime:0.000111s ]
NOTIC: [8] Undefined variable: D D:\htdocs\uufx\Application\Runtime\Cache\Admin\b46525eb4e38372ca1f74409f5bd52aa.php 第 36 行.
NOTIC: [8] Undefined variable: dp D:\htdocs\uufx\Application\Runtime\Cache\Admin\b46525eb4e38372ca1f74409f5bd52aa.php 第 36 行.
NOTIC: [8] Undefined variable: D D:\htdocs\uufx\Application\Runtime\Cache\Admin\b46525eb4e38372ca1f74409f5bd52aa.php 第 38 行.
NOTIC: [8] Undefined variable: dp D:\htdocs\uufx\Application\Runtime\Cache\Admin\b46525eb4e38372ca1f74409f5bd52aa.php 第 38 行.
INFO: Run Behavior\ParseTemplateBehavior [ RunTime:0.006943s ]
INFO: [ view_parse ] --END-- [ RunTime:0.006986s ]
INFO: [ view_filter ] --START--
INFO: Run Behavior\WriteHtmlCacheBehavior [ RunTime:0.000289s ]
INFO: [ view_filter ] --END-- [ RunTime:0.000314s ]
INFO: [ app_end ] --START--
INFO: Run Behavior\ShowPageTraceBehavior [ RunTime:0.000539s ]
INFO: [ app_end ] --END-- [ RunTime:0.000578s ]

[ 2017-01-03T16:09:18+08:00 ] 127.0.0.1 /index.php?m=Admin&c=Goods&a=product_list
INFO: [ app_init ] --START--
INFO: Run Behavior\BuildLiteBehavior [ RunTime:0.000007s ]
INFO: [ app_init ] --END-- [ RunTime:0.000040s ]
INFO: [ app_begin ] --START--
INFO: Run Behavior\ReadHtmlCacheBehavior [ RunTime:0.000375s ]
INFO: [ app_begin ] --END-- [ RunTime:0.000411s ]
SQL: SHOW COLUMNS FROM `think_goods` [ RunTime:0.0029s ]
SQL: SELECT * FROM `think_goods` WHERE ( goods_id>0 )  [ RunTime:0.0003s ]
INFO: [ view_parse ] --START--
INFO: [ template_filter ] --START--
INFO: Run Behavior\ContentReplaceBehavior [ RunTime:0.000069s ]
INFO: [ template_filter ] --END-- [ RunTime:0.000107s ]
NOTIC: [8] Undefined variable: D D:\htdocs\uufx\Application\Runtime\Cache\Admin\b46525eb4e38372ca1f74409f5bd52aa.php 第 36 行.
NOTIC: [8] Undefined variable: dp D:\htdocs\uufx\Application\Runtime\Cache\Admin\b46525eb4e38372ca1f74409f5bd52aa.php 第 36 行.
NOTIC: [8] Undefined variable: D D:\htdocs\uufx\Application\Runtime\Cache\Admin\b46525eb4e38372ca1f74409f5bd52aa.php 第 38 行.
NOTIC: [8] Undefined variable: dp D:\htdocs\uufx\Application\Runtime\Cache\Admin\b46525eb4e38372ca1f74409f5bd52aa.php 第 38 行.
INFO: Run Behavior\ParseTemplateBehavior [ RunTime:0.006973s ]
INFO: [ view_parse ] --END-- [ RunTime:0.007013s ]
INFO: [ view_filter ] --START--
INFO: Run Behavior\WriteHtmlCacheBehavior [ RunTime:0.000274s ]
INFO: [ view_filter ] --END-- [ RunTime:0.000299s ]
INFO: [ app_end ] --START--
INFO: Run Behavior\ShowPageTraceBehavior [ RunTime:0.000549s ]
INFO: [ app_end ] --END-- [ RunTime:0.000589s ]

[ 2017-01-03T16:09:24+08:00 ] 127.0.0.1 /index.php/Admin/Goods/product_edit
INFO: [ app_init ] --START--
INFO: Run Behavior\BuildLiteBehavior [ RunTime:0.000009s ]
INFO: [ app_init ] --END-- [ RunTime:0.000052s ]
INFO: [ app_begin ] --START--
INFO: Run Behavior\ReadHtmlCacheBehavior [ RunTime:0.000364s ]
INFO: [ app_begin ] --END-- [ RunTime:0.000407s ]
SQL: SHOW COLUMNS FROM `think_goods` [ RunTime:0.0032s ]
SQL: SELECT * FROM `think_goods` WHERE ( goods_id=32 ) LIMIT 1   [ RunTime:0.0008s ]
INFO: [ view_parse ] --START--
INFO: [ template_filter ] --START--
INFO: Run Behavior\ContentReplaceBehavior [ RunTime:0.000101s ]
INFO: [ template_filter ] --END-- [ RunTime:0.000141s ]
NOTIC: [8] Undefined variable: img D:\htdocs\uufx\Application\Runtime\Cache\Admin\2244a57a4c30ff628d3b1a81dc0a3aff.php 第 106 行.
INFO: Run Behavior\ParseTemplateBehavior [ RunTime:0.007803s ]
INFO: [ view_parse ] --END-- [ RunTime:0.007852s ]
INFO: [ view_filter ] --START--
INFO: Run Behavior\WriteHtmlCacheBehavior [ RunTime:0.000242s ]
INFO: [ view_filter ] --END-- [ RunTime:0.000270s ]
INFO: [ app_end ] --START--
INFO: Run Behavior\ShowPageTraceBehavior [ RunTime:0.000528s ]
INFO: [ app_end ] --END-- [ RunTime:0.000569s ]

[ 2017-01-03T16:09:24+08:00 ] 127.0.0.1 /index.php?m=Admin&c=Ueditor&a=index&action=config&&noCache=1483430964569
INFO: [ app_init ] --START--
INFO: Run Behavior\BuildLiteBehavior [ RunTime:0.000046s ]
INFO: [ app_init ] --END-- [ RunTime:0.000195s ]
INFO: [ app_begin ] --START--
INFO: Run Behavior\ReadHtmlCacheBehavior [ RunTime:0.000381s ]
INFO: [ app_begin ] --END-- [ RunTime:0.000429s ]

