[ 2017-01-05T10:29:19+08:00 ] 127.0.0.1 /index.php/admin
INFO: [ app_init ] --START--
INFO: Run Behavior\BuildLiteBehavior [ RunTime:0.000009s ]
INFO: [ app_init ] --END-- [ RunTime:0.000044s ]
INFO: [ app_begin ] --START--
INFO: Run Behavior\ReadHtmlCacheBehavior [ RunTime:0.000396s ]
INFO: [ app_begin ] --END-- [ RunTime:0.000433s ]
INFO: [ view_parse ] --START--
INFO: [ template_filter ] --START--
INFO: Run Behavior\ContentReplaceBehavior [ RunTime:0.000045s ]
INFO: [ template_filter ] --END-- [ RunTime:0.000098s ]
INFO: Run Behavior\ParseTemplateBehavior [ RunTime:0.005975s ]
INFO: [ view_parse ] --END-- [ RunTime:0.006046s ]
INFO: [ view_filter ] --START--
INFO: Run Behavior\WriteHtmlCacheBehavior [ RunTime:0.000342s ]
INFO: [ view_filter ] --END-- [ RunTime:0.000374s ]

[ 2017-01-05T10:29:20+08:00 ] 127.0.0.1 /index.php?m=Admin&c=Index&a=login
INFO: [ app_init ] --START--
INFO: Run Behavior\BuildLiteBehavior [ RunTime:0.000030s ]
INFO: [ app_init ] --END-- [ RunTime:0.000141s ]
INFO: [ app_begin ] --START--
INFO: Run Behavior\ReadHtmlCacheBehavior [ RunTime:0.000405s ]
INFO: [ app_begin ] --END-- [ RunTime:0.000444s ]
NOTIC: [8] Undefined index: lo_submit D:\htdocs\uufx\Application\Admin\Controller\IndexController.class.php 第 25 行.
INFO: [ view_parse ] --START--
INFO: [ template_filter ] --START--
INFO: Run Behavior\ContentReplaceBehavior [ RunTime:0.000071s ]
INFO: [ template_filter ] --END-- [ RunTime:0.000136s ]
INFO: Run Behavior\ParseTemplateBehavior [ RunTime:0.005871s ]
INFO: [ view_parse ] --END-- [ RunTime:0.005978s ]
INFO: [ view_filter ] --START--
INFO: Run Behavior\WriteHtmlCacheBehavior [ RunTime:0.000929s ]
INFO: [ view_filter ] --END-- [ RunTime:0.000980s ]
INFO: [ app_end ] --START--
INFO: Run Behavior\ShowPageTraceBehavior [ RunTime:0.000603s ]
INFO: [ app_end ] --END-- [ RunTime:0.000633s ]

[ 2017-01-05T10:29:22+08:00 ] 127.0.0.1 /index.php?m=Admin&c=Index&a=login
INFO: [ app_init ] --START--
INFO: Run Behavior\BuildLiteBehavior [ RunTime:0.000010s ]
INFO: [ app_init ] --END-- [ RunTime:0.000049s ]
INFO: [ app_begin ] --START--
INFO: Run Behavior\ReadHtmlCacheBehavior [ RunTime:0.000443s ]
INFO: [ app_begin ] --END-- [ RunTime:0.000503s ]
SQL: SHOW COLUMNS FROM `think_admin_user` [ RunTime:0.0065s ]
SQL: SELECT COUNT(*) AS tp_count FROM `think_admin_user` WHERE ( user_name= 'admin' AND password= '48423bc87389799ac425be92530cfb5b' ) LIMIT 1   [ RunTime:0.0003s ]
SQL: SELECT * FROM `think_admin_user` WHERE ( user_name='admin' ) LIMIT 1   [ RunTime:0.0003s ]
SQL: SELECT * FROM `think_admin_user` INNER JOIN think_admin_role ON think_admin_user.role_id=think_admin_role.role_id  WHERE `user_name` = 'admin' LIMIT 1   [ RunTime:0.0047s ]
INFO: [ view_parse ] --START--
INFO: [ template_filter ] --START--
INFO: Run Behavior\ContentReplaceBehavior [ RunTime:0.000031s ]
INFO: [ template_filter ] --END-- [ RunTime:0.000070s ]
INFO: Run Behavior\ParseTemplateBehavior [ RunTime:0.004539s ]
INFO: [ view_parse ] --END-- [ RunTime:0.004580s ]
INFO: [ view_filter ] --START--
INFO: Run Behavior\WriteHtmlCacheBehavior [ RunTime:0.000309s ]
INFO: [ view_filter ] --END-- [ RunTime:0.000337s ]
INFO: [ app_end ] --START--
INFO: Run Behavior\ShowPageTraceBehavior [ RunTime:0.000541s ]
INFO: [ app_end ] --END-- [ RunTime:0.000569s ]

[ 2017-01-05T10:29:23+08:00 ] 127.0.0.1 /index.php?m=Admin&c=Index&a=index
INFO: [ app_init ] --START--
INFO: Run Behavior\BuildLiteBehavior [ RunTime:0.000010s ]
INFO: [ app_init ] --END-- [ RunTime:0.000050s ]
INFO: [ app_begin ] --START--
INFO: Run Behavior\ReadHtmlCacheBehavior [ RunTime:0.000374s ]
INFO: [ app_begin ] --END-- [ RunTime:0.000418s ]
SQL: SHOW COLUMNS FROM `think_admin_user` [ RunTime:0.0034s ]
SQL: SELECT * FROM `think_admin_user` WHERE `user_id` = 1 LIMIT 1   [ RunTime:0.0007s ]
INFO: [ view_parse ] --START--
INFO: [ template_filter ] --START--
INFO: Run Behavior\ContentReplaceBehavior [ RunTime:0.000080s ]
INFO: [ template_filter ] --END-- [ RunTime:0.000124s ]
INFO: Run Behavior\ParseTemplateBehavior [ RunTime:0.007966s ]
INFO: [ view_parse ] --END-- [ RunTime:0.008091s ]
INFO: [ view_filter ] --START--
INFO: Run Behavior\WriteHtmlCacheBehavior [ RunTime:0.000274s ]
INFO: [ view_filter ] --END-- [ RunTime:0.000300s ]
INFO: [ app_end ] --START--
INFO: Run Behavior\ShowPageTraceBehavior [ RunTime:0.000787s ]
INFO: [ app_end ] --END-- [ RunTime:0.000852s ]

[ 2017-01-05T10:29:23+08:00 ] 127.0.0.1 /index.php?m=Admin&c=Index&a=welcome
INFO: [ app_init ] --START--
INFO: Run Behavior\BuildLiteBehavior [ RunTime:0.000020s ]
INFO: [ app_init ] --END-- [ RunTime:0.000091s ]
INFO: [ app_begin ] --START--
INFO: Run Behavior\ReadHtmlCacheBehavior [ RunTime:0.000582s ]
INFO: [ app_begin ] --END-- [ RunTime:0.000661s ]
INFO: [ view_parse ] --START--
INFO: [ template_filter ] --START--
INFO: Run Behavior\ContentReplaceBehavior [ RunTime:0.000049s ]
INFO: [ template_filter ] --END-- [ RunTime:0.000099s ]
INFO: Run Behavior\ParseTemplateBehavior [ RunTime:0.006353s ]
INFO: [ view_parse ] --END-- [ RunTime:0.006437s ]
INFO: [ view_filter ] --START--
INFO: Run Behavior\WriteHtmlCacheBehavior [ RunTime:0.000578s ]
INFO: [ view_filter ] --END-- [ RunTime:0.000707s ]
INFO: [ app_end ] --START--
INFO: Run Behavior\ShowPageTraceBehavior [ RunTime:0.000821s ]
INFO: [ app_end ] --END-- [ RunTime:0.000899s ]

[ 2017-01-05T10:29:25+08:00 ] 127.0.0.1 /index.php?m=Admin&c=Goods&a=product_list
INFO: [ app_init ] --START--
INFO: Run Behavior\BuildLiteBehavior [ RunTime:0.000009s ]
INFO: [ app_init ] --END-- [ RunTime:0.000045s ]
INFO: [ app_begin ] --START--
INFO: Run Behavior\ReadHtmlCacheBehavior [ RunTime:0.000803s ]
INFO: [ app_begin ] --END-- [ RunTime:0.000917s ]
SQL: SHOW COLUMNS FROM `think_goods` [ RunTime:0.0034s ]
SQL: SELECT * FROM `think_goods` WHERE ( goods_id>0 )  [ RunTime:0.0007s ]
INFO: [ view_parse ] --START--
INFO: [ template_filter ] --START--
INFO: Run Behavior\ContentReplaceBehavior [ RunTime:0.000073s ]
INFO: [ template_filter ] --END-- [ RunTime:0.000110s ]
NOTIC: [8] Undefined variable: D D:\htdocs\uufx\Application\Runtime\Cache\Admin\b46525eb4e38372ca1f74409f5bd52aa.php 第 36 行.
NOTIC: [8] Undefined variable: dp D:\htdocs\uufx\Application\Runtime\Cache\Admin\b46525eb4e38372ca1f74409f5bd52aa.php 第 36 行.
NOTIC: [8] Undefined variable: D D:\htdocs\uufx\Application\Runtime\Cache\Admin\b46525eb4e38372ca1f74409f5bd52aa.php 第 38 行.
NOTIC: [8] Undefined variable: dp D:\htdocs\uufx\Application\Runtime\Cache\Admin\b46525eb4e38372ca1f74409f5bd52aa.php 第 38 行.
INFO: Run Behavior\ParseTemplateBehavior [ RunTime:0.010007s ]
INFO: [ view_parse ] --END-- [ RunTime:0.010136s ]
INFO: [ view_filter ] --START--
INFO: Run Behavior\WriteHtmlCacheBehavior [ RunTime:0.000212s ]
INFO: [ view_filter ] --END-- [ RunTime:0.000237s ]
INFO: [ app_end ] --START--
INFO: Run Behavior\ShowPageTraceBehavior [ RunTime:0.000549s ]
INFO: [ app_end ] --END-- [ RunTime:0.000600s ]

[ 2017-01-05T10:29:49+08:00 ] 127.0.0.1 /index.php/Admin/Goods/product_edit
INFO: [ app_init ] --START--
INFO: Run Behavior\BuildLiteBehavior [ RunTime:0.000009s ]
INFO: [ app_init ] --END-- [ RunTime:0.000046s ]
INFO: [ app_begin ] --START--
INFO: Run Behavior\ReadHtmlCacheBehavior [ RunTime:0.000466s ]
INFO: [ app_begin ] --END-- [ RunTime:0.000505s ]
SQL: SHOW COLUMNS FROM `think_goods` [ RunTime:0.0034s ]
SQL: SELECT * FROM `think_goods` WHERE ( goods_id=31 ) LIMIT 1   [ RunTime:0.0003s ]
INFO: [ view_parse ] --START--
INFO: [ template_filter ] --START--
INFO: Run Behavior\ContentReplaceBehavior [ RunTime:0.000108s ]
INFO: [ template_filter ] --END-- [ RunTime:0.000150s ]
NOTIC: [8] Undefined variable: img D:\htdocs\uufx\Application\Runtime\Cache\Admin\2244a57a4c30ff628d3b1a81dc0a3aff.php 第 106 行.
INFO: Run Behavior\ParseTemplateBehavior [ RunTime:0.009581s ]
INFO: [ view_parse ] --END-- [ RunTime:0.009621s ]
INFO: [ view_filter ] --START--
INFO: Run Behavior\WriteHtmlCacheBehavior [ RunTime:0.000392s ]
INFO: [ view_filter ] --END-- [ RunTime:0.000422s ]
INFO: [ app_end ] --START--
INFO: Run Behavior\ShowPageTraceBehavior [ RunTime:0.000613s ]
INFO: [ app_end ] --END-- [ RunTime:0.000663s ]

[ 2017-01-05T10:29:50+08:00 ] 127.0.0.1 /index.php?m=Admin&c=Ueditor&a=index&action=config&&noCache=1483583389953
INFO: [ app_init ] --START--
INFO: Run Behavior\BuildLiteBehavior [ RunTime:0.000011s ]
INFO: [ app_init ] --END-- [ RunTime:0.000050s ]
INFO: [ app_begin ] --START--
INFO: Run Behavior\ReadHtmlCacheBehavior [ RunTime:0.000492s ]
INFO: [ app_begin ] --END-- [ RunTime:0.000547s ]

[ 2017-01-05T10:29:57+08:00 ] 127.0.0.1 /index.php?m=Admin&c=Goods&a=product_edit_post
INFO: [ app_init ] --START--
INFO: Run Behavior\BuildLiteBehavior [ RunTime:0.000009s ]
INFO: [ app_init ] --END-- [ RunTime:0.000044s ]
INFO: [ app_begin ] --START--
INFO: Run Behavior\ReadHtmlCacheBehavior [ RunTime:0.000514s ]
INFO: [ app_begin ] --END-- [ RunTime:0.000590s ]
NOTIC: [2] move_uploaded_file(Public/Uploads/uuce/1701051029571.jpg): failed to open stream: No such file or directory D:\htdocs\uufx\Application\Common\Common\function.php 第 272 行.
NOTIC: [2] move_uploaded_file(): Unable to move 'C:\Users\aikes\AppData\Local\Temp\php191A.tmp' to 'Public/Uploads/uuce/1701051029571.jpg' D:\htdocs\uufx\Application\Common\Common\function.php 第 272 行.
SQL: SHOW COLUMNS FROM `think_goods` [ RunTime:0.0029s ]
SQL: UPDATE `think_goods` SET `goods_name`='代发三个地方大幅度123，。、',`goods_description`='',`goods_keywords`='1',`goods_price`='111.00',`goods_content`='',`goods_num`='3',`is_on_sale`='0',`sort`='0',`goods_sn`='JJ899,JL9978,K8908',`thumb`='1701051029571.jpg' WHERE ( goods_id=31 ) [ RunTime:0.0073s ]
INFO: [ view_parse ] --START--
INFO: [ template_filter ] --START--
INFO: Run Behavior\ContentReplaceBehavior [ RunTime:0.000032s ]
INFO: [ template_filter ] --END-- [ RunTime:0.000073s ]
INFO: Run Behavior\ParseTemplateBehavior [ RunTime:0.004881s ]
INFO: [ view_parse ] --END-- [ RunTime:0.004924s ]
INFO: [ view_filter ] --START--
INFO: Run Behavior\WriteHtmlCacheBehavior [ RunTime:0.000333s ]
INFO: [ view_filter ] --END-- [ RunTime:0.000363s ]
INFO: [ app_end ] --START--
INFO: Run Behavior\ShowPageTraceBehavior [ RunTime:0.000468s ]
INFO: [ app_end ] --END-- [ RunTime:0.000497s ]

[ 2017-01-05T10:29:59+08:00 ] 127.0.0.1 /index.php?m=Admin&c=Goods&a=product_list
INFO: [ app_init ] --START--
INFO: Run Behavior\BuildLiteBehavior [ RunTime:0.000017s ]
INFO: [ app_init ] --END-- [ RunTime:0.000095s ]
INFO: [ app_begin ] --START--
INFO: Run Behavior\ReadHtmlCacheBehavior [ RunTime:0.000422s ]
INFO: [ app_begin ] --END-- [ RunTime:0.000467s ]
SQL: SHOW COLUMNS FROM `think_goods` [ RunTime:0.0033s ]
SQL: SELECT * FROM `think_goods` WHERE ( goods_id>0 )  [ RunTime:0.0004s ]
INFO: [ view_parse ] --START--
INFO: [ template_filter ] --START--
INFO: Run Behavior\ContentReplaceBehavior [ RunTime:0.000095s ]
INFO: [ template_filter ] --END-- [ RunTime:0.000157s ]
NOTIC: [8] Undefined variable: D D:\htdocs\uufx\Application\Runtime\Cache\Admin\b46525eb4e38372ca1f74409f5bd52aa.php 第 36 行.
NOTIC: [8] Undefined variable: dp D:\htdocs\uufx\Application\Runtime\Cache\Admin\b46525eb4e38372ca1f74409f5bd52aa.php 第 36 行.
NOTIC: [8] Undefined variable: D D:\htdocs\uufx\Application\Runtime\Cache\Admin\b46525eb4e38372ca1f74409f5bd52aa.php 第 38 行.
NOTIC: [8] Undefined variable: dp D:\htdocs\uufx\Application\Runtime\Cache\Admin\b46525eb4e38372ca1f74409f5bd52aa.php 第 38 行.
INFO: Run Behavior\ParseTemplateBehavior [ RunTime:0.010109s ]
INFO: [ view_parse ] --END-- [ RunTime:0.010176s ]
INFO: [ view_filter ] --START--
INFO: Run Behavior\WriteHtmlCacheBehavior [ RunTime:0.000374s ]
INFO: [ view_filter ] --END-- [ RunTime:0.000409s ]
INFO: [ app_end ] --START--
INFO: Run Behavior\ShowPageTraceBehavior [ RunTime:0.000441s ]
INFO: [ app_end ] --END-- [ RunTime:0.000483s ]

[ 2017-01-05T10:30:05+08:00 ] 127.0.0.1 /index.php?m=Admin&c=Goods&a=product_list
INFO: [ app_init ] --START--
INFO: Run Behavior\BuildLiteBehavior [ RunTime:0.000011s ]
INFO: [ app_init ] --END-- [ RunTime:0.000051s ]
INFO: [ app_begin ] --START--
INFO: Run Behavior\ReadHtmlCacheBehavior [ RunTime:0.000401s ]
INFO: [ app_begin ] --END-- [ RunTime:0.000439s ]
SQL: SHOW COLUMNS FROM `think_goods` [ RunTime:0.0053s ]
SQL: SELECT * FROM `think_goods` WHERE ( goods_id>0 )  [ RunTime:0.0003s ]
INFO: [ view_parse ] --START--
INFO: [ template_filter ] --START--
INFO: Run Behavior\ContentReplaceBehavior [ RunTime:0.000074s ]
INFO: [ template_filter ] --END-- [ RunTime:0.000108s ]
NOTIC: [8] Undefined variable: D D:\htdocs\uufx\Application\Runtime\Cache\Admin\b46525eb4e38372ca1f74409f5bd52aa.php 第 36 行.
NOTIC: [8] Undefined variable: dp D:\htdocs\uufx\Application\Runtime\Cache\Admin\b46525eb4e38372ca1f74409f5bd52aa.php 第 36 行.
NOTIC: [8] Undefined variable: D D:\htdocs\uufx\Application\Runtime\Cache\Admin\b46525eb4e38372ca1f74409f5bd52aa.php 第 38 行.
NOTIC: [8] Undefined variable: dp D:\htdocs\uufx\Application\Runtime\Cache\Admin\b46525eb4e38372ca1f74409f5bd52aa.php 第 38 行.
INFO: Run Behavior\ParseTemplateBehavior [ RunTime:0.006497s ]
INFO: [ view_parse ] --END-- [ RunTime:0.006536s ]
INFO: [ view_filter ] --START--
INFO: Run Behavior\WriteHtmlCacheBehavior [ RunTime:0.000288s ]
INFO: [ view_filter ] --END-- [ RunTime:0.000314s ]
INFO: [ app_end ] --START--
INFO: Run Behavior\ShowPageTraceBehavior [ RunTime:0.000443s ]
INFO: [ app_end ] --END-- [ RunTime:0.000485s ]

[ 2017-01-05T10:30:06+08:00 ] 127.0.0.1 /index.php?m=Admin&c=Goods&a=product_list
INFO: [ app_init ] --START--
INFO: Run Behavior\BuildLiteBehavior [ RunTime:0.000008s ]
INFO: [ app_init ] --END-- [ RunTime:0.000047s ]
INFO: [ app_begin ] --START--
INFO: Run Behavior\ReadHtmlCacheBehavior [ RunTime:0.000456s ]
INFO: [ app_begin ] --END-- [ RunTime:0.000494s ]
SQL: SHOW COLUMNS FROM `think_goods` [ RunTime:0.0032s ]
SQL: SELECT * FROM `think_goods` WHERE ( goods_id>0 )  [ RunTime:0.0003s ]
INFO: [ view_parse ] --START--
INFO: [ template_filter ] --START--
INFO: Run Behavior\ContentReplaceBehavior [ RunTime:0.000073s ]
INFO: [ template_filter ] --END-- [ RunTime:0.000106s ]
NOTIC: [8] Undefined variable: D D:\htdocs\uufx\Application\Runtime\Cache\Admin\b46525eb4e38372ca1f74409f5bd52aa.php 第 36 行.
NOTIC: [8] Undefined variable: dp D:\htdocs\uufx\Application\Runtime\Cache\Admin\b46525eb4e38372ca1f74409f5bd52aa.php 第 36 行.
NOTIC: [8] Undefined variable: D D:\htdocs\uufx\Application\Runtime\Cache\Admin\b46525eb4e38372ca1f74409f5bd52aa.php 第 38 行.
NOTIC: [8] Undefined variable: dp D:\htdocs\uufx\Application\Runtime\Cache\Admin\b46525eb4e38372ca1f74409f5bd52aa.php 第 38 行.
INFO: Run Behavior\ParseTemplateBehavior [ RunTime:0.006753s ]
INFO: [ view_parse ] --END-- [ RunTime:0.006793s ]
INFO: [ view_filter ] --START--
INFO: Run Behavior\WriteHtmlCacheBehavior [ RunTime:0.000688s ]
INFO: [ view_filter ] --END-- [ RunTime:0.000730s ]
INFO: [ app_end ] --START--
INFO: Run Behavior\ShowPageTraceBehavior [ RunTime:0.000828s ]
INFO: [ app_end ] --END-- [ RunTime:0.000901s ]

[ 2017-01-05T10:30:08+08:00 ] 127.0.0.1 /index.php/Admin/Goods/product_edit
INFO: [ app_init ] --START--
INFO: Run Behavior\BuildLiteBehavior [ RunTime:0.000009s ]
INFO: [ app_init ] --END-- [ RunTime:0.000048s ]
INFO: [ app_begin ] --START--
INFO: Run Behavior\ReadHtmlCacheBehavior [ RunTime:0.000347s ]
INFO: [ app_begin ] --END-- [ RunTime:0.000386s ]
SQL: SHOW COLUMNS FROM `think_goods` [ RunTime:0.0030s ]
SQL: SELECT * FROM `think_goods` WHERE ( goods_id=31 ) LIMIT 1   [ RunTime:0.0003s ]
INFO: [ view_parse ] --START--
INFO: [ template_filter ] --START--
INFO: Run Behavior\ContentReplaceBehavior [ RunTime:0.000108s ]
INFO: [ template_filter ] --END-- [ RunTime:0.000146s ]
NOTIC: [8] Undefined variable: img D:\htdocs\uufx\Application\Runtime\Cache\Admin\2244a57a4c30ff628d3b1a81dc0a3aff.php 第 106 行.
INFO: Run Behavior\ParseTemplateBehavior [ RunTime:0.007505s ]
INFO: [ view_parse ] --END-- [ RunTime:0.007549s ]
INFO: [ view_filter ] --START--
INFO: Run Behavior\WriteHtmlCacheBehavior [ RunTime:0.000257s ]
INFO: [ view_filter ] --END-- [ RunTime:0.000291s ]
INFO: [ app_end ] --START--
INFO: Run Behavior\ShowPageTraceBehavior [ RunTime:0.001225s ]
INFO: [ app_end ] --END-- [ RunTime:0.001308s ]

[ 2017-01-05T10:30:08+08:00 ] 127.0.0.1 /index.php?m=Admin&c=Ueditor&a=index&action=config&&noCache=1483583408611
INFO: [ app_init ] --START--
INFO: Run Behavior\BuildLiteBehavior [ RunTime:0.000010s ]
INFO: [ app_init ] --END-- [ RunTime:0.000052s ]
INFO: [ app_begin ] --START--
INFO: Run Behavior\ReadHtmlCacheBehavior [ RunTime:0.000404s ]
INFO: [ app_begin ] --END-- [ RunTime:0.000457s ]

[ 2017-01-05T10:30:13+08:00 ] 127.0.0.1 /index.php?m=Admin&c=Goods&a=product_edit_post
INFO: [ app_init ] --START--
INFO: Run Behavior\BuildLiteBehavior [ RunTime:0.000009s ]
INFO: [ app_init ] --END-- [ RunTime:0.000044s ]
INFO: [ app_begin ] --START--
INFO: Run Behavior\ReadHtmlCacheBehavior [ RunTime:0.000398s ]
INFO: [ app_begin ] --END-- [ RunTime:0.000435s ]
NOTIC: [2] move_uploaded_file(Public/Uploads/uuce/1701051030131.jpg): failed to open stream: No such file or directory D:\htdocs\uufx\Application\Common\Common\function.php 第 272 行.
NOTIC: [2] move_uploaded_file(): Unable to move 'C:\Users\aikes\AppData\Local\Temp\php547E.tmp' to 'Public/Uploads/uuce/1701051030131.jpg' D:\htdocs\uufx\Application\Common\Common\function.php 第 272 行.
SQL: SHOW COLUMNS FROM `think_goods` [ RunTime:0.0030s ]
SQL: UPDATE `think_goods` SET `goods_name`='代发三个地方大幅度123，。、',`goods_description`='',`goods_keywords`='1',`goods_price`='111.00',`goods_content`='',`goods_num`='3',`is_on_sale`='0',`sort`='0',`goods_sn`='JJ899,JL9978,K8908',`thumb`='1701051030131.jpg' WHERE ( goods_id=31 ) [ RunTime:0.0070s ]
INFO: [ view_parse ] --START--
INFO: [ template_filter ] --START--
INFO: Run Behavior\ContentReplaceBehavior [ RunTime:0.000044s ]
INFO: [ template_filter ] --END-- [ RunTime:0.000106s ]
INFO: Run Behavior\ParseTemplateBehavior [ RunTime:0.004860s ]
INFO: [ view_parse ] --END-- [ RunTime:0.004902s ]
INFO: [ view_filter ] --START--
INFO: Run Behavior\WriteHtmlCacheBehavior [ RunTime:0.000278s ]
INFO: [ view_filter ] --END-- [ RunTime:0.000307s ]
INFO: [ app_end ] --START--
INFO: Run Behavior\ShowPageTraceBehavior [ RunTime:0.000405s ]
INFO: [ app_end ] --END-- [ RunTime:0.000433s ]

[ 2017-01-05T10:30:14+08:00 ] 127.0.0.1 /index.php?m=Admin&c=Goods&a=product_list
INFO: [ app_init ] --START--
INFO: Run Behavior\BuildLiteBehavior [ RunTime:0.000011s ]
INFO: [ app_init ] --END-- [ RunTime:0.000051s ]
INFO: [ app_begin ] --START--
INFO: Run Behavior\ReadHtmlCacheBehavior [ RunTime:0.002072s ]
INFO: [ app_begin ] --END-- [ RunTime:0.002162s ]
SQL: SHOW COLUMNS FROM `think_goods` [ RunTime:0.0056s ]
SQL: SELECT * FROM `think_goods` WHERE ( goods_id>0 )  [ RunTime:0.0004s ]
INFO: [ view_parse ] --START--
INFO: [ template_filter ] --START--
INFO: Run Behavior\ContentReplaceBehavior [ RunTime:0.000119s ]
INFO: [ template_filter ] --END-- [ RunTime:0.000194s ]
NOTIC: [8] Undefined variable: D D:\htdocs\uufx\Application\Runtime\Cache\Admin\b46525eb4e38372ca1f74409f5bd52aa.php 第 36 行.
NOTIC: [8] Undefined variable: dp D:\htdocs\uufx\Application\Runtime\Cache\Admin\b46525eb4e38372ca1f74409f5bd52aa.php 第 36 行.
NOTIC: [8] Undefined variable: D D:\htdocs\uufx\Application\Runtime\Cache\Admin\b46525eb4e38372ca1f74409f5bd52aa.php 第 38 行.
NOTIC: [8] Undefined variable: dp D:\htdocs\uufx\Application\Runtime\Cache\Admin\b46525eb4e38372ca1f74409f5bd52aa.php 第 38 行.
INFO: Run Behavior\ParseTemplateBehavior [ RunTime:0.007965s ]
INFO: [ view_parse ] --END-- [ RunTime:0.008007s ]
INFO: [ view_filter ] --START--
INFO: Run Behavior\WriteHtmlCacheBehavior [ RunTime:0.000284s ]
INFO: [ view_filter ] --END-- [ RunTime:0.000314s ]
INFO: [ app_end ] --START--
INFO: Run Behavior\ShowPageTraceBehavior [ RunTime:0.000557s ]
INFO: [ app_end ] --END-- [ RunTime:0.000608s ]

[ 2017-01-05T10:30:18+08:00 ] 127.0.0.1 /index.php?m=Admin&c=Goods&a=product_list
INFO: [ app_init ] --START--
INFO: Run Behavior\BuildLiteBehavior [ RunTime:0.000009s ]
INFO: [ app_init ] --END-- [ RunTime:0.000047s ]
INFO: [ app_begin ] --START--
INFO: Run Behavior\ReadHtmlCacheBehavior [ RunTime:0.000415s ]
INFO: [ app_begin ] --END-- [ RunTime:0.000452s ]
SQL: SHOW COLUMNS FROM `think_goods` [ RunTime:0.0041s ]
SQL: SELECT * FROM `think_goods` WHERE ( goods_id>0 )  [ RunTime:0.0003s ]
INFO: [ view_parse ] --START--
INFO: [ template_filter ] --START--
INFO: Run Behavior\ContentReplaceBehavior [ RunTime:0.000074s ]
INFO: [ template_filter ] --END-- [ RunTime:0.000109s ]
NOTIC: [8] Undefined variable: D D:\htdocs\uufx\Application\Runtime\Cache\Admin\b46525eb4e38372ca1f74409f5bd52aa.php 第 36 行.
NOTIC: [8] Undefined variable: dp D:\htdocs\uufx\Application\Runtime\Cache\Admin\b46525eb4e38372ca1f74409f5bd52aa.php 第 36 行.
NOTIC: [8] Undefined variable: D D:\htdocs\uufx\Application\Runtime\Cache\Admin\b46525eb4e38372ca1f74409f5bd52aa.php 第 38 行.
NOTIC: [8] Undefined variable: dp D:\htdocs\uufx\Application\Runtime\Cache\Admin\b46525eb4e38372ca1f74409f5bd52aa.php 第 38 行.
INFO: Run Behavior\ParseTemplateBehavior [ RunTime:0.006587s ]
INFO: [ view_parse ] --END-- [ RunTime:0.006623s ]
INFO: [ view_filter ] --START--
INFO: Run Behavior\WriteHtmlCacheBehavior [ RunTime:0.000265s ]
INFO: [ view_filter ] --END-- [ RunTime:0.000291s ]
INFO: [ app_end ] --START--
INFO: Run Behavior\ShowPageTraceBehavior [ RunTime:0.000482s ]
INFO: [ app_end ] --END-- [ RunTime:0.000529s ]

[ 2017-01-05T10:30:21+08:00 ] 127.0.0.1 /index.php?m=Admin&c=Goods&a=product_list
INFO: [ app_init ] --START--
INFO: Run Behavior\BuildLiteBehavior [ RunTime:0.000010s ]
INFO: [ app_init ] --END-- [ RunTime:0.000046s ]
INFO: [ app_begin ] --START--
INFO: Run Behavior\ReadHtmlCacheBehavior [ RunTime:0.000343s ]
INFO: [ app_begin ] --END-- [ RunTime:0.000382s ]
SQL: SHOW COLUMNS FROM `think_goods` [ RunTime:0.0030s ]
SQL: SELECT * FROM `think_goods` WHERE ( goods_id>0 )  [ RunTime:0.0004s ]
INFO: [ view_parse ] --START--
INFO: [ template_filter ] --START--
INFO: Run Behavior\ContentReplaceBehavior [ RunTime:0.000073s ]
INFO: [ template_filter ] --END-- [ RunTime:0.000112s ]
NOTIC: [8] Undefined variable: D D:\htdocs\uufx\Application\Runtime\Cache\Admin\b46525eb4e38372ca1f74409f5bd52aa.php 第 36 行.
NOTIC: [8] Undefined variable: dp D:\htdocs\uufx\Application\Runtime\Cache\Admin\b46525eb4e38372ca1f74409f5bd52aa.php 第 36 行.
NOTIC: [8] Undefined variable: D D:\htdocs\uufx\Application\Runtime\Cache\Admin\b46525eb4e38372ca1f74409f5bd52aa.php 第 38 行.
NOTIC: [8] Undefined variable: dp D:\htdocs\uufx\Application\Runtime\Cache\Admin\b46525eb4e38372ca1f74409f5bd52aa.php 第 38 行.
INFO: Run Behavior\ParseTemplateBehavior [ RunTime:0.006707s ]
INFO: [ view_parse ] --END-- [ RunTime:0.006765s ]
INFO: [ view_filter ] --START--
INFO: Run Behavior\WriteHtmlCacheBehavior [ RunTime:0.000267s ]
INFO: [ view_filter ] --END-- [ RunTime:0.000295s ]
INFO: [ app_end ] --START--
INFO: Run Behavior\ShowPageTraceBehavior [ RunTime:0.000456s ]
INFO: [ app_end ] --END-- [ RunTime:0.000500s ]

[ 2017-01-05T10:30:23+08:00 ] 127.0.0.1 /index.php/Admin/Goods/product_edit
INFO: [ app_init ] --START--
INFO: Run Behavior\BuildLiteBehavior [ RunTime:0.000009s ]
INFO: [ app_init ] --END-- [ RunTime:0.000043s ]
INFO: [ app_begin ] --START--
INFO: Run Behavior\ReadHtmlCacheBehavior [ RunTime:0.000397s ]
INFO: [ app_begin ] --END-- [ RunTime:0.000433s ]
SQL: SHOW COLUMNS FROM `think_goods` [ RunTime:0.0032s ]
SQL: SELECT * FROM `think_goods` WHERE ( goods_id=32 ) LIMIT 1   [ RunTime:0.0003s ]
INFO: [ view_parse ] --START--
INFO: [ template_filter ] --START--
INFO: Run Behavior\ContentReplaceBehavior [ RunTime:0.000105s ]
INFO: [ template_filter ] --END-- [ RunTime:0.000142s ]
NOTIC: [8] Undefined variable: img D:\htdocs\uufx\Application\Runtime\Cache\Admin\2244a57a4c30ff628d3b1a81dc0a3aff.php 第 106 行.
INFO: Run Behavior\ParseTemplateBehavior [ RunTime:0.007627s ]
INFO: [ view_parse ] --END-- [ RunTime:0.007665s ]
INFO: [ view_filter ] --START--
INFO: Run Behavior\WriteHtmlCacheBehavior [ RunTime:0.000289s ]
INFO: [ view_filter ] --END-- [ RunTime:0.000316s ]
INFO: [ app_end ] --START--
INFO: Run Behavior\ShowPageTraceBehavior [ RunTime:0.000567s ]
INFO: [ app_end ] --END-- [ RunTime:0.000616s ]

[ 2017-01-05T10:30:23+08:00 ] 127.0.0.1 /index.php?m=Admin&c=Ueditor&a=index&action=config&&noCache=1483583423501
INFO: [ app_init ] --START--
INFO: Run Behavior\BuildLiteBehavior [ RunTime:0.000011s ]
INFO: [ app_init ] --END-- [ RunTime:0.000049s ]
INFO: [ app_begin ] --START--
INFO: Run Behavior\ReadHtmlCacheBehavior [ RunTime:0.000427s ]
INFO: [ app_begin ] --END-- [ RunTime:0.000477s ]

[ 2017-01-05T10:30:27+08:00 ] 127.0.0.1 /index.php?m=Admin&c=Goods&a=product_edit_post
INFO: [ app_init ] --START--
INFO: Run Behavior\BuildLiteBehavior [ RunTime:0.000010s ]
INFO: [ app_init ] --END-- [ RunTime:0.000063s ]
INFO: [ app_begin ] --START--
INFO: Run Behavior\ReadHtmlCacheBehavior [ RunTime:0.000388s ]
INFO: [ app_begin ] --END-- [ RunTime:0.000443s ]
NOTIC: [2] move_uploaded_file(Public/Uploads/uuce/1701051030271.jpg): failed to open stream: No such file or directory D:\htdocs\uufx\Application\Common\Common\function.php 第 272 行.
NOTIC: [2] move_uploaded_file(): Unable to move 'C:\Users\aikes\AppData\Local\Temp\php8CE4.tmp' to 'Public/Uploads/uuce/1701051030271.jpg' D:\htdocs\uufx\Application\Common\Common\function.php 第 272 行.
SQL: SHOW COLUMNS FROM `think_goods` [ RunTime:0.0030s ]
SQL: UPDATE `think_goods` SET `goods_name`='代发三个地方大幅度123，。、',`goods_description`='asdf',`goods_keywords`='123',`goods_price`='1.00',`goods_content`='',`goods_num`='3',`is_on_sale`='0',`sort`='0',`goods_sn`='JK9809,JK0089,KJ78',`thumb`='1701051030271.jpg' WHERE ( goods_id=32 ) [ RunTime:0.0037s ]
INFO: [ view_parse ] --START--
INFO: [ template_filter ] --START--
INFO: Run Behavior\ContentReplaceBehavior [ RunTime:0.000031s ]
INFO: [ template_filter ] --END-- [ RunTime:0.000072s ]
INFO: Run Behavior\ParseTemplateBehavior [ RunTime:0.004786s ]
INFO: [ view_parse ] --END-- [ RunTime:0.004831s ]
INFO: [ view_filter ] --START--
INFO: Run Behavior\WriteHtmlCacheBehavior [ RunTime:0.000262s ]
INFO: [ view_filter ] --END-- [ RunTime:0.000289s ]
INFO: [ app_end ] --START--
INFO: Run Behavior\ShowPageTraceBehavior [ RunTime:0.000396s ]
INFO: [ app_end ] --END-- [ RunTime:0.000429s ]

[ 2017-01-05T10:30:28+08:00 ] 127.0.0.1 /index.php?m=Admin&c=Goods&a=product_list
INFO: [ app_init ] --START--
INFO: Run Behavior\BuildLiteBehavior [ RunTime:0.000017s ]
INFO: [ app_init ] --END-- [ RunTime:0.000098s ]
INFO: [ app_begin ] --START--
INFO: Run Behavior\ReadHtmlCacheBehavior [ RunTime:0.000384s ]
INFO: [ app_begin ] --END-- [ RunTime:0.000426s ]
SQL: SHOW COLUMNS FROM `think_goods` [ RunTime:0.0040s ]
SQL: SELECT * FROM `think_goods` WHERE ( goods_id>0 )  [ RunTime:0.0011s ]
INFO: [ view_parse ] --START--
INFO: [ template_filter ] --START--
INFO: Run Behavior\ContentReplaceBehavior [ RunTime:0.000074s ]
INFO: [ template_filter ] --END-- [ RunTime:0.000111s ]
NOTIC: [8] Undefined variable: D D:\htdocs\uufx\Application\Runtime\Cache\Admin\b46525eb4e38372ca1f74409f5bd52aa.php 第 36 行.
NOTIC: [8] Undefined variable: dp D:\htdocs\uufx\Application\Runtime\Cache\Admin\b46525eb4e38372ca1f74409f5bd52aa.php 第 36 行.
NOTIC: [8] Undefined variable: D D:\htdocs\uufx\Application\Runtime\Cache\Admin\b46525eb4e38372ca1f74409f5bd52aa.php 第 38 行.
NOTIC: [8] Undefined variable: dp D:\htdocs\uufx\Application\Runtime\Cache\Admin\b46525eb4e38372ca1f74409f5bd52aa.php 第 38 行.
INFO: Run Behavior\ParseTemplateBehavior [ RunTime:0.006596s ]
INFO: [ view_parse ] --END-- [ RunTime:0.006637s ]
INFO: [ view_filter ] --START--
INFO: Run Behavior\WriteHtmlCacheBehavior [ RunTime:0.000309s ]
INFO: [ view_filter ] --END-- [ RunTime:0.000334s ]
INFO: [ app_end ] --START--
INFO: Run Behavior\ShowPageTraceBehavior [ RunTime:0.000593s ]
INFO: [ app_end ] --END-- [ RunTime:0.000657s ]

[ 2017-01-05T10:30:28+08:00 ] 127.0.0.1 /index.php?m=Admin&c=Goods&a=product_list
INFO: [ app_init ] --START--
INFO: Run Behavior\BuildLiteBehavior [ RunTime:0.000009s ]
INFO: [ app_init ] --END-- [ RunTime:0.000046s ]
INFO: [ app_begin ] --START--
INFO: Run Behavior\ReadHtmlCacheBehavior [ RunTime:0.000386s ]
INFO: [ app_begin ] --END-- [ RunTime:0.000439s ]
SQL: SHOW COLUMNS FROM `think_goods` [ RunTime:0.0029s ]
SQL: SELECT * FROM `think_goods` WHERE ( goods_id>0 )  [ RunTime:0.0003s ]
INFO: [ view_parse ] --START--
INFO: [ template_filter ] --START--
INFO: Run Behavior\ContentReplaceBehavior [ RunTime:0.000075s ]
INFO: [ template_filter ] --END-- [ RunTime:0.000113s ]
NOTIC: [8] Undefined variable: D D:\htdocs\uufx\Application\Runtime\Cache\Admin\b46525eb4e38372ca1f74409f5bd52aa.php 第 36 行.
NOTIC: [8] Undefined variable: dp D:\htdocs\uufx\Application\Runtime\Cache\Admin\b46525eb4e38372ca1f74409f5bd52aa.php 第 36 行.
NOTIC: [8] Undefined variable: D D:\htdocs\uufx\Application\Runtime\Cache\Admin\b46525eb4e38372ca1f74409f5bd52aa.php 第 38 行.
NOTIC: [8] Undefined variable: dp D:\htdocs\uufx\Application\Runtime\Cache\Admin\b46525eb4e38372ca1f74409f5bd52aa.php 第 38 行.
INFO: Run Behavior\ParseTemplateBehavior [ RunTime:0.006582s ]
INFO: [ view_parse ] --END-- [ RunTime:0.006636s ]
INFO: [ view_filter ] --START--
INFO: Run Behavior\WriteHtmlCacheBehavior [ RunTime:0.000396s ]
INFO: [ view_filter ] --END-- [ RunTime:0.000438s ]
INFO: [ app_end ] --START--
INFO: Run Behavior\ShowPageTraceBehavior [ RunTime:0.000890s ]
INFO: [ app_end ] --END-- [ RunTime:0.000947s ]

[ 2017-01-05T10:30:42+08:00 ] 127.0.0.1 /index.php/Admin/Goods/product_edit
INFO: [ app_init ] --START--
INFO: Run Behavior\BuildLiteBehavior [ RunTime:0.000008s ]
INFO: [ app_init ] --END-- [ RunTime:0.000044s ]
INFO: [ app_begin ] --START--
INFO: Run Behavior\ReadHtmlCacheBehavior [ RunTime:0.000395s ]
INFO: [ app_begin ] --END-- [ RunTime:0.000432s ]
SQL: SHOW COLUMNS FROM `think_goods` [ RunTime:0.0030s ]
SQL: SELECT * FROM `think_goods` WHERE ( goods_id=32 ) LIMIT 1   [ RunTime:0.0002s ]
INFO: [ view_parse ] --START--
INFO: [ template_filter ] --START--
INFO: Run Behavior\ContentReplaceBehavior [ RunTime:0.000105s ]
INFO: [ template_filter ] --END-- [ RunTime:0.000148s ]
NOTIC: [8] Undefined variable: img D:\htdocs\uufx\Application\Runtime\Cache\Admin\2244a57a4c30ff628d3b1a81dc0a3aff.php 第 106 行.
INFO: Run Behavior\ParseTemplateBehavior [ RunTime:0.007360s ]
INFO: [ view_parse ] --END-- [ RunTime:0.007397s ]
INFO: [ view_filter ] --START--
INFO: Run Behavior\WriteHtmlCacheBehavior [ RunTime:0.000246s ]
INFO: [ view_filter ] --END-- [ RunTime:0.000274s ]
INFO: [ app_end ] --START--
INFO: Run Behavior\ShowPageTraceBehavior [ RunTime:0.000496s ]
INFO: [ app_end ] --END-- [ RunTime:0.000540s ]

[ 2017-01-05T10:30:43+08:00 ] 127.0.0.1 /index.php?m=Admin&c=Ueditor&a=index&action=config&&noCache=1483583443010
INFO: [ app_init ] --START--
INFO: Run Behavior\BuildLiteBehavior [ RunTime:0.000009s ]
INFO: [ app_init ] --END-- [ RunTime:0.000046s ]
INFO: [ app_begin ] --START--
INFO: Run Behavior\ReadHtmlCacheBehavior [ RunTime:0.000409s ]
INFO: [ app_begin ] --END-- [ RunTime:0.000464s ]

[ 2017-01-05T10:30:44+08:00 ] 127.0.0.1 /index.php?m=Admin&c=Goods&a=product_list
INFO: [ app_init ] --START--
INFO: Run Behavior\BuildLiteBehavior [ RunTime:0.000008s ]
INFO: [ app_init ] --END-- [ RunTime:0.000045s ]
INFO: [ app_begin ] --START--
INFO: Run Behavior\ReadHtmlCacheBehavior [ RunTime:0.000388s ]
INFO: [ app_begin ] --END-- [ RunTime:0.000423s ]
SQL: SHOW COLUMNS FROM `think_goods` [ RunTime:0.0040s ]
SQL: SELECT * FROM `think_goods` WHERE ( goods_id>0 )  [ RunTime:0.0004s ]
INFO: [ view_parse ] --START--
INFO: [ template_filter ] --START--
INFO: Run Behavior\ContentReplaceBehavior [ RunTime:0.000074s ]
INFO: [ template_filter ] --END-- [ RunTime:0.000109s ]
NOTIC: [8] Undefined variable: D D:\htdocs\uufx\Application\Runtime\Cache\Admin\b46525eb4e38372ca1f74409f5bd52aa.php 第 36 行.
NOTIC: [8] Undefined variable: dp D:\htdocs\uufx\Application\Runtime\Cache\Admin\b46525eb4e38372ca1f74409f5bd52aa.php 第 36 行.
NOTIC: [8] Undefined variable: D D:\htdocs\uufx\Application\Runtime\Cache\Admin\b46525eb4e38372ca1f74409f5bd52aa.php 第 38 行.
NOTIC: [8] Undefined variable: dp D:\htdocs\uufx\Application\Runtime\Cache\Admin\b46525eb4e38372ca1f74409f5bd52aa.php 第 38 行.
INFO: Run Behavior\ParseTemplateBehavior [ RunTime:0.006437s ]
INFO: [ view_parse ] --END-- [ RunTime:0.006474s ]
INFO: [ view_filter ] --START--
INFO: Run Behavior\WriteHtmlCacheBehavior [ RunTime:0.000273s ]
INFO: [ view_filter ] --END-- [ RunTime:0.000298s ]
INFO: [ app_end ] --START--
INFO: Run Behavior\ShowPageTraceBehavior [ RunTime:0.000449s ]
INFO: [ app_end ] --END-- [ RunTime:0.000490s ]

[ 2017-01-05T10:30:48+08:00 ] 127.0.0.1 /index.php/Admin/Goods/product_edit
INFO: [ app_init ] --START--
INFO: Run Behavior\BuildLiteBehavior [ RunTime:0.000009s ]
INFO: [ app_init ] --END-- [ RunTime:0.000047s ]
INFO: [ app_begin ] --START--
INFO: Run Behavior\ReadHtmlCacheBehavior [ RunTime:0.000395s ]
INFO: [ app_begin ] --END-- [ RunTime:0.000432s ]
SQL: SHOW COLUMNS FROM `think_goods` [ RunTime:0.0028s ]
SQL: SELECT * FROM `think_goods` WHERE ( goods_id=32 ) LIMIT 1   [ RunTime:0.0002s ]
INFO: [ view_parse ] --START--
INFO: [ template_filter ] --START--
INFO: Run Behavior\ContentReplaceBehavior [ RunTime:0.000107s ]
INFO: [ template_filter ] --END-- [ RunTime:0.000149s ]
NOTIC: [8] Undefined variable: img D:\htdocs\uufx\Application\Runtime\Cache\Admin\2244a57a4c30ff628d3b1a81dc0a3aff.php 第 106 行.
INFO: Run Behavior\ParseTemplateBehavior [ RunTime:0.008177s ]
INFO: [ view_parse ] --END-- [ RunTime:0.008212s ]
INFO: [ view_filter ] --START--
INFO: Run Behavior\WriteHtmlCacheBehavior [ RunTime:0.000223s ]
INFO: [ view_filter ] --END-- [ RunTime:0.000251s ]
INFO: [ app_end ] --START--
INFO: Run Behavior\ShowPageTraceBehavior [ RunTime:0.000448s ]
INFO: [ app_end ] --END-- [ RunTime:0.000489s ]

[ 2017-01-05T10:30:48+08:00 ] 127.0.0.1 /index.php?m=Admin&c=Ueditor&a=index&action=config&&noCache=1483583448804
INFO: [ app_init ] --START--
INFO: Run Behavior\BuildLiteBehavior [ RunTime:0.000010s ]
INFO: [ app_init ] --END-- [ RunTime:0.000049s ]
INFO: [ app_begin ] --START--
INFO: Run Behavior\ReadHtmlCacheBehavior [ RunTime:0.000407s ]
INFO: [ app_begin ] --END-- [ RunTime:0.000461s ]

[ 2017-01-05T10:31:49+08:00 ] 127.0.0.1 /index.php?m=Admin&c=Goods&a=product_list
INFO: [ app_init ] --START--
INFO: Run Behavior\BuildLiteBehavior [ RunTime:0.000008s ]
INFO: [ app_init ] --END-- [ RunTime:0.000045s ]
INFO: [ app_begin ] --START--
INFO: Run Behavior\ReadHtmlCacheBehavior [ RunTime:0.000462s ]
INFO: [ app_begin ] --END-- [ RunTime:0.000497s ]
SQL: SHOW COLUMNS FROM `think_goods` [ RunTime:0.0028s ]
SQL: SELECT * FROM `think_goods` WHERE ( goods_id>0 )  [ RunTime:0.0005s ]
INFO: [ view_parse ] --START--
INFO: [ template_filter ] --START--
INFO: Run Behavior\ContentReplaceBehavior [ RunTime:0.000070s ]
INFO: [ template_filter ] --END-- [ RunTime:0.000107s ]
NOTIC: [8] Undefined variable: D D:\htdocs\uufx\Application\Runtime\Cache\Admin\b46525eb4e38372ca1f74409f5bd52aa.php 第 36 行.
NOTIC: [8] Undefined variable: dp D:\htdocs\uufx\Application\Runtime\Cache\Admin\b46525eb4e38372ca1f74409f5bd52aa.php 第 36 行.
NOTIC: [8] Undefined variable: D D:\htdocs\uufx\Application\Runtime\Cache\Admin\b46525eb4e38372ca1f74409f5bd52aa.php 第 38 行.
NOTIC: [8] Undefined variable: dp D:\htdocs\uufx\Application\Runtime\Cache\Admin\b46525eb4e38372ca1f74409f5bd52aa.php 第 38 行.
INFO: Run Behavior\ParseTemplateBehavior [ RunTime:0.007015s ]
INFO: [ view_parse ] --END-- [ RunTime:0.007051s ]
INFO: [ view_filter ] --START--
INFO: Run Behavior\WriteHtmlCacheBehavior [ RunTime:0.000324s ]
INFO: [ view_filter ] --END-- [ RunTime:0.000349s ]
INFO: [ app_end ] --START--
INFO: Run Behavior\ShowPageTraceBehavior [ RunTime:0.000507s ]
INFO: [ app_end ] --END-- [ RunTime:0.000546s ]

[ 2017-01-05T10:31:51+08:00 ] 127.0.0.1 /index.php/Admin/Goods/product_edit
INFO: [ app_init ] --START--
INFO: Run Behavior\BuildLiteBehavior [ RunTime:0.000009s ]
INFO: [ app_init ] --END-- [ RunTime:0.000044s ]
INFO: [ app_begin ] --START--
INFO: Run Behavior\ReadHtmlCacheBehavior [ RunTime:0.000453s ]
INFO: [ app_begin ] --END-- [ RunTime:0.000490s ]
SQL: SHOW COLUMNS FROM `think_goods` [ RunTime:0.0047s ]
SQL: SELECT * FROM `think_goods` WHERE ( goods_id=32 ) LIMIT 1   [ RunTime:0.0003s ]
INFO: [ view_parse ] --START--
INFO: [ template_filter ] --START--
INFO: Run Behavior\ContentReplaceBehavior [ RunTime:0.000107s ]
INFO: [ template_filter ] --END-- [ RunTime:0.000142s ]
NOTIC: [8] Undefined variable: img D:\htdocs\uufx\Application\Runtime\Cache\Admin\2244a57a4c30ff628d3b1a81dc0a3aff.php 第 106 行.
INFO: Run Behavior\ParseTemplateBehavior [ RunTime:0.007740s ]
INFO: [ view_parse ] --END-- [ RunTime:0.007777s ]
INFO: [ view_filter ] --START--
INFO: Run Behavior\WriteHtmlCacheBehavior [ RunTime:0.000343s ]
INFO: [ view_filter ] --END-- [ RunTime:0.000371s ]
INFO: [ app_end ] --START--
INFO: Run Behavior\ShowPageTraceBehavior [ RunTime:0.000507s ]
INFO: [ app_end ] --END-- [ RunTime:0.000548s ]

[ 2017-01-05T10:31:51+08:00 ] 127.0.0.1 /index.php?m=Admin&c=Ueditor&a=index&action=config&&noCache=1483583511782
INFO: [ app_init ] --START--
INFO: Run Behavior\BuildLiteBehavior [ RunTime:0.000010s ]
INFO: [ app_init ] --END-- [ RunTime:0.000048s ]
INFO: [ app_begin ] --START--
INFO: Run Behavior\ReadHtmlCacheBehavior [ RunTime:0.000378s ]
INFO: [ app_begin ] --END-- [ RunTime:0.000423s ]

[ 2017-01-05T10:31:56+08:00 ] 127.0.0.1 /index.php?m=Admin&c=Goods&a=product_edit_post
INFO: [ app_init ] --START--
INFO: Run Behavior\BuildLiteBehavior [ RunTime:0.000008s ]
INFO: [ app_init ] --END-- [ RunTime:0.000045s ]
INFO: [ app_begin ] --START--
INFO: Run Behavior\ReadHtmlCacheBehavior [ RunTime:0.000554s ]
INFO: [ app_begin ] --END-- [ RunTime:0.000615s ]
NOTIC: [2] move_uploaded_file(Public/Uploads/uuce/1701051031561.jpg): failed to open stream: No such file or directory D:\htdocs\uufx\Application\Common\Common\function.php 第 272 行.
NOTIC: [2] move_uploaded_file(): Unable to move 'C:\Users\aikes\AppData\Local\Temp\phpE755.tmp' to 'Public/Uploads/uuce/1701051031561.jpg' D:\htdocs\uufx\Application\Common\Common\function.php 第 272 行.
SQL: SHOW COLUMNS FROM `think_goods` [ RunTime:0.0034s ]
SQL: UPDATE `think_goods` SET `goods_name`='代发三个地方大幅度123，。、',`goods_description`='asdf',`goods_keywords`='123',`goods_price`='1.00',`goods_content`='',`goods_num`='3',`is_on_sale`='0',`sort`='0',`goods_sn`='JK9809,JK0089,KJ78',`thumb`='1701051031561.jpg' WHERE ( goods_id=32 ) [ RunTime:0.0039s ]
INFO: [ view_parse ] --START--
INFO: [ template_filter ] --START--
INFO: Run Behavior\ContentReplaceBehavior [ RunTime:0.000033s ]
INFO: [ template_filter ] --END-- [ RunTime:0.000075s ]
INFO: Run Behavior\ParseTemplateBehavior [ RunTime:0.005546s ]
INFO: [ view_parse ] --END-- [ RunTime:0.005589s ]
INFO: [ view_filter ] --START--
INFO: Run Behavior\WriteHtmlCacheBehavior [ RunTime:0.000278s ]
INFO: [ view_filter ] --END-- [ RunTime:0.000306s ]
INFO: [ app_end ] --START--
INFO: Run Behavior\ShowPageTraceBehavior [ RunTime:0.000400s ]
INFO: [ app_end ] --END-- [ RunTime:0.000431s ]

[ 2017-01-05T10:31:57+08:00 ] 127.0.0.1 /index.php?m=Admin&c=Goods&a=product_list
INFO: [ app_init ] --START--
INFO: Run Behavior\BuildLiteBehavior [ RunTime:0.000009s ]
INFO: [ app_init ] --END-- [ RunTime:0.000051s ]
INFO: [ app_begin ] --START--
INFO: Run Behavior\ReadHtmlCacheBehavior [ RunTime:0.000370s ]
INFO: [ app_begin ] --END-- [ RunTime:0.000407s ]
SQL: SHOW COLUMNS FROM `think_goods` [ RunTime:0.0046s ]
SQL: SELECT * FROM `think_goods` WHERE ( goods_id>0 )  [ RunTime:0.0003s ]
INFO: [ view_parse ] --START--
INFO: [ template_filter ] --START--
INFO: Run Behavior\ContentReplaceBehavior [ RunTime:0.000071s ]
INFO: [ template_filter ] --END-- [ RunTime:0.000107s ]
NOTIC: [8] Undefined variable: D D:\htdocs\uufx\Application\Runtime\Cache\Admin\b46525eb4e38372ca1f74409f5bd52aa.php 第 36 行.
NOTIC: [8] Undefined variable: dp D:\htdocs\uufx\Application\Runtime\Cache\Admin\b46525eb4e38372ca1f74409f5bd52aa.php 第 36 行.
NOTIC: [8] Undefined variable: D D:\htdocs\uufx\Application\Runtime\Cache\Admin\b46525eb4e38372ca1f74409f5bd52aa.php 第 38 行.
NOTIC: [8] Undefined variable: dp D:\htdocs\uufx\Application\Runtime\Cache\Admin\b46525eb4e38372ca1f74409f5bd52aa.php 第 38 行.
INFO: Run Behavior\ParseTemplateBehavior [ RunTime:0.006554s ]
INFO: [ view_parse ] --END-- [ RunTime:0.006598s ]
INFO: [ view_filter ] --START--
INFO: Run Behavior\WriteHtmlCacheBehavior [ RunTime:0.000260s ]
INFO: [ view_filter ] --END-- [ RunTime:0.000286s ]
INFO: [ app_end ] --START--
INFO: Run Behavior\ShowPageTraceBehavior [ RunTime:0.000467s ]
INFO: [ app_end ] --END-- [ RunTime:0.000518s ]

[ 2017-01-05T10:32:09+08:00 ] 127.0.0.1 /index.php?m=Admin&c=Goods&a=product_list
INFO: [ app_init ] --START--
INFO: Run Behavior\BuildLiteBehavior [ RunTime:0.000009s ]
INFO: [ app_init ] --END-- [ RunTime:0.000043s ]
INFO: [ app_begin ] --START--
INFO: Run Behavior\ReadHtmlCacheBehavior [ RunTime:0.000410s ]
INFO: [ app_begin ] --END-- [ RunTime:0.000456s ]
SQL: SHOW COLUMNS FROM `think_goods` [ RunTime:0.0030s ]
SQL: SELECT * FROM `think_goods` WHERE ( goods_id>0 )  [ RunTime:0.0003s ]
INFO: [ view_parse ] --START--
INFO: [ template_filter ] --START--
INFO: Run Behavior\ContentReplaceBehavior [ RunTime:0.000070s ]
INFO: [ template_filter ] --END-- [ RunTime:0.000107s ]
NOTIC: [8] Undefined variable: D D:\htdocs\uufx\Application\Runtime\Cache\Admin\b46525eb4e38372ca1f74409f5bd52aa.php 第 36 行.
NOTIC: [8] Undefined variable: dp D:\htdocs\uufx\Application\Runtime\Cache\Admin\b46525eb4e38372ca1f74409f5bd52aa.php 第 36 行.
NOTIC: [8] Undefined variable: D D:\htdocs\uufx\Application\Runtime\Cache\Admin\b46525eb4e38372ca1f74409f5bd52aa.php 第 38 行.
NOTIC: [8] Undefined variable: dp D:\htdocs\uufx\Application\Runtime\Cache\Admin\b46525eb4e38372ca1f74409f5bd52aa.php 第 38 行.
INFO: Run Behavior\ParseTemplateBehavior [ RunTime:0.006607s ]
INFO: [ view_parse ] --END-- [ RunTime:0.006643s ]
INFO: [ view_filter ] --START--
INFO: Run Behavior\WriteHtmlCacheBehavior [ RunTime:0.000266s ]
INFO: [ view_filter ] --END-- [ RunTime:0.000291s ]
INFO: [ app_end ] --START--
INFO: Run Behavior\ShowPageTraceBehavior [ RunTime:0.000587s ]
INFO: [ app_end ] --END-- [ RunTime:0.000646s ]

[ 2017-01-05T10:32:11+08:00 ] 127.0.0.1 /index.php/Admin/Goods/product_edit
INFO: [ app_init ] --START--
INFO: Run Behavior\BuildLiteBehavior [ RunTime:0.000009s ]
INFO: [ app_init ] --END-- [ RunTime:0.000043s ]
INFO: [ app_begin ] --START--
INFO: Run Behavior\ReadHtmlCacheBehavior [ RunTime:0.000390s ]
INFO: [ app_begin ] --END-- [ RunTime:0.000426s ]
SQL: SHOW COLUMNS FROM `think_goods` [ RunTime:0.0048s ]
SQL: SELECT * FROM `think_goods` WHERE ( goods_id=32 ) LIMIT 1   [ RunTime:0.0003s ]
INFO: [ view_parse ] --START--
INFO: [ template_filter ] --START--
INFO: Run Behavior\ContentReplaceBehavior [ RunTime:0.000105s ]
INFO: [ template_filter ] --END-- [ RunTime:0.000138s ]
NOTIC: [8] Undefined variable: img D:\htdocs\uufx\Application\Runtime\Cache\Admin\2244a57a4c30ff628d3b1a81dc0a3aff.php 第 106 行.
INFO: Run Behavior\ParseTemplateBehavior [ RunTime:0.007335s ]
INFO: [ view_parse ] --END-- [ RunTime:0.007370s ]
INFO: [ view_filter ] --START--
INFO: Run Behavior\WriteHtmlCacheBehavior [ RunTime:0.000275s ]
INFO: [ view_filter ] --END-- [ RunTime:0.000300s ]
INFO: [ app_end ] --START--
INFO: Run Behavior\ShowPageTraceBehavior [ RunTime:0.000427s ]
INFO: [ app_end ] --END-- [ RunTime:0.000467s ]

[ 2017-01-05T10:32:11+08:00 ] 127.0.0.1 /index.php?m=Admin&c=Ueditor&a=index&action=config&&noCache=1483583531825
INFO: [ app_init ] --START--
INFO: Run Behavior\BuildLiteBehavior [ RunTime:0.000010s ]
INFO: [ app_init ] --END-- [ RunTime:0.000056s ]
INFO: [ app_begin ] --START--
INFO: Run Behavior\ReadHtmlCacheBehavior [ RunTime:0.000401s ]
INFO: [ app_begin ] --END-- [ RunTime:0.000447s ]

[ 2017-01-05T10:32:16+08:00 ] 127.0.0.1 /index.php?m=Admin&c=Goods&a=product_edit_post
INFO: [ app_init ] --START--
INFO: Run Behavior\BuildLiteBehavior [ RunTime:0.000012s ]
INFO: [ app_init ] --END-- [ RunTime:0.000072s ]
INFO: [ app_begin ] --START--
INFO: Run Behavior\ReadHtmlCacheBehavior [ RunTime:0.000367s ]
INFO: [ app_begin ] --END-- [ RunTime:0.000411s ]

[ 2017-01-05T10:32:58+08:00 ] 127.0.0.1 /index.php?m=Admin&c=Goods&a=product_list
INFO: [ app_init ] --START--
INFO: Run Behavior\BuildLiteBehavior [ RunTime:0.000008s ]
INFO: [ app_init ] --END-- [ RunTime:0.000042s ]
INFO: [ app_begin ] --START--
INFO: Run Behavior\ReadHtmlCacheBehavior [ RunTime:0.000381s ]
INFO: [ app_begin ] --END-- [ RunTime:0.000417s ]
SQL: SHOW COLUMNS FROM `think_goods` [ RunTime:0.0039s ]
SQL: SELECT * FROM `think_goods` WHERE ( goods_id>0 )  [ RunTime:0.0003s ]
INFO: [ view_parse ] --START--
INFO: [ template_filter ] --START--
INFO: Run Behavior\ContentReplaceBehavior [ RunTime:0.000073s ]
INFO: [ template_filter ] --END-- [ RunTime:0.000104s ]
NOTIC: [8] Undefined variable: D D:\htdocs\uufx\Application\Runtime\Cache\Admin\b46525eb4e38372ca1f74409f5bd52aa.php 第 36 行.
NOTIC: [8] Undefined variable: dp D:\htdocs\uufx\Application\Runtime\Cache\Admin\b46525eb4e38372ca1f74409f5bd52aa.php 第 36 行.
NOTIC: [8] Undefined variable: D D:\htdocs\uufx\Application\Runtime\Cache\Admin\b46525eb4e38372ca1f74409f5bd52aa.php 第 38 行.
NOTIC: [8] Undefined variable: dp D:\htdocs\uufx\Application\Runtime\Cache\Admin\b46525eb4e38372ca1f74409f5bd52aa.php 第 38 行.
INFO: Run Behavior\ParseTemplateBehavior [ RunTime:0.006247s ]
INFO: [ view_parse ] --END-- [ RunTime:0.006280s ]
INFO: [ view_filter ] --START--
INFO: Run Behavior\WriteHtmlCacheBehavior [ RunTime:0.000262s ]
INFO: [ view_filter ] --END-- [ RunTime:0.000287s ]
INFO: [ app_end ] --START--
INFO: Run Behavior\ShowPageTraceBehavior [ RunTime:0.000572s ]
INFO: [ app_end ] --END-- [ RunTime:0.000624s ]

[ 2017-01-05T10:33:00+08:00 ] 127.0.0.1 /index.php/Admin/Goods/product_edit
INFO: [ app_init ] --START--
INFO: Run Behavior\BuildLiteBehavior [ RunTime:0.000008s ]
INFO: [ app_init ] --END-- [ RunTime:0.000044s ]
INFO: [ app_begin ] --START--
INFO: Run Behavior\ReadHtmlCacheBehavior [ RunTime:0.000382s ]
INFO: [ app_begin ] --END-- [ RunTime:0.000417s ]
SQL: SHOW COLUMNS FROM `think_goods` [ RunTime:0.0037s ]
SQL: SELECT * FROM `think_goods` WHERE ( goods_id=32 ) LIMIT 1   [ RunTime:0.0002s ]
INFO: [ view_parse ] --START--
INFO: [ template_filter ] --START--
INFO: Run Behavior\ContentReplaceBehavior [ RunTime:0.000106s ]
INFO: [ template_filter ] --END-- [ RunTime:0.000140s ]
NOTIC: [8] Undefined variable: img D:\htdocs\uufx\Application\Runtime\Cache\Admin\2244a57a4c30ff628d3b1a81dc0a3aff.php 第 106 行.
INFO: Run Behavior\ParseTemplateBehavior [ RunTime:0.007080s ]
INFO: [ view_parse ] --END-- [ RunTime:0.007115s ]
INFO: [ view_filter ] --START--
INFO: Run Behavior\WriteHtmlCacheBehavior [ RunTime:0.000222s ]
INFO: [ view_filter ] --END-- [ RunTime:0.000249s ]
INFO: [ app_end ] --START--
INFO: Run Behavior\ShowPageTraceBehavior [ RunTime:0.000419s ]
INFO: [ app_end ] --END-- [ RunTime:0.000457s ]

[ 2017-01-05T10:33:00+08:00 ] 127.0.0.1 /index.php?m=Admin&c=Ueditor&a=index&action=config&&noCache=1483583580822
INFO: [ app_init ] --START--
INFO: Run Behavior\BuildLiteBehavior [ RunTime:0.000010s ]
INFO: [ app_init ] --END-- [ RunTime:0.000049s ]
INFO: [ app_begin ] --START--
INFO: Run Behavior\ReadHtmlCacheBehavior [ RunTime:0.000432s ]
INFO: [ app_begin ] --END-- [ RunTime:0.000478s ]

[ 2017-01-05T10:33:04+08:00 ] 127.0.0.1 /index.php?m=Admin&c=Goods&a=product_edit_post
INFO: [ app_init ] --START--
INFO: Run Behavior\BuildLiteBehavior [ RunTime:0.000010s ]
INFO: [ app_init ] --END-- [ RunTime:0.000048s ]
INFO: [ app_begin ] --START--
INFO: Run Behavior\ReadHtmlCacheBehavior [ RunTime:0.000386s ]
INFO: [ app_begin ] --END-- [ RunTime:0.000424s ]
NOTIC: [2] move_uploaded_file(Public/Uploads/uuce/1701051033041.jpg): failed to open stream: No such file or directory D:\htdocs\uufx\Application\Common\Common\function.php 第 272 行.
NOTIC: [2] move_uploaded_file(): Unable to move 'C:\Users\aikes\AppData\Local\Temp\phpF397.tmp' to 'Public/Uploads/uuce/1701051033041.jpg' D:\htdocs\uufx\Application\Common\Common\function.php 第 272 行.
SQL: SHOW COLUMNS FROM `think_goods` [ RunTime:0.0046s ]
SQL: UPDATE `think_goods` SET `goods_name`='代发三个地方大幅度123，。、',`goods_description`='asdf',`goods_keywords`='123',`goods_price`='1.00',`goods_content`='',`goods_num`='3',`is_on_sale`='0',`sort`='0',`goods_sn`='JK9809,JK0089,KJ78',`thumb`='1701051033041.jpg' WHERE ( goods_id=32 ) [ RunTime:0.0023s ]
INFO: [ view_parse ] --START--
INFO: [ template_filter ] --START--
INFO: Run Behavior\ContentReplaceBehavior [ RunTime:0.000030s ]
INFO: [ template_filter ] --END-- [ RunTime:0.000065s ]
INFO: Run Behavior\ParseTemplateBehavior [ RunTime:0.004203s ]
INFO: [ view_parse ] --END-- [ RunTime:0.004242s ]
INFO: [ view_filter ] --START--
INFO: Run Behavior\WriteHtmlCacheBehavior [ RunTime:0.000260s ]
INFO: [ view_filter ] --END-- [ RunTime:0.000287s ]
INFO: [ app_end ] --START--
INFO: Run Behavior\ShowPageTraceBehavior [ RunTime:0.000397s ]
INFO: [ app_end ] --END-- [ RunTime:0.000425s ]

[ 2017-01-05T10:33:06+08:00 ] 127.0.0.1 /index.php?m=Admin&c=Goods&a=product_list
INFO: [ app_init ] --START--
INFO: Run Behavior\BuildLiteBehavior [ RunTime:0.000007s ]
INFO: [ app_init ] --END-- [ RunTime:0.000039s ]
INFO: [ app_begin ] --START--
INFO: Run Behavior\ReadHtmlCacheBehavior [ RunTime:0.000389s ]
INFO: [ app_begin ] --END-- [ RunTime:0.000423s ]
SQL: SHOW COLUMNS FROM `think_goods` [ RunTime:0.0063s ]
SQL: SELECT * FROM `think_goods` WHERE ( goods_id>0 )  [ RunTime:0.0003s ]
INFO: [ view_parse ] --START--
INFO: [ template_filter ] --START--
INFO: Run Behavior\ContentReplaceBehavior [ RunTime:0.000074s ]
INFO: [ template_filter ] --END-- [ RunTime:0.000110s ]
NOTIC: [8] Undefined variable: D D:\htdocs\uufx\Application\Runtime\Cache\Admin\b46525eb4e38372ca1f74409f5bd52aa.php 第 36 行.
NOTIC: [8] Undefined variable: dp D:\htdocs\uufx\Application\Runtime\Cache\Admin\b46525eb4e38372ca1f74409f5bd52aa.php 第 36 行.
NOTIC: [8] Undefined variable: D D:\htdocs\uufx\Application\Runtime\Cache\Admin\b46525eb4e38372ca1f74409f5bd52aa.php 第 38 行.
NOTIC: [8] Undefined variable: dp D:\htdocs\uufx\Application\Runtime\Cache\Admin\b46525eb4e38372ca1f74409f5bd52aa.php 第 38 行.
INFO: Run Behavior\ParseTemplateBehavior [ RunTime:0.008347s ]
INFO: [ view_parse ] --END-- [ RunTime:0.008381s ]
INFO: [ view_filter ] --START--
INFO: Run Behavior\WriteHtmlCacheBehavior [ RunTime:0.000266s ]
INFO: [ view_filter ] --END-- [ RunTime:0.000291s ]
INFO: [ app_end ] --START--
INFO: Run Behavior\ShowPageTraceBehavior [ RunTime:0.000412s ]
INFO: [ app_end ] --END-- [ RunTime:0.000451s ]

[ 2017-01-05T10:34:06+08:00 ] 127.0.0.1 /index.php/Admin/Goods/product_edit
INFO: [ app_init ] --START--
INFO: Run Behavior\BuildLiteBehavior [ RunTime:0.000009s ]
INFO: [ app_init ] --END-- [ RunTime:0.000045s ]
INFO: [ app_begin ] --START--
INFO: Run Behavior\ReadHtmlCacheBehavior [ RunTime:0.000464s ]
INFO: [ app_begin ] --END-- [ RunTime:0.000502s ]
SQL: SHOW COLUMNS FROM `think_goods` [ RunTime:0.0035s ]
SQL: SELECT * FROM `think_goods` WHERE ( goods_id=32 ) LIMIT 1   [ RunTime:0.0003s ]
INFO: [ view_parse ] --START--
INFO: [ template_filter ] --START--
INFO: Run Behavior\ContentReplaceBehavior [ RunTime:0.000103s ]
INFO: [ template_filter ] --END-- [ RunTime:0.000137s ]
NOTIC: [8] Undefined variable: img D:\htdocs\uufx\Application\Runtime\Cache\Admin\2244a57a4c30ff628d3b1a81dc0a3aff.php 第 106 行.
INFO: Run Behavior\ParseTemplateBehavior [ RunTime:0.007658s ]
INFO: [ view_parse ] --END-- [ RunTime:0.007695s ]
INFO: [ view_filter ] --START--
INFO: Run Behavior\WriteHtmlCacheBehavior [ RunTime:0.000378s ]
INFO: [ view_filter ] --END-- [ RunTime:0.000405s ]
INFO: [ app_end ] --START--
INFO: Run Behavior\ShowPageTraceBehavior [ RunTime:0.000690s ]
INFO: [ app_end ] --END-- [ RunTime:0.000751s ]

[ 2017-01-05T10:34:06+08:00 ] 127.0.0.1 /index.php?m=Admin&c=Ueditor&a=index&action=config&&noCache=1483583646504
INFO: [ app_init ] --START--
INFO: Run Behavior\BuildLiteBehavior [ RunTime:0.000009s ]
INFO: [ app_init ] --END-- [ RunTime:0.000045s ]
INFO: [ app_begin ] --START--
INFO: Run Behavior\ReadHtmlCacheBehavior [ RunTime:0.000464s ]
INFO: [ app_begin ] --END-- [ RunTime:0.000511s ]

[ 2017-01-05T10:34:10+08:00 ] 127.0.0.1 /index.php?m=Admin&c=Goods&a=product_edit_post
INFO: [ app_init ] --START--
INFO: Run Behavior\BuildLiteBehavior [ RunTime:0.000013s ]
INFO: [ app_init ] --END-- [ RunTime:0.000071s ]
INFO: [ app_begin ] --START--
INFO: Run Behavior\ReadHtmlCacheBehavior [ RunTime:0.000443s ]
INFO: [ app_begin ] --END-- [ RunTime:0.000484s ]
SQL: SHOW COLUMNS FROM `think_goods` [ RunTime:0.0031s ]
SQL: UPDATE `think_goods` SET `goods_name`='代发三个地方大幅度123，。、',`goods_description`='asdf',`goods_keywords`='123',`goods_price`='1.00',`goods_content`='',`goods_num`='3',`is_on_sale`='0',`sort`='0',`goods_sn`='JK9809,JK0089,KJ78',`thumb`='1701051034101.jpg' WHERE ( goods_id=32 ) [ RunTime:0.0036s ]
INFO: [ view_parse ] --START--
INFO: [ template_filter ] --START--
INFO: Run Behavior\ContentReplaceBehavior [ RunTime:0.000031s ]
INFO: [ template_filter ] --END-- [ RunTime:0.000068s ]
INFO: Run Behavior\ParseTemplateBehavior [ RunTime:0.004565s ]
INFO: [ view_parse ] --END-- [ RunTime:0.004607s ]
INFO: [ view_filter ] --START--
INFO: Run Behavior\WriteHtmlCacheBehavior [ RunTime:0.000271s ]
INFO: [ view_filter ] --END-- [ RunTime:0.000299s ]
INFO: [ app_end ] --START--
INFO: Run Behavior\ShowPageTraceBehavior [ RunTime:0.000446s ]
INFO: [ app_end ] --END-- [ RunTime:0.000474s ]

[ 2017-01-05T10:34:11+08:00 ] 127.0.0.1 /index.php?m=Admin&c=Goods&a=product_list
INFO: [ app_init ] --START--
INFO: Run Behavior\BuildLiteBehavior [ RunTime:0.000010s ]
INFO: [ app_init ] --END-- [ RunTime:0.000056s ]
INFO: [ app_begin ] --START--
INFO: Run Behavior\ReadHtmlCacheBehavior [ RunTime:0.000357s ]
INFO: [ app_begin ] --END-- [ RunTime:0.000397s ]
SQL: SHOW COLUMNS FROM `think_goods` [ RunTime:0.0037s ]
SQL: SELECT * FROM `think_goods` WHERE ( goods_id>0 )  [ RunTime:0.0009s ]
INFO: [ view_parse ] --START--
INFO: [ template_filter ] --START--
INFO: Run Behavior\ContentReplaceBehavior [ RunTime:0.000072s ]
INFO: [ template_filter ] --END-- [ RunTime:0.000107s ]
NOTIC: [8] Undefined variable: D D:\htdocs\uufx\Application\Runtime\Cache\Admin\b46525eb4e38372ca1f74409f5bd52aa.php 第 36 行.
NOTIC: [8] Undefined variable: dp D:\htdocs\uufx\Application\Runtime\Cache\Admin\b46525eb4e38372ca1f74409f5bd52aa.php 第 36 行.
NOTIC: [8] Undefined variable: D D:\htdocs\uufx\Application\Runtime\Cache\Admin\b46525eb4e38372ca1f74409f5bd52aa.php 第 38 行.
NOTIC: [8] Undefined variable: dp D:\htdocs\uufx\Application\Runtime\Cache\Admin\b46525eb4e38372ca1f74409f5bd52aa.php 第 38 行.
INFO: Run Behavior\ParseTemplateBehavior [ RunTime:0.006365s ]
INFO: [ view_parse ] --END-- [ RunTime:0.006400s ]
INFO: [ view_filter ] --START--
INFO: Run Behavior\WriteHtmlCacheBehavior [ RunTime:0.000261s ]
INFO: [ view_filter ] --END-- [ RunTime:0.000285s ]
INFO: [ app_end ] --START--
INFO: Run Behavior\ShowPageTraceBehavior [ RunTime:0.000634s ]
INFO: [ app_end ] --END-- [ RunTime:0.000678s ]

[ 2017-01-05T10:34:20+08:00 ] 127.0.0.1 /index.php/Admin/Goods/product_edit
INFO: [ app_init ] --START--
INFO: Run Behavior\BuildLiteBehavior [ RunTime:0.000010s ]
INFO: [ app_init ] --END-- [ RunTime:0.000053s ]
INFO: [ app_begin ] --START--
INFO: Run Behavior\ReadHtmlCacheBehavior [ RunTime:0.000364s ]
INFO: [ app_begin ] --END-- [ RunTime:0.000411s ]
SQL: SHOW COLUMNS FROM `think_goods` [ RunTime:0.0030s ]
SQL: SELECT * FROM `think_goods` WHERE ( goods_id=31 ) LIMIT 1   [ RunTime:0.0003s ]
INFO: [ view_parse ] --START--
INFO: [ template_filter ] --START--
INFO: Run Behavior\ContentReplaceBehavior [ RunTime:0.000114s ]
INFO: [ template_filter ] --END-- [ RunTime:0.000157s ]
NOTIC: [8] Undefined variable: img D:\htdocs\uufx\Application\Runtime\Cache\Admin\2244a57a4c30ff628d3b1a81dc0a3aff.php 第 106 行.
INFO: Run Behavior\ParseTemplateBehavior [ RunTime:0.007675s ]
INFO: [ view_parse ] --END-- [ RunTime:0.007712s ]
INFO: [ view_filter ] --START--
INFO: Run Behavior\WriteHtmlCacheBehavior [ RunTime:0.000257s ]
INFO: [ view_filter ] --END-- [ RunTime:0.000285s ]
INFO: [ app_end ] --START--
INFO: Run Behavior\ShowPageTraceBehavior [ RunTime:0.000545s ]
INFO: [ app_end ] --END-- [ RunTime:0.000587s ]

[ 2017-01-05T10:34:21+08:00 ] 127.0.0.1 /index.php?m=Admin&c=Ueditor&a=index&action=config&&noCache=1483583661197
INFO: [ app_init ] --START--
INFO: Run Behavior\BuildLiteBehavior [ RunTime:0.000009s ]
INFO: [ app_init ] --END-- [ RunTime:0.000044s ]
INFO: [ app_begin ] --START--
INFO: Run Behavior\ReadHtmlCacheBehavior [ RunTime:0.000390s ]
INFO: [ app_begin ] --END-- [ RunTime:0.000435s ]

[ 2017-01-05T10:34:26+08:00 ] 127.0.0.1 /index.php?m=Admin&c=Goods&a=product_edit_post
INFO: [ app_init ] --START--
INFO: Run Behavior\BuildLiteBehavior [ RunTime:0.000010s ]
INFO: [ app_init ] --END-- [ RunTime:0.000048s ]
INFO: [ app_begin ] --START--
INFO: Run Behavior\ReadHtmlCacheBehavior [ RunTime:0.000461s ]
INFO: [ app_begin ] --END-- [ RunTime:0.000515s ]
SQL: SHOW COLUMNS FROM `think_goods` [ RunTime:0.0030s ]
SQL: UPDATE `think_goods` SET `goods_name`='代发三个地方大幅度123，。、',`goods_description`='',`goods_keywords`='1',`goods_price`='111.00',`goods_content`='',`goods_num`='3',`is_on_sale`='0',`sort`='0',`goods_sn`='JJ899,JL9978,K8908',`thumb`='1701051034261.jpg' WHERE ( goods_id=31 ) [ RunTime:0.0030s ]
INFO: [ view_parse ] --START--
INFO: [ template_filter ] --START--
INFO: Run Behavior\ContentReplaceBehavior [ RunTime:0.000028s ]
INFO: [ template_filter ] --END-- [ RunTime:0.000060s ]
INFO: Run Behavior\ParseTemplateBehavior [ RunTime:0.003896s ]
INFO: [ view_parse ] --END-- [ RunTime:0.003932s ]
INFO: [ view_filter ] --START--
INFO: Run Behavior\WriteHtmlCacheBehavior [ RunTime:0.000205s ]
INFO: [ view_filter ] --END-- [ RunTime:0.000229s ]
INFO: [ app_end ] --START--
INFO: Run Behavior\ShowPageTraceBehavior [ RunTime:0.000344s ]
INFO: [ app_end ] --END-- [ RunTime:0.000371s ]

[ 2017-01-05T10:34:27+08:00 ] 127.0.0.1 /index.php?m=Admin&c=Goods&a=product_list
INFO: [ app_init ] --START--
INFO: Run Behavior\BuildLiteBehavior [ RunTime:0.000010s ]
INFO: [ app_init ] --END-- [ RunTime:0.000048s ]
INFO: [ app_begin ] --START--
INFO: Run Behavior\ReadHtmlCacheBehavior [ RunTime:0.000382s ]
INFO: [ app_begin ] --END-- [ RunTime:0.000434s ]
SQL: SHOW COLUMNS FROM `think_goods` [ RunTime:0.0036s ]
SQL: SELECT * FROM `think_goods` WHERE ( goods_id>0 )  [ RunTime:0.0013s ]
INFO: [ view_parse ] --START--
INFO: [ template_filter ] --START--
INFO: Run Behavior\ContentReplaceBehavior [ RunTime:0.000078s ]
INFO: [ template_filter ] --END-- [ RunTime:0.000116s ]
NOTIC: [8] Undefined variable: D D:\htdocs\uufx\Application\Runtime\Cache\Admin\b46525eb4e38372ca1f74409f5bd52aa.php 第 36 行.
NOTIC: [8] Undefined variable: dp D:\htdocs\uufx\Application\Runtime\Cache\Admin\b46525eb4e38372ca1f74409f5bd52aa.php 第 36 行.
NOTIC: [8] Undefined variable: D D:\htdocs\uufx\Application\Runtime\Cache\Admin\b46525eb4e38372ca1f74409f5bd52aa.php 第 38 行.
NOTIC: [8] Undefined variable: dp D:\htdocs\uufx\Application\Runtime\Cache\Admin\b46525eb4e38372ca1f74409f5bd52aa.php 第 38 行.
INFO: Run Behavior\ParseTemplateBehavior [ RunTime:0.006821s ]
INFO: [ view_parse ] --END-- [ RunTime:0.006863s ]
INFO: [ view_filter ] --START--
INFO: Run Behavior\WriteHtmlCacheBehavior [ RunTime:0.000249s ]
INFO: [ view_filter ] --END-- [ RunTime:0.000276s ]
INFO: [ app_end ] --START--
INFO: Run Behavior\ShowPageTraceBehavior [ RunTime:0.000438s ]
INFO: [ app_end ] --END-- [ RunTime:0.000476s ]

[ 2017-01-05T10:34:37+08:00 ] 127.0.0.1 /index.php?m=Admin&c=Goods&a=product_list
INFO: [ app_init ] --START--
INFO: Run Behavior\BuildLiteBehavior [ RunTime:0.000009s ]
INFO: [ app_init ] --END-- [ RunTime:0.000044s ]
INFO: [ app_begin ] --START--
INFO: Run Behavior\ReadHtmlCacheBehavior [ RunTime:0.000384s ]
INFO: [ app_begin ] --END-- [ RunTime:0.000418s ]
SQL: SHOW COLUMNS FROM `think_goods` [ RunTime:0.0032s ]
SQL: SELECT * FROM `think_goods` WHERE ( goods_id>0 )  [ RunTime:0.0003s ]
INFO: [ view_parse ] --START--
INFO: [ template_filter ] --START--
INFO: Run Behavior\ContentReplaceBehavior [ RunTime:0.000072s ]
INFO: [ template_filter ] --END-- [ RunTime:0.000103s ]
NOTIC: [8] Undefined variable: D D:\htdocs\uufx\Application\Runtime\Cache\Admin\b46525eb4e38372ca1f74409f5bd52aa.php 第 36 行.
NOTIC: [8] Undefined variable: dp D:\htdocs\uufx\Application\Runtime\Cache\Admin\b46525eb4e38372ca1f74409f5bd52aa.php 第 36 行.
NOTIC: [8] Undefined variable: D D:\htdocs\uufx\Application\Runtime\Cache\Admin\b46525eb4e38372ca1f74409f5bd52aa.php 第 38 行.
NOTIC: [8] Undefined variable: dp D:\htdocs\uufx\Application\Runtime\Cache\Admin\b46525eb4e38372ca1f74409f5bd52aa.php 第 38 行.
INFO: Run Behavior\ParseTemplateBehavior [ RunTime:0.006305s ]
INFO: [ view_parse ] --END-- [ RunTime:0.006348s ]
INFO: [ view_filter ] --START--
INFO: Run Behavior\WriteHtmlCacheBehavior [ RunTime:0.000284s ]
INFO: [ view_filter ] --END-- [ RunTime:0.000326s ]
INFO: [ app_end ] --START--
INFO: Run Behavior\ShowPageTraceBehavior [ RunTime:0.000952s ]
INFO: [ app_end ] --END-- [ RunTime:0.001088s ]

