[ 2017-01-18T09:15:28+08:00 ] 127.0.0.1 /index.php/admin
INFO: [ app_init ] --START--
INFO: Run Behavior\BuildLiteBehavior [ RunTime:0.000010s ]
INFO: [ app_init ] --END-- [ RunTime:0.000051s ]
INFO: [ app_begin ] --START--
INFO: Run Behavior\ReadHtmlCacheBehavior [ RunTime:0.000403s ]
INFO: [ app_begin ] --END-- [ RunTime:0.000440s ]
INFO: [ view_parse ] --START--
INFO: [ template_filter ] --START--
INFO: Run Behavior\ContentReplaceBehavior [ RunTime:0.000029s ]
INFO: [ template_filter ] --END-- [ RunTime:0.000068s ]
INFO: Run Behavior\ParseTemplateBehavior [ RunTime:0.004439s ]
INFO: [ view_parse ] --END-- [ RunTime:0.004476s ]
INFO: [ view_filter ] --START--
INFO: Run Behavior\WriteHtmlCacheBehavior [ RunTime:0.000262s ]
INFO: [ view_filter ] --END-- [ RunTime:0.000288s ]

[ 2017-01-18T09:15:29+08:00 ] 127.0.0.1 /index.php?m=Admin&c=Index&a=login
INFO: [ app_init ] --START--
INFO: Run Behavior\BuildLiteBehavior [ RunTime:0.000010s ]
INFO: [ app_init ] --END-- [ RunTime:0.000046s ]
INFO: [ app_begin ] --START--
INFO: Run Behavior\ReadHtmlCacheBehavior [ RunTime:0.000456s ]
INFO: [ app_begin ] --END-- [ RunTime:0.000513s ]
NOTIC: [8] Undefined index: lo_submit D:\htdocs\uufx\Application\Admin\Controller\IndexController.class.php 第 25 行.
INFO: [ view_parse ] --START--
INFO: [ template_filter ] --START--
INFO: Run Behavior\ContentReplaceBehavior [ RunTime:0.000040s ]
INFO: [ template_filter ] --END-- [ RunTime:0.000080s ]
INFO: Run Behavior\ParseTemplateBehavior [ RunTime:0.005110s ]
INFO: [ view_parse ] --END-- [ RunTime:0.005152s ]
INFO: [ view_filter ] --START--
INFO: Run Behavior\WriteHtmlCacheBehavior [ RunTime:0.000259s ]
INFO: [ view_filter ] --END-- [ RunTime:0.000285s ]
INFO: [ app_end ] --START--
INFO: Run Behavior\ShowPageTraceBehavior [ RunTime:0.000399s ]
INFO: [ app_end ] --END-- [ RunTime:0.000427s ]

[ 2017-01-18T09:15:32+08:00 ] 127.0.0.1 /index.php?m=Admin&c=Index&a=login
INFO: [ app_init ] --START--
INFO: Run Behavior\BuildLiteBehavior [ RunTime:0.000008s ]
INFO: [ app_init ] --END-- [ RunTime:0.000041s ]
INFO: [ app_begin ] --START--
INFO: Run Behavior\ReadHtmlCacheBehavior [ RunTime:0.000392s ]
INFO: [ app_begin ] --END-- [ RunTime:0.000433s ]
SQL: SHOW COLUMNS FROM `think_admin_user` [ RunTime:0.0087s ]
SQL: SELECT COUNT(*) AS tp_count FROM `think_admin_user` WHERE ( user_name= 'admin' AND password= '48423bc87389799ac425be92530cfb5b' ) LIMIT 1   [ RunTime:0.0019s ]
SQL: SELECT * FROM `think_admin_user` WHERE ( user_name='admin' ) LIMIT 1   [ RunTime:0.0001s ]
SQL: SELECT * FROM `think_admin_user` INNER JOIN think_admin_role ON think_admin_user.role_id=think_admin_role.role_id  WHERE `user_name` = 'admin' LIMIT 1   [ RunTime:0.0029s ]
INFO: [ view_parse ] --START--
INFO: [ template_filter ] --START--
INFO: Run Behavior\ContentReplaceBehavior [ RunTime:0.000028s ]
INFO: [ template_filter ] --END-- [ RunTime:0.000058s ]
INFO: Run Behavior\ParseTemplateBehavior [ RunTime:0.003746s ]
INFO: [ view_parse ] --END-- [ RunTime:0.003782s ]
INFO: [ view_filter ] --START--
INFO: Run Behavior\WriteHtmlCacheBehavior [ RunTime:0.000186s ]
INFO: [ view_filter ] --END-- [ RunTime:0.000210s ]
INFO: [ app_end ] --START--
INFO: Run Behavior\ShowPageTraceBehavior [ RunTime:0.000326s ]
INFO: [ app_end ] --END-- [ RunTime:0.000351s ]

[ 2017-01-18T09:15:33+08:00 ] 127.0.0.1 /index.php?m=Admin&c=Index&a=index
INFO: [ app_init ] --START--
INFO: Run Behavior\BuildLiteBehavior [ RunTime:0.000009s ]
INFO: [ app_init ] --END-- [ RunTime:0.000047s ]
INFO: [ app_begin ] --START--
INFO: Run Behavior\ReadHtmlCacheBehavior [ RunTime:0.000374s ]
INFO: [ app_begin ] --END-- [ RunTime:0.000418s ]
SQL: SHOW COLUMNS FROM `think_admin_user` [ RunTime:0.0028s ]
SQL: SELECT * FROM `think_admin_user` WHERE `user_id` = 1 LIMIT 1   [ RunTime:0.0003s ]
INFO: [ view_parse ] --START--
INFO: [ template_filter ] --START--
INFO: Run Behavior\ContentReplaceBehavior [ RunTime:0.000072s ]
INFO: [ template_filter ] --END-- [ RunTime:0.000109s ]
INFO: Run Behavior\ParseTemplateBehavior [ RunTime:0.007986s ]
INFO: [ view_parse ] --END-- [ RunTime:0.008036s ]
INFO: [ view_filter ] --START--
INFO: Run Behavior\WriteHtmlCacheBehavior [ RunTime:0.000204s ]
INFO: [ view_filter ] --END-- [ RunTime:0.000228s ]
INFO: [ app_end ] --START--
INFO: Run Behavior\ShowPageTraceBehavior [ RunTime:0.000417s ]
INFO: [ app_end ] --END-- [ RunTime:0.000455s ]

[ 2017-01-18T09:15:33+08:00 ] 127.0.0.1 /index.php?m=Admin&c=Index&a=welcome
INFO: [ app_init ] --START--
INFO: Run Behavior\BuildLiteBehavior [ RunTime:0.000009s ]
INFO: [ app_init ] --END-- [ RunTime:0.000049s ]
INFO: [ app_begin ] --START--
INFO: Run Behavior\ReadHtmlCacheBehavior [ RunTime:0.000741s ]
INFO: [ app_begin ] --END-- [ RunTime:0.001245s ]
INFO: [ view_parse ] --START--
INFO: [ template_filter ] --START--
INFO: Run Behavior\ContentReplaceBehavior [ RunTime:0.000056s ]
INFO: [ template_filter ] --END-- [ RunTime:0.000099s ]
INFO: Run Behavior\ParseTemplateBehavior [ RunTime:0.006080s ]
INFO: [ view_parse ] --END-- [ RunTime:0.006137s ]
INFO: [ view_filter ] --START--
INFO: Run Behavior\WriteHtmlCacheBehavior [ RunTime:0.000296s ]
INFO: [ view_filter ] --END-- [ RunTime:0.000334s ]
INFO: [ app_end ] --START--
INFO: Run Behavior\ShowPageTraceBehavior [ RunTime:0.000416s ]
INFO: [ app_end ] --END-- [ RunTime:0.000455s ]

[ 2017-01-18T09:15:44+08:00 ] 127.0.0.1 /index.php?m=Admin&c=Mem&a=member_list
INFO: [ app_init ] --START--
INFO: Run Behavior\BuildLiteBehavior [ RunTime:0.000012s ]
INFO: [ app_init ] --END-- [ RunTime:0.000079s ]
INFO: [ app_begin ] --START--
INFO: Run Behavior\ReadHtmlCacheBehavior [ RunTime:0.000548s ]
INFO: [ app_begin ] --END-- [ RunTime:0.000612s ]
SQL: SHOW COLUMNS FROM `think_member` [ RunTime:0.0076s ]
SQL: SELECT * FROM `think_member` INNER JOIN think_ulevel ON think_ulevel.ulevel = think_member.ulevel  WHERE ( id>0 and ispay=1 ) ORDER BY id asc  [ RunTime:0.0090s ]
SQL: SELECT * FROM `think_member` WHERE ( id=0 ) LIMIT 1   [ RunTime:0.0005s ]
SQL: SELECT * FROM `think_member` WHERE ( id=1 ) LIMIT 1   [ RunTime:0.0016s ]
SQL: SELECT * FROM `think_member` WHERE ( id=1 ) LIMIT 1   [ RunTime:0.0006s ]
SQL: SELECT * FROM `think_member` WHERE ( id=1 ) LIMIT 1   [ RunTime:0.0003s ]
SQL: SELECT * FROM `think_member` WHERE ( id=1 ) LIMIT 1   [ RunTime:0.0003s ]
SQL: SELECT * FROM `think_member` WHERE ( id=1 ) LIMIT 1   [ RunTime:0.0004s ]
SQL: SELECT * FROM `think_member` WHERE ( id=1 ) LIMIT 1   [ RunTime:0.0003s ]
SQL: SELECT * FROM `think_member` WHERE ( id=1 ) LIMIT 1   [ RunTime:0.0003s ]
SQL: SELECT * FROM `think_member` WHERE ( id=6 ) LIMIT 1   [ RunTime:0.0004s ]
SQL: SELECT * FROM `think_member` WHERE ( id=1 ) LIMIT 1   [ RunTime:0.0003s ]
SQL: SELECT * FROM `think_member` WHERE ( id=6 ) LIMIT 1   [ RunTime:0.0003s ]
SQL: SELECT * FROM `think_member` WHERE ( id=2 ) LIMIT 1   [ RunTime:0.0003s ]
SQL: SELECT * FROM `think_member` WHERE ( id=2 ) LIMIT 1   [ RunTime:0.0003s ]
SQL: SELECT * FROM `think_member` WHERE ( id=2 ) LIMIT 1   [ RunTime:0.0003s ]
SQL: SELECT * FROM `think_member` WHERE ( id=2 ) LIMIT 1   [ RunTime:0.0003s ]
SQL: SELECT * FROM `think_member` WHERE ( id=2 ) LIMIT 1   [ RunTime:0.0003s ]
SQL: SELECT * FROM `think_member` WHERE ( id=13 ) LIMIT 1   [ RunTime:0.0003s ]
SQL: SELECT * FROM `think_member` WHERE ( id=17 ) LIMIT 1   [ RunTime:0.0003s ]
SQL: SELECT * FROM `think_member` WHERE ( id=14 ) LIMIT 1   [ RunTime:0.0003s ]
SQL: SELECT * FROM `think_member` WHERE ( id=14 ) LIMIT 1   [ RunTime:0.0003s ]
SQL: SELECT * FROM `think_member` WHERE ( id=15 ) LIMIT 1   [ RunTime:0.0003s ]
SQL: SELECT * FROM `think_member` WHERE ( id=12 ) LIMIT 1   [ RunTime:0.0003s ]
SQL: SELECT * FROM `think_member` WHERE ( id=12 ) LIMIT 1   [ RunTime:0.0003s ]
SQL: SELECT * FROM `think_member` WHERE ( id=12 ) LIMIT 1   [ RunTime:0.0003s ]
SQL: SELECT * FROM `think_member` WHERE ( id=12 ) LIMIT 1   [ RunTime:0.0003s ]
SQL: SELECT * FROM `think_member` WHERE ( id=12 ) LIMIT 1   [ RunTime:0.0003s ]
SQL: SELECT * FROM `think_member` WHERE ( id=12 ) LIMIT 1   [ RunTime:0.0003s ]
SQL: SELECT * FROM `think_member` WHERE ( id=12 ) LIMIT 1   [ RunTime:0.0003s ]
SQL: SELECT * FROM `think_member` WHERE ( id=12 ) LIMIT 1   [ RunTime:0.0003s ]
SQL: SELECT * FROM `think_member` WHERE ( id=12 ) LIMIT 1   [ RunTime:0.0003s ]
SQL: SELECT * FROM `think_member` WHERE ( id=12 ) LIMIT 1   [ RunTime:0.0003s ]
SQL: SELECT * FROM `think_member` WHERE ( id=12 ) LIMIT 1   [ RunTime:0.0003s ]
SQL: SELECT * FROM `think_member` WHERE ( id=31 ) LIMIT 1   [ RunTime:0.0003s ]
SQL: SELECT * FROM `think_member` WHERE ( id=33 ) LIMIT 1   [ RunTime:0.0003s ]
SQL: SELECT * FROM `think_member` WHERE ( id=25 ) LIMIT 1   [ RunTime:0.0003s ]
SQL: SELECT * FROM `think_member` WHERE ( id=35 ) LIMIT 1   [ RunTime:0.0004s ]
SQL: SELECT * FROM `think_member` WHERE ( id=23 ) LIMIT 1   [ RunTime:0.0010s ]
SQL: SELECT * FROM `think_member` WHERE ( id=23 ) LIMIT 1   [ RunTime:0.0005s ]
SQL: SELECT * FROM `think_member` WHERE ( id=23 ) LIMIT 1   [ RunTime:0.0003s ]
SQL: SELECT * FROM `think_member` WHERE ( id=38 ) LIMIT 1   [ RunTime:0.0003s ]
SQL: SELECT * FROM `think_member` WHERE ( id=38 ) LIMIT 1   [ RunTime:0.0003s ]
SQL: SELECT * FROM `think_member` WHERE ( id=12 ) LIMIT 1   [ RunTime:0.0003s ]
SQL: SELECT * FROM `think_member` WHERE ( id=8 ) LIMIT 1   [ RunTime:0.0003s ]
SQL: SELECT * FROM `think_member` WHERE ( id=8 ) LIMIT 1   [ RunTime:0.0003s ]
SQL: SELECT * FROM `think_member` WHERE ( id=8 ) LIMIT 1   [ RunTime:0.0003s ]
SQL: SELECT * FROM `think_member` WHERE ( id=44 ) LIMIT 1   [ RunTime:0.0003s ]
SQL: SELECT * FROM `think_member` WHERE ( id=43 ) LIMIT 1   [ RunTime:0.0003s ]
SQL: SELECT * FROM `think_member` WHERE ( id=47 ) LIMIT 1   [ RunTime:0.0003s ]
SQL: SELECT * FROM `think_member` WHERE ( id=47 ) LIMIT 1   [ RunTime:0.0003s ]
SQL: SELECT * FROM `think_member` WHERE ( id=1 ) LIMIT 1   [ RunTime:0.0003s ]
SQL: SELECT * FROM `think_member` WHERE ( id=1 ) LIMIT 1   [ RunTime:0.0003s ]
SQL: SELECT * FROM `think_member` WHERE ( id=1 ) LIMIT 1   [ RunTime:0.0003s ]
SQL: SELECT * FROM `think_member` WHERE ( id=1 ) LIMIT 1   [ RunTime:0.0003s ]
SQL: SELECT * FROM `think_member` WHERE ( id=1 ) LIMIT 1   [ RunTime:0.0003s ]
SQL: SELECT * FROM `think_member` WHERE ( id=1 ) LIMIT 1   [ RunTime:0.0003s ]
SQL: SELECT * FROM `think_member` WHERE ( id=1 ) LIMIT 1   [ RunTime:0.0003s ]
NOTIC: [2] date() expects parameter 2 to be long, string given D:\htdocs\uufx\Application\Admin\Model\MemberModel.class.php 第 23 行.
SQL: SELECT * FROM `think_member` WHERE ( id=22 ) LIMIT 1   [ RunTime:0.0003s ]
NOTIC: [2] date() expects parameter 2 to be long, string given D:\htdocs\uufx\Application\Admin\Model\MemberModel.class.php 第 23 行.
SQL: SELECT * FROM `think_member` WHERE ( id=2 ) LIMIT 1   [ RunTime:0.0003s ]
INFO: [ view_parse ] --START--
INFO: [ template_filter ] --START--
INFO: Run Behavior\ContentReplaceBehavior [ RunTime:0.000078s ]
INFO: [ template_filter ] --END-- [ RunTime:0.000117s ]
NOTIC: [8] Undefined variable: D D:\htdocs\uufx\Application\Runtime\Cache\Admin\87eefa145d23ccebe4f833c29d29b778.php 第 35 行.
NOTIC: [8] Undefined variable: dp D:\htdocs\uufx\Application\Runtime\Cache\Admin\87eefa145d23ccebe4f833c29d29b778.php 第 35 行.
NOTIC: [8] Undefined variable: D D:\htdocs\uufx\Application\Runtime\Cache\Admin\87eefa145d23ccebe4f833c29d29b778.php 第 37 行.
NOTIC: [8] Undefined variable: dp D:\htdocs\uufx\Application\Runtime\Cache\Admin\87eefa145d23ccebe4f833c29d29b778.php 第 37 行.
NOTIC: [2] date() expects parameter 2 to be long, string given D:\htdocs\uufx\Application\Runtime\Cache\Admin\87eefa145d23ccebe4f833c29d29b778.php 第 83 行.
NOTIC: [2] date() expects parameter 2 to be long, string given D:\htdocs\uufx\Application\Runtime\Cache\Admin\87eefa145d23ccebe4f833c29d29b778.php 第 83 行.
INFO: Run Behavior\ParseTemplateBehavior [ RunTime:0.009785s ]
INFO: [ view_parse ] --END-- [ RunTime:0.009822s ]
INFO: [ view_filter ] --START--
INFO: Run Behavior\WriteHtmlCacheBehavior [ RunTime:0.000264s ]
INFO: [ view_filter ] --END-- [ RunTime:0.000293s ]
INFO: [ app_end ] --START--
INFO: Run Behavior\ShowPageTraceBehavior [ RunTime:0.000708s ]
INFO: [ app_end ] --END-- [ RunTime:0.000795s ]

[ 2017-01-18T09:15:48+08:00 ] 127.0.0.1 /index.php?m=Admin&c=Travel&a=travel_order
INFO: [ app_init ] --START--
INFO: Run Behavior\BuildLiteBehavior [ RunTime:0.000011s ]
INFO: [ app_init ] --END-- [ RunTime:0.000055s ]
INFO: [ app_begin ] --START--
INFO: Run Behavior\ReadHtmlCacheBehavior [ RunTime:0.000463s ]
INFO: [ app_begin ] --END-- [ RunTime:0.000503s ]
SQL: SHOW COLUMNS FROM `think_travel_order` [ RunTime:0.0076s ]
SQL: SELECT T.tr_name,T.thumb,think_travel_order.*,FROM_UNIXTIME( `time`,'%Y-%m-%d ' ) AS t FROM `think_travel_order` INNER JOIN think_travel T on T.tr_id=think_travel_order.tr_id   [ RunTime:0.0032s ]
INFO: [ view_parse ] --START--
INFO: [ template_filter ] --START--
INFO: Run Behavior\ContentReplaceBehavior [ RunTime:0.000076s ]
INFO: [ template_filter ] --END-- [ RunTime:0.000108s ]
NOTIC: [8] Undefined variable: title D:\htdocs\uufx\Application\Runtime\Cache\Admin\3dc9a59d9faf0bcf7f5500e921c3fa2b.php 第 25 行.
NOTIC: [8] Undefined variable: title D:\htdocs\uufx\Application\Runtime\Cache\Admin\3dc9a59d9faf0bcf7f5500e921c3fa2b.php 第 29 行.
NOTIC: [8] Undefined variable: D D:\htdocs\uufx\Application\Runtime\Cache\Admin\3dc9a59d9faf0bcf7f5500e921c3fa2b.php 第 32 行.
NOTIC: [8] Undefined variable: dp D:\htdocs\uufx\Application\Runtime\Cache\Admin\3dc9a59d9faf0bcf7f5500e921c3fa2b.php 第 32 行.
NOTIC: [8] Undefined variable: D D:\htdocs\uufx\Application\Runtime\Cache\Admin\3dc9a59d9faf0bcf7f5500e921c3fa2b.php 第 34 行.
NOTIC: [8] Undefined variable: dp D:\htdocs\uufx\Application\Runtime\Cache\Admin\3dc9a59d9faf0bcf7f5500e921c3fa2b.php 第 34 行.
INFO: Run Behavior\ParseTemplateBehavior [ RunTime:0.008011s ]
INFO: [ view_parse ] --END-- [ RunTime:0.008046s ]
INFO: [ view_filter ] --START--
INFO: Run Behavior\WriteHtmlCacheBehavior [ RunTime:0.000316s ]
INFO: [ view_filter ] --END-- [ RunTime:0.000382s ]
INFO: [ app_end ] --START--
INFO: Run Behavior\ShowPageTraceBehavior [ RunTime:0.002179s ]
INFO: [ app_end ] --END-- [ RunTime:0.002264s ]

[ 2017-01-18T09:15:50+08:00 ] 127.0.0.1 /index.php?m=Admin&c=Travel&a=commission&id=20
INFO: [ app_init ] --START--
INFO: Run Behavior\BuildLiteBehavior [ RunTime:0.000008s ]
INFO: [ app_init ] --END-- [ RunTime:0.000044s ]
INFO: [ app_begin ] --START--
INFO: Run Behavior\ReadHtmlCacheBehavior [ RunTime:0.000398s ]
INFO: [ app_begin ] --END-- [ RunTime:0.000432s ]
SQL: SHOW COLUMNS FROM `think_travel_order` [ RunTime:0.0028s ]
SQL: SELECT * FROM `think_travel_order` WHERE ( id =20 ) LIMIT 1   [ RunTime:0.0014s ]
INFO: [ view_parse ] --START--
INFO: [ template_filter ] --START--
INFO: Run Behavior\ContentReplaceBehavior [ RunTime:0.000048s ]
INFO: [ template_filter ] --END-- [ RunTime:0.000082s ]
INFO: Run Behavior\ParseTemplateBehavior [ RunTime:0.006046s ]
INFO: [ view_parse ] --END-- [ RunTime:0.006082s ]
INFO: [ view_filter ] --START--
INFO: Run Behavior\WriteHtmlCacheBehavior [ RunTime:0.000301s ]
INFO: [ view_filter ] --END-- [ RunTime:0.000327s ]
INFO: [ app_end ] --START--
INFO: Run Behavior\ShowPageTraceBehavior [ RunTime:0.000473s ]
INFO: [ app_end ] --END-- [ RunTime:0.000500s ]

[ 2017-01-18T09:15:54+08:00 ] 127.0.0.1 /index.php?m=Admin&c=Travel&a=commission&id=20
INFO: [ app_init ] --START--
INFO: Run Behavior\BuildLiteBehavior [ RunTime:0.000009s ]
INFO: [ app_init ] --END-- [ RunTime:0.000043s ]
INFO: [ app_begin ] --START--
INFO: Run Behavior\ReadHtmlCacheBehavior [ RunTime:0.000396s ]
INFO: [ app_begin ] --END-- [ RunTime:0.000468s ]
SQL: SHOW COLUMNS FROM `think_travel_order` [ RunTime:0.0026s ]
SQL: SELECT * FROM `think_travel_order` WHERE ( id =20 ) LIMIT 1   [ RunTime:0.0002s ]
INFO: [ view_parse ] --START--
INFO: [ template_filter ] --START--
INFO: Run Behavior\ContentReplaceBehavior [ RunTime:0.000043s ]
INFO: [ template_filter ] --END-- [ RunTime:0.000073s ]
INFO: Run Behavior\ParseTemplateBehavior [ RunTime:0.004443s ]
INFO: [ view_parse ] --END-- [ RunTime:0.004486s ]
INFO: [ view_filter ] --START--
INFO: Run Behavior\WriteHtmlCacheBehavior [ RunTime:0.001051s ]
INFO: [ view_filter ] --END-- [ RunTime:0.001306s ]
INFO: [ app_end ] --START--
INFO: Run Behavior\ShowPageTraceBehavior [ RunTime:0.000640s ]
INFO: [ app_end ] --END-- [ RunTime:0.000680s ]

[ 2017-01-18T10:16:20+08:00 ] 127.0.0.1 /index.php?m=Admin&c=Travel&a=travel_order
INFO: [ app_init ] --START--
INFO: Run Behavior\BuildLiteBehavior [ RunTime:0.000009s ]
INFO: [ app_init ] --END-- [ RunTime:0.000047s ]
INFO: [ app_begin ] --START--
INFO: Run Behavior\ReadHtmlCacheBehavior [ RunTime:0.000447s ]
INFO: [ app_begin ] --END-- [ RunTime:0.000480s ]
SQL: SHOW COLUMNS FROM `think_travel_order` [ RunTime:0.0060s ]
SQL: SELECT T.tr_name,T.thumb,think_travel_order.*,FROM_UNIXTIME( `time`,'%Y-%m-%d ' ) AS t FROM `think_travel_order` INNER JOIN think_travel T on T.tr_id=think_travel_order.tr_id   [ RunTime:0.0004s ]
INFO: [ view_parse ] --START--
INFO: [ template_filter ] --START--
INFO: Run Behavior\ContentReplaceBehavior [ RunTime:0.000073s ]
INFO: [ template_filter ] --END-- [ RunTime:0.000108s ]
NOTIC: [8] Undefined variable: title D:\htdocs\uufx\Application\Runtime\Cache\Admin\3dc9a59d9faf0bcf7f5500e921c3fa2b.php 第 25 行.
NOTIC: [8] Undefined variable: title D:\htdocs\uufx\Application\Runtime\Cache\Admin\3dc9a59d9faf0bcf7f5500e921c3fa2b.php 第 29 行.
NOTIC: [8] Undefined variable: D D:\htdocs\uufx\Application\Runtime\Cache\Admin\3dc9a59d9faf0bcf7f5500e921c3fa2b.php 第 32 行.
NOTIC: [8] Undefined variable: dp D:\htdocs\uufx\Application\Runtime\Cache\Admin\3dc9a59d9faf0bcf7f5500e921c3fa2b.php 第 32 行.
NOTIC: [8] Undefined variable: D D:\htdocs\uufx\Application\Runtime\Cache\Admin\3dc9a59d9faf0bcf7f5500e921c3fa2b.php 第 34 行.
NOTIC: [8] Undefined variable: dp D:\htdocs\uufx\Application\Runtime\Cache\Admin\3dc9a59d9faf0bcf7f5500e921c3fa2b.php 第 34 行.
INFO: Run Behavior\ParseTemplateBehavior [ RunTime:0.008621s ]
INFO: [ view_parse ] --END-- [ RunTime:0.008656s ]
INFO: [ view_filter ] --START--
INFO: Run Behavior\WriteHtmlCacheBehavior [ RunTime:0.000278s ]
INFO: [ view_filter ] --END-- [ RunTime:0.000304s ]
INFO: [ app_end ] --START--
INFO: Run Behavior\ShowPageTraceBehavior [ RunTime:0.000573s ]
INFO: [ app_end ] --END-- [ RunTime:0.000620s ]

[ 2017-01-18T10:16:40+08:00 ] 127.0.0.1 /index.php/Admin/Travel/order_edit
INFO: [ app_init ] --START--
INFO: Run Behavior\BuildLiteBehavior [ RunTime:0.000007s ]
INFO: [ app_init ] --END-- [ RunTime:0.000041s ]
INFO: [ app_begin ] --START--
INFO: Run Behavior\ReadHtmlCacheBehavior [ RunTime:0.000450s ]
INFO: [ app_begin ] --END-- [ RunTime:0.000486s ]
SQL: SHOW COLUMNS FROM `think_travel_order` [ RunTime:0.0055s ]
SQL: SELECT T.tr_name,T.thumb,think_travel_order.*,FROM_UNIXTIME( `time`,'%Y-%m-%d ' ) AS t FROM `think_travel_order` INNER JOIN think_travel T on T.tr_id=think_travel_order.tr_id  WHERE ( order_sn=2017010410050531 ) LIMIT 1   [ RunTime:0.0003s ]
INFO: [ view_parse ] --START--
INFO: [ template_filter ] --START--
INFO: Run Behavior\ContentReplaceBehavior [ RunTime:0.000092s ]
INFO: [ template_filter ] --END-- [ RunTime:0.000129s ]
INFO: Run Behavior\ParseTemplateBehavior [ RunTime:0.009273s ]
INFO: [ view_parse ] --END-- [ RunTime:0.009311s ]
INFO: [ view_filter ] --START--
INFO: Run Behavior\WriteHtmlCacheBehavior [ RunTime:0.000276s ]
INFO: [ view_filter ] --END-- [ RunTime:0.000301s ]
INFO: [ app_end ] --START--
INFO: Run Behavior\ShowPageTraceBehavior [ RunTime:0.000778s ]
INFO: [ app_end ] --END-- [ RunTime:0.000835s ]

[ 2017-01-18T10:16:42+08:00 ] 127.0.0.1 /index.php?m=Admin&c=Travel&a=travel_order
INFO: [ app_init ] --START--
INFO: Run Behavior\BuildLiteBehavior [ RunTime:0.000009s ]
INFO: [ app_init ] --END-- [ RunTime:0.000044s ]
INFO: [ app_begin ] --START--
INFO: Run Behavior\ReadHtmlCacheBehavior [ RunTime:0.000406s ]
INFO: [ app_begin ] --END-- [ RunTime:0.000446s ]
SQL: SHOW COLUMNS FROM `think_travel_order` [ RunTime:0.0057s ]
SQL: SELECT T.tr_name,T.thumb,think_travel_order.*,FROM_UNIXTIME( `time`,'%Y-%m-%d ' ) AS t FROM `think_travel_order` INNER JOIN think_travel T on T.tr_id=think_travel_order.tr_id   [ RunTime:0.0004s ]
INFO: [ view_parse ] --START--
INFO: [ template_filter ] --START--
INFO: Run Behavior\ContentReplaceBehavior [ RunTime:0.000076s ]
INFO: [ template_filter ] --END-- [ RunTime:0.000113s ]
NOTIC: [8] Undefined variable: title D:\htdocs\uufx\Application\Runtime\Cache\Admin\3dc9a59d9faf0bcf7f5500e921c3fa2b.php 第 25 行.
NOTIC: [8] Undefined variable: title D:\htdocs\uufx\Application\Runtime\Cache\Admin\3dc9a59d9faf0bcf7f5500e921c3fa2b.php 第 29 行.
NOTIC: [8] Undefined variable: D D:\htdocs\uufx\Application\Runtime\Cache\Admin\3dc9a59d9faf0bcf7f5500e921c3fa2b.php 第 32 行.
NOTIC: [8] Undefined variable: dp D:\htdocs\uufx\Application\Runtime\Cache\Admin\3dc9a59d9faf0bcf7f5500e921c3fa2b.php 第 32 行.
NOTIC: [8] Undefined variable: D D:\htdocs\uufx\Application\Runtime\Cache\Admin\3dc9a59d9faf0bcf7f5500e921c3fa2b.php 第 34 行.
NOTIC: [8] Undefined variable: dp D:\htdocs\uufx\Application\Runtime\Cache\Admin\3dc9a59d9faf0bcf7f5500e921c3fa2b.php 第 34 行.
INFO: Run Behavior\ParseTemplateBehavior [ RunTime:0.010191s ]
INFO: [ view_parse ] --END-- [ RunTime:0.010236s ]
INFO: [ view_filter ] --START--
INFO: Run Behavior\WriteHtmlCacheBehavior [ RunTime:0.000393s ]
INFO: [ view_filter ] --END-- [ RunTime:0.000421s ]
INFO: [ app_end ] --START--
INFO: Run Behavior\ShowPageTraceBehavior [ RunTime:0.000601s ]
INFO: [ app_end ] --END-- [ RunTime:0.000648s ]

[ 2017-01-18T10:31:57+08:00 ] 127.0.0.1 /index.php?m=Admin&c=Travel&a=travel_order
INFO: [ app_init ] --START--
INFO: Run Behavior\BuildLiteBehavior [ RunTime:0.000008s ]
INFO: [ app_init ] --END-- [ RunTime:0.000044s ]
INFO: [ app_begin ] --START--
INFO: Run Behavior\ReadHtmlCacheBehavior [ RunTime:0.000384s ]
INFO: [ app_begin ] --END-- [ RunTime:0.000419s ]
SQL: SHOW COLUMNS FROM `think_travel_order` [ RunTime:0.0058s ]
SQL: SELECT T.tr_name,T.thumb,think_travel_order.*,FROM_UNIXTIME( `time`,'%Y-%m-%d ' ) AS t FROM `think_travel_order` INNER JOIN think_travel T on T.tr_id=think_travel_order.tr_id   [ RunTime:0.0004s ]
INFO: [ view_parse ] --START--
INFO: [ template_filter ] --START--
INFO: Run Behavior\ContentReplaceBehavior [ RunTime:0.000076s ]
INFO: [ template_filter ] --END-- [ RunTime:0.000118s ]
NOTIC: [8] Undefined variable: title D:\htdocs\uufx\Application\Runtime\Cache\Admin\3dc9a59d9faf0bcf7f5500e921c3fa2b.php 第 25 行.
NOTIC: [8] Undefined variable: title D:\htdocs\uufx\Application\Runtime\Cache\Admin\3dc9a59d9faf0bcf7f5500e921c3fa2b.php 第 29 行.
NOTIC: [8] Undefined variable: D D:\htdocs\uufx\Application\Runtime\Cache\Admin\3dc9a59d9faf0bcf7f5500e921c3fa2b.php 第 32 行.
NOTIC: [8] Undefined variable: dp D:\htdocs\uufx\Application\Runtime\Cache\Admin\3dc9a59d9faf0bcf7f5500e921c3fa2b.php 第 32 行.
NOTIC: [8] Undefined variable: D D:\htdocs\uufx\Application\Runtime\Cache\Admin\3dc9a59d9faf0bcf7f5500e921c3fa2b.php 第 34 行.
NOTIC: [8] Undefined variable: dp D:\htdocs\uufx\Application\Runtime\Cache\Admin\3dc9a59d9faf0bcf7f5500e921c3fa2b.php 第 34 行.
INFO: Run Behavior\ParseTemplateBehavior [ RunTime:0.010293s ]
INFO: [ view_parse ] --END-- [ RunTime:0.010334s ]
INFO: [ view_filter ] --START--
INFO: Run Behavior\WriteHtmlCacheBehavior [ RunTime:0.000277s ]
INFO: [ view_filter ] --END-- [ RunTime:0.000303s ]
INFO: [ app_end ] --START--
INFO: Run Behavior\ShowPageTraceBehavior [ RunTime:0.000482s ]
INFO: [ app_end ] --END-- [ RunTime:0.000530s ]

[ 2017-01-18T10:32:05+08:00 ] 127.0.0.1 /index.php?m=Admin&c=Travel&a=commission&id=22
INFO: [ app_init ] --START--
INFO: Run Behavior\BuildLiteBehavior [ RunTime:0.000009s ]
INFO: [ app_init ] --END-- [ RunTime:0.000048s ]
INFO: [ app_begin ] --START--
INFO: Run Behavior\ReadHtmlCacheBehavior [ RunTime:0.000397s ]
INFO: [ app_begin ] --END-- [ RunTime:0.000448s ]
SQL: SHOW COLUMNS FROM `think_travel_order` [ RunTime:0.0081s ]
SQL: SELECT * FROM `think_travel_order` WHERE ( id =22 ) LIMIT 1   [ RunTime:0.0003s ]
INFO: [ view_parse ] --START--
INFO: [ template_filter ] --START--
INFO: Run Behavior\ContentReplaceBehavior [ RunTime:0.000046s ]
INFO: [ template_filter ] --END-- [ RunTime:0.000082s ]
INFO: Run Behavior\ParseTemplateBehavior [ RunTime:0.007385s ]
INFO: [ view_parse ] --END-- [ RunTime:0.007433s ]
INFO: [ view_filter ] --START--
INFO: Run Behavior\WriteHtmlCacheBehavior [ RunTime:0.000199s ]
INFO: [ view_filter ] --END-- [ RunTime:0.000224s ]
INFO: [ app_end ] --START--
INFO: Run Behavior\ShowPageTraceBehavior [ RunTime:0.000341s ]
INFO: [ app_end ] --END-- [ RunTime:0.000367s ]

[ 2017-01-18T11:25:44+08:00 ] 127.0.0.1 /index.php?m=Admin&c=Travel&a=commission&id=22
INFO: [ app_init ] --START--
INFO: Run Behavior\BuildLiteBehavior [ RunTime:0.000009s ]
INFO: [ app_init ] --END-- [ RunTime:0.000046s ]
INFO: [ app_begin ] --START--
INFO: Run Behavior\ReadHtmlCacheBehavior [ RunTime:0.000433s ]
INFO: [ app_begin ] --END-- [ RunTime:0.000468s ]
SQL: SHOW COLUMNS FROM `think_travel_order` [ RunTime:0.0060s ]
SQL: SELECT * FROM `think_travel_order` WHERE ( id =22 ) LIMIT 1   [ RunTime:0.0003s ]
INFO: [ view_parse ] --START--
INFO: [ template_filter ] --START--
INFO: Run Behavior\ContentReplaceBehavior [ RunTime:0.000048s ]
INFO: [ template_filter ] --END-- [ RunTime:0.000086s ]
INFO: Run Behavior\ParseTemplateBehavior [ RunTime:0.009508s ]
INFO: [ view_parse ] --END-- [ RunTime:0.009557s ]
INFO: [ view_filter ] --START--
INFO: Run Behavior\WriteHtmlCacheBehavior [ RunTime:0.000339s ]
INFO: [ view_filter ] --END-- [ RunTime:0.000369s ]
INFO: [ app_end ] --START--
INFO: Run Behavior\ShowPageTraceBehavior [ RunTime:0.000510s ]
INFO: [ app_end ] --END-- [ RunTime:0.000542s ]

[ 2017-01-18T11:25:50+08:00 ] 127.0.0.1 /index.php?m=Admin&c=Travel&a=commission
INFO: [ app_init ] --START--
INFO: Run Behavior\BuildLiteBehavior [ RunTime:0.000008s ]
INFO: [ app_init ] --END-- [ RunTime:0.000043s ]
INFO: [ app_begin ] --START--
INFO: Run Behavior\ReadHtmlCacheBehavior [ RunTime:0.000464s ]
INFO: [ app_begin ] --END-- [ RunTime:0.000499s ]
SQL: SHOW COLUMNS FROM `think_travel_order` [ RunTime:0.0054s ]
SQL: SELECT * FROM `think_travel_order` WHERE ( id =22 ) LIMIT 1   [ RunTime:0.0002s ]
SQL: SHOW COLUMNS FROM `think_member` [ RunTime:0.0067s ]
SQL: SELECT `repath`,`relevel`,`ulevel`,`nickname`,`reid` FROM `think_member` WHERE ( id =119 ) LIMIT 1   [ RunTime:0.0002s ]
SQL: SELECT `nickname` FROM `think_member` WHERE ( id =119 ) LIMIT 1   [ RunTime:0.0001s ]
SQL: UPDATE `think_member` SET `b6`=b6+0.08 WHERE ( id =119 ) [ RunTime:0.0017s ]
SQL: SHOW COLUMNS FROM `think_bonus_log` [ RunTime:0.0079s ]
SQL: INSERT INTO `think_bonus_log` (`uid`,`nickname`,`source_id`,`source_nickname`,`lx`,`jine`,`date`,`notes`) VALUES ('119','118','119','118','6','0.08','1484709950','合作商业务提成') [ RunTime:0.0039s ]
SQL: SELECT * FROM `think_member` WHERE ( id in (0,1,2,12,22,0) and 4-relevel<=4 and ulevel > 1 and ispay = 1 ) ORDER BY id desc  [ RunTime:0.0011s ]
SQL: SHOW COLUMNS FROM `think_ulevel` [ RunTime:0.0054s ]
SQL: SELECT * FROM `think_ulevel` WHERE ( ulevel =2 ) LIMIT 1   [ RunTime:0.0002s ]
SQL: UPDATE `think_member` SET `b6`=b6+0.05 WHERE ( id =12 ) [ RunTime:0.0002s ]
SQL: INSERT INTO `think_bonus_log` (`uid`,`nickname`,`source_id`,`source_nickname`,`lx`,`jine`,`date`,`notes`) VALUES ('12','011','119','118','6','0.05','1484709950','合作商业务管理奖') [ RunTime:0.0034s ]
SQL: SELECT * FROM `think_ulevel` WHERE ( ulevel =5 ) LIMIT 1   [ RunTime:0.0002s ]
SQL: UPDATE `think_member` SET `b6`=b6+0.07 WHERE ( id =1 ) [ RunTime:0.0002s ]
SQL: INSERT INTO `think_bonus_log` (`uid`,`nickname`,`source_id`,`source_nickname`,`lx`,`jine`,`date`,`notes`) VALUES ('1','000','119','118','6','0.07','1484709950','合作商业务管理奖') [ RunTime:0.0036s ]
SQL: SELECT * FROM `think_member` WHERE ( b1>0 or b2>0 or b3>0 or b4>0 or b5>0 or b6>0 )  [ RunTime:0.0005s ]
SQL: UPDATE `think_member` SET `b0`='0',`b1`='0',`b2`='0',`b3`='0',`b4`='0',`b5`='0',`b6`='0',`b7`='0',`b8`='0',`mey`='110968.91',`maxmey`='13091.91' WHERE ( id =1 ) [ RunTime:0.0002s ]
SQL: SHOW COLUMNS FROM `think_bonus` [ RunTime:0.0083s ]
SQL: INSERT INTO `think_bonus` (`user_id`,`b0`,`b1`,`b2`,`b3`,`b4`,`b5`,`b6`,`b7`,`b8`,`date`) VALUES ('1','0.07','0.00','0.00','0.00','0.00','0.00','0.07','0.00','0.00','1484709950') [ RunTime:0.0017s ]
SQL: UPDATE `think_member` SET `b0`='0',`b1`='0',`b2`='0',`b3`='0',`b4`='0',`b5`='0',`b6`='0',`b7`='0',`b8`='0',`mey`='62.21',`maxmey`='62.21' WHERE ( id =12 ) [ RunTime:0.0002s ]
SQL: INSERT INTO `think_bonus` (`user_id`,`b0`,`b1`,`b2`,`b3`,`b4`,`b5`,`b6`,`b7`,`b8`,`date`) VALUES ('12','0.05','0.00','0.00','0.00','0.00','0.00','0.05','0.00','0.00','1484709950') [ RunTime:0.0019s ]
SQL: UPDATE `think_member` SET `b0`='0',`b1`='0',`b2`='0',`b3`='0',`b4`='0',`b5`='0',`b6`='0',`b7`='0',`b8`='0',`mey`='249.83',`maxmey`='249.83' WHERE ( id =119 ) [ RunTime:0.0003s ]
SQL: INSERT INTO `think_bonus` (`user_id`,`b0`,`b1`,`b2`,`b3`,`b4`,`b5`,`b6`,`b7`,`b8`,`date`) VALUES ('119','0.08','0.00','0.00','0.00','0.00','0.00','0.08','0.00','0.00','1484709950') [ RunTime:0.0020s ]
INFO: [ app_end ] --START--
INFO: Run Behavior\ShowPageTraceBehavior [ RunTime:0.000555s ]
INFO: [ app_end ] --END-- [ RunTime:0.000587s ]

[ 2017-01-18T11:31:15+08:00 ] 127.0.0.1 /index.php?m=Admin&c=Travel&a=travel_order
INFO: [ app_init ] --START--
INFO: Run Behavior\BuildLiteBehavior [ RunTime:0.000009s ]
INFO: [ app_init ] --END-- [ RunTime:0.000049s ]
INFO: [ app_begin ] --START--
INFO: Run Behavior\ReadHtmlCacheBehavior [ RunTime:0.000449s ]
INFO: [ app_begin ] --END-- [ RunTime:0.000487s ]
SQL: SHOW COLUMNS FROM `think_travel_order` [ RunTime:0.0057s ]
SQL: SELECT T.tr_name,T.thumb,think_travel_order.*,FROM_UNIXTIME( `time`,'%Y-%m-%d ' ) AS t FROM `think_travel_order` INNER JOIN think_travel T on T.tr_id=think_travel_order.tr_id   [ RunTime:0.0004s ]
INFO: [ view_parse ] --START--
INFO: [ template_filter ] --START--
INFO: Run Behavior\ContentReplaceBehavior [ RunTime:0.000073s ]
INFO: [ template_filter ] --END-- [ RunTime:0.000111s ]
NOTIC: [8] Undefined variable: title D:\htdocs\uufx\Application\Runtime\Cache\Admin\3dc9a59d9faf0bcf7f5500e921c3fa2b.php 第 25 行.
NOTIC: [8] Undefined variable: title D:\htdocs\uufx\Application\Runtime\Cache\Admin\3dc9a59d9faf0bcf7f5500e921c3fa2b.php 第 29 行.
NOTIC: [8] Undefined variable: D D:\htdocs\uufx\Application\Runtime\Cache\Admin\3dc9a59d9faf0bcf7f5500e921c3fa2b.php 第 32 行.
NOTIC: [8] Undefined variable: dp D:\htdocs\uufx\Application\Runtime\Cache\Admin\3dc9a59d9faf0bcf7f5500e921c3fa2b.php 第 32 行.
NOTIC: [8] Undefined variable: D D:\htdocs\uufx\Application\Runtime\Cache\Admin\3dc9a59d9faf0bcf7f5500e921c3fa2b.php 第 34 行.
NOTIC: [8] Undefined variable: dp D:\htdocs\uufx\Application\Runtime\Cache\Admin\3dc9a59d9faf0bcf7f5500e921c3fa2b.php 第 34 行.
INFO: Run Behavior\ParseTemplateBehavior [ RunTime:0.010603s ]
INFO: [ view_parse ] --END-- [ RunTime:0.010642s ]
INFO: [ view_filter ] --START--
INFO: Run Behavior\WriteHtmlCacheBehavior [ RunTime:0.000333s ]
INFO: [ view_filter ] --END-- [ RunTime:0.000360s ]
INFO: [ app_end ] --START--
INFO: Run Behavior\ShowPageTraceBehavior [ RunTime:0.000526s ]
INFO: [ app_end ] --END-- [ RunTime:0.000569s ]

[ 2017-01-18T11:31:17+08:00 ] 127.0.0.1 /index.php?m=Admin&c=Travel&a=commission&id=22
INFO: [ app_init ] --START--
INFO: Run Behavior\BuildLiteBehavior [ RunTime:0.000010s ]
INFO: [ app_init ] --END-- [ RunTime:0.000053s ]
INFO: [ app_begin ] --START--
INFO: Run Behavior\ReadHtmlCacheBehavior [ RunTime:0.000502s ]
INFO: [ app_begin ] --END-- [ RunTime:0.000577s ]
SQL: SHOW COLUMNS FROM `think_travel_order` [ RunTime:0.0080s ]
SQL: SELECT * FROM `think_travel_order` WHERE ( id =22 ) LIMIT 1   [ RunTime:0.0016s ]
INFO: [ view_parse ] --START--
INFO: [ template_filter ] --START--
INFO: Run Behavior\ContentReplaceBehavior [ RunTime:0.000049s ]
INFO: [ template_filter ] --END-- [ RunTime:0.000090s ]
INFO: Run Behavior\ParseTemplateBehavior [ RunTime:0.007442s ]
INFO: [ view_parse ] --END-- [ RunTime:0.007522s ]
INFO: [ view_filter ] --START--
INFO: Run Behavior\WriteHtmlCacheBehavior [ RunTime:0.000341s ]
INFO: [ view_filter ] --END-- [ RunTime:0.000374s ]
INFO: [ app_end ] --START--
INFO: Run Behavior\ShowPageTraceBehavior [ RunTime:0.000457s ]
INFO: [ app_end ] --END-- [ RunTime:0.000487s ]

[ 2017-01-18T11:31:21+08:00 ] 127.0.0.1 /index.php?m=Admin&c=Travel&a=commission
INFO: [ app_init ] --START--
INFO: Run Behavior\BuildLiteBehavior [ RunTime:0.000007s ]
INFO: [ app_init ] --END-- [ RunTime:0.000040s ]
INFO: [ app_begin ] --START--
INFO: Run Behavior\ReadHtmlCacheBehavior [ RunTime:0.000424s ]
INFO: [ app_begin ] --END-- [ RunTime:0.000474s ]
SQL: SHOW COLUMNS FROM `think_travel_order` [ RunTime:0.0057s ]
SQL: SELECT * FROM `think_travel_order` WHERE ( id =22 ) LIMIT 1   [ RunTime:0.0003s ]
SQL: SHOW COLUMNS FROM `think_member` [ RunTime:0.0069s ]
SQL: SELECT `repath`,`relevel`,`ulevel`,`nickname`,`reid` FROM `think_member` WHERE ( id =119 ) LIMIT 1   [ RunTime:0.0002s ]
SQL: SELECT `nickname` FROM `think_member` WHERE ( id =119 ) LIMIT 1   [ RunTime:0.0001s ]
SQL: UPDATE `think_member` SET `b6`=b6+0.08 WHERE ( id =119 ) [ RunTime:0.0002s ]
SQL: SHOW COLUMNS FROM `think_bonus_log` [ RunTime:0.0055s ]
SQL: INSERT INTO `think_bonus_log` (`uid`,`nickname`,`source_id`,`source_nickname`,`lx`,`jine`,`date`,`notes`) VALUES ('119','118','119','118','6','0.08','1484710281','合作商业务提成') [ RunTime:0.0039s ]
SQL: SELECT * FROM `think_member` WHERE ( id in (0,1,2,12,22,0) and 4-relevel<=4 and ulevel > 1 and ispay = 1 ) ORDER BY id desc  [ RunTime:0.0007s ]
SQL: SHOW COLUMNS FROM `think_ulevel` [ RunTime:0.0055s ]
SQL: SELECT * FROM `think_ulevel` WHERE ( ulevel =2 ) LIMIT 1   [ RunTime:0.0002s ]
SQL: UPDATE `think_member` SET `b6`=b6+0.05 WHERE ( id =12 ) [ RunTime:0.0002s ]
SQL: INSERT INTO `think_bonus_log` (`uid`,`nickname`,`source_id`,`source_nickname`,`lx`,`jine`,`date`,`notes`) VALUES ('12','011','119','118','6','0.05','1484710281','合作商业务管理奖') [ RunTime:0.0036s ]
SQL: SELECT * FROM `think_ulevel` WHERE ( ulevel =5 ) LIMIT 1   [ RunTime:0.0002s ]
SQL: UPDATE `think_member` SET `b6`=b6+0.07 WHERE ( id =1 ) [ RunTime:0.0002s ]
SQL: INSERT INTO `think_bonus_log` (`uid`,`nickname`,`source_id`,`source_nickname`,`lx`,`jine`,`date`,`notes`) VALUES ('1','000','119','118','6','0.07','1484710281','合作商业务管理奖') [ RunTime:0.0035s ]
SQL: SELECT * FROM `think_member` WHERE ( b1>0 or b2>0 or b3>0 or b4>0 or b5>0 or b6>0 )  [ RunTime:0.0006s ]
SQL: UPDATE `think_member` SET `b0`='0',`b1`='0',`b2`='0',`b3`='0',`b4`='0',`b5`='0',`b6`='0',`b7`='0',`b8`='0',`mey`='110968.98',`maxmey`='13091.98' WHERE ( id =1 ) [ RunTime:0.0002s ]
SQL: SHOW COLUMNS FROM `think_bonus` [ RunTime:0.0059s ]
SQL: INSERT INTO `think_bonus` (`user_id`,`b0`,`b1`,`b2`,`b3`,`b4`,`b5`,`b6`,`b7`,`b8`,`date`) VALUES ('1','0.07','0.00','0.00','0.00','0.00','0.00','0.07','0.00','0.00','1484710281') [ RunTime:0.0062s ]
SQL: UPDATE `think_member` SET `b0`='0',`b1`='0',`b2`='0',`b3`='0',`b4`='0',`b5`='0',`b6`='0',`b7`='0',`b8`='0',`mey`='62.26',`maxmey`='62.26' WHERE ( id =12 ) [ RunTime:0.0002s ]
SQL: INSERT INTO `think_bonus` (`user_id`,`b0`,`b1`,`b2`,`b3`,`b4`,`b5`,`b6`,`b7`,`b8`,`date`) VALUES ('12','0.05','0.00','0.00','0.00','0.00','0.00','0.05','0.00','0.00','1484710281') [ RunTime:0.0037s ]
SQL: UPDATE `think_member` SET `b0`='0',`b1`='0',`b2`='0',`b3`='0',`b4`='0',`b5`='0',`b6`='0',`b7`='0',`b8`='0',`mey`='249.91',`maxmey`='249.91' WHERE ( id =119 ) [ RunTime:0.0002s ]
SQL: INSERT INTO `think_bonus` (`user_id`,`b0`,`b1`,`b2`,`b3`,`b4`,`b5`,`b6`,`b7`,`b8`,`date`) VALUES ('119','0.08','0.00','0.00','0.00','0.00','0.00','0.08','0.00','0.00','1484710281') [ RunTime:0.0036s ]
ERR: Think\Controller:ajaxSuccess方法不存在！

[ 2017-01-18T11:31:27+08:00 ] 127.0.0.1 /index.php?m=Admin&c=Travel&a=commission
INFO: [ app_init ] --START--
INFO: Run Behavior\BuildLiteBehavior [ RunTime:0.000008s ]
INFO: [ app_init ] --END-- [ RunTime:0.000043s ]
INFO: [ app_begin ] --START--
INFO: Run Behavior\ReadHtmlCacheBehavior [ RunTime:0.000655s ]
INFO: [ app_begin ] --END-- [ RunTime:0.000826s ]
SQL: SHOW COLUMNS FROM `think_travel_order` [ RunTime:0.0060s ]
SQL: SELECT * FROM `think_travel_order` WHERE ( id =22 ) LIMIT 1   [ RunTime:0.0004s ]
SQL: SHOW COLUMNS FROM `think_member` [ RunTime:0.0071s ]
SQL: SELECT `repath`,`relevel`,`ulevel`,`nickname`,`reid` FROM `think_member` WHERE ( id =119 ) LIMIT 1   [ RunTime:0.0002s ]
SQL: SELECT `nickname` FROM `think_member` WHERE ( id =119 ) LIMIT 1   [ RunTime:0.0001s ]
SQL: UPDATE `think_member` SET `b6`=b6+0.08 WHERE ( id =119 ) [ RunTime:0.0002s ]
SQL: SHOW COLUMNS FROM `think_bonus_log` [ RunTime:0.0053s ]
SQL: INSERT INTO `think_bonus_log` (`uid`,`nickname`,`source_id`,`source_nickname`,`lx`,`jine`,`date`,`notes`) VALUES ('119','118','119','118','6','0.08','1484710287','合作商业务提成') [ RunTime:0.0037s ]
SQL: SELECT * FROM `think_member` WHERE ( id in (0,1,2,12,22,0) and 4-relevel<=4 and ulevel > 1 and ispay = 1 ) ORDER BY id desc  [ RunTime:0.0007s ]
SQL: SHOW COLUMNS FROM `think_ulevel` [ RunTime:0.0058s ]
SQL: SELECT * FROM `think_ulevel` WHERE ( ulevel =2 ) LIMIT 1   [ RunTime:0.0002s ]
SQL: UPDATE `think_member` SET `b6`=b6+0.05 WHERE ( id =12 ) [ RunTime:0.0002s ]
SQL: INSERT INTO `think_bonus_log` (`uid`,`nickname`,`source_id`,`source_nickname`,`lx`,`jine`,`date`,`notes`) VALUES ('12','011','119','118','6','0.05','1484710287','合作商业务管理奖') [ RunTime:0.0037s ]
SQL: SELECT * FROM `think_ulevel` WHERE ( ulevel =5 ) LIMIT 1   [ RunTime:0.0002s ]
SQL: UPDATE `think_member` SET `b6`=b6+0.07 WHERE ( id =1 ) [ RunTime:0.0002s ]
SQL: INSERT INTO `think_bonus_log` (`uid`,`nickname`,`source_id`,`source_nickname`,`lx`,`jine`,`date`,`notes`) VALUES ('1','000','119','118','6','0.07','1484710287','合作商业务管理奖') [ RunTime:0.0037s ]
SQL: SELECT * FROM `think_member` WHERE ( b1>0 or b2>0 or b3>0 or b4>0 or b5>0 or b6>0 )  [ RunTime:0.0006s ]
SQL: UPDATE `think_member` SET `b0`='0',`b1`='0',`b2`='0',`b3`='0',`b4`='0',`b5`='0',`b6`='0',`b7`='0',`b8`='0',`mey`='110969.05',`maxmey`='13092.05' WHERE ( id =1 ) [ RunTime:0.0002s ]
SQL: SHOW COLUMNS FROM `think_bonus` [ RunTime:0.0059s ]
SQL: INSERT INTO `think_bonus` (`user_id`,`b0`,`b1`,`b2`,`b3`,`b4`,`b5`,`b6`,`b7`,`b8`,`date`) VALUES ('1','0.07','0.00','0.00','0.00','0.00','0.00','0.07','0.00','0.00','1484710287') [ RunTime:0.0038s ]
SQL: UPDATE `think_member` SET `b0`='0',`b1`='0',`b2`='0',`b3`='0',`b4`='0',`b5`='0',`b6`='0',`b7`='0',`b8`='0',`mey`='62.31',`maxmey`='62.31' WHERE ( id =12 ) [ RunTime:0.0002s ]
SQL: INSERT INTO `think_bonus` (`user_id`,`b0`,`b1`,`b2`,`b3`,`b4`,`b5`,`b6`,`b7`,`b8`,`date`) VALUES ('12','0.05','0.00','0.00','0.00','0.00','0.00','0.05','0.00','0.00','1484710287') [ RunTime:0.0036s ]
SQL: UPDATE `think_member` SET `b0`='0',`b1`='0',`b2`='0',`b3`='0',`b4`='0',`b5`='0',`b6`='0',`b7`='0',`b8`='0',`mey`='249.99',`maxmey`='249.99' WHERE ( id =119 ) [ RunTime:0.0003s ]
SQL: INSERT INTO `think_bonus` (`user_id`,`b0`,`b1`,`b2`,`b3`,`b4`,`b5`,`b6`,`b7`,`b8`,`date`) VALUES ('119','0.08','0.00','0.00','0.00','0.00','0.00','0.08','0.00','0.00','1484710287') [ RunTime:0.0038s ]
ERR: Think\Controller:ajaxSuccess方法不存在！

[ 2017-01-18T11:32:01+08:00 ] 127.0.0.1 /index.php?m=Admin&c=Travel&a=travel_order
INFO: [ app_init ] --START--
INFO: Run Behavior\BuildLiteBehavior [ RunTime:0.000008s ]
INFO: [ app_init ] --END-- [ RunTime:0.000045s ]
INFO: [ app_begin ] --START--
INFO: Run Behavior\ReadHtmlCacheBehavior [ RunTime:0.000372s ]
INFO: [ app_begin ] --END-- [ RunTime:0.000407s ]
SQL: SHOW COLUMNS FROM `think_travel_order` [ RunTime:0.0062s ]
SQL: SELECT T.tr_name,T.thumb,think_travel_order.*,FROM_UNIXTIME( `time`,'%Y-%m-%d ' ) AS t FROM `think_travel_order` INNER JOIN think_travel T on T.tr_id=think_travel_order.tr_id   [ RunTime:0.0004s ]
INFO: [ view_parse ] --START--
INFO: [ template_filter ] --START--
INFO: Run Behavior\ContentReplaceBehavior [ RunTime:0.000079s ]
INFO: [ template_filter ] --END-- [ RunTime:0.000121s ]
NOTIC: [8] Undefined variable: title D:\htdocs\uufx\Application\Runtime\Cache\Admin\3dc9a59d9faf0bcf7f5500e921c3fa2b.php 第 25 行.
NOTIC: [8] Undefined variable: title D:\htdocs\uufx\Application\Runtime\Cache\Admin\3dc9a59d9faf0bcf7f5500e921c3fa2b.php 第 29 行.
NOTIC: [8] Undefined variable: D D:\htdocs\uufx\Application\Runtime\Cache\Admin\3dc9a59d9faf0bcf7f5500e921c3fa2b.php 第 32 行.
NOTIC: [8] Undefined variable: dp D:\htdocs\uufx\Application\Runtime\Cache\Admin\3dc9a59d9faf0bcf7f5500e921c3fa2b.php 第 32 行.
NOTIC: [8] Undefined variable: D D:\htdocs\uufx\Application\Runtime\Cache\Admin\3dc9a59d9faf0bcf7f5500e921c3fa2b.php 第 34 行.
NOTIC: [8] Undefined variable: dp D:\htdocs\uufx\Application\Runtime\Cache\Admin\3dc9a59d9faf0bcf7f5500e921c3fa2b.php 第 34 行.
INFO: Run Behavior\ParseTemplateBehavior [ RunTime:0.009068s ]
INFO: [ view_parse ] --END-- [ RunTime:0.009109s ]
INFO: [ view_filter ] --START--
INFO: Run Behavior\WriteHtmlCacheBehavior [ RunTime:0.000280s ]
INFO: [ view_filter ] --END-- [ RunTime:0.000306s ]
INFO: [ app_end ] --START--
INFO: Run Behavior\ShowPageTraceBehavior [ RunTime:0.000416s ]
INFO: [ app_end ] --END-- [ RunTime:0.000453s ]

[ 2017-01-18T11:32:05+08:00 ] 127.0.0.1 /index.php?m=Admin&c=Travel&a=commission&id=22
INFO: [ app_init ] --START--
INFO: Run Behavior\BuildLiteBehavior [ RunTime:0.000014s ]
INFO: [ app_init ] --END-- [ RunTime:0.000072s ]
INFO: [ app_begin ] --START--
INFO: Run Behavior\ReadHtmlCacheBehavior [ RunTime:0.000368s ]
INFO: [ app_begin ] --END-- [ RunTime:0.000416s ]
SQL: SHOW COLUMNS FROM `think_travel_order` [ RunTime:0.0089s ]
SQL: SELECT * FROM `think_travel_order` WHERE ( id =22 ) LIMIT 1   [ RunTime:0.0004s ]
INFO: [ view_parse ] --START--
INFO: [ template_filter ] --START--
INFO: Run Behavior\ContentReplaceBehavior [ RunTime:0.000051s ]
INFO: [ template_filter ] --END-- [ RunTime:0.000094s ]
INFO: Run Behavior\ParseTemplateBehavior [ RunTime:0.008373s ]
INFO: [ view_parse ] --END-- [ RunTime:0.008420s ]
INFO: [ view_filter ] --START--
INFO: Run Behavior\WriteHtmlCacheBehavior [ RunTime:0.000209s ]
INFO: [ view_filter ] --END-- [ RunTime:0.000234s ]
INFO: [ app_end ] --START--
INFO: Run Behavior\ShowPageTraceBehavior [ RunTime:0.000414s ]
INFO: [ app_end ] --END-- [ RunTime:0.000441s ]

[ 2017-01-18T11:32:11+08:00 ] 127.0.0.1 /index.php?m=Admin&c=Travel&a=commission
INFO: [ app_init ] --START--
INFO: Run Behavior\BuildLiteBehavior [ RunTime:0.000043s ]
INFO: [ app_init ] --END-- [ RunTime:0.000127s ]
INFO: [ app_begin ] --START--
INFO: Run Behavior\ReadHtmlCacheBehavior [ RunTime:0.000394s ]
INFO: [ app_begin ] --END-- [ RunTime:0.000433s ]
SQL: SHOW COLUMNS FROM `think_travel_order` [ RunTime:0.0092s ]
SQL: SELECT * FROM `think_travel_order` WHERE ( id =22 ) LIMIT 1   [ RunTime:0.0003s ]
SQL: SHOW COLUMNS FROM `think_member` [ RunTime:0.0073s ]
SQL: SELECT `repath`,`relevel`,`ulevel`,`nickname`,`reid` FROM `think_member` WHERE ( id =119 ) LIMIT 1   [ RunTime:0.0002s ]
SQL: SELECT `nickname` FROM `think_member` WHERE ( id =119 ) LIMIT 1   [ RunTime:0.0001s ]
SQL: UPDATE `think_member` SET `b6`=b6+0.08 WHERE ( id =119 ) [ RunTime:0.0002s ]
SQL: SHOW COLUMNS FROM `think_bonus_log` [ RunTime:0.0053s ]
SQL: INSERT INTO `think_bonus_log` (`uid`,`nickname`,`source_id`,`source_nickname`,`lx`,`jine`,`date`,`notes`) VALUES ('119','118','119','118','6','0.08','1484710331','合作商业务提成') [ RunTime:0.0061s ]
SQL: SELECT * FROM `think_member` WHERE ( id in (0,1,2,12,22,0) and 4-relevel<=4 and ulevel > 1 and ispay = 1 ) ORDER BY id desc  [ RunTime:0.0007s ]
SQL: SHOW COLUMNS FROM `think_ulevel` [ RunTime:0.0060s ]
SQL: SELECT * FROM `think_ulevel` WHERE ( ulevel =2 ) LIMIT 1   [ RunTime:0.0002s ]
SQL: UPDATE `think_member` SET `b6`=b6+0.05 WHERE ( id =12 ) [ RunTime:0.0002s ]
SQL: INSERT INTO `think_bonus_log` (`uid`,`nickname`,`source_id`,`source_nickname`,`lx`,`jine`,`date`,`notes`) VALUES ('12','011','119','118','6','0.05','1484710331','合作商业务管理奖') [ RunTime:0.0020s ]
SQL: SELECT * FROM `think_ulevel` WHERE ( ulevel =5 ) LIMIT 1   [ RunTime:0.0002s ]
SQL: UPDATE `think_member` SET `b6`=b6+0.07 WHERE ( id =1 ) [ RunTime:0.0002s ]
SQL: INSERT INTO `think_bonus_log` (`uid`,`nickname`,`source_id`,`source_nickname`,`lx`,`jine`,`date`,`notes`) VALUES ('1','000','119','118','6','0.07','1484710331','合作商业务管理奖') [ RunTime:0.0021s ]
SQL: SELECT * FROM `think_member` WHERE ( b1>0 or b2>0 or b3>0 or b4>0 or b5>0 or b6>0 )  [ RunTime:0.0007s ]
SQL: UPDATE `think_member` SET `b0`='0',`b1`='0',`b2`='0',`b3`='0',`b4`='0',`b5`='0',`b6`='0',`b7`='0',`b8`='0',`mey`='110969.12',`maxmey`='13092.12' WHERE ( id =1 ) [ RunTime:0.0002s ]
SQL: SHOW COLUMNS FROM `think_bonus` [ RunTime:0.0059s ]
SQL: INSERT INTO `think_bonus` (`user_id`,`b0`,`b1`,`b2`,`b3`,`b4`,`b5`,`b6`,`b7`,`b8`,`date`) VALUES ('1','0.07','0.00','0.00','0.00','0.00','0.00','0.07','0.00','0.00','1484710331') [ RunTime:0.0027s ]
SQL: UPDATE `think_member` SET `b0`='0',`b1`='0',`b2`='0',`b3`='0',`b4`='0',`b5`='0',`b6`='0',`b7`='0',`b8`='0',`mey`='62.36',`maxmey`='62.36' WHERE ( id =12 ) [ RunTime:0.0003s ]
SQL: INSERT INTO `think_bonus` (`user_id`,`b0`,`b1`,`b2`,`b3`,`b4`,`b5`,`b6`,`b7`,`b8`,`date`) VALUES ('12','0.05','0.00','0.00','0.00','0.00','0.00','0.05','0.00','0.00','1484710331') [ RunTime:0.0020s ]
SQL: UPDATE `think_member` SET `b0`='0',`b1`='0',`b2`='0',`b3`='0',`b4`='0',`b5`='0',`b6`='0',`b7`='0',`b8`='0',`mey`='250.07',`maxmey`='250.07' WHERE ( id =119 ) [ RunTime:0.0002s ]
SQL: INSERT INTO `think_bonus` (`user_id`,`b0`,`b1`,`b2`,`b3`,`b4`,`b5`,`b6`,`b7`,`b8`,`date`) VALUES ('119','0.08','0.00','0.00','0.00','0.00','0.00','0.08','0.00','0.00','1484710331') [ RunTime:0.0019s ]

[ 2017-01-18T11:32:24+08:00 ] 127.0.0.1 /index.php?m=Admin&c=Travel&a=travel_order
INFO: [ app_init ] --START--
INFO: Run Behavior\BuildLiteBehavior [ RunTime:0.000014s ]
INFO: [ app_init ] --END-- [ RunTime:0.000077s ]
INFO: [ app_begin ] --START--
INFO: Run Behavior\ReadHtmlCacheBehavior [ RunTime:0.000346s ]
INFO: [ app_begin ] --END-- [ RunTime:0.000385s ]
SQL: SHOW COLUMNS FROM `think_travel_order` [ RunTime:0.0058s ]
SQL: SELECT T.tr_name,T.thumb,think_travel_order.*,FROM_UNIXTIME( `time`,'%Y-%m-%d ' ) AS t FROM `think_travel_order` INNER JOIN think_travel T on T.tr_id=think_travel_order.tr_id   [ RunTime:0.0004s ]
INFO: [ view_parse ] --START--
INFO: [ template_filter ] --START--
INFO: Run Behavior\ContentReplaceBehavior [ RunTime:0.000073s ]
INFO: [ template_filter ] --END-- [ RunTime:0.000109s ]
NOTIC: [8] Undefined variable: title D:\htdocs\uufx\Application\Runtime\Cache\Admin\3dc9a59d9faf0bcf7f5500e921c3fa2b.php 第 25 行.
NOTIC: [8] Undefined variable: title D:\htdocs\uufx\Application\Runtime\Cache\Admin\3dc9a59d9faf0bcf7f5500e921c3fa2b.php 第 29 行.
NOTIC: [8] Undefined variable: D D:\htdocs\uufx\Application\Runtime\Cache\Admin\3dc9a59d9faf0bcf7f5500e921c3fa2b.php 第 32 行.
NOTIC: [8] Undefined variable: dp D:\htdocs\uufx\Application\Runtime\Cache\Admin\3dc9a59d9faf0bcf7f5500e921c3fa2b.php 第 32 行.
NOTIC: [8] Undefined variable: D D:\htdocs\uufx\Application\Runtime\Cache\Admin\3dc9a59d9faf0bcf7f5500e921c3fa2b.php 第 34 行.
NOTIC: [8] Undefined variable: dp D:\htdocs\uufx\Application\Runtime\Cache\Admin\3dc9a59d9faf0bcf7f5500e921c3fa2b.php 第 34 行.
INFO: Run Behavior\ParseTemplateBehavior [ RunTime:0.009465s ]
INFO: [ view_parse ] --END-- [ RunTime:0.009508s ]
INFO: [ view_filter ] --START--
INFO: Run Behavior\WriteHtmlCacheBehavior [ RunTime:0.000295s ]
INFO: [ view_filter ] --END-- [ RunTime:0.000323s ]
INFO: [ app_end ] --START--
INFO: Run Behavior\ShowPageTraceBehavior [ RunTime:0.000516s ]
INFO: [ app_end ] --END-- [ RunTime:0.000558s ]

[ 2017-01-18T11:32:26+08:00 ] 127.0.0.1 /index.php?m=Admin&c=Travel&a=travel_order
INFO: [ app_init ] --START--
INFO: Run Behavior\BuildLiteBehavior [ RunTime:0.000009s ]
INFO: [ app_init ] --END-- [ RunTime:0.000050s ]
INFO: [ app_begin ] --START--
INFO: Run Behavior\ReadHtmlCacheBehavior [ RunTime:0.000404s ]
INFO: [ app_begin ] --END-- [ RunTime:0.000443s ]
SQL: SHOW COLUMNS FROM `think_travel_order` [ RunTime:0.0066s ]
SQL: SELECT T.tr_name,T.thumb,think_travel_order.*,FROM_UNIXTIME( `time`,'%Y-%m-%d ' ) AS t FROM `think_travel_order` INNER JOIN think_travel T on T.tr_id=think_travel_order.tr_id   [ RunTime:0.0004s ]
INFO: [ view_parse ] --START--
INFO: [ template_filter ] --START--
INFO: Run Behavior\ContentReplaceBehavior [ RunTime:0.000074s ]
INFO: [ template_filter ] --END-- [ RunTime:0.000108s ]
NOTIC: [8] Undefined variable: title D:\htdocs\uufx\Application\Runtime\Cache\Admin\3dc9a59d9faf0bcf7f5500e921c3fa2b.php 第 25 行.
NOTIC: [8] Undefined variable: title D:\htdocs\uufx\Application\Runtime\Cache\Admin\3dc9a59d9faf0bcf7f5500e921c3fa2b.php 第 29 行.
NOTIC: [8] Undefined variable: D D:\htdocs\uufx\Application\Runtime\Cache\Admin\3dc9a59d9faf0bcf7f5500e921c3fa2b.php 第 32 行.
NOTIC: [8] Undefined variable: dp D:\htdocs\uufx\Application\Runtime\Cache\Admin\3dc9a59d9faf0bcf7f5500e921c3fa2b.php 第 32 行.
NOTIC: [8] Undefined variable: D D:\htdocs\uufx\Application\Runtime\Cache\Admin\3dc9a59d9faf0bcf7f5500e921c3fa2b.php 第 34 行.
NOTIC: [8] Undefined variable: dp D:\htdocs\uufx\Application\Runtime\Cache\Admin\3dc9a59d9faf0bcf7f5500e921c3fa2b.php 第 34 行.
INFO: Run Behavior\ParseTemplateBehavior [ RunTime:0.008580s ]
INFO: [ view_parse ] --END-- [ RunTime:0.008618s ]
INFO: [ view_filter ] --START--
INFO: Run Behavior\WriteHtmlCacheBehavior [ RunTime:0.000262s ]
INFO: [ view_filter ] --END-- [ RunTime:0.000289s ]
INFO: [ app_end ] --START--
INFO: Run Behavior\ShowPageTraceBehavior [ RunTime:0.000520s ]
INFO: [ app_end ] --END-- [ RunTime:0.000561s ]

[ 2017-01-18T11:32:32+08:00 ] 127.0.0.1 /index.php?m=Admin&c=Travel&a=commission&id=22
INFO: [ app_init ] --START--
INFO: Run Behavior\BuildLiteBehavior [ RunTime:0.000009s ]
INFO: [ app_init ] --END-- [ RunTime:0.000050s ]
INFO: [ app_begin ] --START--
INFO: Run Behavior\ReadHtmlCacheBehavior [ RunTime:0.000416s ]
INFO: [ app_begin ] --END-- [ RunTime:0.000458s ]
SQL: SHOW COLUMNS FROM `think_travel_order` [ RunTime:0.0056s ]
SQL: SELECT * FROM `think_travel_order` WHERE ( id =22 ) LIMIT 1   [ RunTime:0.0003s ]
INFO: [ view_parse ] --START--
INFO: [ template_filter ] --START--
INFO: Run Behavior\ContentReplaceBehavior [ RunTime:0.000048s ]
INFO: [ template_filter ] --END-- [ RunTime:0.000089s ]
INFO: Run Behavior\ParseTemplateBehavior [ RunTime:0.008190s ]
INFO: [ view_parse ] --END-- [ RunTime:0.008246s ]
INFO: [ view_filter ] --START--
INFO: Run Behavior\WriteHtmlCacheBehavior [ RunTime:0.000223s ]
INFO: [ view_filter ] --END-- [ RunTime:0.000252s ]
INFO: [ app_end ] --START--
INFO: Run Behavior\ShowPageTraceBehavior [ RunTime:0.000430s ]
INFO: [ app_end ] --END-- [ RunTime:0.000459s ]

[ 2017-01-18T11:33:21+08:00 ] 127.0.0.1 /index.php?m=Admin&c=Travel&a=travel_order
INFO: [ app_init ] --START--
INFO: Run Behavior\BuildLiteBehavior [ RunTime:0.000008s ]
INFO: [ app_init ] --END-- [ RunTime:0.000044s ]
INFO: [ app_begin ] --START--
INFO: Run Behavior\ReadHtmlCacheBehavior [ RunTime:0.000455s ]
INFO: [ app_begin ] --END-- [ RunTime:0.000494s ]
SQL: SHOW COLUMNS FROM `think_travel_order` [ RunTime:0.0060s ]
SQL: SELECT T.tr_name,T.thumb,think_travel_order.*,FROM_UNIXTIME( `time`,'%Y-%m-%d ' ) AS t FROM `think_travel_order` INNER JOIN think_travel T on T.tr_id=think_travel_order.tr_id   [ RunTime:0.0004s ]
INFO: [ view_parse ] --START--
INFO: [ template_filter ] --START--
INFO: Run Behavior\ContentReplaceBehavior [ RunTime:0.000091s ]
INFO: [ template_filter ] --END-- [ RunTime:0.000127s ]
NOTIC: [8] Undefined variable: title D:\htdocs\uufx\Application\Runtime\Cache\Admin\3dc9a59d9faf0bcf7f5500e921c3fa2b.php 第 25 行.
NOTIC: [8] Undefined variable: title D:\htdocs\uufx\Application\Runtime\Cache\Admin\3dc9a59d9faf0bcf7f5500e921c3fa2b.php 第 29 行.
NOTIC: [8] Undefined variable: D D:\htdocs\uufx\Application\Runtime\Cache\Admin\3dc9a59d9faf0bcf7f5500e921c3fa2b.php 第 32 行.
NOTIC: [8] Undefined variable: dp D:\htdocs\uufx\Application\Runtime\Cache\Admin\3dc9a59d9faf0bcf7f5500e921c3fa2b.php 第 32 行.
NOTIC: [8] Undefined variable: D D:\htdocs\uufx\Application\Runtime\Cache\Admin\3dc9a59d9faf0bcf7f5500e921c3fa2b.php 第 34 行.
NOTIC: [8] Undefined variable: dp D:\htdocs\uufx\Application\Runtime\Cache\Admin\3dc9a59d9faf0bcf7f5500e921c3fa2b.php 第 34 行.
INFO: Run Behavior\ParseTemplateBehavior [ RunTime:0.009405s ]
INFO: [ view_parse ] --END-- [ RunTime:0.009448s ]
INFO: [ view_filter ] --START--
INFO: Run Behavior\WriteHtmlCacheBehavior [ RunTime:0.000392s ]
INFO: [ view_filter ] --END-- [ RunTime:0.000422s ]
INFO: [ app_end ] --START--
INFO: Run Behavior\ShowPageTraceBehavior [ RunTime:0.000550s ]
INFO: [ app_end ] --END-- [ RunTime:0.000596s ]

[ 2017-01-18T11:33:24+08:00 ] 127.0.0.1 /index.php?m=Admin&c=Travel&a=commission&id=22
INFO: [ app_init ] --START--
INFO: Run Behavior\BuildLiteBehavior [ RunTime:0.000010s ]
INFO: [ app_init ] --END-- [ RunTime:0.000050s ]
INFO: [ app_begin ] --START--
INFO: Run Behavior\ReadHtmlCacheBehavior [ RunTime:0.000400s ]
INFO: [ app_begin ] --END-- [ RunTime:0.000455s ]
SQL: SHOW COLUMNS FROM `think_travel_order` [ RunTime:0.0093s ]
SQL: SELECT * FROM `think_travel_order` WHERE ( id =22 ) LIMIT 1   [ RunTime:0.0010s ]
INFO: [ view_parse ] --START--
INFO: [ template_filter ] --START--
INFO: Run Behavior\ContentReplaceBehavior [ RunTime:0.000047s ]
INFO: [ template_filter ] --END-- [ RunTime:0.000085s ]
INFO: Run Behavior\ParseTemplateBehavior [ RunTime:0.006241s ]
INFO: [ view_parse ] --END-- [ RunTime:0.006290s ]
INFO: [ view_filter ] --START--
INFO: Run Behavior\WriteHtmlCacheBehavior [ RunTime:0.000219s ]
INFO: [ view_filter ] --END-- [ RunTime:0.000246s ]
INFO: [ app_end ] --START--
INFO: Run Behavior\ShowPageTraceBehavior [ RunTime:0.000423s ]
INFO: [ app_end ] --END-- [ RunTime:0.000451s ]

[ 2017-01-18T11:34:47+08:00 ] 127.0.0.1 /index.php?m=Admin&c=Travel&a=travel_order
INFO: [ app_init ] --START--
INFO: Run Behavior\BuildLiteBehavior [ RunTime:0.000011s ]
INFO: [ app_init ] --END-- [ RunTime:0.000055s ]
INFO: [ app_begin ] --START--
INFO: Run Behavior\ReadHtmlCacheBehavior [ RunTime:0.000390s ]
INFO: [ app_begin ] --END-- [ RunTime:0.000430s ]
SQL: SHOW COLUMNS FROM `think_travel_order` [ RunTime:0.0062s ]
SQL: SELECT T.tr_name,T.thumb,think_travel_order.*,FROM_UNIXTIME( `time`,'%Y-%m-%d ' ) AS t FROM `think_travel_order` INNER JOIN think_travel T on T.tr_id=think_travel_order.tr_id   [ RunTime:0.0004s ]
INFO: [ view_parse ] --START--
INFO: [ template_filter ] --START--
INFO: Run Behavior\ContentReplaceBehavior [ RunTime:0.000075s ]
INFO: [ template_filter ] --END-- [ RunTime:0.000111s ]
NOTIC: [8] Undefined variable: title D:\htdocs\uufx\Application\Runtime\Cache\Admin\3dc9a59d9faf0bcf7f5500e921c3fa2b.php 第 25 行.
NOTIC: [8] Undefined variable: title D:\htdocs\uufx\Application\Runtime\Cache\Admin\3dc9a59d9faf0bcf7f5500e921c3fa2b.php 第 29 行.
NOTIC: [8] Undefined variable: D D:\htdocs\uufx\Application\Runtime\Cache\Admin\3dc9a59d9faf0bcf7f5500e921c3fa2b.php 第 32 行.
NOTIC: [8] Undefined variable: dp D:\htdocs\uufx\Application\Runtime\Cache\Admin\3dc9a59d9faf0bcf7f5500e921c3fa2b.php 第 32 行.
NOTIC: [8] Undefined variable: D D:\htdocs\uufx\Application\Runtime\Cache\Admin\3dc9a59d9faf0bcf7f5500e921c3fa2b.php 第 34 行.
NOTIC: [8] Undefined variable: dp D:\htdocs\uufx\Application\Runtime\Cache\Admin\3dc9a59d9faf0bcf7f5500e921c3fa2b.php 第 34 行.
INFO: Run Behavior\ParseTemplateBehavior [ RunTime:0.009089s ]
INFO: [ view_parse ] --END-- [ RunTime:0.009131s ]
INFO: [ view_filter ] --START--
INFO: Run Behavior\WriteHtmlCacheBehavior [ RunTime:0.000257s ]
INFO: [ view_filter ] --END-- [ RunTime:0.000281s ]
INFO: [ app_end ] --START--
INFO: Run Behavior\ShowPageTraceBehavior [ RunTime:0.000605s ]
INFO: [ app_end ] --END-- [ RunTime:0.000651s ]

[ 2017-01-18T11:34:50+08:00 ] 127.0.0.1 /index.php?m=Admin&c=Travel&a=commission&id=22
INFO: [ app_init ] --START--
INFO: Run Behavior\BuildLiteBehavior [ RunTime:0.000008s ]
INFO: [ app_init ] --END-- [ RunTime:0.000046s ]
INFO: [ app_begin ] --START--
INFO: Run Behavior\ReadHtmlCacheBehavior [ RunTime:0.000379s ]
INFO: [ app_begin ] --END-- [ RunTime:0.000413s ]
SQL: SHOW COLUMNS FROM `think_travel_order` [ RunTime:0.0076s ]
SQL: SELECT * FROM `think_travel_order` WHERE ( id =22 ) LIMIT 1   [ RunTime:0.0003s ]
INFO: [ view_parse ] --START--
INFO: [ template_filter ] --START--
INFO: Run Behavior\ContentReplaceBehavior [ RunTime:0.000044s ]
INFO: [ template_filter ] --END-- [ RunTime:0.000082s ]
INFO: Run Behavior\ParseTemplateBehavior [ RunTime:0.006322s ]
INFO: [ view_parse ] --END-- [ RunTime:0.006366s ]
INFO: [ view_filter ] --START--
INFO: Run Behavior\WriteHtmlCacheBehavior [ RunTime:0.000268s ]
INFO: [ view_filter ] --END-- [ RunTime:0.000296s ]
INFO: [ app_end ] --START--
INFO: Run Behavior\ShowPageTraceBehavior [ RunTime:0.000480s ]
INFO: [ app_end ] --END-- [ RunTime:0.000508s ]

[ 2017-01-18T11:54:35+08:00 ] 127.0.0.1 /index.php?m=Admin&c=Travel&a=travel_user&order_sn=2017011810154549
INFO: [ app_init ] --START--
INFO: Run Behavior\BuildLiteBehavior [ RunTime:0.000246s ]
INFO: [ app_init ] --END-- [ RunTime:0.000336s ]
INFO: [ app_begin ] --START--
INFO: Run Behavior\ReadHtmlCacheBehavior [ RunTime:0.000579s ]
INFO: [ app_begin ] --END-- [ RunTime:0.000642s ]
SQL: SHOW COLUMNS FROM `think_travel_order` [ RunTime:0.0072s ]
SQL: SHOW COLUMNS FROM `think_travel_user` [ RunTime:0.0095s ]
SQL: SELECT * FROM `think_travel_user` WHERE ( order_id=2017011810154549 )  [ RunTime:0.0004s ]
INFO: [ view_parse ] --START--
INFO: [ template_filter ] --START--
INFO: Run Behavior\ContentReplaceBehavior [ RunTime:0.000088s ]
INFO: [ template_filter ] --END-- [ RunTime:0.000134s ]
NOTIC: [8] Undefined variable: title D:\htdocs\uufx\Application\Runtime\Cache\Admin\959d7e701e87e3a5d2798417787a51f2.php 第 27 行.
NOTIC: [8] Undefined variable: title D:\htdocs\uufx\Application\Runtime\Cache\Admin\959d7e701e87e3a5d2798417787a51f2.php 第 31 行.
NOTIC: [8] Undefined variable: D D:\htdocs\uufx\Application\Runtime\Cache\Admin\959d7e701e87e3a5d2798417787a51f2.php 第 34 行.
NOTIC: [8] Undefined variable: dp D:\htdocs\uufx\Application\Runtime\Cache\Admin\959d7e701e87e3a5d2798417787a51f2.php 第 34 行.
NOTIC: [8] Undefined variable: D D:\htdocs\uufx\Application\Runtime\Cache\Admin\959d7e701e87e3a5d2798417787a51f2.php 第 36 行.
NOTIC: [8] Undefined variable: dp D:\htdocs\uufx\Application\Runtime\Cache\Admin\959d7e701e87e3a5d2798417787a51f2.php 第 36 行.
INFO: Run Behavior\ParseTemplateBehavior [ RunTime:0.012509s ]
INFO: [ view_parse ] --END-- [ RunTime:0.012555s ]
INFO: [ view_filter ] --START--
INFO: Run Behavior\WriteHtmlCacheBehavior [ RunTime:0.000342s ]
INFO: [ view_filter ] --END-- [ RunTime:0.000372s ]
INFO: [ app_end ] --START--
INFO: Run Behavior\ShowPageTraceBehavior [ RunTime:0.000990s ]
INFO: [ app_end ] --END-- [ RunTime:0.001087s ]

[ 2017-01-18T14:12:01+08:00 ] 127.0.0.1 /index.php?m=Admin&c=Travel&a=travel_order
INFO: [ app_init ] --START--
INFO: Run Behavior\BuildLiteBehavior [ RunTime:0.000007s ]
INFO: [ app_init ] --END-- [ RunTime:0.000045s ]
INFO: [ app_begin ] --START--
INFO: Run Behavior\ReadHtmlCacheBehavior [ RunTime:0.000581s ]
INFO: [ app_begin ] --END-- [ RunTime:0.000640s ]
SQL: SHOW COLUMNS FROM `think_travel_order` [ RunTime:0.0063s ]
SQL: SELECT T.tr_name,T.thumb,think_travel_order.*,FROM_UNIXTIME( `time`,'%Y-%m-%d ' ) AS t FROM `think_travel_order` INNER JOIN think_travel T on T.tr_id=think_travel_order.tr_id   [ RunTime:0.0004s ]
INFO: [ view_parse ] --START--
INFO: [ template_filter ] --START--
INFO: Run Behavior\ContentReplaceBehavior [ RunTime:0.000075s ]
INFO: [ template_filter ] --END-- [ RunTime:0.000110s ]
NOTIC: [8] Undefined variable: title D:\htdocs\uufx\Application\Runtime\Cache\Admin\3dc9a59d9faf0bcf7f5500e921c3fa2b.php 第 25 行.
NOTIC: [8] Undefined variable: title D:\htdocs\uufx\Application\Runtime\Cache\Admin\3dc9a59d9faf0bcf7f5500e921c3fa2b.php 第 29 行.
NOTIC: [8] Undefined variable: D D:\htdocs\uufx\Application\Runtime\Cache\Admin\3dc9a59d9faf0bcf7f5500e921c3fa2b.php 第 32 行.
NOTIC: [8] Undefined variable: dp D:\htdocs\uufx\Application\Runtime\Cache\Admin\3dc9a59d9faf0bcf7f5500e921c3fa2b.php 第 32 行.
NOTIC: [8] Undefined variable: D D:\htdocs\uufx\Application\Runtime\Cache\Admin\3dc9a59d9faf0bcf7f5500e921c3fa2b.php 第 34 行.
NOTIC: [8] Undefined variable: dp D:\htdocs\uufx\Application\Runtime\Cache\Admin\3dc9a59d9faf0bcf7f5500e921c3fa2b.php 第 34 行.
INFO: Run Behavior\ParseTemplateBehavior [ RunTime:0.010066s ]
INFO: [ view_parse ] --END-- [ RunTime:0.010108s ]
INFO: [ view_filter ] --START--
INFO: Run Behavior\WriteHtmlCacheBehavior [ RunTime:0.000369s ]
INFO: [ view_filter ] --END-- [ RunTime:0.000399s ]
INFO: [ app_end ] --START--
INFO: Run Behavior\ShowPageTraceBehavior [ RunTime:0.000560s ]
INFO: [ app_end ] --END-- [ RunTime:0.000605s ]

[ 2017-01-18T14:12:09+08:00 ] 127.0.0.1 /index.php?m=Admin&c=Travel&a=commission&id=22
INFO: [ app_init ] --START--
INFO: Run Behavior\BuildLiteBehavior [ RunTime:0.000011s ]
INFO: [ app_init ] --END-- [ RunTime:0.000053s ]
INFO: [ app_begin ] --START--
INFO: Run Behavior\ReadHtmlCacheBehavior [ RunTime:0.000384s ]
INFO: [ app_begin ] --END-- [ RunTime:0.000423s ]
SQL: SHOW COLUMNS FROM `think_travel_order` [ RunTime:0.0058s ]
SQL: SELECT * FROM `think_travel_order` WHERE ( id =22 ) LIMIT 1   [ RunTime:0.0003s ]
INFO: [ view_parse ] --START--
INFO: [ template_filter ] --START--
INFO: Run Behavior\ContentReplaceBehavior [ RunTime:0.000049s ]
INFO: [ template_filter ] --END-- [ RunTime:0.000090s ]
INFO: Run Behavior\ParseTemplateBehavior [ RunTime:0.009435s ]
INFO: [ view_parse ] --END-- [ RunTime:0.009483s ]
INFO: [ view_filter ] --START--
INFO: Run Behavior\WriteHtmlCacheBehavior [ RunTime:0.000259s ]
INFO: [ view_filter ] --END-- [ RunTime:0.000292s ]
INFO: [ app_end ] --START--
INFO: Run Behavior\ShowPageTraceBehavior [ RunTime:0.000466s ]
INFO: [ app_end ] --END-- [ RunTime:0.000498s ]

[ 2017-01-18T14:27:05+08:00 ] 127.0.0.1 /index.php?m=Admin&c=Travel&a=travel_order
INFO: [ app_init ] --START--
INFO: Run Behavior\BuildLiteBehavior [ RunTime:0.000009s ]
INFO: [ app_init ] --END-- [ RunTime:0.000050s ]
INFO: [ app_begin ] --START--
INFO: Run Behavior\ReadHtmlCacheBehavior [ RunTime:0.000440s ]
INFO: [ app_begin ] --END-- [ RunTime:0.000476s ]
SQL: SHOW COLUMNS FROM `think_travel_order` [ RunTime:0.0058s ]
SQL: SELECT T.tr_name,T.thumb,think_travel_order.*,FROM_UNIXTIME( `time`,'%Y-%m-%d ' ) AS t FROM `think_travel_order` INNER JOIN think_travel T on T.tr_id=think_travel_order.tr_id   [ RunTime:0.0004s ]
INFO: [ view_parse ] --START--
INFO: [ template_filter ] --START--
INFO: Run Behavior\ContentReplaceBehavior [ RunTime:0.000080s ]
INFO: [ template_filter ] --END-- [ RunTime:0.000124s ]
NOTIC: [8] Undefined variable: title D:\htdocs\uufx\Application\Runtime\Cache\Admin\3dc9a59d9faf0bcf7f5500e921c3fa2b.php 第 25 行.
NOTIC: [8] Undefined variable: title D:\htdocs\uufx\Application\Runtime\Cache\Admin\3dc9a59d9faf0bcf7f5500e921c3fa2b.php 第 29 行.
NOTIC: [8] Undefined variable: D D:\htdocs\uufx\Application\Runtime\Cache\Admin\3dc9a59d9faf0bcf7f5500e921c3fa2b.php 第 32 行.
NOTIC: [8] Undefined variable: dp D:\htdocs\uufx\Application\Runtime\Cache\Admin\3dc9a59d9faf0bcf7f5500e921c3fa2b.php 第 32 行.
NOTIC: [8] Undefined variable: D D:\htdocs\uufx\Application\Runtime\Cache\Admin\3dc9a59d9faf0bcf7f5500e921c3fa2b.php 第 34 行.
NOTIC: [8] Undefined variable: dp D:\htdocs\uufx\Application\Runtime\Cache\Admin\3dc9a59d9faf0bcf7f5500e921c3fa2b.php 第 34 行.
INFO: Run Behavior\ParseTemplateBehavior [ RunTime:0.010109s ]
INFO: [ view_parse ] --END-- [ RunTime:0.010149s ]
INFO: [ view_filter ] --START--
INFO: Run Behavior\WriteHtmlCacheBehavior [ RunTime:0.000345s ]
INFO: [ view_filter ] --END-- [ RunTime:0.000374s ]
INFO: [ app_end ] --START--
INFO: Run Behavior\ShowPageTraceBehavior [ RunTime:0.000666s ]
INFO: [ app_end ] --END-- [ RunTime:0.000717s ]

[ 2017-01-18T14:27:08+08:00 ] 127.0.0.1 /index.php?m=Admin&c=Travel&a=sales_commissions&id=22
INFO: [ app_init ] --START--
INFO: Run Behavior\BuildLiteBehavior [ RunTime:0.000012s ]
INFO: [ app_init ] --END-- [ RunTime:0.000059s ]
INFO: [ app_begin ] --START--
INFO: Run Behavior\ReadHtmlCacheBehavior [ RunTime:0.000393s ]
INFO: [ app_begin ] --END-- [ RunTime:0.000442s ]
SQL: SHOW COLUMNS FROM `think_travel_order` [ RunTime:0.0093s ]
SQL: SELECT * FROM `think_travel_order` WHERE ( id =22 ) LIMIT 1   [ RunTime:0.0008s ]
ERR: 模板不存在:./Application/Admin/View/Travel/sales_commissions.html

[ 2017-01-18T14:28:11+08:00 ] 127.0.0.1 /index.php?m=Admin&c=Travel&a=travel_order
INFO: [ app_init ] --START--
INFO: Run Behavior\BuildLiteBehavior [ RunTime:0.000012s ]
INFO: [ app_init ] --END-- [ RunTime:0.000059s ]
INFO: [ app_begin ] --START--
INFO: Run Behavior\ReadHtmlCacheBehavior [ RunTime:0.000353s ]
INFO: [ app_begin ] --END-- [ RunTime:0.000399s ]
SQL: SHOW COLUMNS FROM `think_travel_order` [ RunTime:0.0061s ]
SQL: SELECT T.tr_name,T.thumb,think_travel_order.*,FROM_UNIXTIME( `time`,'%Y-%m-%d ' ) AS t FROM `think_travel_order` INNER JOIN think_travel T on T.tr_id=think_travel_order.tr_id   [ RunTime:0.0006s ]
INFO: [ view_parse ] --START--
INFO: [ template_filter ] --START--
INFO: Run Behavior\ContentReplaceBehavior [ RunTime:0.000073s ]
INFO: [ template_filter ] --END-- [ RunTime:0.000107s ]
NOTIC: [8] Undefined variable: title D:\htdocs\uufx\Application\Runtime\Cache\Admin\3dc9a59d9faf0bcf7f5500e921c3fa2b.php 第 25 行.
NOTIC: [8] Undefined variable: title D:\htdocs\uufx\Application\Runtime\Cache\Admin\3dc9a59d9faf0bcf7f5500e921c3fa2b.php 第 29 行.
NOTIC: [8] Undefined variable: D D:\htdocs\uufx\Application\Runtime\Cache\Admin\3dc9a59d9faf0bcf7f5500e921c3fa2b.php 第 32 行.
NOTIC: [8] Undefined variable: dp D:\htdocs\uufx\Application\Runtime\Cache\Admin\3dc9a59d9faf0bcf7f5500e921c3fa2b.php 第 32 行.
NOTIC: [8] Undefined variable: D D:\htdocs\uufx\Application\Runtime\Cache\Admin\3dc9a59d9faf0bcf7f5500e921c3fa2b.php 第 34 行.
NOTIC: [8] Undefined variable: dp D:\htdocs\uufx\Application\Runtime\Cache\Admin\3dc9a59d9faf0bcf7f5500e921c3fa2b.php 第 34 行.
INFO: Run Behavior\ParseTemplateBehavior [ RunTime:0.008716s ]
INFO: [ view_parse ] --END-- [ RunTime:0.008756s ]
INFO: [ view_filter ] --START--
INFO: Run Behavior\WriteHtmlCacheBehavior [ RunTime:0.000268s ]
INFO: [ view_filter ] --END-- [ RunTime:0.000295s ]
INFO: [ app_end ] --START--
INFO: Run Behavior\ShowPageTraceBehavior [ RunTime:0.000572s ]
INFO: [ app_end ] --END-- [ RunTime:0.000617s ]

[ 2017-01-18T14:28:13+08:00 ] 127.0.0.1 /index.php?m=Admin&c=Travel&a=sales_commissions&id=22
INFO: [ app_init ] --START--
INFO: Run Behavior\BuildLiteBehavior [ RunTime:0.000011s ]
INFO: [ app_init ] --END-- [ RunTime:0.000056s ]
INFO: [ app_begin ] --START--
INFO: Run Behavior\ReadHtmlCacheBehavior [ RunTime:0.000468s ]
INFO: [ app_begin ] --END-- [ RunTime:0.000523s ]
SQL: SHOW COLUMNS FROM `think_travel_order` [ RunTime:0.0055s ]
SQL: SELECT * FROM `think_travel_order` WHERE ( id =22 ) LIMIT 1   [ RunTime:0.0002s ]
INFO: [ view_parse ] --START--
INFO: [ template_filter ] --START--
INFO: Run Behavior\ContentReplaceBehavior [ RunTime:0.000055s ]
INFO: [ template_filter ] --END-- [ RunTime:0.000092s ]
INFO: Run Behavior\ParseTemplateBehavior [ RunTime:0.006705s ]
INFO: [ view_parse ] --END-- [ RunTime:0.006745s ]
INFO: [ view_filter ] --START--
INFO: Run Behavior\WriteHtmlCacheBehavior [ RunTime:0.000261s ]
INFO: [ view_filter ] --END-- [ RunTime:0.000286s ]
INFO: [ app_end ] --START--
INFO: Run Behavior\ShowPageTraceBehavior [ RunTime:0.000386s ]
INFO: [ app_end ] --END-- [ RunTime:0.000414s ]

[ 2017-01-18T14:28:19+08:00 ] 127.0.0.1 /index.php?m=Admin&c=Travel&a=commission&id=22
INFO: [ app_init ] --START--
INFO: Run Behavior\BuildLiteBehavior [ RunTime:0.000018s ]
INFO: [ app_init ] --END-- [ RunTime:0.000091s ]
INFO: [ app_begin ] --START--
INFO: Run Behavior\ReadHtmlCacheBehavior [ RunTime:0.000429s ]
INFO: [ app_begin ] --END-- [ RunTime:0.000482s ]
SQL: SHOW COLUMNS FROM `think_travel_order` [ RunTime:0.0073s ]
SQL: SELECT * FROM `think_travel_order` WHERE ( id =22 ) LIMIT 1   [ RunTime:0.0003s ]
INFO: [ view_parse ] --START--
INFO: [ template_filter ] --START--
INFO: Run Behavior\ContentReplaceBehavior [ RunTime:0.000046s ]
INFO: [ template_filter ] --END-- [ RunTime:0.000086s ]
INFO: Run Behavior\ParseTemplateBehavior [ RunTime:0.006188s ]
INFO: [ view_parse ] --END-- [ RunTime:0.006236s ]
INFO: [ view_filter ] --START--
INFO: Run Behavior\WriteHtmlCacheBehavior [ RunTime:0.000252s ]
INFO: [ view_filter ] --END-- [ RunTime:0.000308s ]
INFO: [ app_end ] --START--
INFO: Run Behavior\ShowPageTraceBehavior [ RunTime:0.000390s ]
INFO: [ app_end ] --END-- [ RunTime:0.000426s ]

[ 2017-01-18T14:28:25+08:00 ] 127.0.0.1 /index.php?m=Admin&c=Travel&a=sales_commissions&id=22
INFO: [ app_init ] --START--
INFO: Run Behavior\BuildLiteBehavior [ RunTime:0.000009s ]
INFO: [ app_init ] --END-- [ RunTime:0.000044s ]
INFO: [ app_begin ] --START--
INFO: Run Behavior\ReadHtmlCacheBehavior [ RunTime:0.001291s ]
INFO: [ app_begin ] --END-- [ RunTime:0.001447s ]
SQL: SHOW COLUMNS FROM `think_travel_order` [ RunTime:0.0054s ]
SQL: SELECT * FROM `think_travel_order` WHERE ( id =22 ) LIMIT 1   [ RunTime:0.0005s ]
INFO: [ view_parse ] --START--
INFO: [ template_filter ] --START--
INFO: Run Behavior\ContentReplaceBehavior [ RunTime:0.000049s ]
INFO: [ template_filter ] --END-- [ RunTime:0.000095s ]
INFO: Run Behavior\ParseTemplateBehavior [ RunTime:0.007450s ]
INFO: [ view_parse ] --END-- [ RunTime:0.007533s ]
INFO: [ view_filter ] --START--
INFO: Run Behavior\WriteHtmlCacheBehavior [ RunTime:0.000231s ]
INFO: [ view_filter ] --END-- [ RunTime:0.000258s ]
INFO: [ app_end ] --START--
INFO: Run Behavior\ShowPageTraceBehavior [ RunTime:0.000370s ]
INFO: [ app_end ] --END-- [ RunTime:0.000401s ]

[ 2017-01-18T14:28:32+08:00 ] 127.0.0.1 /index.php?m=Admin&c=Travel&a=travel_order
INFO: [ app_init ] --START--
INFO: Run Behavior\BuildLiteBehavior [ RunTime:0.000010s ]
INFO: [ app_init ] --END-- [ RunTime:0.000051s ]
INFO: [ app_begin ] --START--
INFO: Run Behavior\ReadHtmlCacheBehavior [ RunTime:0.000363s ]
INFO: [ app_begin ] --END-- [ RunTime:0.000409s ]
SQL: SHOW COLUMNS FROM `think_travel_order` [ RunTime:0.0072s ]
SQL: SELECT T.tr_name,T.thumb,think_travel_order.*,FROM_UNIXTIME( `time`,'%Y-%m-%d ' ) AS t FROM `think_travel_order` INNER JOIN think_travel T on T.tr_id=think_travel_order.tr_id   [ RunTime:0.0005s ]
INFO: [ view_parse ] --START--
INFO: [ template_filter ] --START--
INFO: Run Behavior\ContentReplaceBehavior [ RunTime:0.000081s ]
INFO: [ template_filter ] --END-- [ RunTime:0.000126s ]
NOTIC: [8] Undefined variable: title D:\htdocs\uufx\Application\Runtime\Cache\Admin\3dc9a59d9faf0bcf7f5500e921c3fa2b.php 第 25 行.
NOTIC: [8] Undefined variable: title D:\htdocs\uufx\Application\Runtime\Cache\Admin\3dc9a59d9faf0bcf7f5500e921c3fa2b.php 第 29 行.
NOTIC: [8] Undefined variable: D D:\htdocs\uufx\Application\Runtime\Cache\Admin\3dc9a59d9faf0bcf7f5500e921c3fa2b.php 第 32 行.
NOTIC: [8] Undefined variable: dp D:\htdocs\uufx\Application\Runtime\Cache\Admin\3dc9a59d9faf0bcf7f5500e921c3fa2b.php 第 32 行.
NOTIC: [8] Undefined variable: D D:\htdocs\uufx\Application\Runtime\Cache\Admin\3dc9a59d9faf0bcf7f5500e921c3fa2b.php 第 34 行.
NOTIC: [8] Undefined variable: dp D:\htdocs\uufx\Application\Runtime\Cache\Admin\3dc9a59d9faf0bcf7f5500e921c3fa2b.php 第 34 行.
INFO: Run Behavior\ParseTemplateBehavior [ RunTime:0.012239s ]
INFO: [ view_parse ] --END-- [ RunTime:0.012320s ]
INFO: [ view_filter ] --START--
INFO: Run Behavior\WriteHtmlCacheBehavior [ RunTime:0.000252s ]
INFO: [ view_filter ] --END-- [ RunTime:0.000284s ]
INFO: [ app_end ] --START--
INFO: Run Behavior\ShowPageTraceBehavior [ RunTime:0.000613s ]
INFO: [ app_end ] --END-- [ RunTime:0.000696s ]

[ 2017-01-18T16:13:06+08:00 ] 127.0.0.1 /index.php/admin
INFO: [ app_init ] --START--
INFO: Run Behavior\BuildLiteBehavior [ RunTime:0.000009s ]
INFO: [ app_init ] --END-- [ RunTime:0.000045s ]
INFO: [ app_begin ] --START--
INFO: Run Behavior\ReadHtmlCacheBehavior [ RunTime:0.001185s ]
INFO: [ app_begin ] --END-- [ RunTime:0.001330s ]
INFO: [ view_parse ] --START--
INFO: [ template_filter ] --START--
INFO: Run Behavior\ContentReplaceBehavior [ RunTime:0.000032s ]
INFO: [ template_filter ] --END-- [ RunTime:0.000075s ]
INFO: Run Behavior\ParseTemplateBehavior [ RunTime:0.006935s ]
INFO: [ view_parse ] --END-- [ RunTime:0.006992s ]
INFO: [ view_filter ] --START--
INFO: Run Behavior\WriteHtmlCacheBehavior [ RunTime:0.000322s ]
INFO: [ view_filter ] --END-- [ RunTime:0.000351s ]

[ 2017-01-18T16:13:07+08:00 ] 127.0.0.1 /index.php?m=Admin&c=Index&a=login
INFO: [ app_init ] --START--
INFO: Run Behavior\BuildLiteBehavior [ RunTime:0.000010s ]
INFO: [ app_init ] --END-- [ RunTime:0.000048s ]
INFO: [ app_begin ] --START--
INFO: Run Behavior\ReadHtmlCacheBehavior [ RunTime:0.000429s ]
INFO: [ app_begin ] --END-- [ RunTime:0.000480s ]
NOTIC: [8] Undefined index: lo_submit D:\htdocs\uufx\Application\Admin\Controller\IndexController.class.php 第 25 行.
INFO: [ view_parse ] --START--
INFO: [ template_filter ] --START--
INFO: Run Behavior\ContentReplaceBehavior [ RunTime:0.000042s ]
INFO: [ template_filter ] --END-- [ RunTime:0.000084s ]
INFO: Run Behavior\ParseTemplateBehavior [ RunTime:0.006008s ]
INFO: [ view_parse ] --END-- [ RunTime:0.006061s ]
INFO: [ view_filter ] --START--
INFO: Run Behavior\WriteHtmlCacheBehavior [ RunTime:0.000257s ]
INFO: [ view_filter ] --END-- [ RunTime:0.000286s ]
INFO: [ app_end ] --START--
INFO: Run Behavior\ShowPageTraceBehavior [ RunTime:0.000646s ]
INFO: [ app_end ] --END-- [ RunTime:0.000700s ]

[ 2017-01-18T16:17:20+08:00 ] 127.0.0.1 /index.php?m=Admin&c=Index&a=login
INFO: [ app_init ] --START--
INFO: Run Behavior\BuildLiteBehavior [ RunTime:0.000017s ]
INFO: [ app_init ] --END-- [ RunTime:0.000085s ]
INFO: [ app_begin ] --START--
INFO: Run Behavior\ReadHtmlCacheBehavior [ RunTime:0.000614s ]
INFO: [ app_begin ] --END-- [ RunTime:0.000684s ]
SQL: SHOW COLUMNS FROM `think_admin_user` [ RunTime:0.0075s ]
SQL: SELECT COUNT(*) AS tp_count FROM `think_admin_user` WHERE ( user_name= 'admin' AND password= '48423bc87389799ac425be92530cfb5b' ) LIMIT 1   [ RunTime:0.0005s ]
SQL: SELECT * FROM `think_admin_user` WHERE ( user_name='admin' ) LIMIT 1   [ RunTime:0.0002s ]
SQL: SELECT * FROM `think_admin_user` INNER JOIN think_admin_role ON think_admin_user.role_id=think_admin_role.role_id  WHERE `user_name` = 'admin' LIMIT 1   [ RunTime:0.0003s ]
INFO: [ view_parse ] --START--
INFO: [ template_filter ] --START--
INFO: Run Behavior\ContentReplaceBehavior [ RunTime:0.000030s ]
INFO: [ template_filter ] --END-- [ RunTime:0.000068s ]
INFO: Run Behavior\ParseTemplateBehavior [ RunTime:0.007466s ]
INFO: [ view_parse ] --END-- [ RunTime:0.007513s ]
INFO: [ view_filter ] --START--
INFO: Run Behavior\WriteHtmlCacheBehavior [ RunTime:0.000268s ]
INFO: [ view_filter ] --END-- [ RunTime:0.000295s ]
INFO: [ app_end ] --START--
INFO: Run Behavior\ShowPageTraceBehavior [ RunTime:0.000442s ]
INFO: [ app_end ] --END-- [ RunTime:0.000469s ]

[ 2017-01-18T16:17:21+08:00 ] 127.0.0.1 /index.php?m=Admin&c=Index&a=index
INFO: [ app_init ] --START--
INFO: Run Behavior\BuildLiteBehavior [ RunTime:0.000008s ]
INFO: [ app_init ] --END-- [ RunTime:0.000044s ]
INFO: [ app_begin ] --START--
INFO: Run Behavior\ReadHtmlCacheBehavior [ RunTime:0.000338s ]
INFO: [ app_begin ] --END-- [ RunTime:0.000377s ]
SQL: SHOW COLUMNS FROM `think_admin_user` [ RunTime:0.0080s ]
SQL: SELECT * FROM `think_admin_user` WHERE `user_id` = 1 LIMIT 1   [ RunTime:0.0002s ]
INFO: [ view_parse ] --START--
INFO: [ template_filter ] --START--
INFO: Run Behavior\ContentReplaceBehavior [ RunTime:0.000075s ]
INFO: [ template_filter ] --END-- [ RunTime:0.000117s ]
INFO: Run Behavior\ParseTemplateBehavior [ RunTime:0.008807s ]
INFO: [ view_parse ] --END-- [ RunTime:0.008861s ]
INFO: [ view_filter ] --START--
INFO: Run Behavior\WriteHtmlCacheBehavior [ RunTime:0.000409s ]
INFO: [ view_filter ] --END-- [ RunTime:0.000466s ]
INFO: [ app_end ] --START--
INFO: Run Behavior\ShowPageTraceBehavior [ RunTime:0.000582s ]
INFO: [ app_end ] --END-- [ RunTime:0.000634s ]

[ 2017-01-18T16:17:21+08:00 ] 127.0.0.1 /index.php?m=Admin&c=Index&a=welcome
INFO: [ app_init ] --START--
INFO: Run Behavior\BuildLiteBehavior [ RunTime:0.000010s ]
INFO: [ app_init ] --END-- [ RunTime:0.000059s ]
INFO: [ app_begin ] --START--
INFO: Run Behavior\ReadHtmlCacheBehavior [ RunTime:0.001287s ]
INFO: [ app_begin ] --END-- [ RunTime:0.001356s ]
INFO: [ view_parse ] --START--
INFO: [ template_filter ] --START--
INFO: Run Behavior\ContentReplaceBehavior [ RunTime:0.000044s ]
INFO: [ template_filter ] --END-- [ RunTime:0.000085s ]
INFO: Run Behavior\ParseTemplateBehavior [ RunTime:0.008656s ]
INFO: [ view_parse ] --END-- [ RunTime:0.008707s ]
INFO: [ view_filter ] --START--
INFO: Run Behavior\WriteHtmlCacheBehavior [ RunTime:0.000237s ]
INFO: [ view_filter ] --END-- [ RunTime:0.000265s ]
INFO: [ app_end ] --START--
INFO: Run Behavior\ShowPageTraceBehavior [ RunTime:0.000432s ]
INFO: [ app_end ] --END-- [ RunTime:0.000467s ]

[ 2017-01-18T16:17:24+08:00 ] 127.0.0.1 /index.php?m=Admin&c=Travel&a=travel_order
INFO: [ app_init ] --START--
INFO: Run Behavior\BuildLiteBehavior [ RunTime:0.000065s ]
INFO: [ app_init ] --END-- [ RunTime:0.000119s ]
INFO: [ app_begin ] --START--
INFO: Run Behavior\ReadHtmlCacheBehavior [ RunTime:0.002807s ]
INFO: [ app_begin ] --END-- [ RunTime:0.003063s ]
SQL: SHOW COLUMNS FROM `think_travel_order` [ RunTime:0.0089s ]
SQL: SELECT T.tr_name,T.thumb,think_travel_order.*,FROM_UNIXTIME( `time`,'%Y-%m-%d ' ) AS t FROM `think_travel_order` INNER JOIN think_travel T on T.tr_id=think_travel_order.tr_id   [ RunTime:0.0005s ]
INFO: [ view_parse ] --START--
INFO: [ template_filter ] --START--
INFO: Run Behavior\ContentReplaceBehavior [ RunTime:0.000086s ]
INFO: [ template_filter ] --END-- [ RunTime:0.000125s ]
NOTIC: [8] Undefined variable: title D:\htdocs\uufx\Application\Runtime\Cache\Admin\3dc9a59d9faf0bcf7f5500e921c3fa2b.php 第 25 行.
NOTIC: [8] Undefined variable: title D:\htdocs\uufx\Application\Runtime\Cache\Admin\3dc9a59d9faf0bcf7f5500e921c3fa2b.php 第 29 行.
NOTIC: [8] Undefined variable: D D:\htdocs\uufx\Application\Runtime\Cache\Admin\3dc9a59d9faf0bcf7f5500e921c3fa2b.php 第 32 行.
NOTIC: [8] Undefined variable: dp D:\htdocs\uufx\Application\Runtime\Cache\Admin\3dc9a59d9faf0bcf7f5500e921c3fa2b.php 第 32 行.
NOTIC: [8] Undefined variable: D D:\htdocs\uufx\Application\Runtime\Cache\Admin\3dc9a59d9faf0bcf7f5500e921c3fa2b.php 第 34 行.
NOTIC: [8] Undefined variable: dp D:\htdocs\uufx\Application\Runtime\Cache\Admin\3dc9a59d9faf0bcf7f5500e921c3fa2b.php 第 34 行.
INFO: Run Behavior\ParseTemplateBehavior [ RunTime:0.011230s ]
INFO: [ view_parse ] --END-- [ RunTime:0.011278s ]
INFO: [ view_filter ] --START--
INFO: Run Behavior\WriteHtmlCacheBehavior [ RunTime:0.000270s ]
INFO: [ view_filter ] --END-- [ RunTime:0.000295s ]
INFO: [ app_end ] --START--
INFO: Run Behavior\ShowPageTraceBehavior [ RunTime:0.000781s ]
INFO: [ app_end ] --END-- [ RunTime:0.000849s ]

[ 2017-01-18T16:17:25+08:00 ] 127.0.0.1 /index.php?m=Admin&c=Travel&a=sales_commissions&id=22
INFO: [ app_init ] --START--
INFO: Run Behavior\BuildLiteBehavior [ RunTime:0.000015s ]
INFO: [ app_init ] --END-- [ RunTime:0.000074s ]
INFO: [ app_begin ] --START--
INFO: Run Behavior\ReadHtmlCacheBehavior [ RunTime:0.000446s ]
INFO: [ app_begin ] --END-- [ RunTime:0.000492s ]
SQL: SHOW COLUMNS FROM `think_travel_order` [ RunTime:0.0104s ]
SQL: SELECT * FROM `think_travel_order` WHERE ( id =22 ) LIMIT 1   [ RunTime:0.0003s ]
INFO: [ view_parse ] --START--
INFO: [ template_filter ] --START--
INFO: Run Behavior\ContentReplaceBehavior [ RunTime:0.000053s ]
INFO: [ template_filter ] --END-- [ RunTime:0.000096s ]
INFO: Run Behavior\ParseTemplateBehavior [ RunTime:0.013275s ]
INFO: [ view_parse ] --END-- [ RunTime:0.013335s ]
INFO: [ view_filter ] --START--
INFO: Run Behavior\WriteHtmlCacheBehavior [ RunTime:0.000321s ]
INFO: [ view_filter ] --END-- [ RunTime:0.000353s ]
INFO: [ app_end ] --START--
INFO: Run Behavior\ShowPageTraceBehavior [ RunTime:0.000460s ]
INFO: [ app_end ] --END-- [ RunTime:0.000493s ]

